#
# There is insufficient memory for the Java Runtime Environment to continue.
# Native memory allocation (malloc) failed to allocate 1551456 bytes for Chunk::new
# Possible reasons:
#   The system is out of physical RAM or swap space
#   In 32 bit mode, the process size limit was hit
# Possible solutions:
#   Reduce memory load on the system
#   Increase physical memory or swap space
#   Check if swap backing store is full
#   Use 64 bit Java on a 64 bit OS
#   Decrease Java heap size (-Xmx/-Xms)
#   Decrease number of Java threads
#   Decrease Java thread stack sizes (-Xss)
#   Set larger code cache with -XX:ReservedCodeCacheSize=
# This output file may be truncated or incomplete.
#
#  Out of Memory Error (allocation.cpp:388), pid=7240, tid=10748
#
# JRE version: Java(TM) SE Runtime Environment (8.0_05-b13) (build 1.8.0_05-b13)
# Java VM: Java HotSpot(TM) 64-Bit Server VM (25.5-b02 mixed mode windows-amd64 compressed oops)
# Failed to write core dump. Minidumps are not enabled by default on client versions of Windows
#

---------------  T H R E A D  ---------------

Current thread (0x0000000014e91800):  JavaThread "C2 CompilerThread1" daemon [_thread_in_native, id=10748, stack(0x0000000016500000,0x0000000016600000)]

Stack: [0x0000000016500000,0x0000000016600000]
Native frames: (J=compiled Java code, j=interpreted, Vv=VM code, C=native code)
V  [jvm.dll+0x308dea]


Current CompileTask:
C2:    896 1339   !   4       com.android.dx.cf.cst.ConstantPoolParser::parse0 (731 bytes)


---------------  P R O C E S S  ---------------

Java Threads: ( => current thread )
  0x0000000014eed800 JavaThread "Service Thread" daemon [_thread_blocked, id=3716, stack(0x0000000016b00000,0x0000000016c00000)]
  0x0000000014e97800 JavaThread "C1 CompilerThread2" daemon [_thread_blocked, id=9720, stack(0x0000000016600000,0x0000000016700000)]
=>0x0000000014e91800 JavaThread "C2 CompilerThread1" daemon [_thread_in_native, id=10748, stack(0x0000000016500000,0x0000000016600000)]
  0x0000000014e8e800 JavaThread "C2 CompilerThread0" daemon [_thread_in_native, id=10056, stack(0x0000000016400000,0x0000000016500000)]
  0x0000000014e8d000 JavaThread "Attach Listener" daemon [_thread_blocked, id=6156, stack(0x0000000016300000,0x0000000016400000)]
  0x0000000014e8c000 JavaThread "Signal Dispatcher" daemon [_thread_blocked, id=10048, stack(0x0000000016200000,0x0000000016300000)]
  0x00000000026f4800 JavaThread "Finalizer" daemon [_thread_blocked, id=9332, stack(0x0000000016100000,0x0000000016200000)]
  0x0000000014e58000 JavaThread "Reference Handler" daemon [_thread_blocked, id=9708, stack(0x0000000016000000,0x0000000016100000)]
  0x000000000279d800 JavaThread "main" [_thread_in_native, id=6600, stack(0x0000000000da0000,0x0000000000ea0000)]

Other Threads:
  0x0000000014e56800 VMThread [stack: 0x0000000015f00000,0x0000000016000000] [id=8732]
  0x0000000016731800 WatcherThread [stack: 0x0000000016c00000,0x0000000016d00000] [id=10108]

VM state:not at safepoint (normal execution)

VM Mutex/Monitor currently owned by a thread: None

Heap:
 PSYoungGen      total 11264K, used 7194K [0x00000000eab00000, 0x00000000eb800000, 0x0000000100000000)
  eden space 9216K, 57% used [0x00000000eab00000,0x00000000eb026940,0x00000000eb400000)
  from space 2048K, 93% used [0x00000000eb400000,0x00000000eb5e0000,0x00000000eb600000)
  to   space 2048K, 0% used [0x00000000eb600000,0x00000000eb600000,0x00000000eb800000)
 ParOldGen       total 129536K, used 5208K [0x00000000c0000000, 0x00000000c7e80000, 0x00000000eab00000)
  object space 129536K, 4% used [0x00000000c0000000,0x00000000c05162d8,0x00000000c7e80000)
 Metaspace       used 5466K, capacity 6832K, committed 7040K, reserved 1056768K
  class space    used 552K, capacity 616K, committed 640K, reserved 1048576K

Card table byte_map: [0x0000000011b80000,0x0000000011d90000] byte_map_base: 0x0000000011580000

Marking Bits: (ParMarkBitMap*) 0x000000006fe013b0
 Begin Bits: [0x00000000122f0000, 0x00000000132f0000)
 End Bits:   [0x00000000132f0000, 0x00000000142f0000)

Polling page: 0x0000000000c50000

CodeCache: size=245760Kb used=5280Kb max_used=5293Kb free=240479Kb
 bounds [0x00000000027c0000, 0x0000000002d00000, 0x00000000117c0000]
 total_blobs=1615 nmethods=1355 adapters=174
 compilation: enabled

Compilation events (10 events):
Event: 0.810 Thread 0x0000000014e91800 1356       4       com.android.dx.ssa.SsaBasicBlock::forEachPhiInsn (54 bytes)
Event: 0.812 Thread 0x0000000014e97800 nmethod 1361 0x0000000002ce9f50 code [0x0000000002cea2c0, 0x0000000002cec068]
Event: 0.812 Thread 0x0000000014e97800 1362       3       com.android.dx.ssa.SCCP::replaceBranches (142 bytes)
Event: 0.812 Thread 0x0000000014e97800 nmethod 1362 0x0000000002ce7850 code [0x0000000002ce7aa0, 0x0000000002ce89a8]
Event: 0.814 Thread 0x0000000014e97800 1363       3       java.util.RegularEnumSet::remove (74 bytes)
Event: 0.814 Thread 0x0000000014e97800 nmethod 1363 0x0000000002cdfed0 code [0x0000000002ce0060, 0x0000000002ce0608]
Event: 0.815 Thread 0x0000000014e97800 1364       3       sun.nio.cs.SingleByte$Encoder::encode (32 bytes)
Event: 0.815 Thread 0x0000000014e97800 nmethod 1364 0x0000000002ce0e90 code [0x0000000002ce1000, 0x0000000002ce11f0]
Event: 0.819 Thread 0x0000000014e91800 nmethod 1356 0x0000000002cf0750 code [0x0000000002cf08e0, 0x0000000002cf0f88]
Event: 0.819 Thread 0x0000000014e91800 1339   !   4       com.android.dx.cf.cst.ConstantPoolParser::parse0 (731 bytes)

GC Heap History (10 events):
Event: 0.481 GC heap before
{Heap before GC invocations=9 (full 0):
 PSYoungGen      total 4608K, used 4576K [0x00000000eab00000, 0x00000000eb200000, 0x0000000100000000)
  eden space 3584K, 100% used [0x00000000eab00000,0x00000000eae80000,0x00000000eae80000)
  from space 1024K, 96% used [0x00000000eb000000,0x00000000eb0f8018,0x00000000eb100000)
  to   space 1536K, 0% used [0x00000000eae80000,0x00000000eae80000,0x00000000eb000000)
 ParOldGen       total 129536K, used 1339K [0x00000000c0000000, 0x00000000c7e80000, 0x00000000eab00000)
  object space 129536K, 1% used [0x00000000c0000000,0x00000000c014eda0,0x00000000c7e80000)
 Metaspace       used 5180K, capacity 6576K, committed 6784K, reserved 1056768K
  class space    used 548K, capacity 616K, committed 640K, reserved 1048576K
Event: 0.482 GC heap after
Heap after GC invocations=9 (full 0):
 PSYoungGen      total 5120K, used 1504K [0x00000000eab00000, 0x00000000eb400000, 0x0000000100000000)
  eden space 3584K, 0% used [0x00000000eab00000,0x00000000eab00000,0x00000000eae80000)
  from space 1536K, 97% used [0x00000000eae80000,0x00000000eaff8018,0x00000000eb000000)
  to   space 1536K, 0% used [0x00000000eb280000,0x00000000eb280000,0x00000000eb400000)
 ParOldGen       total 129536K, used 1493K [0x00000000c0000000, 0x00000000c7e80000, 0x00000000eab00000)
  object space 129536K, 1% used [0x00000000c0000000,0x00000000c01756b8,0x00000000c7e80000)
 Metaspace       used 5180K, capacity 6576K, committed 6784K, reserved 1056768K
  class space    used 548K, capacity 616K, committed 640K, reserved 1048576K
}
Event: 0.546 GC heap before
{Heap before GC invocations=10 (full 0):
 PSYoungGen      total 5120K, used 5088K [0x00000000eab00000, 0x00000000eb400000, 0x0000000100000000)
  eden space 3584K, 100% used [0x00000000eab00000,0x00000000eae80000,0x00000000eae80000)
  from space 1536K, 97% used [0x00000000eae80000,0x00000000eaff8018,0x00000000eb000000)
  to   space 1536K, 0% used [0x00000000eb280000,0x00000000eb280000,0x00000000eb400000)
 ParOldGen       total 129536K, used 1493K [0x00000000c0000000, 0x00000000c7e80000, 0x00000000eab00000)
  object space 129536K, 1% used [0x00000000c0000000,0x00000000c01756b8,0x00000000c7e80000)
 Metaspace       used 5281K, capacity 6640K, committed 6784K, reserved 1056768K
  class space    used 548K, capacity 616K, committed 640K, reserved 1048576K
Event: 0.551 GC heap after
Heap after GC invocations=10 (full 0):
 PSYoungGen      total 7168K, used 1424K [0x00000000eab00000, 0x00000000eb500000, 0x0000000100000000)
  eden space 5632K, 0% used [0x00000000eab00000,0x00000000eab00000,0x00000000eb080000)
  from space 1536K, 92% used [0x00000000eb280000,0x00000000eb3e4010,0x00000000eb400000)
  to   space 2048K, 0% used [0x00000000eb080000,0x00000000eb080000,0x00000000eb280000)
 ParOldGen       total 129536K, used 2282K [0x00000000c0000000, 0x00000000c7e80000, 0x00000000eab00000)
  object space 129536K, 1% used [0x00000000c0000000,0x00000000c023ab48,0x00000000c7e80000)
 Metaspace       used 5281K, capacity 6640K, committed 6784K, reserved 1056768K
  class space    used 548K, capacity 616K, committed 640K, reserved 1048576K
}
Event: 0.611 GC heap before
{Heap before GC invocations=11 (full 0):
 PSYoungGen      total 7168K, used 7056K [0x00000000eab00000, 0x00000000eb500000, 0x0000000100000000)
  eden space 5632K, 100% used [0x00000000eab00000,0x00000000eb080000,0x00000000eb080000)
  from space 1536K, 92% used [0x00000000eb280000,0x00000000eb3e4010,0x00000000eb400000)
  to   space 2048K, 0% used [0x00000000eb080000,0x00000000eb080000,0x00000000eb280000)
 ParOldGen       total 129536K, used 2282K [0x00000000c0000000, 0x00000000c7e80000, 0x00000000eab00000)
  object space 129536K, 1% used [0x00000000c0000000,0x00000000c023ab48,0x00000000c7e80000)
 Metaspace       used 5356K, capacity 6704K, committed 6784K, reserved 1056768K
  class space    used 551K, capacity 616K, committed 640K, reserved 1048576K
Event: 0.613 GC heap after
Heap after GC invocations=11 (full 0):
 PSYoungGen      total 7680K, used 1024K [0x00000000eab00000, 0x00000000eb800000, 0x0000000100000000)
  eden space 5632K, 0% used [0x00000000eab00000,0x00000000eab00000,0x00000000eb080000)
  from space 2048K, 50% used [0x00000000eb080000,0x00000000eb180000,0x00000000eb280000)
  to   space 2048K, 0% used [0x00000000eb600000,0x00000000eb600000,0x00000000eb800000)
 ParOldGen       total 129536K, used 3542K [0x00000000c0000000, 0x00000000c7e80000, 0x00000000eab00000)
  object space 129536K, 2% used [0x00000000c0000000,0x00000000c0375b00,0x00000000c7e80000)
 Metaspace       used 5356K, capacity 6704K, committed 6784K, reserved 1056768K
  class space    used 551K, capacity 616K, committed 640K, reserved 1048576K
}
Event: 0.664 GC heap before
{Heap before GC invocations=12 (full 0):
 PSYoungGen      total 7680K, used 6656K [0x00000000eab00000, 0x00000000eb800000, 0x0000000100000000)
  eden space 5632K, 100% used [0x00000000eab00000,0x00000000eb080000,0x00000000eb080000)
  from space 2048K, 50% used [0x00000000eb080000,0x00000000eb180000,0x00000000eb280000)
  to   space 2048K, 0% used [0x00000000eb600000,0x00000000eb600000,0x00000000eb800000)
 ParOldGen       total 129536K, used 3542K [0x00000000c0000000, 0x00000000c7e80000, 0x00000000eab00000)
  object space 129536K, 2% used [0x00000000c0000000,0x00000000c0375b00,0x00000000c7e80000)
 Metaspace       used 5397K, capacity 6768K, committed 7040K, reserved 1056768K
  class space    used 551K, capacity 616K, committed 640K, reserved 1048576K
Event: 0.667 GC heap after
Heap after GC invocations=12 (full 0):
 PSYoungGen      total 11264K, used 1088K [0x00000000eab00000, 0x00000000eb800000, 0x0000000100000000)
  eden space 9216K, 0% used [0x00000000eab00000,0x00000000eab00000,0x00000000eb400000)
  from space 2048K, 53% used [0x00000000eb600000,0x00000000eb710010,0x00000000eb800000)
  to   space 2048K, 0% used [0x00000000eb400000,0x00000000eb400000,0x00000000eb600000)
 ParOldGen       total 129536K, used 4332K [0x00000000c0000000, 0x00000000c7e80000, 0x00000000eab00000)
  object space 129536K, 3% used [0x00000000c0000000,0x00000000c043b150,0x00000000c7e80000)
 Metaspace       used 5397K, capacity 6768K, committed 7040K, reserved 1056768K
  class space    used 551K, capacity 616K, committed 640K, reserved 1048576K
}
Event: 0.775 GC heap before
{Heap before GC invocations=13 (full 0):
 PSYoungGen      total 11264K, used 10304K [0x00000000eab00000, 0x00000000eb800000, 0x0000000100000000)
  eden space 9216K, 100% used [0x00000000eab00000,0x00000000eb400000,0x00000000eb400000)
  from space 2048K, 53% used [0x00000000eb600000,0x00000000eb710010,0x00000000eb800000)
  to   space 2048K, 0% used [0x00000000eb400000,0x00000000eb400000,0x00000000eb600000)
 ParOldGen       total 129536K, used 4332K [0x00000000c0000000, 0x00000000c7e80000, 0x00000000eab00000)
  object space 129536K, 3% used [0x00000000c0000000,0x00000000c043b150,0x00000000c7e80000)
 Metaspace       used 5450K, capacity 6832K, committed 7040K, reserved 1056768K
  class space    used 551K, capacity 616K, committed 640K, reserved 1048576K
Event: 0.778 GC heap after
Heap after GC invocations=13 (full 0):
 PSYoungGen      total 11264K, used 1920K [0x00000000eab00000, 0x00000000eb800000, 0x0000000100000000)
  eden space 9216K, 0% used [0x00000000eab00000,0x00000000eab00000,0x00000000eb400000)
  from space 2048K, 93% used [0x00000000eb400000,0x00000000eb5e0000,0x00000000eb600000)
  to   space 2048K, 0% used [0x00000000eb600000,0x00000000eb600000,0x00000000eb800000)
 ParOldGen       total 129536K, used 5208K [0x00000000c0000000, 0x00000000c7e80000, 0x00000000eab00000)
  object space 129536K, 4% used [0x00000000c0000000,0x00000000c05162d8,0x00000000c7e80000)
 Metaspace       used 5450K, capacity 6832K, committed 7040K, reserved 1056768K
  class space    used 551K, capacity 616K, committed 640K, reserved 1048576K
}

Deoptimization events (10 events):
Event: 0.491 Thread 0x000000000279d800 Uncommon trap: reason=class_check action=maybe_recompile pc=0x0000000002a8ad54 method=com.android.dx.ssa.NormalSsaInsn.accept(Lcom/android/dx/ssa/SsaInsn$Visitor;)V @ 9
Event: 0.491 Thread 0x000000000279d800 Uncommon trap: reason=class_check action=maybe_recompile pc=0x0000000002a39670 method=com.android.dx.ssa.NormalSsaInsn.accept(Lcom/android/dx/ssa/SsaInsn$Visitor;)V @ 9
Event: 0.491 Thread 0x000000000279d800 Uncommon trap: reason=class_check action=maybe_recompile pc=0x0000000002a8ad54 method=com.android.dx.ssa.NormalSsaInsn.accept(Lcom/android/dx/ssa/SsaInsn$Visitor;)V @ 9
Event: 0.491 Thread 0x000000000279d800 Uncommon trap: reason=class_check action=maybe_recompile pc=0x0000000002a8ad54 method=com.android.dx.ssa.NormalSsaInsn.accept(Lcom/android/dx/ssa/SsaInsn$Visitor;)V @ 9
Event: 0.491 Thread 0x000000000279d800 Uncommon trap: reason=class_check action=maybe_recompile pc=0x0000000002a39670 method=com.android.dx.ssa.NormalSsaInsn.accept(Lcom/android/dx/ssa/SsaInsn$Visitor;)V @ 9
Event: 0.530 Thread 0x000000000279d800 Uncommon trap: reason=class_check action=maybe_recompile pc=0x0000000002b1e304 method=com.android.dx.rop.type.Type.equals(Ljava/lang/Object;)Z @ 8
Event: 0.530 Thread 0x000000000279d800 Uncommon trap: reason=class_check action=maybe_recompile pc=0x0000000002b1e304 method=com.android.dx.rop.type.Type.equals(Ljava/lang/Object;)Z @ 8
Event: 0.575 Thread 0x000000000279d800 Uncommon trap: reason=class_check action=maybe_recompile pc=0x0000000002ab7778 method=com.android.dx.rop.type.Type.equals(Ljava/lang/Object;)Z @ 8
Event: 0.579 Thread 0x000000000279d800 Uncommon trap: reason=class_check action=maybe_recompile pc=0x0000000002ab7778 method=com.android.dx.rop.type.Type.equals(Ljava/lang/Object;)Z @ 8
Event: 0.649 Thread 0x000000000279d800 Uncommon trap: reason=class_check action=maybe_recompile pc=0x0000000002b1e2d8 method=com.android.dx.rop.type.Type.equals(Ljava/lang/Object;)Z @ 8

Internal exceptions (10 events):
Event: 0.418 Thread 0x000000000279d800 Exception <a 'java/security/PrivilegedActionException'> (0x00000000eac290c0) thrown at [D:\re\workspace\8-2-build-windows-amd64-cygwin\jdk8u5\2488\hotspot\src\share\vm\prims\jvm.cpp, line 1248]
Event: 0.433 Thread 0x000000000279d800 Exception <a 'java/security/PrivilegedActionException'> (0x00000000eaca9678) thrown at [D:\re\workspace\8-2-build-windows-amd64-cygwin\jdk8u5\2488\hotspot\src\share\vm\prims\jvm.cpp, line 1248]
Event: 0.434 Thread 0x000000000279d800 Exception <a 'java/security/PrivilegedActionException'> (0x00000000eacae790) thrown at [D:\re\workspace\8-2-build-windows-amd64-cygwin\jdk8u5\2488\hotspot\src\share\vm\prims\jvm.cpp, line 1248]
Event: 0.436 Thread 0x000000000279d800 Exception <a 'java/security/PrivilegedActionException'> (0x00000000eacb8ab8) thrown at [D:\re\workspace\8-2-build-windows-amd64-cygwin\jdk8u5\2488\hotspot\src\share\vm\prims\jvm.cpp, line 1248]
Event: 0.436 Thread 0x000000000279d800 Exception <a 'java/security/PrivilegedActionException'> (0x00000000eacbb2a8) thrown at [D:\re\workspace\8-2-build-windows-amd64-cygwin\jdk8u5\2488\hotspot\src\share\vm\prims\jvm.cpp, line 1248]
Event: 0.436 Thread 0x000000000279d800 Exception <a 'java/security/PrivilegedActionException'> (0x00000000eacbe780) thrown at [D:\re\workspace\8-2-build-windows-amd64-cygwin\jdk8u5\2488\hotspot\src\share\vm\prims\jvm.cpp, line 1248]
Event: 0.451 Thread 0x000000000279d800 Exception <a 'java/security/PrivilegedActionException'> (0x00000000ead39730) thrown at [D:\re\workspace\8-2-build-windows-amd64-cygwin\jdk8u5\2488\hotspot\src\share\vm\prims\jvm.cpp, line 1248]
Event: 0.571 Thread 0x000000000279d800 Exception <a 'java/security/PrivilegedActionException'> (0x00000000eac92a30) thrown at [D:\re\workspace\8-2-build-windows-amd64-cygwin\jdk8u5\2488\hotspot\src\share\vm\prims\jvm.cpp, line 1248]
Event: 0.574 Thread 0x000000000279d800 Exception <a 'java/security/PrivilegedActionException'> (0x00000000eacb85e0) thrown at [D:\re\workspace\8-2-build-windows-amd64-cygwin\jdk8u5\2488\hotspot\src\share\vm\prims\jvm.cpp, line 1248]
Event: 0.604 Thread 0x000000000279d800 Exception <a 'java/security/PrivilegedActionException'> (0x00000000eafba308) thrown at [D:\re\workspace\8-2-build-windows-amd64-cygwin\jdk8u5\2488\hotspot\src\share\vm\prims\jvm.cpp, line 1248]

Events (10 events):
Event: 0.613 Executing VM operation: ParallelGCFailedAllocation done
Event: 0.649 Thread 0x000000000279d800 Uncommon trap: trap_request=0xffffffde fr.pc=0x0000000002b1e2d8
Event: 0.649 Thread 0x000000000279d800 DEOPT PACKING pc=0x0000000002b1e2d8 sp=0x0000000000e9e620
Event: 0.649 Thread 0x000000000279d800 DEOPT UNPACKING pc=0x00000000028055af sp=0x0000000000e9e338 mode 2
Event: 0.664 Executing VM operation: ParallelGCFailedAllocation
Event: 0.667 Executing VM operation: ParallelGCFailedAllocation done
Event: 0.775 Executing VM operation: ParallelGCFailedAllocation
Event: 0.778 Executing VM operation: ParallelGCFailedAllocation done
Event: 0.828 loading class java/util/zip/ZipFile$ZipEntryIterator
Event: 0.828 loading class java/util/zip/ZipFile$ZipEntryIterator done


Dynamic libraries:
0x00007ff6b5160000 - 0x00007ff6b5194000 	C:\Program Files\Java\jdk1.8.0_05\bin\java.exe
0x00007ffbe49a0000 - 0x00007ffbe4b4c000 	C:\Windows\SYSTEM32\ntdll.dll
0x00007ffbe2f50000 - 0x00007ffbe308e000 	C:\Windows\system32\KERNEL32.DLL
0x00007ffbe1ea0000 - 0x00007ffbe1fb5000 	C:\Windows\system32\KERNELBASE.dll
0x00007ffbdfc40000 - 0x00007ffbdfcce000 	C:\Windows\system32\apphelp.dll
0x00007ffbcfba0000 - 0x00007ffbcfbf3000 	C:\Windows\AppPatch\AppPatch64\AcGenral.DLL
0x00007ffbe3290000 - 0x00007ffbe333a000 	C:\Windows\system32\msvcrt.dll
0x00007ffbe18c0000 - 0x00007ffbe18ee000 	C:\Windows\SYSTEM32\SspiCli.dll
0x00007ffbe2030000 - 0x00007ffbe2084000 	C:\Windows\system32\SHLWAPI.dll
0x00007ffbe2ad0000 - 0x00007ffbe2c47000 	C:\Windows\system32\USER32.dll
0x00007ffbe30f0000 - 0x00007ffbe3284000 	C:\Windows\system32\ole32.dll
0x00007ffbe3340000 - 0x00007ffbe4858000 	C:\Windows\system32\SHELL32.dll
0x00007ffbe1090000 - 0x00007ffbe10b1000 	C:\Windows\SYSTEM32\USERENV.dll
0x00007ffbe2c70000 - 0x00007ffbe2d1a000 	C:\Windows\system32\ADVAPI32.dll
0x00007ffbdb930000 - 0x00007ffbdb94e000 	C:\Windows\SYSTEM32\MPR.dll
0x00007ffbe2770000 - 0x00007ffbe28b1000 	C:\Windows\system32\RPCRT4.dll
0x00007ffbe2a70000 - 0x00007ffbe2ac9000 	C:\Windows\SYSTEM32\sechost.dll
0x00007ffbe2150000 - 0x00007ffbe2361000 	C:\Windows\SYSTEM32\combase.dll
0x00007ffbe2d20000 - 0x00007ffbe2e71000 	C:\Windows\system32\GDI32.dll
0x00007ffbe1af0000 - 0x00007ffbe1b05000 	C:\Windows\SYSTEM32\profapi.dll
0x00007ffbdfb80000 - 0x00007ffbdfc32000 	C:\Windows\SYSTEM32\SHCORE.dll
0x00007ffbe3090000 - 0x00007ffbe30c6000 	C:\Windows\system32\IMM32.DLL
0x00007ffbe2610000 - 0x00007ffbe2762000 	C:\Windows\system32\MSCTF.dll
0x00007ffbdf360000 - 0x00007ffbdf5db000 	C:\Windows\WinSxS\amd64_microsoft.windows.common-controls_6595b64144ccf1df_6.0.9600.17415_none_6240486fecbd8abb\COMCTL32.dll
0x000000006ef40000 - 0x000000006f012000 	C:\Program Files\Java\jdk1.8.0_05\jre\bin\msvcr100.dll
0x000000006f650000 - 0x000000006fe7a000 	C:\Program Files\Java\jdk1.8.0_05\jre\bin\server\jvm.dll
0x00007ffbde8c0000 - 0x00007ffbde8c9000 	C:\Windows\SYSTEM32\WSOCK32.dll
0x00007ffbde280000 - 0x00007ffbde2a2000 	C:\Windows\SYSTEM32\WINMM.dll
0x00007ffbe30e0000 - 0x00007ffbe30e7000 	C:\Windows\system32\PSAPI.DLL
0x00007ffbe2090000 - 0x00007ffbe20ea000 	C:\Windows\system32\WS2_32.dll
0x00007ffbde250000 - 0x00007ffbde27a000 	C:\Windows\SYSTEM32\WINMMBASE.dll
0x00007ffbe2020000 - 0x00007ffbe2029000 	C:\Windows\system32\NSI.dll
0x00007ffbe1da0000 - 0x00007ffbe1def000 	C:\Windows\SYSTEM32\cfgmgr32.dll
0x00007ffbe08a0000 - 0x00007ffbe08c8000 	C:\Windows\SYSTEM32\DEVOBJ.dll
0x000000006f640000 - 0x000000006f64f000 	C:\Program Files\Java\jdk1.8.0_05\jre\bin\verify.dll
0x000000006f610000 - 0x000000006f638000 	C:\Program Files\Java\jdk1.8.0_05\jre\bin\java.dll
0x000000006f5f0000 - 0x000000006f606000 	C:\Program Files\Java\jdk1.8.0_05\jre\bin\zip.dll

VM Arguments:
jvm_args: -Xmx1024M -Dfile.encoding=windows-1251 -Duser.country=RU -Duser.language=ru -Duser.variant 
java_command: com.android.dx.command.Main --dex --output C:\Users\ivsmirnov\AndroidStudioProjects\KeyRegistrator\app\build\intermediates\dex\debug C:\Users\ivsmirnov\AndroidStudioProjects\KeyRegistrator\app\build\intermediates\classes\debug C:\Users\ivsmirnov\AndroidStudioProjects\KeyRegistrator\app\build\intermediates\pre-dexed\debug\support-annotations-21.0.3-e989365fc30db70a6bc5da98982abfd81f3b8da9.jar C:\Users\ivsmirnov\AndroidStudioProjects\KeyRegistrator\app\build\intermediates\pre-dexed\debug\internal_impl-21.0.3-438334cc98a0966ffe03b64427a891d2fb22fcfe.jar C:\Users\ivsmirnov\AndroidStudioProjects\KeyRegistrator\app\build\intermediates\pre-dexed\debug\classes-f47f203f0e19c4c2b3a424700b2adc6d73f33a06.jar C:\Users\ivsmirnov\AndroidStudioProjects\KeyRegistrator\app\build\intermediates\pre-dexed\debug\classes-364e2bab1ee64e805b6838089cd22374cd9c851c.jar
java_class_path (initial): D:\Users\ivsmirnov\AppData\Local\Android\sdk\build-tools\21.1.2\lib\dx.jar
Launcher Type: SUN_STANDARD

Environment Variables:
JAVA_HOME=C:\Program Files\Java\jdk1.8.0_05
PATH=C:\ProgramData\Oracle\Java\javapath;C:\Windows\system32;C:\Windows;C:\Windows\System32\Wbem;C:\Windows\System32\WindowsPowerShell\v1.0\;C:\Windows\idmu\common;D:\Users\ivsmirnov\AppData\Local\Android\sdk\platform-tools;C:\Program Files (x86)\HL-Server\Servers\NT_95;C:\Program Files\Microsoft SQL Server\100\DTS\Binn\;C:\Program Files (x86)\Microsoft SQL Server\100\Tools\Binn\VSShell\Common7\IDE\;C:\Program Files (x86)\Microsoft SQL Server\100\Tools\Binn\;C:\Program Files\Microsoft SQL Server\100\Tools\Binn\;C:\Program Files (x86)\Microsoft SQL Server\100\DTS\Binn\;C:\Program Files (x86)\Microsoft Visual Studio 9.0\Common7\IDE\PrivateAssemblies\;C:\Program Files (x86)\Common Files\Acronis\SnapAPI\
USERNAME=ivsmirnov
OS=Windows_NT
PROCESSOR_IDENTIFIER=Intel64 Family 6 Model 42 Stepping 7, GenuineIntel



---------------  S Y S T E M  ---------------

OS: Windows 8.1 , 64 bit Build 9600 

CPU:total 4 (4 cores per cpu, 1 threads per core) family 6 model 42 stepping 7, cmov, cx8, fxsr, mmx, sse, sse2, sse3, ssse3, sse4.1, sse4.2, popcnt, avx, aes, clmul, tsc, tscinvbit

Memory: 4k page, physical 8290572k(1064696k free), swap 8290572k(5148k free)

vm_info: Java HotSpot(TM) 64-Bit Server VM (25.5-b02) for windows-amd64 JRE (1.8.0_05-b13), built on Mar 18 2014 01:08:39 by "java_re" with MS VC++ 10.0 (VS2010)

time: Tue Jun 09 15:38:19 2015
elapsed time: 0 seconds

