#
# There is insufficient memory for the Java Runtime Environment to continue.
# Native memory allocation (malloc) failed to allocate 341696 bytes for Chunk::new
# Possible reasons:
#   The system is out of physical RAM or swap space
#   In 32 bit mode, the process size limit was hit
# Possible solutions:
#   Reduce memory load on the system
#   Increase physical memory or swap space
#   Check if swap backing store is full
#   Use 64 bit Java on a 64 bit OS
#   Decrease Java heap size (-Xmx/-Xms)
#   Decrease number of Java threads
#   Decrease Java thread stack sizes (-Xss)
#   Set larger code cache with -XX:ReservedCodeCacheSize=
# This output file may be truncated or incomplete.
#
#  Out of Memory Error (allocation.cpp:388), pid=6824, tid=4012
#
# JRE version: Java(TM) SE Runtime Environment (8.0_05-b13) (build 1.8.0_05-b13)
# Java VM: Java HotSpot(TM) 64-Bit Server VM (25.5-b02 mixed mode windows-amd64 compressed oops)
# Failed to write core dump. Minidumps are not enabled by default on client versions of Windows
#

---------------  T H R E A D  ---------------

Current thread (0x0000000014f0c000):  JavaThread "C2 CompilerThread0" daemon [_thread_in_native, id=4012, stack(0x0000000016470000,0x0000000016570000)]

Stack: [0x0000000016470000,0x0000000016570000]
Native frames: (J=compiled Java code, j=interpreted, Vv=VM code, C=native code)
V  [jvm.dll+0x308dea]


Current CompileTask:
C2:    530  879   !   4       com.android.dx.rop.code.RegisterSpec::intern (70 bytes)


---------------  P R O C E S S  ---------------

Java Threads: ( => current thread )
  0x00000000167a8800 JavaThread "Service Thread" daemon [_thread_blocked, id=1700, stack(0x0000000016b70000,0x0000000016c70000)]
  0x0000000014f12000 JavaThread "C1 CompilerThread2" daemon [_thread_in_vm, id=6964, stack(0x0000000016670000,0x0000000016770000)]
  0x0000000014f0f000 JavaThread "C2 CompilerThread1" daemon [_thread_in_native, id=4480, stack(0x0000000016570000,0x0000000016670000)]
=>0x0000000014f0c000 JavaThread "C2 CompilerThread0" daemon [_thread_in_native, id=4012, stack(0x0000000016470000,0x0000000016570000)]
  0x0000000014f0a800 JavaThread "Attach Listener" daemon [_thread_blocked, id=2664, stack(0x0000000016370000,0x0000000016470000)]
  0x0000000014f09000 JavaThread "Signal Dispatcher" daemon [_thread_blocked, id=5192, stack(0x0000000016270000,0x0000000016370000)]
  0x0000000002834800 JavaThread "Finalizer" daemon [_thread_blocked, id=2936, stack(0x0000000016170000,0x0000000016270000)]
  0x0000000014ed8000 JavaThread "Reference Handler" daemon [_thread_blocked, id=3356, stack(0x0000000016070000,0x0000000016170000)]
  0x0000000000e7d800 JavaThread "main" [_thread_in_Java, id=7540, stack(0x0000000002620000,0x0000000002720000)]

Other Threads:
  0x0000000014ed6800 VMThread [stack: 0x0000000015f70000,0x0000000016070000] [id=2996]
  0x00000000167aa000 WatcherThread [stack: 0x0000000016c70000,0x0000000016d70000] [id=6452]

VM state:not at safepoint (normal execution)

VM Mutex/Monitor currently owned by a thread: None

Heap:
 PSYoungGen      total 5632K, used 3254K [0x00000000eab00000, 0x00000000eb700000, 0x0000000100000000)
  eden space 4096K, 42% used [0x00000000eab00000,0x00000000eacb5ad8,0x00000000eaf00000)
  from space 1536K, 97% used [0x00000000eaf00000,0x00000000eb078018,0x00000000eb080000)
  to   space 2048K, 0% used [0x00000000eb500000,0x00000000eb500000,0x00000000eb700000)
 ParOldGen       total 129536K, used 1707K [0x00000000c0000000, 0x00000000c7e80000, 0x00000000eab00000)
  object space 129536K, 1% used [0x00000000c0000000,0x00000000c01aadd8,0x00000000c7e80000)
 Metaspace       used 5197K, capacity 6640K, committed 6784K, reserved 1056768K
  class space    used 546K, capacity 616K, committed 640K, reserved 1048576K

Card table byte_map: [0x0000000011c00000,0x0000000011e10000] byte_map_base: 0x0000000011600000

Marking Bits: (ParMarkBitMap*) 0x000000005c3b13b0
 Begin Bits: [0x0000000012370000, 0x0000000013370000)
 End Bits:   [0x0000000013370000, 0x0000000014370000)

Polling page: 0x0000000000e20000

CodeCache: size=245760Kb used=3395Kb max_used=3395Kb free=242364Kb
 bounds [0x0000000002840000, 0x0000000002ba0000, 0x0000000011840000]
 total_blobs=1146 nmethods=886 adapters=174
 compilation: enabled

Compilation events (10 events):
Event: 0.525 Thread 0x0000000014f12000 nmethod 875 0x0000000002b85290 code [0x0000000002b85420, 0x0000000002b85798]
Event: 0.525 Thread 0x0000000014f12000  891       3       com.android.dx.rop.cst.CstString::getType (4 bytes)
Event: 0.525 Thread 0x0000000014f12000 nmethod 891 0x0000000002b85990 code [0x0000000002b85ae0, 0x0000000002b85c30]
Event: 0.525 Thread 0x0000000014f12000  893       3       com.android.dx.rop.code.BasicBlock::hasExceptionHandlers (26 bytes)
Event: 0.525 Thread 0x0000000014f12000 nmethod 893 0x0000000002b85cd0 code [0x0000000002b85e80, 0x0000000002b865e8]
Event: 0.525 Thread 0x0000000014f12000  894       3       com.android.dx.rop.code.BasicBlockList::preferredSuccessorOf (77 bytes)
Event: 0.525 Thread 0x0000000014f12000 nmethod 894 0x0000000002b86850 code [0x0000000002b86a00, 0x0000000002b87128]
Event: 0.525 Thread 0x0000000014f12000  895       3       com.android.dx.dex.code.RopTranslator::outputBlock (202 bytes)
Event: 0.527 Thread 0x0000000014f12000 nmethod 895 0x0000000002b872d0 code [0x0000000002b876e0, 0x0000000002b8a438]
Event: 0.527 Thread 0x0000000014f12000  900       3       com.android.dx.rop.code.LocalVariableExtractor::processBlock (327 bytes)

GC Heap History (10 events):
Event: 0.124 GC heap before
{Heap before GC invocations=3 (full 0):
 PSYoungGen      total 1536K, used 1520K [0x00000000eab00000, 0x00000000ead00000, 0x0000000100000000)
  eden space 1024K, 100% used [0x00000000eab00000,0x00000000eac00000,0x00000000eac00000)
  from space 512K, 96% used [0x00000000eac80000,0x00000000eacfc010,0x00000000ead00000)
  to   space 512K, 0% used [0x00000000eac00000,0x00000000eac00000,0x00000000eac80000)
 ParOldGen       total 129536K, used 130K [0x00000000c0000000, 0x00000000c7e80000, 0x00000000eab00000)
  object space 129536K, 0% used [0x00000000c0000000,0x00000000c00209c0,0x00000000c7e80000)
 Metaspace       used 3286K, capacity 4880K, committed 5120K, reserved 1056768K
  class space    used 368K, capacity 456K, committed 512K, reserved 1048576K
Event: 0.125 GC heap after
Heap after GC invocations=3 (full 0):
 PSYoungGen      total 1536K, used 496K [0x00000000eab00000, 0x00000000eae00000, 0x0000000100000000)
  eden space 1024K, 0% used [0x00000000eab00000,0x00000000eab00000,0x00000000eac00000)
  from space 512K, 96% used [0x00000000eac00000,0x00000000eac7c010,0x00000000eac80000)
  to   space 512K, 0% used [0x00000000ead80000,0x00000000ead80000,0x00000000eae00000)
 ParOldGen       total 129536K, used 438K [0x00000000c0000000, 0x00000000c7e80000, 0x00000000eab00000)
  object space 129536K, 0% used [0x00000000c0000000,0x00000000c006d9b8,0x00000000c7e80000)
 Metaspace       used 3286K, capacity 4880K, committed 5120K, reserved 1056768K
  class space    used 368K, capacity 456K, committed 512K, reserved 1048576K
}
Event: 0.156 GC heap before
{Heap before GC invocations=4 (full 0):
 PSYoungGen      total 1536K, used 1520K [0x00000000eab00000, 0x00000000eae00000, 0x0000000100000000)
  eden space 1024K, 100% used [0x00000000eab00000,0x00000000eac00000,0x00000000eac00000)
  from space 512K, 96% used [0x00000000eac00000,0x00000000eac7c010,0x00000000eac80000)
  to   space 512K, 0% used [0x00000000ead80000,0x00000000ead80000,0x00000000eae00000)
 ParOldGen       total 129536K, used 438K [0x00000000c0000000, 0x00000000c7e80000, 0x00000000eab00000)
  object space 129536K, 0% used [0x00000000c0000000,0x00000000c006d9b8,0x00000000c7e80000)
 Metaspace       used 3570K, capacity 5168K, committed 5376K, reserved 1056768K
  class space    used 405K, capacity 488K, committed 512K, reserved 1048576K
Event: 0.157 GC heap after
Heap after GC invocations=4 (full 0):
 PSYoungGen      total 2560K, used 480K [0x00000000eab00000, 0x00000000eae00000, 0x0000000100000000)
  eden space 2048K, 0% used [0x00000000eab00000,0x00000000eab00000,0x00000000ead00000)
  from space 512K, 93% used [0x00000000ead80000,0x00000000eadf8020,0x00000000eae00000)
  to   space 512K, 0% used [0x00000000ead00000,0x00000000ead00000,0x00000000ead80000)
 ParOldGen       total 129536K, used 716K [0x00000000c0000000, 0x00000000c7e80000, 0x00000000eab00000)
  object space 129536K, 0% used [0x00000000c0000000,0x00000000c00b3288,0x00000000c7e80000)
 Metaspace       used 3570K, capacity 5168K, committed 5376K, reserved 1056768K
  class space    used 405K, capacity 488K, committed 512K, reserved 1048576K
}
Event: 0.203 GC heap before
{Heap before GC invocations=5 (full 0):
 PSYoungGen      total 2560K, used 2528K [0x00000000eab00000, 0x00000000eae00000, 0x0000000100000000)
  eden space 2048K, 100% used [0x00000000eab00000,0x00000000ead00000,0x00000000ead00000)
  from space 512K, 93% used [0x00000000ead80000,0x00000000eadf8020,0x00000000eae00000)
  to   space 512K, 0% used [0x00000000ead00000,0x00000000ead00000,0x00000000ead80000)
 ParOldGen       total 129536K, used 716K [0x00000000c0000000, 0x00000000c7e80000, 0x00000000eab00000)
  object space 129536K, 0% used [0x00000000c0000000,0x00000000c00b3288,0x00000000c7e80000)
 Metaspace       used 4229K, capacity 5744K, committed 6016K, reserved 1056768K
  class space    used 472K, capacity 552K, committed 640K, reserved 1048576K
Event: 0.205 GC heap after
Heap after GC invocations=5 (full 0):
 PSYoungGen      total 2560K, used 480K [0x00000000eab00000, 0x00000000eb200000, 0x0000000100000000)
  eden space 2048K, 0% used [0x00000000eab00000,0x00000000eab00000,0x00000000ead00000)
  from space 512K, 93% used [0x00000000ead00000,0x00000000ead78020,0x00000000ead80000)
  to   space 1536K, 0% used [0x00000000eb080000,0x00000000eb080000,0x00000000eb200000)
 ParOldGen       total 129536K, used 1312K [0x00000000c0000000, 0x00000000c7e80000, 0x00000000eab00000)
  object space 129536K, 1% used [0x00000000c0000000,0x00000000c01481f8,0x00000000c7e80000)
 Metaspace       used 4229K, capacity 5744K, committed 6016K, reserved 1056768K
  class space    used 472K, capacity 552K, committed 640K, reserved 1048576K
}
Event: 0.252 GC heap before
{Heap before GC invocations=6 (full 0):
 PSYoungGen      total 2560K, used 2528K [0x00000000eab00000, 0x00000000eb200000, 0x0000000100000000)
  eden space 2048K, 100% used [0x00000000eab00000,0x00000000ead00000,0x00000000ead00000)
  from space 512K, 93% used [0x00000000ead00000,0x00000000ead78020,0x00000000ead80000)
  to   space 1536K, 0% used [0x00000000eb080000,0x00000000eb080000,0x00000000eb200000)
 ParOldGen       total 129536K, used 1312K [0x00000000c0000000, 0x00000000c7e80000, 0x00000000eab00000)
  object space 129536K, 1% used [0x00000000c0000000,0x00000000c01481f8,0x00000000c7e80000)
 Metaspace       used 4789K, capacity 6224K, committed 6528K, reserved 1056768K
  class space    used 534K, capacity 584K, committed 640K, reserved 1048576K
Event: 0.253 GC heap after
Heap after GC invocations=6 (full 0):
 PSYoungGen      total 5632K, used 1299K [0x00000000eab00000, 0x00000000eb200000, 0x0000000100000000)
  eden space 4096K, 0% used [0x00000000eab00000,0x00000000eab00000,0x00000000eaf00000)
  from space 1536K, 84% used [0x00000000eb080000,0x00000000eb1c4d20,0x00000000eb200000)
  to   space 1536K, 0% used [0x00000000eaf00000,0x00000000eaf00000,0x00000000eb080000)
 ParOldGen       total 129536K, used 1320K [0x00000000c0000000, 0x00000000c7e80000, 0x00000000eab00000)
  object space 129536K, 1% used [0x00000000c0000000,0x00000000c014a1f8,0x00000000c7e80000)
 Metaspace       used 4789K, capacity 6224K, committed 6528K, reserved 1056768K
  class space    used 534K, capacity 584K, committed 640K, reserved 1048576K
}
Event: 0.459 GC heap before
{Heap before GC invocations=7 (full 0):
 PSYoungGen      total 5632K, used 5395K [0x00000000eab00000, 0x00000000eb200000, 0x0000000100000000)
  eden space 4096K, 100% used [0x00000000eab00000,0x00000000eaf00000,0x00000000eaf00000)
  from space 1536K, 84% used [0x00000000eb080000,0x00000000eb1c4d20,0x00000000eb200000)
  to   space 1536K, 0% used [0x00000000eaf00000,0x00000000eaf00000,0x00000000eb080000)
 ParOldGen       total 129536K, used 1320K [0x00000000c0000000, 0x00000000c7e80000, 0x00000000eab00000)
  object space 129536K, 1% used [0x00000000c0000000,0x00000000c014a1f8,0x00000000c7e80000)
 Metaspace       used 5147K, capacity 6576K, committed 6784K, reserved 1056768K
  class space    used 545K, capacity 616K, committed 640K, reserved 1048576K
Event: 0.461 GC heap after
Heap after GC invocations=7 (full 0):
 PSYoungGen      total 5632K, used 1504K [0x00000000eab00000, 0x00000000eb700000, 0x0000000100000000)
  eden space 4096K, 0% used [0x00000000eab00000,0x00000000eab00000,0x00000000eaf00000)
  from space 1536K, 97% used [0x00000000eaf00000,0x00000000eb078018,0x00000000eb080000)
  to   space 2048K, 0% used [0x00000000eb500000,0x00000000eb500000,0x00000000eb700000)
 ParOldGen       total 129536K, used 1707K [0x00000000c0000000, 0x00000000c7e80000, 0x00000000eab00000)
  object space 129536K, 1% used [0x00000000c0000000,0x00000000c01aadd8,0x00000000c7e80000)
 Metaspace       used 5147K, capacity 6576K, committed 6784K, reserved 1056768K
  class space    used 545K, capacity 616K, committed 640K, reserved 1048576K
}

Deoptimization events (5 events):
Event: 0.424 Thread 0x0000000000e7d800 Uncommon trap: reason=class_check action=maybe_recompile pc=0x0000000002aba370 method=com.android.dx.ssa.NormalSsaInsn.accept(Lcom/android/dx/ssa/SsaInsn$Visitor;)V @ 9
Event: 0.424 Thread 0x0000000000e7d800 Uncommon trap: reason=class_check action=maybe_recompile pc=0x0000000002aba370 method=com.android.dx.ssa.NormalSsaInsn.accept(Lcom/android/dx/ssa/SsaInsn$Visitor;)V @ 9
Event: 0.424 Thread 0x0000000000e7d800 Uncommon trap: reason=class_check action=maybe_recompile pc=0x0000000002aba370 method=com.android.dx.ssa.NormalSsaInsn.accept(Lcom/android/dx/ssa/SsaInsn$Visitor;)V @ 9
Event: 0.424 Thread 0x0000000000e7d800 Uncommon trap: reason=class_check action=maybe_recompile pc=0x0000000002aba370 method=com.android.dx.ssa.NormalSsaInsn.accept(Lcom/android/dx/ssa/SsaInsn$Visitor;)V @ 9
Event: 0.484 Thread 0x0000000000e7d800 Uncommon trap: reason=unreached action=reinterpret pc=0x00000000029d4c5c method=com.android.dx.rop.cst.Constant.compareTo(Lcom/android/dx/rop/cst/Constant;)I @ 12

Internal exceptions (10 events):
Event: 0.379 Thread 0x0000000000e7d800 Exception <a 'java/security/PrivilegedActionException'> (0x00000000eac97740) thrown at [D:\re\workspace\8-2-build-windows-amd64-cygwin\jdk8u5\2488\hotspot\src\share\vm\prims\jvm.cpp, line 1248]
Event: 0.382 Thread 0x0000000000e7d800 Exception <a 'java/security/PrivilegedActionException'> (0x00000000eacb46b0) thrown at [D:\re\workspace\8-2-build-windows-amd64-cygwin\jdk8u5\2488\hotspot\src\share\vm\prims\jvm.cpp, line 1248]
Event: 0.382 Thread 0x0000000000e7d800 Exception <a 'java/security/PrivilegedActionException'> (0x00000000eacb7ad8) thrown at [D:\re\workspace\8-2-build-windows-amd64-cygwin\jdk8u5\2488\hotspot\src\share\vm\prims\jvm.cpp, line 1248]
Event: 0.383 Thread 0x0000000000e7d800 Exception <a 'java/security/PrivilegedActionException'> (0x00000000eacbb1e0) thrown at [D:\re\workspace\8-2-build-windows-amd64-cygwin\jdk8u5\2488\hotspot\src\share\vm\prims\jvm.cpp, line 1248]
Event: 0.383 Thread 0x0000000000e7d800 Exception <a 'java/security/PrivilegedActionException'> (0x00000000eacc0090) thrown at [D:\re\workspace\8-2-build-windows-amd64-cygwin\jdk8u5\2488\hotspot\src\share\vm\prims\jvm.cpp, line 1248]
Event: 0.387 Thread 0x0000000000e7d800 Exception <a 'java/security/PrivilegedActionException'> (0x00000000eacd7770) thrown at [D:\re\workspace\8-2-build-windows-amd64-cygwin\jdk8u5\2488\hotspot\src\share\vm\prims\jvm.cpp, line 1248]
Event: 0.396 Thread 0x0000000000e7d800 Exception <a 'java/security/PrivilegedActionException'> (0x00000000ead222b8) thrown at [D:\re\workspace\8-2-build-windows-amd64-cygwin\jdk8u5\2488\hotspot\src\share\vm\prims\jvm.cpp, line 1248]
Event: 0.412 Thread 0x0000000000e7d800 Exception <a 'java/security/PrivilegedActionException'> (0x00000000ead9d8f8) thrown at [D:\re\workspace\8-2-build-windows-amd64-cygwin\jdk8u5\2488\hotspot\src\share\vm\prims\jvm.cpp, line 1248]
Event: 0.412 Thread 0x0000000000e7d800 Exception <a 'java/security/PrivilegedActionException'> (0x00000000eada2f38) thrown at [D:\re\workspace\8-2-build-windows-amd64-cygwin\jdk8u5\2488\hotspot\src\share\vm\prims\jvm.cpp, line 1248]
Event: 0.425 Thread 0x0000000000e7d800 Exception <a 'java/security/PrivilegedActionException'> (0x00000000eae16ef0) thrown at [D:\re\workspace\8-2-build-windows-amd64-cygwin\jdk8u5\2488\hotspot\src\share\vm\prims\jvm.cpp, line 1248]

Events (10 events):
Event: 0.447 loading class java/util/ArrayList$1 done
Event: 0.458 Executing VM operation: ParallelGCFailedAllocation
Event: 0.461 Executing VM operation: ParallelGCFailedAllocation done
Event: 0.484 Thread 0x0000000000e7d800 Uncommon trap: trap_request=0xffffffad fr.pc=0x00000000029d4c5c
Event: 0.484 Thread 0x0000000000e7d800 DEOPT PACKING pc=0x00000000029d4c5c sp=0x000000000271e3c0
Event: 0.484 Thread 0x0000000000e7d800 DEOPT UNPACKING pc=0x00000000028855af sp=0x000000000271e360 mode 2
Event: 0.519 loading class java/util/TreeMap$EntrySet
Event: 0.519 loading class java/util/TreeMap$EntrySet done
Event: 0.519 loading class java/util/TreeMap$EntryIterator
Event: 0.519 loading class java/util/TreeMap$EntryIterator done


Dynamic libraries:
0x00007ff6f89e0000 - 0x00007ff6f8a14000 	C:\Program Files\Java\jdk1.8.0_05\bin\java.exe
0x00007ffbecf40000 - 0x00007ffbed0ec000 	C:\Windows\SYSTEM32\ntdll.dll
0x00007ffbeb490000 - 0x00007ffbeb5ce000 	C:\Windows\system32\KERNEL32.DLL
0x00007ffbea4a0000 - 0x00007ffbea5b5000 	C:\Windows\system32\KERNELBASE.dll
0x00007ffbe8960000 - 0x00007ffbe89ee000 	C:\Windows\system32\apphelp.dll
0x00007ffbdc040000 - 0x00007ffbdc093000 	C:\Windows\AppPatch\AppPatch64\AcGenral.DLL
0x00007ffbeab90000 - 0x00007ffbeac3a000 	C:\Windows\system32\msvcrt.dll
0x00007ffbe9ec0000 - 0x00007ffbe9eee000 	C:\Windows\SYSTEM32\SspiCli.dll
0x00007ffbea5c0000 - 0x00007ffbea614000 	C:\Windows\system32\SHLWAPI.dll
0x00007ffbea620000 - 0x00007ffbea797000 	C:\Windows\system32\USER32.dll
0x00007ffbeac40000 - 0x00007ffbeadd4000 	C:\Windows\system32\ole32.dll
0x00007ffbeb7f0000 - 0x00007ffbecd08000 	C:\Windows\system32\SHELL32.dll
0x00007ffbe9630000 - 0x00007ffbe9651000 	C:\Windows\SYSTEM32\USERENV.dll
0x00007ffbeaa70000 - 0x00007ffbeab1a000 	C:\Windows\system32\ADVAPI32.dll
0x00007ffbe3e60000 - 0x00007ffbe3e7e000 	C:\Windows\SYSTEM32\MPR.dll
0x00007ffbeafb0000 - 0x00007ffbeb0f1000 	C:\Windows\system32\RPCRT4.dll
0x00007ffbeab30000 - 0x00007ffbeab89000 	C:\Windows\SYSTEM32\sechost.dll
0x00007ffbeb5d0000 - 0x00007ffbeb7e1000 	C:\Windows\SYSTEM32\combase.dll
0x00007ffbecde0000 - 0x00007ffbecf31000 	C:\Windows\system32\GDI32.dll
0x00007ffbea090000 - 0x00007ffbea0a5000 	C:\Windows\SYSTEM32\profapi.dll
0x00007ffbe86f0000 - 0x00007ffbe87a2000 	C:\Windows\SYSTEM32\SHCORE.dll
0x00007ffbea7a0000 - 0x00007ffbea7d6000 	C:\Windows\system32\IMM32.DLL
0x00007ffbea910000 - 0x00007ffbeaa62000 	C:\Windows\system32\MSCTF.dll
0x00007ffbe8270000 - 0x00007ffbe84eb000 	C:\Windows\WinSxS\amd64_microsoft.windows.common-controls_6595b64144ccf1df_6.0.9600.17415_none_6240486fecbd8abb\COMCTL32.dll
0x000000005b4f0000 - 0x000000005b5c2000 	C:\Program Files\Java\jdk1.8.0_05\jre\bin\msvcr100.dll
0x000000005bc00000 - 0x000000005c42a000 	C:\Program Files\Java\jdk1.8.0_05\jre\bin\server\jvm.dll
0x00007ffbd9850000 - 0x00007ffbd9859000 	C:\Windows\SYSTEM32\WSOCK32.dll
0x00007ffbe5b60000 - 0x00007ffbe5b82000 	C:\Windows\SYSTEM32\WINMM.dll
0x00007ffbeab20000 - 0x00007ffbeab27000 	C:\Windows\system32\PSAPI.DLL
0x00007ffbecd10000 - 0x00007ffbecd6a000 	C:\Windows\system32\WS2_32.dll
0x00007ffbe5b30000 - 0x00007ffbe5b5a000 	C:\Windows\SYSTEM32\WINMMBASE.dll
0x00007ffbea7e0000 - 0x00007ffbea7e9000 	C:\Windows\system32\NSI.dll
0x00007ffbea450000 - 0x00007ffbea49f000 	C:\Windows\SYSTEM32\cfgmgr32.dll
0x00007ffbe8e90000 - 0x00007ffbe8eb8000 	C:\Windows\SYSTEM32\DEVOBJ.dll
0x000000005bbf0000 - 0x000000005bbff000 	C:\Program Files\Java\jdk1.8.0_05\jre\bin\verify.dll
0x000000005bbc0000 - 0x000000005bbe8000 	C:\Program Files\Java\jdk1.8.0_05\jre\bin\java.dll
0x000000005bba0000 - 0x000000005bbb6000 	C:\Program Files\Java\jdk1.8.0_05\jre\bin\zip.dll
0x00007ffbdc950000 - 0x00007ffbdcad9000 	C:\Windows\SYSTEM32\dbghelp.dll

VM Arguments:
jvm_args: -Xmx1024M -Dfile.encoding=windows-1251 -Duser.country=RU -Duser.language=ru -Duser.variant 
java_command: com.android.dx.command.Main --dex --output C:\Users\ivsmirnov\AndroidStudioProjects\KeyRegistrator\app\build\intermediates\dex\debug C:\Users\ivsmirnov\AndroidStudioProjects\KeyRegistrator\app\build\intermediates\classes\debug C:\Users\ivsmirnov\AndroidStudioProjects\KeyRegistrator\app\build\intermediates\pre-dexed\debug\support-annotations-21.0.3-e989365fc30db70a6bc5da98982abfd81f3b8da9.jar C:\Users\ivsmirnov\AndroidStudioProjects\KeyRegistrator\app\build\intermediates\pre-dexed\debug\internal_impl-21.0.3-438334cc98a0966ffe03b64427a891d2fb22fcfe.jar C:\Users\ivsmirnov\AndroidStudioProjects\KeyRegistrator\app\build\intermediates\pre-dexed\debug\classes-f47f203f0e19c4c2b3a424700b2adc6d73f33a06.jar C:\Users\ivsmirnov\AndroidStudioProjects\KeyRegistrator\app\build\intermediates\pre-dexed\debug\classes-364e2bab1ee64e805b6838089cd22374cd9c851c.jar
java_class_path (initial): D:\Users\ivsmirnov\AppData\Local\Android\sdk\build-tools\21.1.2\lib\dx.jar
Launcher Type: SUN_STANDARD

Environment Variables:
JAVA_HOME=C:\Program Files\Java\jdk1.8.0_05
PATH=C:\ProgramData\Oracle\Java\javapath;C:\Windows\system32;C:\Windows;C:\Windows\System32\Wbem;C:\Windows\System32\WindowsPowerShell\v1.0\;C:\Windows\idmu\common;D:\Users\ivsmirnov\AppData\Local\Android\sdk\platform-tools;C:\Program Files (x86)\HL-Server\Servers\NT_95;C:\Program Files\Microsoft SQL Server\100\DTS\Binn\;C:\Program Files (x86)\Microsoft SQL Server\100\Tools\Binn\VSShell\Common7\IDE\;C:\Program Files (x86)\Microsoft SQL Server\100\Tools\Binn\;C:\Program Files\Microsoft SQL Server\100\Tools\Binn\;C:\Program Files (x86)\Microsoft SQL Server\100\DTS\Binn\;C:\Program Files (x86)\Microsoft Visual Studio 9.0\Common7\IDE\PrivateAssemblies\;C:\Program Files (x86)\Common Files\Acronis\SnapAPI\
USERNAME=ivsmirnov
OS=Windows_NT
PROCESSOR_IDENTIFIER=Intel64 Family 6 Model 42 Stepping 7, GenuineIntel



---------------  S Y S T E M  ---------------

OS: Windows 8.1 , 64 bit Build 9600 

CPU:total 4 (4 cores per cpu, 1 threads per core) family 6 model 42 stepping 7, cmov, cx8, fxsr, mmx, sse, sse2, sse3, ssse3, sse4.1, sse4.2, popcnt, avx, aes, clmul, tsc, tscinvbit

Memory: 4k page, physical 8290572k(937004k free), swap 8290572k(5136k free)

vm_info: Java HotSpot(TM) 64-Bit Server VM (25.5-b02) for windows-amd64 JRE (1.8.0_05-b13), built on Mar 18 2014 01:08:39 by "java_re" with MS VC++ 10.0 (VS2010)

time: Fri May 15 15:07:54 2015
elapsed time: 0 seconds

