#
# There is insufficient memory for the Java Runtime Environment to continue.
# Native memory allocation (malloc) failed to allocate 1048576 bytes for AllocateHeap
# Possible reasons:
#   The system is out of physical RAM or swap space
#   In 32 bit mode, the process size limit was hit
# Possible solutions:
#   Reduce memory load on the system
#   Increase physical memory or swap space
#   Check if swap backing store is full
#   Use 64 bit Java on a 64 bit OS
#   Decrease Java heap size (-Xmx/-Xms)
#   Decrease number of Java threads
#   Decrease Java thread stack sizes (-Xss)
#   Set larger code cache with -XX:ReservedCodeCacheSize=
# This output file may be truncated or incomplete.
#
#  Out of Memory Error (memory/allocation.inline.hpp:62), pid=6196, tid=6168
#
# JRE version:  (8.0_05-b13) (build )
# Java VM: Java HotSpot(TM) 64-Bit Server VM (25.5-b02 mixed mode windows-amd64 compressed oops)
# Failed to write core dump. Minidumps are not enabled by default on client versions of Windows
#

---------------  T H R E A D  ---------------

Current thread (0x000000000255d800):  JavaThread "Unknown thread" [_thread_in_vm, id=6168, stack(0x0000000002400000,0x0000000002500000)]

Stack: [0x0000000002400000,0x0000000002500000]
Native frames: (J=compiled Java code, j=interpreted, Vv=VM code, C=native code)
V  [jvm.dll+0x308dea]
V  [jvm.dll+0x25def1]
V  [jvm.dll+0x25eb0f]
V  [jvm.dll+0x2564e5]
V  [jvm.dll+0x25553f]
V  [jvm.dll+0x3c732c]
V  [jvm.dll+0x3c29f7]
V  [jvm.dll+0xe2142]
V  [jvm.dll+0x1f1419]
V  [jvm.dll+0x2227c4]
V  [jvm.dll+0x149f71]
C  [java.exe+0x207a]
C  [java.exe+0xc99b]
C  [java.exe+0xca2f]
C  [KERNEL32.DLL+0x13d2]
C  [ntdll.dll+0x15444]


---------------  P R O C E S S  ---------------

Java Threads: ( => current thread )

Other Threads:

=>0x000000000255d800 (exited) JavaThread "Unknown thread" [_thread_in_vm, id=6168, stack(0x0000000002400000,0x0000000002500000)]

VM state:not at safepoint (normal execution)

VM Mutex/Monitor currently owned by a thread: None

Heap:
 PSYoungGen      total 1024K, used 20K [0x00000000eab00000, 0x00000000eac80000, 0x0000000100000000)
  eden space 512K, 4% used [0x00000000eab00000,0x00000000eab05288,0x00000000eab80000)
  from space 512K, 0% used [0x00000000eac00000,0x00000000eac00000,0x00000000eac80000)
  to   space 512K, 0% used [0x00000000eab80000,0x00000000eab80000,0x00000000eac00000)
 ParOldGen       total 129536K, used 0K [0x00000000c0000000, 0x00000000c7e80000, 0x00000000eab00000)
  object space 129536K, 0% used [0x00000000c0000000,0x00000000c0000000,0x00000000c7e80000)
 Metaspace       used 676K, capacity 1028K, committed 1152K, reserved 1060864K
  class space    used 66K, capacity 384K, committed 384K, reserved 1048576K

Card table byte_map: [0x0000000011a20000,0x0000000011c30000] byte_map_base: 0x0000000011420000

Marking Bits: (ParMarkBitMap*) 0x000000005c3b13b0
 Begin Bits: [0x0000000012190000, 0x0000000013190000)
 End Bits:   [0x0000000013190000, 0x0000000014190000)

Polling page: 0x0000000000aa0000

CodeCache: size=245760Kb used=327Kb max_used=327Kb free=245432Kb
 bounds [0x0000000002660000, 0x00000000028d0000, 0x0000000011660000]
 total_blobs=56 nmethods=0 adapters=37
 compilation: enabled

Compilation events (0 events):
No events

GC Heap History (0 events):
No events

Deoptimization events (0 events):
No events

Internal exceptions (0 events):
No events

Events (10 events):
Event: 0.019 loading class java/lang/Short
Event: 0.019 loading class java/lang/Short done
Event: 0.019 loading class java/lang/Integer
Event: 0.019 loading class java/lang/Integer done
Event: 0.019 loading class java/lang/Long
Event: 0.019 loading class java/lang/Long done
Event: 0.020 loading class java/lang/NullPointerException
Event: 0.020 loading class java/lang/NullPointerException done
Event: 0.020 loading class java/lang/ArithmeticException
Event: 0.020 loading class java/lang/ArithmeticException done


Dynamic libraries:
0x00007ff6f89e0000 - 0x00007ff6f8a14000 	C:\Program Files\Java\jdk1.8.0_05\bin\java.exe
0x00007ffbecf40000 - 0x00007ffbed0ec000 	C:\Windows\SYSTEM32\ntdll.dll
0x00007ffbeb490000 - 0x00007ffbeb5ce000 	C:\Windows\system32\KERNEL32.DLL
0x00007ffbea4a0000 - 0x00007ffbea5b5000 	C:\Windows\system32\KERNELBASE.dll
0x00007ffbe8960000 - 0x00007ffbe89ee000 	C:\Windows\system32\apphelp.dll
0x00007ffbdc040000 - 0x00007ffbdc093000 	C:\Windows\AppPatch\AppPatch64\AcGenral.DLL
0x00007ffbeab90000 - 0x00007ffbeac3a000 	C:\Windows\system32\msvcrt.dll
0x00007ffbe9ec0000 - 0x00007ffbe9eee000 	C:\Windows\SYSTEM32\SspiCli.dll
0x00007ffbea5c0000 - 0x00007ffbea614000 	C:\Windows\system32\SHLWAPI.dll
0x00007ffbea620000 - 0x00007ffbea797000 	C:\Windows\system32\USER32.dll
0x00007ffbeac40000 - 0x00007ffbeadd4000 	C:\Windows\system32\ole32.dll
0x00007ffbeb7f0000 - 0x00007ffbecd08000 	C:\Windows\system32\SHELL32.dll
0x00007ffbe9630000 - 0x00007ffbe9651000 	C:\Windows\SYSTEM32\USERENV.dll
0x00007ffbeaa70000 - 0x00007ffbeab1a000 	C:\Windows\system32\ADVAPI32.dll
0x00007ffbe3e60000 - 0x00007ffbe3e7e000 	C:\Windows\SYSTEM32\MPR.dll
0x00007ffbeafb0000 - 0x00007ffbeb0f1000 	C:\Windows\system32\RPCRT4.dll
0x00007ffbeab30000 - 0x00007ffbeab89000 	C:\Windows\SYSTEM32\sechost.dll
0x00007ffbeb5d0000 - 0x00007ffbeb7e1000 	C:\Windows\SYSTEM32\combase.dll
0x00007ffbecde0000 - 0x00007ffbecf31000 	C:\Windows\system32\GDI32.dll
0x00007ffbea090000 - 0x00007ffbea0a5000 	C:\Windows\SYSTEM32\profapi.dll
0x00007ffbe86f0000 - 0x00007ffbe87a2000 	C:\Windows\SYSTEM32\SHCORE.dll
0x00007ffbea7a0000 - 0x00007ffbea7d6000 	C:\Windows\system32\IMM32.DLL
0x00007ffbea910000 - 0x00007ffbeaa62000 	C:\Windows\system32\MSCTF.dll
0x00007ffbe8270000 - 0x00007ffbe84eb000 	C:\Windows\WinSxS\amd64_microsoft.windows.common-controls_6595b64144ccf1df_6.0.9600.17415_none_6240486fecbd8abb\COMCTL32.dll
0x000000005b4f0000 - 0x000000005b5c2000 	C:\Program Files\Java\jdk1.8.0_05\jre\bin\msvcr100.dll
0x000000005bc00000 - 0x000000005c42a000 	C:\Program Files\Java\jdk1.8.0_05\jre\bin\server\jvm.dll
0x00007ffbd9850000 - 0x00007ffbd9859000 	C:\Windows\SYSTEM32\WSOCK32.dll
0x00007ffbe5b60000 - 0x00007ffbe5b82000 	C:\Windows\SYSTEM32\WINMM.dll
0x00007ffbeab20000 - 0x00007ffbeab27000 	C:\Windows\system32\PSAPI.DLL
0x00007ffbecd10000 - 0x00007ffbecd6a000 	C:\Windows\system32\WS2_32.dll
0x00007ffbe5b30000 - 0x00007ffbe5b5a000 	C:\Windows\SYSTEM32\WINMMBASE.dll
0x00007ffbea7e0000 - 0x00007ffbea7e9000 	C:\Windows\system32\NSI.dll
0x00007ffbea450000 - 0x00007ffbea49f000 	C:\Windows\SYSTEM32\cfgmgr32.dll
0x00007ffbe8e90000 - 0x00007ffbe8eb8000 	C:\Windows\SYSTEM32\DEVOBJ.dll
0x000000005bbf0000 - 0x000000005bbff000 	C:\Program Files\Java\jdk1.8.0_05\jre\bin\verify.dll
0x000000005bbc0000 - 0x000000005bbe8000 	C:\Program Files\Java\jdk1.8.0_05\jre\bin\java.dll
0x000000005bba0000 - 0x000000005bbb6000 	C:\Program Files\Java\jdk1.8.0_05\jre\bin\zip.dll
0x00007ffbdc950000 - 0x00007ffbdcad9000 	C:\Windows\SYSTEM32\dbghelp.dll

VM Arguments:
jvm_args: -Xmx1024M -Dfile.encoding=windows-1251 -Duser.country=RU -Duser.language=ru -Duser.variant 
java_command: com.android.dx.command.Main --dex --output C:\Users\ivsmirnov\AndroidStudioProjects\KeyRegistrator\app\build\intermediates\dex\debug C:\Users\ivsmirnov\AndroidStudioProjects\KeyRegistrator\app\build\intermediates\classes\debug C:\Users\ivsmirnov\AndroidStudioProjects\KeyRegistrator\app\build\intermediates\pre-dexed\debug\support-annotations-21.0.3-e989365fc30db70a6bc5da98982abfd81f3b8da9.jar C:\Users\ivsmirnov\AndroidStudioProjects\KeyRegistrator\app\build\intermediates\pre-dexed\debug\internal_impl-21.0.3-438334cc98a0966ffe03b64427a891d2fb22fcfe.jar C:\Users\ivsmirnov\AndroidStudioProjects\KeyRegistrator\app\build\intermediates\pre-dexed\debug\classes-f47f203f0e19c4c2b3a424700b2adc6d73f33a06.jar C:\Users\ivsmirnov\AndroidStudioProjects\KeyRegistrator\app\build\intermediates\pre-dexed\debug\classes-364e2bab1ee64e805b6838089cd22374cd9c851c.jar
java_class_path (initial): D:\Users\ivsmirnov\AppData\Local\Android\sdk\build-tools\21.1.2\lib\dx.jar
Launcher Type: SUN_STANDARD

Environment Variables:
JAVA_HOME=C:\Program Files\Java\jdk1.8.0_05
PATH=C:\ProgramData\Oracle\Java\javapath;C:\Windows\system32;C:\Windows;C:\Windows\System32\Wbem;C:\Windows\System32\WindowsPowerShell\v1.0\;C:\Windows\idmu\common;D:\Users\ivsmirnov\AppData\Local\Android\sdk\platform-tools;C:\Program Files (x86)\HL-Server\Servers\NT_95;C:\Program Files\Microsoft SQL Server\100\DTS\Binn\;C:\Program Files (x86)\Microsoft SQL Server\100\Tools\Binn\VSShell\Common7\IDE\;C:\Program Files (x86)\Microsoft SQL Server\100\Tools\Binn\;C:\Program Files\Microsoft SQL Server\100\Tools\Binn\;C:\Program Files (x86)\Microsoft SQL Server\100\DTS\Binn\;C:\Program Files (x86)\Microsoft Visual Studio 9.0\Common7\IDE\PrivateAssemblies\;C:\Program Files (x86)\Common Files\Acronis\SnapAPI\
USERNAME=ivsmirnov
OS=Windows_NT
PROCESSOR_IDENTIFIER=Intel64 Family 6 Model 42 Stepping 7, GenuineIntel



---------------  S Y S T E M  ---------------

OS: Windows 8.1 , 64 bit Build 9600 

CPU:total 4 (4 cores per cpu, 1 threads per core) family 6 model 42 stepping 7, cmov, cx8, fxsr, mmx, sse, sse2, sse3, ssse3, sse4.1, sse4.2, popcnt, avx, aes, clmul, tsc, tscinvbit

Memory: 4k page, physical 8290572k(935568k free), swap 8290572k(5356k free)

vm_info: Java HotSpot(TM) 64-Bit Server VM (25.5-b02) for windows-amd64 JRE (1.8.0_05-b13), built on Mar 18 2014 01:08:39 by "java_re" with MS VC++ 10.0 (VS2010)

time: Fri May 15 15:03:13 2015
elapsed time: 0 seconds

