#
# There is insufficient memory for the Java Runtime Environment to continue.
# Native memory allocation (malloc) failed to allocate 1048576 bytes for AllocateHeap
# Possible reasons:
#   The system is out of physical RAM or swap space
#   In 32 bit mode, the process size limit was hit
# Possible solutions:
#   Reduce memory load on the system
#   Increase physical memory or swap space
#   Check if swap backing store is full
#   Use 64 bit Java on a 64 bit OS
#   Decrease Java heap size (-Xmx/-Xms)
#   Decrease number of Java threads
#   Decrease Java thread stack sizes (-Xss)
#   Set larger code cache with -XX:ReservedCodeCacheSize=
# This output file may be truncated or incomplete.
#
#  Out of Memory Error (memory/allocation.inline.hpp:62), pid=4028, tid=5920
#
# JRE version:  (8.0_05-b13) (build )
# Java VM: Java HotSpot(TM) 64-Bit Server VM (25.5-b02 mixed mode windows-amd64 compressed oops)
# Failed to write core dump. Minidumps are not enabled by default on client versions of Windows
#

---------------  T H R E A D  ---------------

Current thread (0x0000000002460800):  JavaThread "Unknown thread" [_thread_in_vm, id=5920, stack(0x0000000002310000,0x0000000002410000)]

Stack: [0x0000000002310000,0x0000000002410000]
Native frames: (J=compiled Java code, j=interpreted, Vv=VM code, C=native code)
V  [jvm.dll+0x308dea]


---------------  P R O C E S S  ---------------

Java Threads: ( => current thread )

Other Threads:

=>0x0000000002460800 (exited) JavaThread "Unknown thread" [_thread_in_vm, id=5920, stack(0x0000000002310000,0x0000000002410000)]

VM state:not at safepoint (normal execution)

VM Mutex/Monitor currently owned by a thread: None

Heap:
 PSYoungGen      total 1024K, used 20K [0x00000000eab00000, 0x00000000eac80000, 0x0000000100000000)
  eden space 512K, 4% used [0x00000000eab00000,0x00000000eab05288,0x00000000eab80000)
  from space 512K, 0% used [0x00000000eac00000,0x00000000eac00000,0x00000000eac80000)
  to   space 512K, 0% used [0x00000000eab80000,0x00000000eab80000,0x00000000eac00000)
 ParOldGen       total 129536K, used 0K [0x00000000c0000000, 0x00000000c7e80000, 0x00000000eab00000)
  object space 129536K, 0% used [0x00000000c0000000,0x00000000c0000000,0x00000000c7e80000)
 Metaspace       used 673K, capacity 4480K, committed 4480K, reserved 1056768K
  class space    used 66K, capacity 384K, committed 384K, reserved 1048576K

Card table byte_map: [0x0000000011920000,0x0000000011b30000] byte_map_base: 0x0000000011320000

Marking Bits: (ParMarkBitMap*) 0x000000006e6313b0
 Begin Bits: [0x0000000012090000, 0x0000000013090000)
 End Bits:   [0x0000000013090000, 0x0000000014090000)

Polling page: 0x0000000000a40000

CodeCache: size=245760Kb used=327Kb max_used=327Kb free=245432Kb
 bounds [0x0000000002560000, 0x00000000027d0000, 0x0000000011560000]
 total_blobs=56 nmethods=0 adapters=37
 compilation: enabled

Compilation events (0 events):
No events

GC Heap History (0 events):
No events

Deoptimization events (0 events):
No events

Internal exceptions (0 events):
No events

Events (10 events):
Event: 0.016 loading class java/lang/Short
Event: 0.017 loading class java/lang/Short done
Event: 0.017 loading class java/lang/Integer
Event: 0.017 loading class java/lang/Integer done
Event: 0.017 loading class java/lang/Long
Event: 0.017 loading class java/lang/Long done
Event: 0.017 loading class java/lang/NullPointerException
Event: 0.017 loading class java/lang/NullPointerException done
Event: 0.017 loading class java/lang/ArithmeticException
Event: 0.017 loading class java/lang/ArithmeticException done


Dynamic libraries:
0x00007ff7f1470000 - 0x00007ff7f14a4000 	C:\Program Files\Java\jdk1.8.0_05\bin\java.exe
0x00007ffdc8320000 - 0x00007ffdc84cc000 	C:\Windows\SYSTEM32\ntdll.dll
0x00007ffdc7430000 - 0x00007ffdc756e000 	C:\Windows\system32\KERNEL32.DLL
0x00007ffdc5540000 - 0x00007ffdc5655000 	C:\Windows\system32\KERNELBASE.dll
0x00007ffdc36a0000 - 0x00007ffdc372e000 	C:\Windows\system32\apphelp.dll
0x00007ffdb7b30000 - 0x00007ffdb7b83000 	C:\Windows\AppPatch\AppPatch64\AcGenral.DLL
0x00007ffdc8000000 - 0x00007ffdc80aa000 	C:\Windows\system32\msvcrt.dll
0x00007ffdc5240000 - 0x00007ffdc526e000 	C:\Windows\SYSTEM32\SspiCli.dll
0x00007ffdc7300000 - 0x00007ffdc7354000 	C:\Windows\system32\SHLWAPI.dll
0x00007ffdc7dc0000 - 0x00007ffdc7f37000 	C:\Windows\system32\USER32.dll
0x00007ffdc59a0000 - 0x00007ffdc5b34000 	C:\Windows\system32\ole32.dll
0x00007ffdc5b50000 - 0x00007ffdc7068000 	C:\Windows\system32\SHELL32.dll
0x00007ffdc4a10000 - 0x00007ffdc4a31000 	C:\Windows\SYSTEM32\USERENV.dll
0x00007ffdc7240000 - 0x00007ffdc72ea000 	C:\Windows\system32\ADVAPI32.dll
0x00007ffdbf1c0000 - 0x00007ffdbf1de000 	C:\Windows\SYSTEM32\MPR.dll
0x00007ffdc7720000 - 0x00007ffdc7861000 	C:\Windows\system32\RPCRT4.dll
0x00007ffdc82c0000 - 0x00007ffdc8319000 	C:\Windows\SYSTEM32\sechost.dll
0x00007ffdc7a80000 - 0x00007ffdc7c91000 	C:\Windows\SYSTEM32\combase.dll
0x00007ffdc70d0000 - 0x00007ffdc7221000 	C:\Windows\system32\GDI32.dll
0x00007ffdc5470000 - 0x00007ffdc5485000 	C:\Windows\SYSTEM32\profapi.dll
0x00007ffdc3aa0000 - 0x00007ffdc3b52000 	C:\Windows\SYSTEM32\SHCORE.dll
0x00007ffdc8120000 - 0x00007ffdc8156000 	C:\Windows\system32\IMM32.DLL
0x00007ffdc8160000 - 0x00007ffdc82b2000 	C:\Windows\system32\MSCTF.dll
0x00007ffdc33c0000 - 0x00007ffdc363b000 	C:\Windows\WinSxS\amd64_microsoft.windows.common-controls_6595b64144ccf1df_6.0.9600.17415_none_6240486fecbd8abb\COMCTL32.dll
0x000000006d780000 - 0x000000006d852000 	C:\Program Files\Java\jdk1.8.0_05\jre\bin\msvcr100.dll
0x000000006de80000 - 0x000000006e6aa000 	C:\Program Files\Java\jdk1.8.0_05\jre\bin\server\jvm.dll
0x00007ffdbb310000 - 0x00007ffdbb319000 	C:\Windows\SYSTEM32\WSOCK32.dll
0x00007ffdc0f30000 - 0x00007ffdc0f52000 	C:\Windows\SYSTEM32\WINMM.dll
0x00007ffdc7890000 - 0x00007ffdc7897000 	C:\Windows\system32\PSAPI.DLL
0x00007ffdc7d60000 - 0x00007ffdc7dba000 	C:\Windows\system32\WS2_32.dll
0x00007ffdc0f00000 - 0x00007ffdc0f2a000 	C:\Windows\SYSTEM32\WINMMBASE.dll
0x00007ffdc72f0000 - 0x00007ffdc72f9000 	C:\Windows\system32\NSI.dll
0x00007ffdc5770000 - 0x00007ffdc57bf000 	C:\Windows\SYSTEM32\cfgmgr32.dll
0x00007ffdc4260000 - 0x00007ffdc4288000 	C:\Windows\SYSTEM32\DEVOBJ.dll
0x000000006ef50000 - 0x000000006ef5f000 	C:\Program Files\Java\jdk1.8.0_05\jre\bin\verify.dll
0x000000006de50000 - 0x000000006de78000 	C:\Program Files\Java\jdk1.8.0_05\jre\bin\java.dll
0x000000006de30000 - 0x000000006de46000 	C:\Program Files\Java\jdk1.8.0_05\jre\bin\zip.dll
0x00007ffdb7f20000 - 0x00007ffdb80a9000 	C:\Windows\SYSTEM32\dbghelp.dll

VM Arguments:
jvm_args: -Xmx1024M -Dfile.encoding=windows-1251 -Duser.country=RU -Duser.language=ru -Duser.variant 
java_command: com.android.dx.command.Main --dex --output C:\Users\ivsmirnov\AndroidStudioProjects\KeyRegistrator\app\build\intermediates\pre-dexed\debug\internal_impl-22.2.0-4fba90dbd391b82df16ae5e09213f8fc95de9230.jar C:\Users\ivsmirnov\AndroidStudioProjects\KeyRegistrator\app\build\intermediates\exploded-aar\com.android.support\support-v4\22.2.0\libs\internal_impl-22.2.0.jar
java_class_path (initial): D:\Users\ivsmirnov\AppData\Local\Android\sdk\build-tools\21.1.2\lib\dx.jar
Launcher Type: SUN_STANDARD

Environment Variables:
JAVA_HOME=C:\Program Files\Java\jdk1.8.0_05
PATH=C:\ProgramData\Oracle\Java\javapath;C:\Windows\system32;C:\Windows;C:\Windows\System32\Wbem;C:\Windows\System32\WindowsPowerShell\v1.0\;C:\Windows\idmu\common;D:\Users\ivsmirnov\AppData\Local\Android\sdk\platform-tools;C:\Program Files (x86)\HL-Server\Servers\NT_95;C:\Program Files\Microsoft SQL Server\100\DTS\Binn\;C:\Program Files (x86)\Microsoft SQL Server\100\Tools\Binn\VSShell\Common7\IDE\;C:\Program Files (x86)\Microsoft SQL Server\100\Tools\Binn\;C:\Program Files\Microsoft SQL Server\100\Tools\Binn\;C:\Program Files (x86)\Microsoft SQL Server\100\DTS\Binn\;C:\Program Files (x86)\Microsoft Visual Studio 9.0\Common7\IDE\PrivateAssemblies\;C:\Program Files (x86)\Common Files\Acronis\SnapAPI\
USERNAME=ivsmirnov
OS=Windows_NT
PROCESSOR_IDENTIFIER=Intel64 Family 6 Model 42 Stepping 7, GenuineIntel



---------------  S Y S T E M  ---------------

OS: Windows 8.1 , 64 bit Build 9600 

CPU:total 4 (4 cores per cpu, 1 threads per core) family 6 model 42 stepping 7, cmov, cx8, fxsr, mmx, sse, sse2, sse3, ssse3, sse4.1, sse4.2, popcnt, avx, aes, clmul, tsc, tscinvbit

Memory: 4k page, physical 8290572k(1562552k free), swap 8290572k(5100k free)

vm_info: Java HotSpot(TM) 64-Bit Server VM (25.5-b02) for windows-amd64 JRE (1.8.0_05-b13), built on Mar 18 2014 01:08:39 by "java_re" with MS VC++ 10.0 (VS2010)

time: Thu Jun 18 16:40:30 2015
elapsed time: 0 seconds

