#
# There is insufficient memory for the Java Runtime Environment to continue.
# Native memory allocation (malloc) failed to allocate 1037056 bytes for Chunk::new
# Possible reasons:
#   The system is out of physical RAM or swap space
#   In 32 bit mode, the process size limit was hit
# Possible solutions:
#   Reduce memory load on the system
#   Increase physical memory or swap space
#   Check if swap backing store is full
#   Use 64 bit Java on a 64 bit OS
#   Decrease Java heap size (-Xmx/-Xms)
#   Decrease number of Java threads
#   Decrease Java thread stack sizes (-Xss)
#   Set larger code cache with -XX:ReservedCodeCacheSize=
# This output file may be truncated or incomplete.
#
#  Out of Memory Error (allocation.cpp:388), pid=5600, tid=7620
#
# JRE version: Java(TM) SE Runtime Environment (8.0_05-b13) (build 1.8.0_05-b13)
# Java VM: Java HotSpot(TM) 64-Bit Server VM (25.5-b02 mixed mode windows-amd64 compressed oops)
# Failed to write core dump. Minidumps are not enabled by default on client versions of Windows
#

---------------  T H R E A D  ---------------

Current thread (0x0000000014f6c000):  JavaThread "C2 CompilerThread0" daemon [_thread_in_native, id=7620, stack(0x00000000164e0000,0x00000000165e0000)]

Stack: [0x00000000164e0000,0x00000000165e0000]
Native frames: (J=compiled Java code, j=interpreted, Vv=VM code, C=native code)
V  [jvm.dll+0x308dea]
V  [jvm.dll+0x25def1]
V  [jvm.dll+0x25eb0f]
V  [jvm.dll+0x2564e5]
V  [jvm.dll+0xbcfc5]
V  [jvm.dll+0xbd45c]
V  [jvm.dll+0x44d422]
V  [jvm.dll+0x48e13f]
V  [jvm.dll+0x442464]
V  [jvm.dll+0x44366b]
V  [jvm.dll+0x427532]
V  [jvm.dll+0x96702]
V  [jvm.dll+0x96ef3]
V  [jvm.dll+0x2232c4]
V  [jvm.dll+0x27baca]
C  [msvcr100.dll+0x21d9f]
C  [msvcr100.dll+0x21e3b]
C  [KERNEL32.DLL+0x13d2]
C  [ntdll.dll+0x15444]


Current CompileTask:
C2:   1323 1343       4       com.android.dx.ssa.SCCP::simulateBranch (666 bytes)


---------------  P R O C E S S  ---------------

Java Threads: ( => current thread )
  0x0000000016810800 JavaThread "Service Thread" daemon [_thread_blocked, id=7764, stack(0x0000000016be0000,0x0000000016ce0000)]
  0x0000000014f76000 JavaThread "C1 CompilerThread2" daemon [_thread_blocked, id=7500, stack(0x00000000166e0000,0x00000000167e0000)]
  0x0000000014f72800 JavaThread "C2 CompilerThread1" daemon [_thread_in_native, id=4600, stack(0x00000000165e0000,0x00000000166e0000)]
=>0x0000000014f6c000 JavaThread "C2 CompilerThread0" daemon [_thread_in_native, id=7620, stack(0x00000000164e0000,0x00000000165e0000)]
  0x0000000014f6a800 JavaThread "Attach Listener" daemon [_thread_blocked, id=6456, stack(0x00000000163e0000,0x00000000164e0000)]
  0x0000000014f69000 JavaThread "Signal Dispatcher" daemon [_thread_blocked, id=7160, stack(0x00000000162e0000,0x00000000163e0000)]
  0x0000000002894800 JavaThread "Finalizer" daemon [_thread_blocked, id=5592, stack(0x00000000161e0000,0x00000000162e0000)]
  0x0000000014f38000 JavaThread "Reference Handler" daemon [_thread_blocked, id=7912, stack(0x00000000160e0000,0x00000000161e0000)]
  0x000000000269d800 JavaThread "main" [_thread_in_Java, id=7276, stack(0x00000000026a0000,0x00000000027a0000)]

Other Threads:
  0x0000000014f36800 VMThread [stack: 0x0000000015fe0000,0x00000000160e0000] [id=6024]
  0x0000000016812800 WatcherThread [stack: 0x0000000016ce0000,0x0000000016de0000] [id=1004]

VM state:not at safepoint (normal execution)

VM Mutex/Monitor currently owned by a thread: None

Heap:
 PSYoungGen      total 11264K, used 8565K [0x00000000eab00000, 0x00000000ebd80000, 0x0000000100000000)
  eden space 9216K, 73% used [0x00000000eab00000,0x00000000eb19a970,0x00000000eb400000)
  from space 2048K, 88% used [0x00000000ebb80000,0x00000000ebd42c30,0x00000000ebd80000)
  to   space 2048K, 0% used [0x00000000eb400000,0x00000000eb400000,0x00000000eb600000)
 ParOldGen       total 129536K, used 6975K [0x00000000c0000000, 0x00000000c7e80000, 0x00000000eab00000)
  object space 129536K, 5% used [0x00000000c0000000,0x00000000c06cfe78,0x00000000c7e80000)
 Metaspace       used 5745K, capacity 7024K, committed 7296K, reserved 1056768K
  class space    used 572K, capacity 616K, committed 640K, reserved 1048576K

Card table byte_map: [0x0000000011c60000,0x0000000011e70000] byte_map_base: 0x0000000011660000

Marking Bits: (ParMarkBitMap*) 0x000000006fe013b0
 Begin Bits: [0x00000000123d0000, 0x00000000133d0000)
 End Bits:   [0x00000000133d0000, 0x00000000143d0000)

Polling page: 0x0000000000d10000

CodeCache: size=245760Kb used=5868Kb max_used=5868Kb free=239891Kb
 bounds [0x00000000028a0000, 0x0000000002e60000, 0x00000000118a0000]
 total_blobs=1870 nmethods=1608 adapters=175
 compilation: disabled (not enough contiguous free space left)

Compilation events (10 events):
Event: 1.116 Thread 0x0000000014f76000 1384       3       sun.nio.cs.SingleByte$Encoder::encode (32 bytes)
Event: 1.116 Thread 0x0000000014f76000 nmethod 1384 0x0000000002de8b50 code [0x0000000002de8cc0, 0x0000000002de8eb0]
Event: 1.161 Thread 0x0000000014f76000 1385   !   3       java.util.zip.ZipFile$ZipFileInputStream::read (125 bytes)
Event: 1.162 Thread 0x0000000014f76000 nmethod 1385 0x0000000002de7cd0 code [0x0000000002de7ea0, 0x0000000002de8668]
Event: 1.162 Thread 0x0000000014f76000 1386       3       java.util.zip.ZipFile::access$1300 (5 bytes)
Event: 1.162 Thread 0x0000000014f76000 nmethod 1386 0x0000000002dee6d0 code [0x0000000002dee840, 0x0000000002deeaa8]
Event: 1.162 Thread 0x0000000014f76000 1387       3       java.util.zip.ZipFile::ensureOpenOrZipException (18 bytes)
Event: 1.162 Thread 0x0000000014f76000 nmethod 1387 0x0000000002de7850 code [0x0000000002de79c0, 0x0000000002de7bc8]
Event: 1.162 Thread 0x0000000014f76000 1388       3       java.util.zip.ZipFile::access$1400 (14 bytes)
Event: 1.162 Thread 0x0000000014f76000 nmethod 1388 0x0000000002deebd0 code [0x0000000002deed40, 0x0000000002deeea8]

GC Heap History (10 events):
Event: 0.582 GC heap before
{Heap before GC invocations=10 (full 0):
 PSYoungGen      total 5120K, used 5088K [0x00000000eab00000, 0x00000000eb400000, 0x0000000100000000)
  eden space 3584K, 100% used [0x00000000eab00000,0x00000000eae80000,0x00000000eae80000)
  from space 1536K, 97% used [0x00000000eae80000,0x00000000eaff8018,0x00000000eb000000)
  to   space 1536K, 0% used [0x00000000eb280000,0x00000000eb280000,0x00000000eb400000)
 ParOldGen       total 129536K, used 1531K [0x00000000c0000000, 0x00000000c7e80000, 0x00000000eab00000)
  object space 129536K, 1% used [0x00000000c0000000,0x00000000c017efc0,0x00000000c7e80000)
 Metaspace       used 5271K, capacity 6640K, committed 6784K, reserved 1056768K
  class space    used 549K, capacity 616K, committed 640K, reserved 1048576K
Event: 0.584 GC heap after
Heap after GC invocations=10 (full 0):
 PSYoungGen      total 7168K, used 1360K [0x00000000eab00000, 0x00000000eb500000, 0x0000000100000000)
  eden space 5632K, 0% used [0x00000000eab00000,0x00000000eab00000,0x00000000eb080000)
  from space 1536K, 88% used [0x00000000eb280000,0x00000000eb3d4010,0x00000000eb400000)
  to   space 2048K, 0% used [0x00000000eb080000,0x00000000eb080000,0x00000000eb280000)
 ParOldGen       total 129536K, used 2325K [0x00000000c0000000, 0x00000000c7e80000, 0x00000000eab00000)
  object space 129536K, 1% used [0x00000000c0000000,0x00000000c0245788,0x00000000c7e80000)
 Metaspace       used 5271K, capacity 6640K, committed 6784K, reserved 1056768K
  class space    used 549K, capacity 616K, committed 640K, reserved 1048576K
}
Event: 0.688 GC heap before
{Heap before GC invocations=11 (full 0):
 PSYoungGen      total 7168K, used 6992K [0x00000000eab00000, 0x00000000eb500000, 0x0000000100000000)
  eden space 5632K, 100% used [0x00000000eab00000,0x00000000eb080000,0x00000000eb080000)
  from space 1536K, 88% used [0x00000000eb280000,0x00000000eb3d4010,0x00000000eb400000)
  to   space 2048K, 0% used [0x00000000eb080000,0x00000000eb080000,0x00000000eb280000)
 ParOldGen       total 129536K, used 2325K [0x00000000c0000000, 0x00000000c7e80000, 0x00000000eab00000)
  object space 129536K, 1% used [0x00000000c0000000,0x00000000c0245788,0x00000000c7e80000)
 Metaspace       used 5332K, capacity 6704K, committed 6784K, reserved 1056768K
  class space    used 550K, capacity 616K, committed 640K, reserved 1048576K
Event: 0.691 GC heap after
Heap after GC invocations=11 (full 0):
 PSYoungGen      total 7680K, used 1376K [0x00000000eab00000, 0x00000000eb800000, 0x0000000100000000)
  eden space 5632K, 0% used [0x00000000eab00000,0x00000000eab00000,0x00000000eb080000)
  from space 2048K, 67% used [0x00000000eb080000,0x00000000eb1d8010,0x00000000eb280000)
  to   space 2048K, 0% used [0x00000000eb600000,0x00000000eb600000,0x00000000eb800000)
 ParOldGen       total 129536K, used 3566K [0x00000000c0000000, 0x00000000c7e80000, 0x00000000eab00000)
  object space 129536K, 2% used [0x00000000c0000000,0x00000000c037b948,0x00000000c7e80000)
 Metaspace       used 5332K, capacity 6704K, committed 6784K, reserved 1056768K
  class space    used 550K, capacity 616K, committed 640K, reserved 1048576K
}
Event: 0.832 GC heap before
{Heap before GC invocations=12 (full 0):
 PSYoungGen      total 7680K, used 7008K [0x00000000eab00000, 0x00000000eb800000, 0x0000000100000000)
  eden space 5632K, 100% used [0x00000000eab00000,0x00000000eb080000,0x00000000eb080000)
  from space 2048K, 67% used [0x00000000eb080000,0x00000000eb1d8010,0x00000000eb280000)
  to   space 2048K, 0% used [0x00000000eb600000,0x00000000eb600000,0x00000000eb800000)
 ParOldGen       total 129536K, used 3566K [0x00000000c0000000, 0x00000000c7e80000, 0x00000000eab00000)
  object space 129536K, 2% used [0x00000000c0000000,0x00000000c037b948,0x00000000c7e80000)
 Metaspace       used 5374K, capacity 6768K, committed 7040K, reserved 1056768K
  class space    used 550K, capacity 616K, committed 640K, reserved 1048576K
Event: 0.836 GC heap after
Heap after GC invocations=12 (full 0):
 PSYoungGen      total 11264K, used 1056K [0x00000000eab00000, 0x00000000eb800000, 0x0000000100000000)
  eden space 9216K, 0% used [0x00000000eab00000,0x00000000eab00000,0x00000000eb400000)
  from space 2048K, 51% used [0x00000000eb600000,0x00000000eb708000,0x00000000eb800000)
  to   space 2048K, 0% used [0x00000000eb400000,0x00000000eb400000,0x00000000eb600000)
 ParOldGen       total 129536K, used 4531K [0x00000000c0000000, 0x00000000c7e80000, 0x00000000eab00000)
  object space 129536K, 3% used [0x00000000c0000000,0x00000000c046cfa8,0x00000000c7e80000)
 Metaspace       used 5374K, capacity 6768K, committed 7040K, reserved 1056768K
  class space    used 550K, capacity 616K, committed 640K, reserved 1048576K
}
Event: 1.018 GC heap before
{Heap before GC invocations=13 (full 0):
 PSYoungGen      total 11264K, used 10272K [0x00000000eab00000, 0x00000000eb800000, 0x0000000100000000)
  eden space 9216K, 100% used [0x00000000eab00000,0x00000000eb400000,0x00000000eb400000)
  from space 2048K, 51% used [0x00000000eb600000,0x00000000eb708000,0x00000000eb800000)
  to   space 2048K, 0% used [0x00000000eb400000,0x00000000eb400000,0x00000000eb600000)
 ParOldGen       total 129536K, used 4531K [0x00000000c0000000, 0x00000000c7e80000, 0x00000000eab00000)
  object space 129536K, 3% used [0x00000000c0000000,0x00000000c046cfa8,0x00000000c7e80000)
 Metaspace       used 5411K, capacity 6768K, committed 7040K, reserved 1056768K
  class space    used 550K, capacity 616K, committed 640K, reserved 1048576K
Event: 1.021 GC heap after
Heap after GC invocations=13 (full 0):
 PSYoungGen      total 11264K, used 1664K [0x00000000eab00000, 0x00000000ebd80000, 0x0000000100000000)
  eden space 9216K, 0% used [0x00000000eab00000,0x00000000eab00000,0x00000000eb400000)
  from space 2048K, 81% used [0x00000000eb400000,0x00000000eb5a0000,0x00000000eb600000)
  to   space 2048K, 0% used [0x00000000ebb80000,0x00000000ebb80000,0x00000000ebd80000)
 ParOldGen       total 129536K, used 5448K [0x00000000c0000000, 0x00000000c7e80000, 0x00000000eab00000)
  object space 129536K, 4% used [0x00000000c0000000,0x00000000c05523a8,0x00000000c7e80000)
 Metaspace       used 5411K, capacity 6768K, committed 7040K, reserved 1056768K
  class space    used 550K, capacity 616K, committed 640K, reserved 1048576K
}
Event: 1.152 GC heap before
{Heap before GC invocations=14 (full 0):
 PSYoungGen      total 11264K, used 10783K [0x00000000eab00000, 0x00000000ebd80000, 0x0000000100000000)
  eden space 9216K, 98% used [0x00000000eab00000,0x00000000eb3e7d28,0x00000000eb400000)
  from space 2048K, 81% used [0x00000000eb400000,0x00000000eb5a0000,0x00000000eb600000)
  to   space 2048K, 0% used [0x00000000ebb80000,0x00000000ebb80000,0x00000000ebd80000)
 ParOldGen       total 129536K, used 5448K [0x00000000c0000000, 0x00000000c7e80000, 0x00000000eab00000)
  object space 129536K, 4% used [0x00000000c0000000,0x00000000c05523a8,0x00000000c7e80000)
 Metaspace       used 5431K, capacity 6832K, committed 7040K, reserved 1056768K
  class space    used 550K, capacity 616K, committed 640K, reserved 1048576K
Event: 1.159 GC heap after
Heap after GC invocations=14 (full 0):
 PSYoungGen      total 11264K, used 1803K [0x00000000eab00000, 0x00000000ebd80000, 0x0000000100000000)
  eden space 9216K, 0% used [0x00000000eab00000,0x00000000eab00000,0x00000000eb400000)
  from space 2048K, 88% used [0x00000000ebb80000,0x00000000ebd42c30,0x00000000ebd80000)
  to   space 2048K, 0% used [0x00000000eb400000,0x00000000eb400000,0x00000000eb600000)
 ParOldGen       total 129536K, used 6975K [0x00000000c0000000, 0x00000000c7e80000, 0x00000000eab00000)
  object space 129536K, 5% used [0x00000000c0000000,0x00000000c06cfe78,0x00000000c7e80000)
 Metaspace       used 5431K, capacity 6832K, committed 7040K, reserved 1056768K
  class space    used 550K, capacity 616K, committed 640K, reserved 1048576K
}

Deoptimization events (10 events):
Event: 0.515 Thread 0x000000000269d800 Uncommon trap: reason=class_check action=maybe_recompile pc=0x0000000002bb0620 method=com.android.dx.rop.type.Type.equals(Ljava/lang/Object;)Z @ 8
Event: 0.515 Thread 0x000000000269d800 Uncommon trap: reason=class_check action=maybe_recompile pc=0x0000000002bb0620 method=com.android.dx.rop.type.Type.equals(Ljava/lang/Object;)Z @ 8
Event: 0.516 Thread 0x000000000269d800 Uncommon trap: reason=class_check action=maybe_recompile pc=0x0000000002bb0620 method=com.android.dx.rop.type.Type.equals(Ljava/lang/Object;)Z @ 8
Event: 0.516 Thread 0x000000000269d800 Uncommon trap: reason=class_check action=maybe_recompile pc=0x0000000002bb0620 method=com.android.dx.rop.type.Type.equals(Ljava/lang/Object;)Z @ 8
Event: 0.591 Thread 0x000000000269d800 Uncommon trap: reason=null_check action=make_not_entrant pc=0x0000000002bdea60 method=com.android.dx.rop.type.Type.equals(Ljava/lang/Object;)Z @ 8
Event: 0.892 Thread 0x000000000269d800 Uncommon trap: reason=unloaded action=reinterpret pc=0x0000000002d59048 method=com.android.dx.cf.cst.ConstantPoolParser.parse0(ILjava/util/BitSet;)Lcom/android/dx/rop/cst/Constant; @ 345
Event: 1.007 Thread 0x000000000269d800 Uncommon trap: reason=class_check action=maybe_recompile pc=0x0000000002d4bc5c method=com.android.dx.cf.code.BytecodeArray.parseInstruction(ILcom/android/dx/cf/code/BytecodeArray$Visitor;)I @ 2002
Event: 1.008 Thread 0x000000000269d800 Uncommon trap: reason=class_check action=maybe_recompile pc=0x0000000002d4bc5c method=com.android.dx.cf.code.BytecodeArray.parseInstruction(ILcom/android/dx/cf/code/BytecodeArray$Visitor;)I @ 2002
Event: 1.008 Thread 0x000000000269d800 Uncommon trap: reason=class_check action=maybe_recompile pc=0x0000000002d4bc5c method=com.android.dx.cf.code.BytecodeArray.parseInstruction(ILcom/android/dx/cf/code/BytecodeArray$Visitor;)I @ 2002
Event: 1.008 Thread 0x000000000269d800 Uncommon trap: reason=class_check action=maybe_recompile pc=0x0000000002d4bc5c method=com.android.dx.cf.code.BytecodeArray.parseInstruction(ILcom/android/dx/cf/code/BytecodeArray$Visitor;)I @ 2002

Internal exceptions (10 events):
Event: 0.407 Thread 0x000000000269d800 Exception <a 'java/security/PrivilegedActionException'> (0x00000000eabc42b0) thrown at [D:\re\workspace\8-2-build-windows-amd64-cygwin\jdk8u5\2488\hotspot\src\share\vm\prims\jvm.cpp, line 1248]
Event: 0.410 Thread 0x000000000269d800 Exception <a 'java/security/PrivilegedActionException'> (0x00000000eabdb6f0) thrown at [D:\re\workspace\8-2-build-windows-amd64-cygwin\jdk8u5\2488\hotspot\src\share\vm\prims\jvm.cpp, line 1248]
Event: 0.419 Thread 0x000000000269d800 Exception <a 'java/security/PrivilegedActionException'> (0x00000000eac26480) thrown at [D:\re\workspace\8-2-build-windows-amd64-cygwin\jdk8u5\2488\hotspot\src\share\vm\prims\jvm.cpp, line 1248]
Event: 0.438 Thread 0x000000000269d800 Exception <a 'java/security/PrivilegedActionException'> (0x00000000eaca1a20) thrown at [D:\re\workspace\8-2-build-windows-amd64-cygwin\jdk8u5\2488\hotspot\src\share\vm\prims\jvm.cpp, line 1248]
Event: 0.438 Thread 0x000000000269d800 Exception <a 'java/security/PrivilegedActionException'> (0x00000000eaca6e70) thrown at [D:\re\workspace\8-2-build-windows-amd64-cygwin\jdk8u5\2488\hotspot\src\share\vm\prims\jvm.cpp, line 1248]
Event: 0.451 Thread 0x000000000269d800 Exception <a 'java/security/PrivilegedActionException'> (0x00000000ead1aea0) thrown at [D:\re\workspace\8-2-build-windows-amd64-cygwin\jdk8u5\2488\hotspot\src\share\vm\prims\jvm.cpp, line 1248]
Event: 0.537 Thread 0x000000000269d800 Exception <a 'java/security/PrivilegedActionException'> (0x00000000ead091e0) thrown at [D:\re\workspace\8-2-build-windows-amd64-cygwin\jdk8u5\2488\hotspot\src\share\vm\prims\jvm.cpp, line 1248]
Event: 0.560 Thread 0x000000000269d800 Exception <a 'java/security/PrivilegedActionException'> (0x00000000eadaabd0) thrown at [D:\re\workspace\8-2-build-windows-amd64-cygwin\jdk8u5\2488\hotspot\src\share\vm\prims\jvm.cpp, line 1248]
Event: 0.591 Thread 0x000000000269d800 Implicit null exception at 0x0000000002bde962 to 0x0000000002bdea52
Event: 0.648 Thread 0x000000000269d800 Exception <a 'java/security/PrivilegedActionException'> (0x00000000eac90848) thrown at [D:\re\workspace\8-2-build-windows-amd64-cygwin\jdk8u5\2488\hotspot\src\share\vm\prims\jvm.cpp, line 1248]

Events (10 events):
Event: 1.008 Thread 0x000000000269d800 DEOPT UNPACKING pc=0x00000000028e55af sp=0x000000000279e758 mode 2
Event: 1.008 Thread 0x000000000269d800 Uncommon trap: trap_request=0xffffffde fr.pc=0x0000000002d4bc5c
Event: 1.008 Thread 0x000000000269d800 DEOPT PACKING pc=0x0000000002d4bc5c sp=0x000000000279e7c0
Event: 1.008 Thread 0x000000000269d800 DEOPT UNPACKING pc=0x00000000028e55af sp=0x000000000279e758 mode 2
Event: 1.018 Executing VM operation: ParallelGCFailedAllocation
Event: 1.021 Executing VM operation: ParallelGCFailedAllocation done
Event: 1.127 loading class java/util/zip/ZipFile$ZipEntryIterator
Event: 1.127 loading class java/util/zip/ZipFile$ZipEntryIterator done
Event: 1.152 Executing VM operation: ParallelGCFailedAllocation
Event: 1.160 Executing VM operation: ParallelGCFailedAllocation done


Dynamic libraries:
0x00007ff6a1890000 - 0x00007ff6a18c4000 	C:\Program Files\Java\jdk1.8.0_05\bin\java.exe
0x00007ffbe49a0000 - 0x00007ffbe4b4c000 	C:\Windows\SYSTEM32\ntdll.dll
0x00007ffbe2f50000 - 0x00007ffbe308e000 	C:\Windows\system32\KERNEL32.DLL
0x00007ffbe1ea0000 - 0x00007ffbe1fb5000 	C:\Windows\system32\KERNELBASE.dll
0x00007ffbdfc40000 - 0x00007ffbdfcce000 	C:\Windows\system32\apphelp.dll
0x00007ffbcb0b0000 - 0x00007ffbcb103000 	C:\Windows\AppPatch\AppPatch64\AcGenral.DLL
0x00007ffbe3290000 - 0x00007ffbe333a000 	C:\Windows\system32\msvcrt.dll
0x00007ffbe18c0000 - 0x00007ffbe18ee000 	C:\Windows\SYSTEM32\SspiCli.dll
0x00007ffbe2030000 - 0x00007ffbe2084000 	C:\Windows\system32\SHLWAPI.dll
0x00007ffbe2ad0000 - 0x00007ffbe2c47000 	C:\Windows\system32\USER32.dll
0x00007ffbe30f0000 - 0x00007ffbe3284000 	C:\Windows\system32\ole32.dll
0x00007ffbe3340000 - 0x00007ffbe4858000 	C:\Windows\system32\SHELL32.dll
0x00007ffbe1090000 - 0x00007ffbe10b1000 	C:\Windows\SYSTEM32\USERENV.dll
0x00007ffbe2c70000 - 0x00007ffbe2d1a000 	C:\Windows\system32\ADVAPI32.dll
0x00007ffbdb930000 - 0x00007ffbdb94e000 	C:\Windows\SYSTEM32\MPR.dll
0x00007ffbe2770000 - 0x00007ffbe28b1000 	C:\Windows\system32\RPCRT4.dll
0x00007ffbe2a70000 - 0x00007ffbe2ac9000 	C:\Windows\SYSTEM32\sechost.dll
0x00007ffbe2150000 - 0x00007ffbe2361000 	C:\Windows\SYSTEM32\combase.dll
0x00007ffbe2d20000 - 0x00007ffbe2e71000 	C:\Windows\system32\GDI32.dll
0x00007ffbe1af0000 - 0x00007ffbe1b05000 	C:\Windows\SYSTEM32\profapi.dll
0x00007ffbdfb80000 - 0x00007ffbdfc32000 	C:\Windows\SYSTEM32\SHCORE.dll
0x00007ffbe3090000 - 0x00007ffbe30c6000 	C:\Windows\system32\IMM32.DLL
0x00007ffbe2610000 - 0x00007ffbe2762000 	C:\Windows\system32\MSCTF.dll
0x00007ffbdf360000 - 0x00007ffbdf5db000 	C:\Windows\WinSxS\amd64_microsoft.windows.common-controls_6595b64144ccf1df_6.0.9600.17415_none_6240486fecbd8abb\COMCTL32.dll
0x000000006ef10000 - 0x000000006efe2000 	C:\Program Files\Java\jdk1.8.0_05\jre\bin\msvcr100.dll
0x000000006f650000 - 0x000000006fe7a000 	C:\Program Files\Java\jdk1.8.0_05\jre\bin\server\jvm.dll
0x00007ffbde8c0000 - 0x00007ffbde8c9000 	C:\Windows\SYSTEM32\WSOCK32.dll
0x00007ffbde280000 - 0x00007ffbde2a2000 	C:\Windows\SYSTEM32\WINMM.dll
0x00007ffbe30e0000 - 0x00007ffbe30e7000 	C:\Windows\system32\PSAPI.DLL
0x00007ffbe2090000 - 0x00007ffbe20ea000 	C:\Windows\system32\WS2_32.dll
0x00007ffbde250000 - 0x00007ffbde27a000 	C:\Windows\SYSTEM32\WINMMBASE.dll
0x00007ffbe2020000 - 0x00007ffbe2029000 	C:\Windows\system32\NSI.dll
0x00007ffbe1da0000 - 0x00007ffbe1def000 	C:\Windows\SYSTEM32\cfgmgr32.dll
0x00007ffbe08a0000 - 0x00007ffbe08c8000 	C:\Windows\SYSTEM32\DEVOBJ.dll
0x000000006f640000 - 0x000000006f64f000 	C:\Program Files\Java\jdk1.8.0_05\jre\bin\verify.dll
0x000000006f610000 - 0x000000006f638000 	C:\Program Files\Java\jdk1.8.0_05\jre\bin\java.dll
0x000000006f5f0000 - 0x000000006f606000 	C:\Program Files\Java\jdk1.8.0_05\jre\bin\zip.dll
0x00007ffbd4300000 - 0x00007ffbd4489000 	C:\Windows\SYSTEM32\dbghelp.dll

VM Arguments:
jvm_args: -Xmx1024M -Dfile.encoding=windows-1251 -Duser.country=RU -Duser.language=ru -Duser.variant 
java_command: com.android.dx.command.Main --dex --output C:\Users\ivsmirnov\AndroidStudioProjects\KeyRegistrator\app\build\intermediates\dex\debug C:\Users\ivsmirnov\AndroidStudioProjects\KeyRegistrator\app\build\intermediates\classes\debug C:\Users\ivsmirnov\AndroidStudioProjects\KeyRegistrator\app\build\intermediates\pre-dexed\debug\support-annotations-21.0.3-e989365fc30db70a6bc5da98982abfd81f3b8da9.jar C:\Users\ivsmirnov\AndroidStudioProjects\KeyRegistrator\app\build\intermediates\pre-dexed\debug\internal_impl-21.0.3-438334cc98a0966ffe03b64427a891d2fb22fcfe.jar C:\Users\ivsmirnov\AndroidStudioProjects\KeyRegistrator\app\build\intermediates\pre-dexed\debug\classes-f47f203f0e19c4c2b3a424700b2adc6d73f33a06.jar C:\Users\ivsmirnov\AndroidStudioProjects\KeyRegistrator\app\build\intermediates\pre-dexed\debug\classes-364e2bab1ee64e805b6838089cd22374cd9c851c.jar
java_class_path (initial): D:\Users\ivsmirnov\AppData\Local\Android\sdk\build-tools\21.1.2\lib\dx.jar
Launcher Type: SUN_STANDARD

Environment Variables:
JAVA_HOME=C:\Program Files\Java\jdk1.8.0_05
PATH=C:\ProgramData\Oracle\Java\javapath;C:\Windows\system32;C:\Windows;C:\Windows\System32\Wbem;C:\Windows\System32\WindowsPowerShell\v1.0\;C:\Windows\idmu\common;D:\Users\ivsmirnov\AppData\Local\Android\sdk\platform-tools;C:\Program Files (x86)\HL-Server\Servers\NT_95;C:\Program Files\Microsoft SQL Server\100\DTS\Binn\;C:\Program Files (x86)\Microsoft SQL Server\100\Tools\Binn\VSShell\Common7\IDE\;C:\Program Files (x86)\Microsoft SQL Server\100\Tools\Binn\;C:\Program Files\Microsoft SQL Server\100\Tools\Binn\;C:\Program Files (x86)\Microsoft SQL Server\100\DTS\Binn\;C:\Program Files (x86)\Microsoft Visual Studio 9.0\Common7\IDE\PrivateAssemblies\;C:\Program Files (x86)\Common Files\Acronis\SnapAPI\
USERNAME=ivsmirnov
OS=Windows_NT
PROCESSOR_IDENTIFIER=Intel64 Family 6 Model 42 Stepping 7, GenuineIntel



---------------  S Y S T E M  ---------------

OS: Windows 8.1 , 64 bit Build 9600 

CPU:total 4 (4 cores per cpu, 1 threads per core) family 6 model 42 stepping 7, cmov, cx8, fxsr, mmx, sse, sse2, sse3, ssse3, sse4.1, sse4.2, popcnt, avx, aes, clmul, tsc, tscinvbit

Memory: 4k page, physical 8290572k(1108228k free), swap 8290572k(5140k free)

vm_info: Java HotSpot(TM) 64-Bit Server VM (25.5-b02) for windows-amd64 JRE (1.8.0_05-b13), built on Mar 18 2014 01:08:39 by "java_re" with MS VC++ 10.0 (VS2010)

time: Wed May 20 16:54:34 2015
elapsed time: 1 seconds

