#
# There is insufficient memory for the Java Runtime Environment to continue.
# Native memory allocation (malloc) failed to allocate 131088 bytes for Chunk::new
# Possible reasons:
#   The system is out of physical RAM or swap space
#   In 32 bit mode, the process size limit was hit
# Possible solutions:
#   Reduce memory load on the system
#   Increase physical memory or swap space
#   Check if swap backing store is full
#   Use 64 bit Java on a 64 bit OS
#   Decrease Java heap size (-Xmx/-Xms)
#   Decrease number of Java threads
#   Decrease Java thread stack sizes (-Xss)
#   Set larger code cache with -XX:ReservedCodeCacheSize=
# This output file may be truncated or incomplete.
#
#  Out of Memory Error (allocation.cpp:388), pid=5164, tid=2952
#
# JRE version: Java(TM) SE Runtime Environment (8.0_05-b13) (build 1.8.0_05-b13)
# Java VM: Java HotSpot(TM) 64-Bit Server VM (25.5-b02 mixed mode windows-amd64 compressed oops)
# Failed to write core dump. Minidumps are not enabled by default on client versions of Windows
#

---------------  T H R E A D  ---------------

Current thread (0x000000001483e000):  JavaThread "C2 CompilerThread1" daemon [_thread_in_native, id=2952, stack(0x0000000015e40000,0x0000000015f40000)]

Stack: [0x0000000015e40000,0x0000000015f40000]
Native frames: (J=compiled Java code, j=interpreted, Vv=VM code, C=native code)
V  [jvm.dll+0x308dea]


Current CompileTask:
C2:   2066 1315       4       com.android.dx.ssa.SCCP::simulateStmt (481 bytes)


---------------  P R O C E S S  ---------------

Java Threads: ( => current thread )
  0x000000001484b000 JavaThread "Service Thread" daemon [_thread_blocked, id=7052, stack(0x0000000016040000,0x0000000016140000)]
  0x0000000014844000 JavaThread "C1 CompilerThread2" daemon [_thread_blocked, id=6592, stack(0x0000000015f40000,0x0000000016040000)]
=>0x000000001483e000 JavaThread "C2 CompilerThread1" daemon [_thread_in_native, id=2952, stack(0x0000000015e40000,0x0000000015f40000)]
  0x00000000147ec800 JavaThread "C2 CompilerThread0" daemon [_thread_blocked, id=4972, stack(0x0000000015d40000,0x0000000015e40000)]
  0x00000000147eb800 JavaThread "Attach Listener" daemon [_thread_blocked, id=6248, stack(0x0000000015c40000,0x0000000015d40000)]
  0x00000000147e9800 JavaThread "Signal Dispatcher" daemon [_thread_blocked, id=1744, stack(0x0000000015b40000,0x0000000015c40000)]
  0x0000000002115800 JavaThread "Finalizer" daemon [_thread_blocked, id=5788, stack(0x0000000015a40000,0x0000000015b40000)]
  0x00000000147b7800 JavaThread "Reference Handler" daemon [_thread_blocked, id=7104, stack(0x0000000015940000,0x0000000015a40000)]
  0x0000000002020800 JavaThread "main" [_thread_in_Java, id=1368, stack(0x0000000001f00000,0x0000000002000000)]

Other Threads:
  0x00000000147b6800 VMThread [stack: 0x0000000015840000,0x0000000015940000] [id=5932]
  0x000000001484e000 WatcherThread [stack: 0x0000000016540000,0x0000000016640000] [id=6436]

VM state:not at safepoint (normal execution)

VM Mutex/Monitor currently owned by a thread: None

Heap:
 PSYoungGen      total 10240K, used 7203K [0x00000000eab00000, 0x00000000ebe00000, 0x0000000100000000)
  eden space 8192K, 63% used [0x00000000eab00000,0x00000000eb0104b8,0x00000000eb300000)
  from space 2048K, 98% used [0x00000000eb300000,0x00000000eb4f87b8,0x00000000eb500000)
  to   space 3072K, 0% used [0x00000000ebb00000,0x00000000ebb00000,0x00000000ebe00000)
 ParOldGen       total 129536K, used 2926K [0x00000000c0000000, 0x00000000c7e80000, 0x00000000eab00000)
  object space 129536K, 2% used [0x00000000c0000000,0x00000000c02db8a8,0x00000000c7e80000)
 Metaspace       used 5519K, capacity 6832K, committed 7040K, reserved 1056768K
  class space    used 552K, capacity 616K, committed 640K, reserved 1048576K

Card table byte_map: [0x00000000114e0000,0x00000000116f0000] byte_map_base: 0x0000000010ee0000

Marking Bits: (ParMarkBitMap*) 0x000000006e6313b0
 Begin Bits: [0x0000000011c50000, 0x0000000012c50000)
 End Bits:   [0x0000000012c50000, 0x0000000013c50000)

Polling page: 0x0000000000730000

CodeCache: size=245760Kb used=5613Kb max_used=5626Kb free=240146Kb
 bounds [0x0000000002120000, 0x00000000026b0000, 0x0000000011120000]
 total_blobs=1619 nmethods=1358 adapters=174
 compilation: disabled (not enough contiguous free space left)

Compilation events (10 events):
Event: 2.017 Thread 0x00000000147ec800 nmethod 1353 0x000000000265fbd0 code [0x000000000265fd20, 0x000000000265fdc8]
Event: 2.041 Thread 0x0000000014844000 1354       3       com.android.dx.rop.cst.TypedConstant::getBasicFrameType (8 bytes)
Event: 2.041 Thread 0x0000000014844000 nmethod 1354 0x000000000269e3d0 code [0x000000000269e540, 0x000000000269e7f8]
Event: 2.041 Thread 0x0000000014844000 1355       3       java.lang.Character::forDigit (42 bytes)
Event: 2.042 Thread 0x0000000014844000 nmethod 1355 0x000000000269df50 code [0x000000000269e0c0, 0x000000000269e350]
Event: 2.043 Thread 0x0000000014844000 1356       3       com.android.dx.rop.cst.CstInterfaceMethodRef::toMethodRef (31 bytes)
Event: 2.043 Thread 0x0000000014844000 nmethod 1356 0x000000000269d510 code [0x000000000269d6a0, 0x000000000269dcf8]
Event: 2.043 Thread 0x0000000014844000 1357       3       com.android.dx.cf.code.Simulator$SimVisitor::checkReturnType (64 bytes)
Event: 2.044 Thread 0x0000000014844000 nmethod 1357 0x000000000269c050 code [0x000000000269c280, 0x000000000269cf28]
Event: 2.045 Thread 0x00000000147ec800 1358       4       com.android.dx.ssa.SsaRenamer$BlockRenamer::processResultReg (56 bytes)

GC Heap History (10 events):
Event: 0.995 GC heap before
{Heap before GC invocations=5 (full 0):
 PSYoungGen      total 2560K, used 2528K [0x00000000eab00000, 0x00000000eae00000, 0x0000000100000000)
  eden space 2048K, 100% used [0x00000000eab00000,0x00000000ead00000,0x00000000ead00000)
  from space 512K, 93% used [0x00000000ead80000,0x00000000eadf8020,0x00000000eae00000)
  to   space 512K, 0% used [0x00000000ead00000,0x00000000ead00000,0x00000000ead80000)
 ParOldGen       total 129536K, used 814K [0x00000000c0000000, 0x00000000c7e80000, 0x00000000eab00000)
  object space 129536K, 0% used [0x00000000c0000000,0x00000000c00cba20,0x00000000c7e80000)
 Metaspace       used 4175K, capacity 5648K, committed 6016K, reserved 1056768K
  class space    used 457K, capacity 520K, committed 640K, reserved 1048576K
Event: 0.996 GC heap after
Heap after GC invocations=5 (full 0):
 PSYoungGen      total 2560K, used 496K [0x00000000eab00000, 0x00000000eb200000, 0x0000000100000000)
  eden space 2048K, 0% used [0x00000000eab00000,0x00000000eab00000,0x00000000ead00000)
  from space 512K, 96% used [0x00000000ead00000,0x00000000ead7c010,0x00000000ead80000)
  to   space 1536K, 0% used [0x00000000eb080000,0x00000000eb080000,0x00000000eb200000)
 ParOldGen       total 129536K, used 1424K [0x00000000c0000000, 0x00000000c7e80000, 0x00000000eab00000)
  object space 129536K, 1% used [0x00000000c0000000,0x00000000c0164218,0x00000000c7e80000)
 Metaspace       used 4175K, capacity 5648K, committed 6016K, reserved 1056768K
  class space    used 457K, capacity 520K, committed 640K, reserved 1048576K
}
Event: 1.051 GC heap before
{Heap before GC invocations=6 (full 0):
 PSYoungGen      total 2560K, used 2544K [0x00000000eab00000, 0x00000000eb200000, 0x0000000100000000)
  eden space 2048K, 100% used [0x00000000eab00000,0x00000000ead00000,0x00000000ead00000)
  from space 512K, 96% used [0x00000000ead00000,0x00000000ead7c010,0x00000000ead80000)
  to   space 1536K, 0% used [0x00000000eb080000,0x00000000eb080000,0x00000000eb200000)
 ParOldGen       total 129536K, used 1424K [0x00000000c0000000, 0x00000000c7e80000, 0x00000000eab00000)
  object space 129536K, 1% used [0x00000000c0000000,0x00000000c0164218,0x00000000c7e80000)
 Metaspace       used 4743K, capacity 6160K, committed 6272K, reserved 1056768K
  class space    used 523K, capacity 584K, committed 640K, reserved 1048576K
Event: 1.059 GC heap after
Heap after GC invocations=6 (full 0):
 PSYoungGen      total 5632K, used 1331K [0x00000000eab00000, 0x00000000eb200000, 0x0000000100000000)
  eden space 4096K, 0% used [0x00000000eab00000,0x00000000eab00000,0x00000000eaf00000)
  from space 1536K, 86% used [0x00000000eb080000,0x00000000eb1ccd00,0x00000000eb200000)
  to   space 1536K, 0% used [0x00000000eaf00000,0x00000000eaf00000,0x00000000eb080000)
 ParOldGen       total 129536K, used 1432K [0x00000000c0000000, 0x00000000c7e80000, 0x00000000eab00000)
  object space 129536K, 1% used [0x00000000c0000000,0x00000000c0166218,0x00000000c7e80000)
 Metaspace       used 4743K, capacity 6160K, committed 6272K, reserved 1056768K
  class space    used 523K, capacity 584K, committed 640K, reserved 1048576K
}
Event: 1.336 GC heap before
{Heap before GC invocations=7 (full 0):
 PSYoungGen      total 5632K, used 5427K [0x00000000eab00000, 0x00000000eb200000, 0x0000000100000000)
  eden space 4096K, 100% used [0x00000000eab00000,0x00000000eaf00000,0x00000000eaf00000)
  from space 1536K, 86% used [0x00000000eb080000,0x00000000eb1ccd00,0x00000000eb200000)
  to   space 1536K, 0% used [0x00000000eaf00000,0x00000000eaf00000,0x00000000eb080000)
 ParOldGen       total 129536K, used 1432K [0x00000000c0000000, 0x00000000c7e80000, 0x00000000eab00000)
  object space 129536K, 1% used [0x00000000c0000000,0x00000000c0166218,0x00000000c7e80000)
 Metaspace       used 5200K, capacity 6576K, committed 6784K, reserved 1056768K
  class space    used 547K, capacity 616K, committed 640K, reserved 1048576K
Event: 1.370 GC heap after
Heap after GC invocations=7 (full 0):
 PSYoungGen      total 5632K, used 1459K [0x00000000eab00000, 0x00000000eb700000, 0x0000000100000000)
  eden space 4096K, 0% used [0x00000000eab00000,0x00000000eab00000,0x00000000eaf00000)
  from space 1536K, 95% used [0x00000000eaf00000,0x00000000eb06ce48,0x00000000eb080000)
  to   space 2048K, 0% used [0x00000000eb500000,0x00000000eb500000,0x00000000eb700000)
 ParOldGen       total 129536K, used 1700K [0x00000000c0000000, 0x00000000c7e80000, 0x00000000eab00000)
  object space 129536K, 1% used [0x00000000c0000000,0x00000000c01a9278,0x00000000c7e80000)
 Metaspace       used 5200K, capacity 6576K, committed 6784K, reserved 1056768K
  class space    used 547K, capacity 616K, committed 640K, reserved 1048576K
}
Event: 1.571 GC heap before
{Heap before GC invocations=8 (full 0):
 PSYoungGen      total 5632K, used 5555K [0x00000000eab00000, 0x00000000eb700000, 0x0000000100000000)
  eden space 4096K, 100% used [0x00000000eab00000,0x00000000eaf00000,0x00000000eaf00000)
  from space 1536K, 95% used [0x00000000eaf00000,0x00000000eb06ce48,0x00000000eb080000)
  to   space 2048K, 0% used [0x00000000eb500000,0x00000000eb500000,0x00000000eb700000)
 ParOldGen       total 129536K, used 1700K [0x00000000c0000000, 0x00000000c7e80000, 0x00000000eab00000)
  object space 129536K, 1% used [0x00000000c0000000,0x00000000c01a9278,0x00000000c7e80000)
 Metaspace       used 5371K, capacity 6704K, committed 6784K, reserved 1056768K
  class space    used 551K, capacity 616K, committed 640K, reserved 1048576K
Event: 1.596 GC heap after
Heap after GC invocations=8 (full 0):
 PSYoungGen      total 10240K, used 1728K [0x00000000eab00000, 0x00000000eb700000, 0x0000000100000000)
  eden space 8192K, 0% used [0x00000000eab00000,0x00000000eab00000,0x00000000eb300000)
  from space 2048K, 84% used [0x00000000eb500000,0x00000000eb6b0018,0x00000000eb700000)
  to   space 2048K, 0% used [0x00000000eb300000,0x00000000eb300000,0x00000000eb500000)
 ParOldGen       total 129536K, used 1856K [0x00000000c0000000, 0x00000000c7e80000, 0x00000000eab00000)
  object space 129536K, 1% used [0x00000000c0000000,0x00000000c01d00a8,0x00000000c7e80000)
 Metaspace       used 5371K, capacity 6704K, committed 6784K, reserved 1056768K
  class space    used 551K, capacity 616K, committed 640K, reserved 1048576K
}
Event: 1.893 GC heap before
{Heap before GC invocations=9 (full 0):
 PSYoungGen      total 10240K, used 9920K [0x00000000eab00000, 0x00000000eb700000, 0x0000000100000000)
  eden space 8192K, 100% used [0x00000000eab00000,0x00000000eb300000,0x00000000eb300000)
  from space 2048K, 84% used [0x00000000eb500000,0x00000000eb6b0018,0x00000000eb700000)
  to   space 2048K, 0% used [0x00000000eb300000,0x00000000eb300000,0x00000000eb500000)
 ParOldGen       total 129536K, used 1856K [0x00000000c0000000, 0x00000000c7e80000, 0x00000000eab00000)
  object space 129536K, 1% used [0x00000000c0000000,0x00000000c01d00a8,0x00000000c7e80000)
 Metaspace       used 5479K, capacity 6832K, committed 7040K, reserved 1056768K
  class space    used 551K, capacity 616K, committed 640K, reserved 1048576K
Event: 1.919 GC heap after
Heap after GC invocations=9 (full 0):
 PSYoungGen      total 10240K, used 2017K [0x00000000eab00000, 0x00000000ebe00000, 0x0000000100000000)
  eden space 8192K, 0% used [0x00000000eab00000,0x00000000eab00000,0x00000000eb300000)
  from space 2048K, 98% used [0x00000000eb300000,0x00000000eb4f87b8,0x00000000eb500000)
  to   space 3072K, 0% used [0x00000000ebb00000,0x00000000ebb00000,0x00000000ebe00000)
 ParOldGen       total 129536K, used 2926K [0x00000000c0000000, 0x00000000c7e80000, 0x00000000eab00000)
  object space 129536K, 2% used [0x00000000c0000000,0x00000000c02db8a8,0x00000000c7e80000)
 Metaspace       used 5479K, capacity 6832K, committed 7040K, reserved 1056768K
  class space    used 551K, capacity 616K, committed 640K, reserved 1048576K
}

Deoptimization events (10 events):
Event: 1.333 Thread 0x0000000002020800 Uncommon trap: reason=class_check action=maybe_recompile pc=0x00000000023a62b0 method=com.android.dx.ssa.NormalSsaInsn.accept(Lcom/android/dx/ssa/SsaInsn$Visitor;)V @ 9
Event: 1.334 Thread 0x0000000002020800 Uncommon trap: reason=class_check action=maybe_recompile pc=0x00000000023a62b0 method=com.android.dx.ssa.NormalSsaInsn.accept(Lcom/android/dx/ssa/SsaInsn$Visitor;)V @ 9
Event: 1.478 Thread 0x0000000002020800 Uncommon trap: reason=null_check action=make_not_entrant pc=0x000000000249e2b8 method=com.android.dx.ssa.SsaRenamer.getLocalForNewReg(I)Lcom/android/dx/rop/code/LocalItem; @ 19
Event: 1.840 Thread 0x0000000002020800 Uncommon trap: reason=class_check action=maybe_recompile pc=0x00000000024e7688 method=com.android.dx.rop.type.Type.equals(Ljava/lang/Object;)Z @ 8
Event: 1.840 Thread 0x0000000002020800 Uncommon trap: reason=class_check action=maybe_recompile pc=0x00000000024e7688 method=com.android.dx.rop.type.Type.equals(Ljava/lang/Object;)Z @ 8
Event: 1.841 Thread 0x0000000002020800 Uncommon trap: reason=class_check action=maybe_recompile pc=0x00000000024e7688 method=com.android.dx.rop.type.Type.equals(Ljava/lang/Object;)Z @ 8
Event: 1.841 Thread 0x0000000002020800 Uncommon trap: reason=class_check action=maybe_recompile pc=0x00000000024e7688 method=com.android.dx.rop.type.Type.equals(Ljava/lang/Object;)Z @ 8
Event: 1.843 Thread 0x0000000002020800 Uncommon trap: reason=class_check action=maybe_recompile pc=0x00000000025472ec method=com.android.dx.rop.type.Type.equals(Ljava/lang/Object;)Z @ 8
Event: 1.843 Thread 0x0000000002020800 Uncommon trap: reason=class_check action=maybe_recompile pc=0x00000000024d6bf0 method=com.android.dx.rop.type.Type.equals(Ljava/lang/Object;)Z @ 8
Event: 1.855 Thread 0x0000000002020800 Uncommon trap: reason=null_check action=make_not_entrant pc=0x00000000024dbe34 method=com.android.dx.ssa.SsaRenamer.getLocalForNewReg(I)Lcom/android/dx/rop/code/LocalItem; @ 19

Internal exceptions (10 events):
Event: 1.267 Thread 0x0000000002020800 Exception <a 'java/security/PrivilegedActionException'> (0x00000000eadf8428) thrown at [D:\re\workspace\8-2-build-windows-amd64-cygwin\jdk8u5\2488\hotspot\src\share\vm\prims\jvm.cpp, line 1248]
Event: 1.267 Thread 0x0000000002020800 Exception <a 'java/security/PrivilegedActionException'> (0x00000000eadfded0) thrown at [D:\re\workspace\8-2-build-windows-amd64-cygwin\jdk8u5\2488\hotspot\src\share\vm\prims\jvm.cpp, line 1248]
Event: 1.268 Thread 0x0000000002020800 Exception <a 'java/security/PrivilegedActionException'> (0x00000000eae03720) thrown at [D:\re\workspace\8-2-build-windows-amd64-cygwin\jdk8u5\2488\hotspot\src\share\vm\prims\jvm.cpp, line 1248]
Event: 1.271 Thread 0x0000000002020800 Exception <a 'java/security/PrivilegedActionException'> (0x00000000eae1c1f0) thrown at [D:\re\workspace\8-2-build-windows-amd64-cygwin\jdk8u5\2488\hotspot\src\share\vm\prims\jvm.cpp, line 1248]
Event: 1.296 Thread 0x0000000002020800 Exception <a 'java/security/PrivilegedActionException'> (0x00000000eae7b690) thrown at [D:\re\workspace\8-2-build-windows-amd64-cygwin\jdk8u5\2488\hotspot\src\share\vm\prims\jvm.cpp, line 1248]
Event: 1.436 Thread 0x0000000002020800 Exception <a 'java/security/PrivilegedActionException'> (0x00000000eac92718) thrown at [D:\re\workspace\8-2-build-windows-amd64-cygwin\jdk8u5\2488\hotspot\src\share\vm\prims\jvm.cpp, line 1248]
Event: 1.437 Thread 0x0000000002020800 Exception <a 'java/security/PrivilegedActionException'> (0x00000000eac98840) thrown at [D:\re\workspace\8-2-build-windows-amd64-cygwin\jdk8u5\2488\hotspot\src\share\vm\prims\jvm.cpp, line 1248]
Event: 1.478 Thread 0x0000000002020800 Implicit null exception at 0x000000000249c02d to 0x000000000249e291
Event: 1.525 Thread 0x0000000002020800 Exception <a 'java/security/PrivilegedActionException'> (0x00000000eade85d0) thrown at [D:\re\workspace\8-2-build-windows-amd64-cygwin\jdk8u5\2488\hotspot\src\share\vm\prims\jvm.cpp, line 1248]
Event: 1.855 Thread 0x0000000002020800 Implicit null exception at 0x00000000024d965d to 0x00000000024dbe11

Events (10 events):
Event: 1.843 Thread 0x0000000002020800 DEOPT PACKING pc=0x00000000025472ec sp=0x0000000001ffe840
Event: 1.843 Thread 0x0000000002020800 DEOPT UNPACKING pc=0x00000000021655af sp=0x0000000001ffe778 mode 2
Event: 1.843 Thread 0x0000000002020800 Uncommon trap: trap_request=0xffffffde fr.pc=0x00000000024d6bf0
Event: 1.843 Thread 0x0000000002020800 DEOPT PACKING pc=0x00000000024d6bf0 sp=0x0000000001ffe870
Event: 1.843 Thread 0x0000000002020800 DEOPT UNPACKING pc=0x00000000021655af sp=0x0000000001ffe5f8 mode 2
Event: 1.855 Thread 0x0000000002020800 Uncommon trap: trap_request=0xfffffff4 fr.pc=0x00000000024dbe34
Event: 1.855 Thread 0x0000000002020800 DEOPT PACKING pc=0x00000000024dbe34 sp=0x0000000001ffe770
Event: 1.855 Thread 0x0000000002020800 DEOPT UNPACKING pc=0x00000000021655af sp=0x0000000001ffe608 mode 2
Event: 1.893 Executing VM operation: ParallelGCFailedAllocation
Event: 1.919 Executing VM operation: ParallelGCFailedAllocation done


Dynamic libraries:
0x00007ff7f1470000 - 0x00007ff7f14a4000 	C:\Program Files\Java\jdk1.8.0_05\bin\java.exe
0x00007ffdc8320000 - 0x00007ffdc84cc000 	C:\Windows\SYSTEM32\ntdll.dll
0x00007ffdc7430000 - 0x00007ffdc756e000 	C:\Windows\system32\KERNEL32.DLL
0x00007ffdc5540000 - 0x00007ffdc5655000 	C:\Windows\system32\KERNELBASE.dll
0x00007ffdc36a0000 - 0x00007ffdc372e000 	C:\Windows\system32\apphelp.dll
0x00007ffdb7b30000 - 0x00007ffdb7b83000 	C:\Windows\AppPatch\AppPatch64\AcGenral.DLL
0x00007ffdc8000000 - 0x00007ffdc80aa000 	C:\Windows\system32\msvcrt.dll
0x00007ffdc5240000 - 0x00007ffdc526e000 	C:\Windows\SYSTEM32\SspiCli.dll
0x00007ffdc7300000 - 0x00007ffdc7354000 	C:\Windows\system32\SHLWAPI.dll
0x00007ffdc7dc0000 - 0x00007ffdc7f37000 	C:\Windows\system32\USER32.dll
0x00007ffdc59a0000 - 0x00007ffdc5b34000 	C:\Windows\system32\ole32.dll
0x00007ffdc5b50000 - 0x00007ffdc7068000 	C:\Windows\system32\SHELL32.dll
0x00007ffdc4a10000 - 0x00007ffdc4a31000 	C:\Windows\SYSTEM32\USERENV.dll
0x00007ffdc7240000 - 0x00007ffdc72ea000 	C:\Windows\system32\ADVAPI32.dll
0x00007ffdbf1c0000 - 0x00007ffdbf1de000 	C:\Windows\SYSTEM32\MPR.dll
0x00007ffdc7720000 - 0x00007ffdc7861000 	C:\Windows\system32\RPCRT4.dll
0x00007ffdc82c0000 - 0x00007ffdc8319000 	C:\Windows\SYSTEM32\sechost.dll
0x00007ffdc7a80000 - 0x00007ffdc7c91000 	C:\Windows\SYSTEM32\combase.dll
0x00007ffdc70d0000 - 0x00007ffdc7221000 	C:\Windows\system32\GDI32.dll
0x00007ffdc5470000 - 0x00007ffdc5485000 	C:\Windows\SYSTEM32\profapi.dll
0x00007ffdc3aa0000 - 0x00007ffdc3b52000 	C:\Windows\SYSTEM32\SHCORE.dll
0x00007ffdc8120000 - 0x00007ffdc8156000 	C:\Windows\system32\IMM32.DLL
0x00007ffdc8160000 - 0x00007ffdc82b2000 	C:\Windows\system32\MSCTF.dll
0x00007ffdc33c0000 - 0x00007ffdc363b000 	C:\Windows\WinSxS\amd64_microsoft.windows.common-controls_6595b64144ccf1df_6.0.9600.17415_none_6240486fecbd8abb\COMCTL32.dll
0x000000006d780000 - 0x000000006d852000 	C:\Program Files\Java\jdk1.8.0_05\jre\bin\msvcr100.dll
0x000000006de80000 - 0x000000006e6aa000 	C:\Program Files\Java\jdk1.8.0_05\jre\bin\server\jvm.dll
0x00007ffdbb310000 - 0x00007ffdbb319000 	C:\Windows\SYSTEM32\WSOCK32.dll
0x00007ffdc0f30000 - 0x00007ffdc0f52000 	C:\Windows\SYSTEM32\WINMM.dll
0x00007ffdc7890000 - 0x00007ffdc7897000 	C:\Windows\system32\PSAPI.DLL
0x00007ffdc7d60000 - 0x00007ffdc7dba000 	C:\Windows\system32\WS2_32.dll
0x00007ffdc0f00000 - 0x00007ffdc0f2a000 	C:\Windows\SYSTEM32\WINMMBASE.dll
0x00007ffdc72f0000 - 0x00007ffdc72f9000 	C:\Windows\system32\NSI.dll
0x00007ffdc5770000 - 0x00007ffdc57bf000 	C:\Windows\SYSTEM32\cfgmgr32.dll
0x00007ffdc4260000 - 0x00007ffdc4288000 	C:\Windows\SYSTEM32\DEVOBJ.dll
0x000000006ef50000 - 0x000000006ef5f000 	C:\Program Files\Java\jdk1.8.0_05\jre\bin\verify.dll
0x000000006de50000 - 0x000000006de78000 	C:\Program Files\Java\jdk1.8.0_05\jre\bin\java.dll
0x000000006de30000 - 0x000000006de46000 	C:\Program Files\Java\jdk1.8.0_05\jre\bin\zip.dll

VM Arguments:
jvm_args: -Xmx1024M -Dfile.encoding=windows-1251 -Duser.country=RU -Duser.language=ru -Duser.variant 
java_command: com.android.dx.command.Main --dex --output C:\Users\ivsmirnov\AndroidStudioProjects\KeyRegistrator\app\build\intermediates\pre-dexed\debug\classes-fe9f25a562aabfcda31750be8412a90208971655.jar C:\Users\ivsmirnov\AndroidStudioProjects\KeyRegistrator\app\build\intermediates\exploded-aar\com.android.support\support-v4\22.2.0\classes.jar
java_class_path (initial): D:\Users\ivsmirnov\AppData\Local\Android\sdk\build-tools\21.1.2\lib\dx.jar
Launcher Type: SUN_STANDARD

Environment Variables:
JAVA_HOME=C:\Program Files\Java\jdk1.8.0_05
PATH=C:\ProgramData\Oracle\Java\javapath;C:\Windows\system32;C:\Windows;C:\Windows\System32\Wbem;C:\Windows\System32\WindowsPowerShell\v1.0\;C:\Windows\idmu\common;D:\Users\ivsmirnov\AppData\Local\Android\sdk\platform-tools;C:\Program Files (x86)\HL-Server\Servers\NT_95;C:\Program Files\Microsoft SQL Server\100\DTS\Binn\;C:\Program Files (x86)\Microsoft SQL Server\100\Tools\Binn\VSShell\Common7\IDE\;C:\Program Files (x86)\Microsoft SQL Server\100\Tools\Binn\;C:\Program Files\Microsoft SQL Server\100\Tools\Binn\;C:\Program Files (x86)\Microsoft SQL Server\100\DTS\Binn\;C:\Program Files (x86)\Microsoft Visual Studio 9.0\Common7\IDE\PrivateAssemblies\;C:\Program Files (x86)\Common Files\Acronis\SnapAPI\
USERNAME=ivsmirnov
OS=Windows_NT
PROCESSOR_IDENTIFIER=Intel64 Family 6 Model 42 Stepping 7, GenuineIntel



---------------  S Y S T E M  ---------------

OS: Windows 8.1 , 64 bit Build 9600 

CPU:total 4 (4 cores per cpu, 1 threads per core) family 6 model 42 stepping 7, cmov, cx8, fxsr, mmx, sse, sse2, sse3, ssse3, sse4.1, sse4.2, popcnt, avx, aes, clmul, tsc, tscinvbit

Memory: 4k page, physical 8290572k(1664056k free), swap 8290572k(5104k free)

vm_info: Java HotSpot(TM) 64-Bit Server VM (25.5-b02) for windows-amd64 JRE (1.8.0_05-b13), built on Mar 18 2014 01:08:39 by "java_re" with MS VC++ 10.0 (VS2010)

time: Thu Jun 18 17:00:27 2015
elapsed time: 2 seconds

