#
# There is insufficient memory for the Java Runtime Environment to continue.
# Native memory allocation (malloc) failed to allocate 311536 bytes for Chunk::new
# Possible reasons:
#   The system is out of physical RAM or swap space
#   In 32 bit mode, the process size limit was hit
# Possible solutions:
#   Reduce memory load on the system
#   Increase physical memory or swap space
#   Check if swap backing store is full
#   Use 64 bit Java on a 64 bit OS
#   Decrease Java heap size (-Xmx/-Xms)
#   Decrease number of Java threads
#   Decrease Java thread stack sizes (-Xss)
#   Set larger code cache with -XX:ReservedCodeCacheSize=
# This output file may be truncated or incomplete.
#
#  Out of Memory Error (allocation.cpp:388), pid=6084, tid=7348
#
# JRE version: Java(TM) SE Runtime Environment (8.0_05-b13) (build 1.8.0_05-b13)
# Java VM: Java HotSpot(TM) 64-Bit Server VM (25.5-b02 mixed mode windows-amd64 compressed oops)
# Failed to write core dump. Minidumps are not enabled by default on client versions of Windows
#

---------------  T H R E A D  ---------------

Current thread (0x0000000014f6c800):  JavaThread "C2 CompilerThread0" daemon [_thread_in_native, id=7348, stack(0x00000000164d0000,0x00000000165d0000)]

Stack: [0x00000000164d0000,0x00000000165d0000]
Native frames: (J=compiled Java code, j=interpreted, Vv=VM code, C=native code)
V  [jvm.dll+0x308dea]


Current CompileTask:
C2:    566  828   !   4       com.android.dx.rop.code.RegisterSpec::intern (70 bytes)


---------------  P R O C E S S  ---------------

Java Threads: ( => current thread )
  0x0000000016809800 JavaThread "Service Thread" daemon [_thread_blocked, id=404, stack(0x0000000016bd0000,0x0000000016cd0000)]
  0x0000000014f7c800 JavaThread "C1 CompilerThread2" daemon [_thread_blocked, id=5288, stack(0x00000000166d0000,0x00000000167d0000)]
  0x0000000014f6e800 JavaThread "C2 CompilerThread1" daemon [_thread_blocked, id=6236, stack(0x00000000165d0000,0x00000000166d0000)]
=>0x0000000014f6c800 JavaThread "C2 CompilerThread0" daemon [_thread_in_native, id=7348, stack(0x00000000164d0000,0x00000000165d0000)]
  0x0000000014f6b000 JavaThread "Attach Listener" daemon [_thread_blocked, id=7084, stack(0x00000000163d0000,0x00000000164d0000)]
  0x0000000014f69000 JavaThread "Signal Dispatcher" daemon [_thread_blocked, id=7608, stack(0x00000000162d0000,0x00000000163d0000)]
  0x0000000002895000 JavaThread "Finalizer" daemon [_thread_blocked, id=5332, stack(0x00000000161d0000,0x00000000162d0000)]
  0x000000000288a000 JavaThread "Reference Handler" daemon [_thread_blocked, id=4972, stack(0x00000000160d0000,0x00000000161d0000)]
  0x000000000259d800 JavaThread "main" [_thread_in_Java, id=276, stack(0x00000000026a0000,0x00000000027a0000)]

Other Threads:
  0x0000000014f37000 VMThread [stack: 0x0000000015fd0000,0x00000000160d0000] [id=8096]
  0x000000001680e000 WatcherThread [stack: 0x0000000016cd0000,0x0000000016dd0000] [id=4488]

VM state:not at safepoint (normal execution)

VM Mutex/Monitor currently owned by a thread: None

Heap:
 PSYoungGen      total 4608K, used 1867K [0x00000000eab00000, 0x00000000eb200000, 0x0000000100000000)
  eden space 3584K, 23% used [0x00000000eab00000,0x00000000eabd2da8,0x00000000eae80000)
  from space 1024K, 100% used [0x00000000eb000000,0x00000000eb100000,0x00000000eb100000)
  to   space 1536K, 0% used [0x00000000eae80000,0x00000000eae80000,0x00000000eb000000)
 ParOldGen       total 129536K, used 2670K [0x00000000c0000000, 0x00000000c7e80000, 0x00000000eab00000)
  object space 129536K, 2% used [0x00000000c0000000,0x00000000c029ba80,0x00000000c7e80000)
 Metaspace       used 5250K, capacity 6640K, committed 6784K, reserved 1056768K
  class space    used 549K, capacity 616K, committed 640K, reserved 1048576K

Card table byte_map: [0x0000000011c60000,0x0000000011e70000] byte_map_base: 0x0000000011660000

Marking Bits: (ParMarkBitMap*) 0x000000005c3b13b0
 Begin Bits: [0x00000000123d0000, 0x00000000133d0000)
 End Bits:   [0x00000000133d0000, 0x00000000143d0000)

Polling page: 0x0000000000d80000

CodeCache: size=245760Kb used=3237Kb max_used=3250Kb free=242522Kb
 bounds [0x00000000028a0000, 0x0000000002bd0000, 0x00000000118a0000]
 total_blobs=1094 nmethods=832 adapters=174
 compilation: disabled (not enough contiguous free space left)

Compilation events (10 events):
Event: 0.511 Thread 0x0000000014f7c800  847       3       com.android.dx.ssa.back.LivenessAnalyzer::run (231 bytes)
Event: 0.512 Thread 0x0000000014f7c800 nmethod 847 0x0000000002bc8550 code [0x0000000002bc8860, 0x0000000002bc9e68]
Event: 0.512 Thread 0x0000000014f7c800  850       3       com.android.dx.ssa.SsaBasicBlock::getRopLabelSuccessorList (57 bytes)
Event: 0.512 Thread 0x0000000014f7c800 nmethod 850 0x0000000002bca990 code [0x0000000002bcab80, 0x0000000002bcb628]
Event: 0.512 Thread 0x0000000014f7c800  816       3       com.android.dx.util.BitIntSet::iterator (9 bytes)
Event: 0.513 Thread 0x0000000014f7c800 nmethod 816 0x0000000002bb3c50 code [0x0000000002bb3dc0, 0x0000000002bb4088]
Event: 0.513 Thread 0x0000000014f7c800  760       3       com.android.dx.ssa.Dominators::getPreds (17 bytes)
Event: 0.513 Thread 0x0000000014f7c800 nmethod 760 0x0000000002bcbc90 code [0x0000000002bcbe00, 0x0000000002bcc0d0]
Event: 0.513 Thread 0x0000000014f7c800  849       3       com.android.dx.ssa.back.SsaToRop::convertBasicBlock (126 bytes)
Event: 0.514 Thread 0x0000000014f7c800 


GC Heap History (10 events):
Event: 0.237 GC heap before
{Heap before GC invocations=5 (full 0):
 PSYoungGen      total 1536K, used 1536K [0x00000000eab00000, 0x00000000ead00000, 0x0000000100000000)
  eden space 1024K, 100% used [0x00000000eab00000,0x00000000eac00000,0x00000000eac00000)
  from space 512K, 100% used [0x00000000eac80000,0x00000000ead00000,0x00000000ead00000)
  to   space 512K, 0% used [0x00000000eac00000,0x00000000eac00000,0x00000000eac80000)
 ParOldGen       total 129536K, used 440K [0x00000000c0000000, 0x00000000c7e80000, 0x00000000eab00000)
  object space 129536K, 0% used [0x00000000c0000000,0x00000000c006e1f0,0x00000000c7e80000)
 Metaspace       used 3572K, capacity 5168K, committed 5376K, reserved 1056768K
  class space    used 405K, capacity 488K, committed 512K, reserved 1048576K
Event: 0.238 GC heap after
Heap after GC invocations=5 (full 0):
 PSYoungGen      total 1536K, used 512K [0x00000000eab00000, 0x00000000eaf00000, 0x0000000100000000)
  eden space 1024K, 0% used [0x00000000eab00000,0x00000000eab00000,0x00000000eac00000)
  from space 512K, 100% used [0x00000000eac00000,0x00000000eac80000,0x00000000eac80000)
  to   space 1024K, 0% used [0x00000000eae00000,0x00000000eae00000,0x00000000eaf00000)
 ParOldGen       total 129536K, used 714K [0x00000000c0000000, 0x00000000c7e80000, 0x00000000eab00000)
  object space 129536K, 0% used [0x00000000c0000000,0x00000000c00b2b48,0x00000000c7e80000)
 Metaspace       used 3572K, capacity 5168K, committed 5376K, reserved 1056768K
  class space    used 405K, capacity 488K, committed 512K, reserved 1048576K
}
Event: 0.263 GC heap before
{Heap before GC invocations=6 (full 0):
 PSYoungGen      total 1536K, used 1536K [0x00000000eab00000, 0x00000000eaf00000, 0x0000000100000000)
  eden space 1024K, 100% used [0x00000000eab00000,0x00000000eac00000,0x00000000eac00000)
  from space 512K, 100% used [0x00000000eac00000,0x00000000eac80000,0x00000000eac80000)
  to   space 1024K, 0% used [0x00000000eae00000,0x00000000eae00000,0x00000000eaf00000)
 ParOldGen       total 129536K, used 714K [0x00000000c0000000, 0x00000000c7e80000, 0x00000000eab00000)
  object space 129536K, 0% used [0x00000000c0000000,0x00000000c00b2b48,0x00000000c7e80000)
 Metaspace       used 3869K, capacity 5456K, committed 5760K, reserved 1056768K
  class space    used 438K, capacity 520K, committed 640K, reserved 1048576K
Event: 0.264 GC heap after
Heap after GC invocations=6 (full 0):
 PSYoungGen      total 3072K, used 891K [0x00000000eab00000, 0x00000000eaf00000, 0x0000000100000000)
  eden space 2048K, 0% used [0x00000000eab00000,0x00000000eab00000,0x00000000ead00000)
  from space 1024K, 87% used [0x00000000eae00000,0x00000000eaeded98,0x00000000eaf00000)
  to   space 1024K, 0% used [0x00000000ead00000,0x00000000ead00000,0x00000000eae00000)
 ParOldGen       total 129536K, used 722K [0x00000000c0000000, 0x00000000c7e80000, 0x00000000eab00000)
  object space 129536K, 0% used [0x00000000c0000000,0x00000000c00b4b48,0x00000000c7e80000)
 Metaspace       used 3869K, capacity 5456K, committed 5760K, reserved 1056768K
  class space    used 438K, capacity 520K, committed 640K, reserved 1048576K
}
Event: 0.315 GC heap before
{Heap before GC invocations=7 (full 0):
 PSYoungGen      total 3072K, used 2939K [0x00000000eab00000, 0x00000000eaf00000, 0x0000000100000000)
  eden space 2048K, 100% used [0x00000000eab00000,0x00000000ead00000,0x00000000ead00000)
  from space 1024K, 87% used [0x00000000eae00000,0x00000000eaeded98,0x00000000eaf00000)
  to   space 1024K, 0% used [0x00000000ead00000,0x00000000ead00000,0x00000000eae00000)
 ParOldGen       total 129536K, used 722K [0x00000000c0000000, 0x00000000c7e80000, 0x00000000eab00000)
  object space 129536K, 0% used [0x00000000c0000000,0x00000000c00b4b48,0x00000000c7e80000)
 Metaspace       used 4561K, capacity 6032K, committed 6272K, reserved 1056768K
  class space    used 512K, capacity 584K, committed 640K, reserved 1048576K
Event: 0.316 GC heap after
Heap after GC invocations=7 (full 0):
 PSYoungGen      total 3072K, used 797K [0x00000000eab00000, 0x00000000eb100000, 0x0000000100000000)
  eden space 2048K, 0% used [0x00000000eab00000,0x00000000eab00000,0x00000000ead00000)
  from space 1024K, 77% used [0x00000000ead00000,0x00000000eadc7618,0x00000000eae00000)
  to   space 1024K, 0% used [0x00000000eb000000,0x00000000eb000000,0x00000000eb100000)
 ParOldGen       total 129536K, used 1142K [0x00000000c0000000, 0x00000000c7e80000, 0x00000000eab00000)
  object space 129536K, 0% used [0x00000000c0000000,0x00000000c011dbe0,0x00000000c7e80000)
 Metaspace       used 4561K, capacity 6032K, committed 6272K, reserved 1056768K
  class space    used 512K, capacity 584K, committed 640K, reserved 1048576K
}
Event: 0.379 GC heap before
{Heap before GC invocations=8 (full 0):
 PSYoungGen      total 3072K, used 2845K [0x00000000eab00000, 0x00000000eb100000, 0x0000000100000000)
  eden space 2048K, 100% used [0x00000000eab00000,0x00000000ead00000,0x00000000ead00000)
  from space 1024K, 77% used [0x00000000ead00000,0x00000000eadc7618,0x00000000eae00000)
  to   space 1024K, 0% used [0x00000000eb000000,0x00000000eb000000,0x00000000eb100000)
 ParOldGen       total 129536K, used 1142K [0x00000000c0000000, 0x00000000c7e80000, 0x00000000eab00000)
  object space 129536K, 0% used [0x00000000c0000000,0x00000000c011dbe0,0x00000000c7e80000)
 Metaspace       used 4894K, capacity 6320K, committed 6528K, reserved 1056768K
  class space    used 538K, capacity 616K, committed 640K, reserved 1048576K
Event: 0.381 GC heap after
Heap after GC invocations=8 (full 0):
 PSYoungGen      total 4608K, used 992K [0x00000000eab00000, 0x00000000eb200000, 0x0000000100000000)
  eden space 3584K, 0% used [0x00000000eab00000,0x00000000eab00000,0x00000000eae80000)
  from space 1024K, 96% used [0x00000000eb000000,0x00000000eb0f8018,0x00000000eb100000)
  to   space 1536K, 0% used [0x00000000eae80000,0x00000000eae80000,0x00000000eb000000)
 ParOldGen       total 129536K, used 1408K [0x00000000c0000000, 0x00000000c7e80000, 0x00000000eab00000)
  object space 129536K, 1% used [0x00000000c0000000,0x00000000c01602c8,0x00000000c7e80000)
 Metaspace       used 4894K, capacity 6320K, committed 6528K, reserved 1056768K
  class space    used 538K, capacity 616K, committed 640K, reserved 1048576K
}
Event: 0.485 GC heap before
{Heap before GC invocations=9 (full 0):
 PSYoungGen      total 4608K, used 4576K [0x00000000eab00000, 0x00000000eb200000, 0x0000000100000000)
  eden space 3584K, 100% used [0x00000000eab00000,0x00000000eae80000,0x00000000eae80000)
  from space 1024K, 96% used [0x00000000eb000000,0x00000000eb0f8018,0x00000000eb100000)
  to   space 1536K, 0% used [0x00000000eae80000,0x00000000eae80000,0x00000000eb000000)
 ParOldGen       total 129536K, used 1408K [0x00000000c0000000, 0x00000000c7e80000, 0x00000000eab00000)
  object space 129536K, 1% used [0x00000000c0000000,0x00000000c01602c8,0x00000000c7e80000)
 Metaspace       used 5150K, capacity 6576K, committed 6784K, reserved 1056768K
  class space    used 545K, capacity 616K, committed 640K, reserved 1048576K
Event: 0.487 GC heap after
Heap after GC invocations=9 (full 0):
 PSYoungGen      total 5120K, used 1504K [0x00000000eab00000, 0x00000000eb200000, 0x0000000100000000)
  eden space 3584K, 0% used [0x00000000eab00000,0x00000000eab00000,0x00000000eae80000)
  from space 1536K, 97% used [0x00000000eae80000,0x00000000eaff8018,0x00000000eb000000)
  to   space 1024K, 0% used [0x00000000eb000000,0x00000000eb000000,0x00000000eb100000)
 ParOldGen       total 129536K, used 1536K [0x00000000c0000000, 0x00000000c7e80000, 0x00000000eab00000)
  object space 129536K, 1% used [0x00000000c0000000,0x00000000c01802c8,0x00000000c7e80000)
 Metaspace       used 5150K, capacity 6576K, committed 6784K, reserved 1056768K
  class space    used 545K, capacity 616K, committed 640K, reserved 1048576K
}

Deoptimization events (5 events):
Event: 0.452 Thread 0x000000000259d800 Uncommon trap: reason=class_check action=maybe_recompile pc=0x0000000002b1f9b0 method=com.android.dx.ssa.NormalSsaInsn.accept(Lcom/android/dx/ssa/SsaInsn$Visitor;)V @ 9
Event: 0.452 Thread 0x000000000259d800 Uncommon trap: reason=class_check action=maybe_recompile pc=0x0000000002b1f9b0 method=com.android.dx.ssa.NormalSsaInsn.accept(Lcom/android/dx/ssa/SsaInsn$Visitor;)V @ 9
Event: 0.452 Thread 0x000000000259d800 Uncommon trap: reason=class_check action=maybe_recompile pc=0x0000000002b1f9b0 method=com.android.dx.ssa.NormalSsaInsn.accept(Lcom/android/dx/ssa/SsaInsn$Visitor;)V @ 9
Event: 0.452 Thread 0x000000000259d800 Uncommon trap: reason=class_check action=maybe_recompile pc=0x0000000002b1f9b0 method=com.android.dx.ssa.NormalSsaInsn.accept(Lcom/android/dx/ssa/SsaInsn$Visitor;)V @ 9
Event: 0.487 Thread 0x000000000259d800 Uncommon trap: reason=unreached action=reinterpret pc=0x0000000002a31a9c method=com.android.dx.rop.cst.Constant.compareTo(Lcom/android/dx/rop/cst/Constant;)I @ 12

Internal exceptions (10 events):
Event: 0.405 Thread 0x000000000259d800 Exception <a 'java/security/PrivilegedActionException'> (0x00000000eab999a8) thrown at [D:\re\workspace\8-2-build-windows-amd64-cygwin\jdk8u5\2488\hotspot\src\share\vm\prims\jvm.cpp, line 1248]
Event: 0.408 Thread 0x000000000259d800 Exception <a 'java/security/PrivilegedActionException'> (0x00000000eabb68e0) thrown at [D:\re\workspace\8-2-build-windows-amd64-cygwin\jdk8u5\2488\hotspot\src\share\vm\prims\jvm.cpp, line 1248]
Event: 0.408 Thread 0x000000000259d800 Exception <a 'java/security/PrivilegedActionException'> (0x00000000eabb9d58) thrown at [D:\re\workspace\8-2-build-windows-amd64-cygwin\jdk8u5\2488\hotspot\src\share\vm\prims\jvm.cpp, line 1248]
Event: 0.409 Thread 0x000000000259d800 Exception <a 'java/security/PrivilegedActionException'> (0x00000000eabbd460) thrown at [D:\re\workspace\8-2-build-windows-amd64-cygwin\jdk8u5\2488\hotspot\src\share\vm\prims\jvm.cpp, line 1248]
Event: 0.410 Thread 0x000000000259d800 Exception <a 'java/security/PrivilegedActionException'> (0x00000000eabc2310) thrown at [D:\re\workspace\8-2-build-windows-amd64-cygwin\jdk8u5\2488\hotspot\src\share\vm\prims\jvm.cpp, line 1248]
Event: 0.413 Thread 0x000000000259d800 Exception <a 'java/security/PrivilegedActionException'> (0x00000000eabd9788) thrown at [D:\re\workspace\8-2-build-windows-amd64-cygwin\jdk8u5\2488\hotspot\src\share\vm\prims\jvm.cpp, line 1248]
Event: 0.424 Thread 0x000000000259d800 Exception <a 'java/security/PrivilegedActionException'> (0x00000000eac248a0) thrown at [D:\re\workspace\8-2-build-windows-amd64-cygwin\jdk8u5\2488\hotspot\src\share\vm\prims\jvm.cpp, line 1248]
Event: 0.440 Thread 0x000000000259d800 Exception <a 'java/security/PrivilegedActionException'> (0x00000000eac9fdf8) thrown at [D:\re\workspace\8-2-build-windows-amd64-cygwin\jdk8u5\2488\hotspot\src\share\vm\prims\jvm.cpp, line 1248]
Event: 0.441 Thread 0x000000000259d800 Exception <a 'java/security/PrivilegedActionException'> (0x00000000eaca5260) thrown at [D:\re\workspace\8-2-build-windows-amd64-cygwin\jdk8u5\2488\hotspot\src\share\vm\prims\jvm.cpp, line 1248]
Event: 0.453 Thread 0x000000000259d800 Exception <a 'java/security/PrivilegedActionException'> (0x00000000ead19260) thrown at [D:\re\workspace\8-2-build-windows-amd64-cygwin\jdk8u5\2488\hotspot\src\share\vm\prims\jvm.cpp, line 1248]

Events (10 events):
Event: 0.471 loading class java/util/ArrayList$1 done
Event: 0.485 Executing VM operation: ParallelGCFailedAllocation
Event: 0.487 Executing VM operation: ParallelGCFailedAllocation done
Event: 0.487 Thread 0x000000000259d800 Uncommon trap: trap_request=0xffffffad fr.pc=0x0000000002a31a9c
Event: 0.487 Thread 0x000000000259d800 DEOPT PACKING pc=0x0000000002a31a9c sp=0x000000000279e210
Event: 0.487 Thread 0x000000000259d800 DEOPT UNPACKING pc=0x00000000028e55af sp=0x000000000279e1b0 mode 2
Event: 0.500 loading class java/util/TreeMap$EntrySet
Event: 0.500 loading class java/util/TreeMap$EntrySet done
Event: 0.500 loading class java/util/TreeMap$EntryIterator
Event: 0.500 loading class java/util/TreeMap$EntryIterator done


Dynamic libraries:
0x00007ff6f89e0000 - 0x00007ff6f8a14000 	C:\Program Files\Java\jdk1.8.0_05\bin\java.exe
0x00007ffbecf40000 - 0x00007ffbed0ec000 	C:\Windows\SYSTEM32\ntdll.dll
0x00007ffbeb490000 - 0x00007ffbeb5ce000 	C:\Windows\system32\KERNEL32.DLL
0x00007ffbea4a0000 - 0x00007ffbea5b5000 	C:\Windows\system32\KERNELBASE.dll
0x00007ffbe8960000 - 0x00007ffbe89ee000 	C:\Windows\system32\apphelp.dll
0x00007ffbdc040000 - 0x00007ffbdc093000 	C:\Windows\AppPatch\AppPatch64\AcGenral.DLL
0x00007ffbeab90000 - 0x00007ffbeac3a000 	C:\Windows\system32\msvcrt.dll
0x00007ffbe9ec0000 - 0x00007ffbe9eee000 	C:\Windows\SYSTEM32\SspiCli.dll
0x00007ffbea5c0000 - 0x00007ffbea614000 	C:\Windows\system32\SHLWAPI.dll
0x00007ffbea620000 - 0x00007ffbea797000 	C:\Windows\system32\USER32.dll
0x00007ffbeac40000 - 0x00007ffbeadd4000 	C:\Windows\system32\ole32.dll
0x00007ffbeb7f0000 - 0x00007ffbecd08000 	C:\Windows\system32\SHELL32.dll
0x00007ffbe9630000 - 0x00007ffbe9651000 	C:\Windows\SYSTEM32\USERENV.dll
0x00007ffbeaa70000 - 0x00007ffbeab1a000 	C:\Windows\system32\ADVAPI32.dll
0x00007ffbe3e60000 - 0x00007ffbe3e7e000 	C:\Windows\SYSTEM32\MPR.dll
0x00007ffbeafb0000 - 0x00007ffbeb0f1000 	C:\Windows\system32\RPCRT4.dll
0x00007ffbeab30000 - 0x00007ffbeab89000 	C:\Windows\SYSTEM32\sechost.dll
0x00007ffbeb5d0000 - 0x00007ffbeb7e1000 	C:\Windows\SYSTEM32\combase.dll
0x00007ffbecde0000 - 0x00007ffbecf31000 	C:\Windows\system32\GDI32.dll
0x00007ffbea090000 - 0x00007ffbea0a5000 	C:\Windows\SYSTEM32\profapi.dll
0x00007ffbe86f0000 - 0x00007ffbe87a2000 	C:\Windows\SYSTEM32\SHCORE.dll
0x00007ffbea7a0000 - 0x00007ffbea7d6000 	C:\Windows\system32\IMM32.DLL
0x00007ffbea910000 - 0x00007ffbeaa62000 	C:\Windows\system32\MSCTF.dll
0x00007ffbe8270000 - 0x00007ffbe84eb000 	C:\Windows\WinSxS\amd64_microsoft.windows.common-controls_6595b64144ccf1df_6.0.9600.17415_none_6240486fecbd8abb\COMCTL32.dll
0x000000005b4f0000 - 0x000000005b5c2000 	C:\Program Files\Java\jdk1.8.0_05\jre\bin\msvcr100.dll
0x000000005bc00000 - 0x000000005c42a000 	C:\Program Files\Java\jdk1.8.0_05\jre\bin\server\jvm.dll
0x00007ffbd9850000 - 0x00007ffbd9859000 	C:\Windows\SYSTEM32\WSOCK32.dll
0x00007ffbe5b60000 - 0x00007ffbe5b82000 	C:\Windows\SYSTEM32\WINMM.dll
0x00007ffbeab20000 - 0x00007ffbeab27000 	C:\Windows\system32\PSAPI.DLL
0x00007ffbecd10000 - 0x00007ffbecd6a000 	C:\Windows\system32\WS2_32.dll
0x00007ffbe5b30000 - 0x00007ffbe5b5a000 	C:\Windows\SYSTEM32\WINMMBASE.dll
0x00007ffbea7e0000 - 0x00007ffbea7e9000 	C:\Windows\system32\NSI.dll
0x00007ffbea450000 - 0x00007ffbea49f000 	C:\Windows\SYSTEM32\cfgmgr32.dll
0x00007ffbe8e90000 - 0x00007ffbe8eb8000 	C:\Windows\SYSTEM32\DEVOBJ.dll
0x000000005bbf0000 - 0x000000005bbff000 	C:\Program Files\Java\jdk1.8.0_05\jre\bin\verify.dll
0x000000005bbc0000 - 0x000000005bbe8000 	C:\Program Files\Java\jdk1.8.0_05\jre\bin\java.dll
0x000000005bba0000 - 0x000000005bbb6000 	C:\Program Files\Java\jdk1.8.0_05\jre\bin\zip.dll

VM Arguments:
jvm_args: -Xmx1024M -Dfile.encoding=windows-1251 -Duser.country=RU -Duser.language=ru -Duser.variant 
java_command: com.android.dx.command.Main --dex --output C:\Users\ivsmirnov\AndroidStudioProjects\KeyRegistrator\app\build\intermediates\dex\debug C:\Users\ivsmirnov\AndroidStudioProjects\KeyRegistrator\app\build\intermediates\classes\debug C:\Users\ivsmirnov\AndroidStudioProjects\KeyRegistrator\app\build\intermediates\pre-dexed\debug\support-annotations-21.0.3-e989365fc30db70a6bc5da98982abfd81f3b8da9.jar C:\Users\ivsmirnov\AndroidStudioProjects\KeyRegistrator\app\build\intermediates\pre-dexed\debug\internal_impl-21.0.3-438334cc98a0966ffe03b64427a891d2fb22fcfe.jar C:\Users\ivsmirnov\AndroidStudioProjects\KeyRegistrator\app\build\intermediates\pre-dexed\debug\classes-f47f203f0e19c4c2b3a424700b2adc6d73f33a06.jar C:\Users\ivsmirnov\AndroidStudioProjects\KeyRegistrator\app\build\intermediates\pre-dexed\debug\classes-364e2bab1ee64e805b6838089cd22374cd9c851c.jar
java_class_path (initial): D:\Users\ivsmirnov\AppData\Local\Android\sdk\build-tools\21.1.2\lib\dx.jar
Launcher Type: SUN_STANDARD

Environment Variables:
JAVA_HOME=C:\Program Files\Java\jdk1.8.0_05
PATH=C:\ProgramData\Oracle\Java\javapath;C:\Windows\system32;C:\Windows;C:\Windows\System32\Wbem;C:\Windows\System32\WindowsPowerShell\v1.0\;C:\Windows\idmu\common;D:\Users\ivsmirnov\AppData\Local\Android\sdk\platform-tools;C:\Program Files (x86)\HL-Server\Servers\NT_95;C:\Program Files\Microsoft SQL Server\100\DTS\Binn\;C:\Program Files (x86)\Microsoft SQL Server\100\Tools\Binn\VSShell\Common7\IDE\;C:\Program Files (x86)\Microsoft SQL Server\100\Tools\Binn\;C:\Program Files\Microsoft SQL Server\100\Tools\Binn\;C:\Program Files (x86)\Microsoft SQL Server\100\DTS\Binn\;C:\Program Files (x86)\Microsoft Visual Studio 9.0\Common7\IDE\PrivateAssemblies\;C:\Program Files (x86)\Common Files\Acronis\SnapAPI\
USERNAME=ivsmirnov
OS=Windows_NT
PROCESSOR_IDENTIFIER=Intel64 Family 6 Model 42 Stepping 7, GenuineIntel



---------------  S Y S T E M  ---------------

OS: Windows 8.1 , 64 bit Build 9600 

CPU:total 4 (4 cores per cpu, 1 threads per core) family 6 model 42 stepping 7, cmov, cx8, fxsr, mmx, sse, sse2, sse3, ssse3, sse4.1, sse4.2, popcnt, avx, aes, clmul, tsc, tscinvbit

Memory: 4k page, physical 8290572k(953368k free), swap 8290572k(4952k free)

vm_info: Java HotSpot(TM) 64-Bit Server VM (25.5-b02) for windows-amd64 JRE (1.8.0_05-b13), built on Mar 18 2014 01:08:39 by "java_re" with MS VC++ 10.0 (VS2010)

time: Fri May 15 15:02:57 2015
elapsed time: 0 seconds

