#
# There is insufficient memory for the Java Runtime Environment to continue.
# Native memory allocation (malloc) failed to allocate 68816 bytes for Chunk::new
# Possible reasons:
#   The system is out of physical RAM or swap space
#   In 32 bit mode, the process size limit was hit
# Possible solutions:
#   Reduce memory load on the system
#   Increase physical memory or swap space
#   Check if swap backing store is full
#   Use 64 bit Java on a 64 bit OS
#   Decrease Java heap size (-Xmx/-Xms)
#   Decrease number of Java threads
#   Decrease Java thread stack sizes (-Xss)
#   Set larger code cache with -XX:ReservedCodeCacheSize=
# This output file may be truncated or incomplete.
#
#  Out of Memory Error (allocation.cpp:388), pid=2860, tid=7596
#
# JRE version: Java(TM) SE Runtime Environment (8.0_05-b13) (build 1.8.0_05-b13)
# Java VM: Java HotSpot(TM) 64-Bit Server VM (25.5-b02 mixed mode windows-amd64 compressed oops)
# Failed to write core dump. Minidumps are not enabled by default on client versions of Windows
#

---------------  T H R E A D  ---------------

Current thread (0x0000000014610000):  JavaThread "C2 CompilerThread1" daemon [_thread_in_native, id=7596, stack(0x0000000015c60000,0x0000000015d60000)]

Stack: [0x0000000015c60000,0x0000000015d60000]
Native frames: (J=compiled Java code, j=interpreted, Vv=VM code, C=native code)
V  [jvm.dll+0x308dea]


Current CompileTask:
C2:    930 1197 %     4       com.android.dx.ssa.SsaMethod::deleteInsns @ 42 (239 bytes)


---------------  P R O C E S S  ---------------

Java Threads: ( => current thread )
  0x0000000015e8c800 JavaThread "Service Thread" daemon [_thread_blocked, id=628, stack(0x0000000016260000,0x0000000016360000)]
  0x0000000014613800 JavaThread "C1 CompilerThread2" daemon [_thread_blocked, id=4856, stack(0x0000000015d60000,0x0000000015e60000)]
=>0x0000000014610000 JavaThread "C2 CompilerThread1" daemon [_thread_in_native, id=7596, stack(0x0000000015c60000,0x0000000015d60000)]
  0x000000001460d000 JavaThread "C2 CompilerThread0" daemon [_thread_in_native, id=7676, stack(0x0000000015b60000,0x0000000015c60000)]
  0x000000001460b800 JavaThread "Attach Listener" daemon [_thread_blocked, id=5640, stack(0x0000000015a60000,0x0000000015b60000)]
  0x000000001460a000 JavaThread "Signal Dispatcher" daemon [_thread_blocked, id=2232, stack(0x0000000015960000,0x0000000015a60000)]
  0x0000000001f35800 JavaThread "Finalizer" daemon [_thread_blocked, id=6908, stack(0x0000000015860000,0x0000000015960000)]
  0x00000000145d8000 JavaThread "Reference Handler" daemon [_thread_blocked, id=5972, stack(0x0000000015760000,0x0000000015860000)]
  0x0000000001e2d800 JavaThread "main" [_thread_in_native, id=5804, stack(0x0000000001c90000,0x0000000001d90000)]

Other Threads:
  0x00000000145d6800 VMThread [stack: 0x0000000015660000,0x0000000015760000] [id=6248]
  0x0000000015e97800 WatcherThread [stack: 0x0000000016360000,0x0000000016460000] [id=8116]

VM state:not at safepoint (normal execution)

VM Mutex/Monitor currently owned by a thread: None

Heap:
 PSYoungGen      total 7680K, used 6030K [0x00000000eab00000, 0x00000000eb500000, 0x0000000100000000)
  eden space 5632K, 83% used [0x00000000eab00000,0x00000000eaf93898,0x00000000eb080000)
  from space 2048K, 65% used [0x00000000eb080000,0x00000000eb1d0010,0x00000000eb280000)
  to   space 1536K, 0% used [0x00000000eb280000,0x00000000eb280000,0x00000000eb400000)
 ParOldGen       total 129536K, used 3544K [0x00000000c0000000, 0x00000000c7e80000, 0x00000000eab00000)
  object space 129536K, 2% used [0x00000000c0000000,0x00000000c0376208,0x00000000c7e80000)
 Metaspace       used 5344K, capacity 6704K, committed 6784K, reserved 1056768K
  class space    used 550K, capacity 616K, committed 640K, reserved 1048576K

Card table byte_map: [0x0000000011300000,0x0000000011510000] byte_map_base: 0x0000000010d00000

Marking Bits: (ParMarkBitMap*) 0x000000006fe013b0
 Begin Bits: [0x0000000011a70000, 0x0000000012a70000)
 End Bits:   [0x0000000012a70000, 0x0000000013a70000)

Polling page: 0x0000000001d90000

CodeCache: size=245760Kb used=4527Kb max_used=4527Kb free=241232Kb
 bounds [0x0000000001f40000, 0x00000000023b0000, 0x0000000010f40000]
 total_blobs=1469 nmethods=1208 adapters=174
 compilation: disabled (not enough contiguous free space left)

Compilation events (10 events):
Event: 0.881 Thread 0x0000000014613800 nmethod 1210 0x000000000239e990 code [0x000000000239eb20, 0x000000000239ef38]
Event: 0.881 Thread 0x0000000014613800 1211       3       com.android.dx.ssa.back.SsaToRop::removePhiFunctions (83 bytes)
Event: 0.882 Thread 0x0000000014613800 nmethod 1211 0x00000000023a57d0 code [0x00000000023a5aa0, 0x00000000023a6d48]
Event: 0.882 Thread 0x0000000014613800 1212       3       com.android.dx.ssa.SsaConverter::placePhiFunctions (394 bytes)
Event: 0.886 Thread 0x0000000014613800 nmethod 1212 0x00000000023a7810 code [0x00000000023a7dc0, 0x00000000023ab228]
Event: 0.886 Thread 0x0000000014613800 1215       1       com.android.dx.rop.code.Insn$BaseVisitor::visitThrowingCstInsn (1 bytes)
Event: 0.886 Thread 0x0000000014613800 nmethod 1215 0x000000000239e6d0 code [0x000000000239e820, 0x000000000239e930]
Event: 0.886 Thread 0x0000000014613800 1216  s    3       com.android.dx.dex.file.MethodIdsSection::intern (55 bytes)
Event: 0.886 Thread 0x0000000014613800 nmethod 1216 0x00000000023ae810 code [0x00000000023aea20, 0x00000000023af6a8]
Event: 0.886 Thread 0x0000000014613800 1214       3       java.util.HashMap::<init> (8 bytes)

GC Heap History (10 events):
Event: 0.240 GC heap before
{Heap before GC invocations=7 (full 0):
 PSYoungGen      total 3072K, used 2892K [0x00000000eab00000, 0x00000000eaf00000, 0x0000000100000000)
  eden space 2048K, 100% used [0x00000000eab00000,0x00000000ead00000,0x00000000ead00000)
  from space 1024K, 82% used [0x00000000eae00000,0x00000000eaed3180,0x00000000eaf00000)
  to   space 1024K, 0% used [0x00000000ead00000,0x00000000ead00000,0x00000000eae00000)
 ParOldGen       total 129536K, used 729K [0x00000000c0000000, 0x00000000c7e80000, 0x00000000eab00000)
  object space 129536K, 0% used [0x00000000c0000000,0x00000000c00b67d8,0x00000000c7e80000)
 Metaspace       used 4562K, capacity 6032K, committed 6272K, reserved 1056768K
  class space    used 513K, capacity 584K, committed 640K, reserved 1048576K
Event: 0.241 GC heap after
Heap after GC invocations=7 (full 0):
 PSYoungGen      total 3072K, used 829K [0x00000000eab00000, 0x00000000eb100000, 0x0000000100000000)
  eden space 2048K, 0% used [0x00000000eab00000,0x00000000eab00000,0x00000000ead00000)
  from space 1024K, 81% used [0x00000000ead00000,0x00000000eadcf618,0x00000000eae00000)
  to   space 1024K, 0% used [0x00000000eb000000,0x00000000eb000000,0x00000000eb100000)
 ParOldGen       total 129536K, used 1110K [0x00000000c0000000, 0x00000000c7e80000, 0x00000000eab00000)
  object space 129536K, 0% used [0x00000000c0000000,0x00000000c0115838,0x00000000c7e80000)
 Metaspace       used 4562K, capacity 6032K, committed 6272K, reserved 1056768K
  class space    used 513K, capacity 584K, committed 640K, reserved 1048576K
}
Event: 0.399 GC heap before
{Heap before GC invocations=8 (full 0):
 PSYoungGen      total 3072K, used 2877K [0x00000000eab00000, 0x00000000eb100000, 0x0000000100000000)
  eden space 2048K, 100% used [0x00000000eab00000,0x00000000ead00000,0x00000000ead00000)
  from space 1024K, 81% used [0x00000000ead00000,0x00000000eadcf618,0x00000000eae00000)
  to   space 1024K, 0% used [0x00000000eb000000,0x00000000eb000000,0x00000000eb100000)
 ParOldGen       total 129536K, used 1110K [0x00000000c0000000, 0x00000000c7e80000, 0x00000000eab00000)
  object space 129536K, 0% used [0x00000000c0000000,0x00000000c0115838,0x00000000c7e80000)
 Metaspace       used 4909K, capacity 6384K, committed 6528K, reserved 1056768K
  class space    used 539K, capacity 616K, committed 640K, reserved 1048576K
Event: 0.401 GC heap after
Heap after GC invocations=8 (full 0):
 PSYoungGen      total 4608K, used 992K [0x00000000eab00000, 0x00000000eb200000, 0x0000000100000000)
  eden space 3584K, 0% used [0x00000000eab00000,0x00000000eab00000,0x00000000eae80000)
  from space 1024K, 96% used [0x00000000eb000000,0x00000000eb0f8018,0x00000000eb100000)
  to   space 1536K, 0% used [0x00000000eae80000,0x00000000eae80000,0x00000000eb000000)
 ParOldGen       total 129536K, used 1367K [0x00000000c0000000, 0x00000000c7e80000, 0x00000000eab00000)
  object space 129536K, 1% used [0x00000000c0000000,0x00000000c0155f20,0x00000000c7e80000)
 Metaspace       used 4909K, capacity 6384K, committed 6528K, reserved 1056768K
  class space    used 539K, capacity 616K, committed 640K, reserved 1048576K
}
Event: 0.563 GC heap before
{Heap before GC invocations=9 (full 0):
 PSYoungGen      total 4608K, used 4576K [0x00000000eab00000, 0x00000000eb200000, 0x0000000100000000)
  eden space 3584K, 100% used [0x00000000eab00000,0x00000000eae80000,0x00000000eae80000)
  from space 1024K, 96% used [0x00000000eb000000,0x00000000eb0f8018,0x00000000eb100000)
  to   space 1536K, 0% used [0x00000000eae80000,0x00000000eae80000,0x00000000eb000000)
 ParOldGen       total 129536K, used 1367K [0x00000000c0000000, 0x00000000c7e80000, 0x00000000eab00000)
  object space 129536K, 1% used [0x00000000c0000000,0x00000000c0155f20,0x00000000c7e80000)
 Metaspace       used 5162K, capacity 6576K, committed 6784K, reserved 1056768K
  class space    used 545K, capacity 616K, committed 640K, reserved 1048576K
Event: 0.565 GC heap after
Heap after GC invocations=9 (full 0):
 PSYoungGen      total 5120K, used 1504K [0x00000000eab00000, 0x00000000eb400000, 0x0000000100000000)
  eden space 3584K, 0% used [0x00000000eab00000,0x00000000eab00000,0x00000000eae80000)
  from space 1536K, 97% used [0x00000000eae80000,0x00000000eaff8018,0x00000000eb000000)
  to   space 1536K, 0% used [0x00000000eb280000,0x00000000eb280000,0x00000000eb400000)
 ParOldGen       total 129536K, used 1532K [0x00000000c0000000, 0x00000000c7e80000, 0x00000000eab00000)
  object space 129536K, 1% used [0x00000000c0000000,0x00000000c017f2b8,0x00000000c7e80000)
 Metaspace       used 5162K, capacity 6576K, committed 6784K, reserved 1056768K
  class space    used 545K, capacity 616K, committed 640K, reserved 1048576K
}
Event: 0.688 GC heap before
{Heap before GC invocations=10 (full 0):
 PSYoungGen      total 5120K, used 5088K [0x00000000eab00000, 0x00000000eb400000, 0x0000000100000000)
  eden space 3584K, 100% used [0x00000000eab00000,0x00000000eae80000,0x00000000eae80000)
  from space 1536K, 97% used [0x00000000eae80000,0x00000000eaff8018,0x00000000eb000000)
  to   space 1536K, 0% used [0x00000000eb280000,0x00000000eb280000,0x00000000eb400000)
 ParOldGen       total 129536K, used 1532K [0x00000000c0000000, 0x00000000c7e80000, 0x00000000eab00000)
  object space 129536K, 1% used [0x00000000c0000000,0x00000000c017f2b8,0x00000000c7e80000)
 Metaspace       used 5282K, capacity 6704K, committed 6784K, reserved 1056768K
  class space    used 550K, capacity 616K, committed 640K, reserved 1048576K
Event: 0.690 GC heap after
Heap after GC invocations=10 (full 0):
 PSYoungGen      total 7168K, used 1328K [0x00000000eab00000, 0x00000000eb500000, 0x0000000100000000)
  eden space 5632K, 0% used [0x00000000eab00000,0x00000000eab00000,0x00000000eb080000)
  from space 1536K, 86% used [0x00000000eb280000,0x00000000eb3cc010,0x00000000eb400000)
  to   space 2048K, 0% used [0x00000000eb080000,0x00000000eb080000,0x00000000eb280000)
 ParOldGen       total 129536K, used 2325K [0x00000000c0000000, 0x00000000c7e80000, 0x00000000eab00000)
  object space 129536K, 1% used [0x00000000c0000000,0x00000000c0245758,0x00000000c7e80000)
 Metaspace       used 5282K, capacity 6704K, committed 6784K, reserved 1056768K
  class space    used 550K, capacity 616K, committed 640K, reserved 1048576K
}
Event: 0.847 GC heap before
{Heap before GC invocations=11 (full 0):
 PSYoungGen      total 7168K, used 6960K [0x00000000eab00000, 0x00000000eb500000, 0x0000000100000000)
  eden space 5632K, 100% used [0x00000000eab00000,0x00000000eb080000,0x00000000eb080000)
  from space 1536K, 86% used [0x00000000eb280000,0x00000000eb3cc010,0x00000000eb400000)
  to   space 2048K, 0% used [0x00000000eb080000,0x00000000eb080000,0x00000000eb280000)
 ParOldGen       total 129536K, used 2325K [0x00000000c0000000, 0x00000000c7e80000, 0x00000000eab00000)
  object space 129536K, 1% used [0x00000000c0000000,0x00000000c0245758,0x00000000c7e80000)
 Metaspace       used 5321K, capacity 6704K, committed 6784K, reserved 1056768K
  class space    used 550K, capacity 616K, committed 640K, reserved 1048576K
Event: 0.851 GC heap after
Heap after GC invocations=11 (full 0):
 PSYoungGen      total 7680K, used 1344K [0x00000000eab00000, 0x00000000eb500000, 0x0000000100000000)
  eden space 5632K, 0% used [0x00000000eab00000,0x00000000eab00000,0x00000000eb080000)
  from space 2048K, 65% used [0x00000000eb080000,0x00000000eb1d0010,0x00000000eb280000)
  to   space 1536K, 0% used [0x00000000eb280000,0x00000000eb280000,0x00000000eb400000)
 ParOldGen       total 129536K, used 3544K [0x00000000c0000000, 0x00000000c7e80000, 0x00000000eab00000)
  object space 129536K, 2% used [0x00000000c0000000,0x00000000c0376208,0x00000000c7e80000)
 Metaspace       used 5321K, capacity 6704K, committed 6784K, reserved 1056768K
  class space    used 550K, capacity 616K, committed 640K, reserved 1048576K
}

Deoptimization events (10 events):
Event: 0.509 Thread 0x0000000001e2d800 Uncommon trap: reason=class_check action=maybe_recompile pc=0x00000000021c12b0 method=com.android.dx.ssa.NormalSsaInsn.accept(Lcom/android/dx/ssa/SsaInsn$Visitor;)V @ 9
Event: 0.510 Thread 0x0000000001e2d800 Uncommon trap: reason=class_check action=maybe_recompile pc=0x00000000021c12b0 method=com.android.dx.ssa.NormalSsaInsn.accept(Lcom/android/dx/ssa/SsaInsn$Visitor;)V @ 9
Event: 0.510 Thread 0x0000000001e2d800 Uncommon trap: reason=class_check action=maybe_recompile pc=0x00000000021c12b0 method=com.android.dx.ssa.NormalSsaInsn.accept(Lcom/android/dx/ssa/SsaInsn$Visitor;)V @ 9
Event: 0.510 Thread 0x0000000001e2d800 Uncommon trap: reason=class_check action=maybe_recompile pc=0x00000000021c12b0 method=com.android.dx.ssa.NormalSsaInsn.accept(Lcom/android/dx/ssa/SsaInsn$Visitor;)V @ 9
Event: 0.562 Thread 0x0000000001e2d800 Uncommon trap: reason=unreached action=reinterpret pc=0x00000000020d969c method=com.android.dx.rop.cst.Constant.compareTo(Lcom/android/dx/rop/cst/Constant;)I @ 12
Event: 0.611 Thread 0x0000000001e2d800 Uncommon trap: reason=class_check action=maybe_recompile pc=0x000000000226b920 method=com.android.dx.rop.type.Type.equals(Ljava/lang/Object;)Z @ 8
Event: 0.611 Thread 0x0000000001e2d800 Uncommon trap: reason=class_check action=maybe_recompile pc=0x000000000226b920 method=com.android.dx.rop.type.Type.equals(Ljava/lang/Object;)Z @ 8
Event: 0.612 Thread 0x0000000001e2d800 Uncommon trap: reason=class_check action=maybe_recompile pc=0x000000000226b920 method=com.android.dx.rop.type.Type.equals(Ljava/lang/Object;)Z @ 8
Event: 0.612 Thread 0x0000000001e2d800 Uncommon trap: reason=class_check action=maybe_recompile pc=0x000000000226b920 method=com.android.dx.rop.type.Type.equals(Ljava/lang/Object;)Z @ 8
Event: 0.710 Thread 0x0000000001e2d800 Uncommon trap: reason=null_check action=make_not_entrant pc=0x00000000022a6660 method=com.android.dx.rop.type.Type.equals(Ljava/lang/Object;)Z @ 8

Internal exceptions (10 events):
Event: 0.449 Thread 0x0000000001e2d800 Exception <a 'java/security/PrivilegedActionException'> (0x00000000eabc2c88) thrown at [D:\re\workspace\8-2-build-windows-amd64-cygwin\jdk8u5\2488\hotspot\src\share\vm\prims\jvm.cpp, line 1248]
Event: 0.452 Thread 0x0000000001e2d800 Exception <a 'java/security/PrivilegedActionException'> (0x00000000eabda250) thrown at [D:\re\workspace\8-2-build-windows-amd64-cygwin\jdk8u5\2488\hotspot\src\share\vm\prims\jvm.cpp, line 1248]
Event: 0.462 Thread 0x0000000001e2d800 Exception <a 'java/security/PrivilegedActionException'> (0x00000000eac24d88) thrown at [D:\re\workspace\8-2-build-windows-amd64-cygwin\jdk8u5\2488\hotspot\src\share\vm\prims\jvm.cpp, line 1248]
Event: 0.498 Thread 0x0000000001e2d800 Exception <a 'java/security/PrivilegedActionException'> (0x00000000eaca0520) thrown at [D:\re\workspace\8-2-build-windows-amd64-cygwin\jdk8u5\2488\hotspot\src\share\vm\prims\jvm.cpp, line 1248]
Event: 0.498 Thread 0x0000000001e2d800 Exception <a 'java/security/PrivilegedActionException'> (0x00000000eaca5a00) thrown at [D:\re\workspace\8-2-build-windows-amd64-cygwin\jdk8u5\2488\hotspot\src\share\vm\prims\jvm.cpp, line 1248]
Event: 0.511 Thread 0x0000000001e2d800 Exception <a 'java/security/PrivilegedActionException'> (0x00000000ead199b8) thrown at [D:\re\workspace\8-2-build-windows-amd64-cygwin\jdk8u5\2488\hotspot\src\share\vm\prims\jvm.cpp, line 1248]
Event: 0.663 Thread 0x0000000001e2d800 Exception <a 'java/security/PrivilegedActionException'> (0x00000000eacff678) thrown at [D:\re\workspace\8-2-build-windows-amd64-cygwin\jdk8u5\2488\hotspot\src\share\vm\prims\jvm.cpp, line 1248]
Event: 0.675 Thread 0x0000000001e2d800 Exception <a 'java/security/PrivilegedActionException'> (0x00000000eada1770) thrown at [D:\re\workspace\8-2-build-windows-amd64-cygwin\jdk8u5\2488\hotspot\src\share\vm\prims\jvm.cpp, line 1248]
Event: 0.710 Thread 0x0000000001e2d800 Implicit null exception at 0x00000000022a6562 to 0x00000000022a6652
Event: 0.783 Thread 0x0000000001e2d800 Exception <a 'java/security/PrivilegedActionException'> (0x00000000eac8d0e8) thrown at [D:\re\workspace\8-2-build-windows-amd64-cygwin\jdk8u5\2488\hotspot\src\share\vm\prims\jvm.cpp, line 1248]

Events (10 events):
Event: 0.676 loading class java/util/HashMap$ValueIterator done
Event: 0.688 Executing VM operation: ParallelGCFailedAllocation
Event: 0.690 Executing VM operation: ParallelGCFailedAllocation done
Event: 0.710 Thread 0x0000000001e2d800 Uncommon trap: trap_request=0xfffffff4 fr.pc=0x00000000022a6660
Event: 0.710 Thread 0x0000000001e2d800 DEOPT PACKING pc=0x00000000022a6660 sp=0x0000000001d8e170
Event: 0.710 Thread 0x0000000001e2d800 DEOPT UNPACKING pc=0x0000000001f855af sp=0x0000000001d8e0f8 mode 2
Event: 0.783 loading class com/android/dx/cf/code/SwitchList
Event: 0.783 loading class com/android/dx/cf/code/SwitchList done
Event: 0.847 Executing VM operation: ParallelGCFailedAllocation
Event: 0.851 Executing VM operation: ParallelGCFailedAllocation done


Dynamic libraries:
0x00007ff6a1890000 - 0x00007ff6a18c4000 	C:\Program Files\Java\jdk1.8.0_05\bin\java.exe
0x00007ffbe49a0000 - 0x00007ffbe4b4c000 	C:\Windows\SYSTEM32\ntdll.dll
0x00007ffbe2f50000 - 0x00007ffbe308e000 	C:\Windows\system32\KERNEL32.DLL
0x00007ffbe1ea0000 - 0x00007ffbe1fb5000 	C:\Windows\system32\KERNELBASE.dll
0x00007ffbdfc40000 - 0x00007ffbdfcce000 	C:\Windows\system32\apphelp.dll
0x00007ffbcb0b0000 - 0x00007ffbcb103000 	C:\Windows\AppPatch\AppPatch64\AcGenral.DLL
0x00007ffbe3290000 - 0x00007ffbe333a000 	C:\Windows\system32\msvcrt.dll
0x00007ffbe18c0000 - 0x00007ffbe18ee000 	C:\Windows\SYSTEM32\SspiCli.dll
0x00007ffbe2030000 - 0x00007ffbe2084000 	C:\Windows\system32\SHLWAPI.dll
0x00007ffbe2ad0000 - 0x00007ffbe2c47000 	C:\Windows\system32\USER32.dll
0x00007ffbe30f0000 - 0x00007ffbe3284000 	C:\Windows\system32\ole32.dll
0x00007ffbe3340000 - 0x00007ffbe4858000 	C:\Windows\system32\SHELL32.dll
0x00007ffbe1090000 - 0x00007ffbe10b1000 	C:\Windows\SYSTEM32\USERENV.dll
0x00007ffbe2c70000 - 0x00007ffbe2d1a000 	C:\Windows\system32\ADVAPI32.dll
0x00007ffbdb930000 - 0x00007ffbdb94e000 	C:\Windows\SYSTEM32\MPR.dll
0x00007ffbe2770000 - 0x00007ffbe28b1000 	C:\Windows\system32\RPCRT4.dll
0x00007ffbe2a70000 - 0x00007ffbe2ac9000 	C:\Windows\SYSTEM32\sechost.dll
0x00007ffbe2150000 - 0x00007ffbe2361000 	C:\Windows\SYSTEM32\combase.dll
0x00007ffbe2d20000 - 0x00007ffbe2e71000 	C:\Windows\system32\GDI32.dll
0x00007ffbe1af0000 - 0x00007ffbe1b05000 	C:\Windows\SYSTEM32\profapi.dll
0x00007ffbdfb80000 - 0x00007ffbdfc32000 	C:\Windows\SYSTEM32\SHCORE.dll
0x00007ffbe3090000 - 0x00007ffbe30c6000 	C:\Windows\system32\IMM32.DLL
0x00007ffbe2610000 - 0x00007ffbe2762000 	C:\Windows\system32\MSCTF.dll
0x00007ffbdf360000 - 0x00007ffbdf5db000 	C:\Windows\WinSxS\amd64_microsoft.windows.common-controls_6595b64144ccf1df_6.0.9600.17415_none_6240486fecbd8abb\COMCTL32.dll
0x000000006ef10000 - 0x000000006efe2000 	C:\Program Files\Java\jdk1.8.0_05\jre\bin\msvcr100.dll
0x000000006f650000 - 0x000000006fe7a000 	C:\Program Files\Java\jdk1.8.0_05\jre\bin\server\jvm.dll
0x00007ffbde8c0000 - 0x00007ffbde8c9000 	C:\Windows\SYSTEM32\WSOCK32.dll
0x00007ffbde280000 - 0x00007ffbde2a2000 	C:\Windows\SYSTEM32\WINMM.dll
0x00007ffbe30e0000 - 0x00007ffbe30e7000 	C:\Windows\system32\PSAPI.DLL
0x00007ffbe2090000 - 0x00007ffbe20ea000 	C:\Windows\system32\WS2_32.dll
0x00007ffbde250000 - 0x00007ffbde27a000 	C:\Windows\SYSTEM32\WINMMBASE.dll
0x00007ffbe2020000 - 0x00007ffbe2029000 	C:\Windows\system32\NSI.dll
0x00007ffbe1da0000 - 0x00007ffbe1def000 	C:\Windows\SYSTEM32\cfgmgr32.dll
0x00007ffbe08a0000 - 0x00007ffbe08c8000 	C:\Windows\SYSTEM32\DEVOBJ.dll
0x000000006f640000 - 0x000000006f64f000 	C:\Program Files\Java\jdk1.8.0_05\jre\bin\verify.dll
0x000000006f610000 - 0x000000006f638000 	C:\Program Files\Java\jdk1.8.0_05\jre\bin\java.dll
0x000000006f5f0000 - 0x000000006f606000 	C:\Program Files\Java\jdk1.8.0_05\jre\bin\zip.dll

VM Arguments:
jvm_args: -Xmx1024M -Dfile.encoding=windows-1251 -Duser.country=RU -Duser.language=ru -Duser.variant 
java_command: com.android.dx.command.Main --dex --output C:\Users\ivsmirnov\AndroidStudioProjects\KeyRegistrator\app\build\intermediates\dex\release C:\Users\ivsmirnov\AndroidStudioProjects\KeyRegistrator\app\build\intermediates\classes\release C:\Users\ivsmirnov\AndroidStudioProjects\KeyRegistrator\app\build\intermediates\pre-dexed\release\support-annotations-21.0.3-e989365fc30db70a6bc5da98982abfd81f3b8da9.jar C:\Users\ivsmirnov\AndroidStudioProjects\KeyRegistrator\app\build\intermediates\pre-dexed\release\internal_impl-21.0.3-438334cc98a0966ffe03b64427a891d2fb22fcfe.jar C:\Users\ivsmirnov\AndroidStudioProjects\KeyRegistrator\app\build\intermediates\pre-dexed\release\classes-f47f203f0e19c4c2b3a424700b2adc6d73f33a06.jar C:\Users\ivsmirnov\AndroidStudioProjects\KeyRegistrator\app\build\intermediates\pre-dexed\release\classes-364e2bab1ee64e805b6838089cd22374cd9c851c.jar
java_class_path (initial): D:\Users\ivsmirnov\AppData\Local\Android\sdk\build-tools\21.1.2\lib\dx.jar
Launcher Type: SUN_STANDARD

Environment Variables:
JAVA_HOME=C:\Program Files\Java\jdk1.8.0_05
PATH=C:\ProgramData\Oracle\Java\javapath;C:\Windows\system32;C:\Windows;C:\Windows\System32\Wbem;C:\Windows\System32\WindowsPowerShell\v1.0\;C:\Windows\idmu\common;D:\Users\ivsmirnov\AppData\Local\Android\sdk\platform-tools;C:\Program Files (x86)\HL-Server\Servers\NT_95;C:\Program Files\Microsoft SQL Server\100\DTS\Binn\;C:\Program Files (x86)\Microsoft SQL Server\100\Tools\Binn\VSShell\Common7\IDE\;C:\Program Files (x86)\Microsoft SQL Server\100\Tools\Binn\;C:\Program Files\Microsoft SQL Server\100\Tools\Binn\;C:\Program Files (x86)\Microsoft SQL Server\100\DTS\Binn\;C:\Program Files (x86)\Microsoft Visual Studio 9.0\Common7\IDE\PrivateAssemblies\;C:\Program Files (x86)\Common Files\Acronis\SnapAPI\
USERNAME=ivsmirnov
OS=Windows_NT
PROCESSOR_IDENTIFIER=Intel64 Family 6 Model 42 Stepping 7, GenuineIntel



---------------  S Y S T E M  ---------------

OS: Windows 8.1 , 64 bit Build 9600 

CPU:total 4 (4 cores per cpu, 1 threads per core) family 6 model 42 stepping 7, cmov, cx8, fxsr, mmx, sse, sse2, sse3, ssse3, sse4.1, sse4.2, popcnt, avx, aes, clmul, tsc, tscinvbit

Memory: 4k page, physical 8290572k(1029580k free), swap 8290572k(5080k free)

vm_info: Java HotSpot(TM) 64-Bit Server VM (25.5-b02) for windows-amd64 JRE (1.8.0_05-b13), built on Mar 18 2014 01:08:39 by "java_re" with MS VC++ 10.0 (VS2010)

time: Wed May 20 17:52:14 2015
elapsed time: 0 seconds

