#
# There is insufficient memory for the Java Runtime Environment to continue.
# Native memory allocation (malloc) failed to allocate 1538816 bytes for Chunk::new
# Possible reasons:
#   The system is out of physical RAM or swap space
#   In 32 bit mode, the process size limit was hit
# Possible solutions:
#   Reduce memory load on the system
#   Increase physical memory or swap space
#   Check if swap backing store is full
#   Use 64 bit Java on a 64 bit OS
#   Decrease Java heap size (-Xmx/-Xms)
#   Decrease number of Java threads
#   Decrease Java thread stack sizes (-Xss)
#   Set larger code cache with -XX:ReservedCodeCacheSize=
# This output file may be truncated or incomplete.
#
#  Out of Memory Error (allocation.cpp:388), pid=2488, tid=8056
#
# JRE version: Java(TM) SE Runtime Environment (8.0_05-b13) (build 1.8.0_05-b13)
# Java VM: Java HotSpot(TM) 64-Bit Server VM (25.5-b02 mixed mode windows-amd64 compressed oops)
# Failed to write core dump. Minidumps are not enabled by default on client versions of Windows
#

---------------  T H R E A D  ---------------

Current thread (0x0000000014ccd000):  JavaThread "C2 CompilerThread0" daemon [_thread_in_native, id=8056, stack(0x0000000016220000,0x0000000016320000)]

Stack: [0x0000000016220000,0x0000000016320000]
Native frames: (J=compiled Java code, j=interpreted, Vv=VM code, C=native code)
V  [jvm.dll+0x308dea]


Current CompileTask:
C2:   1035 1353       4       com.android.dx.dex.code.OutputFinisher::addConstants (93 bytes)


---------------  P R O C E S S  ---------------

Java Threads: ( => current thread )
  0x0000000016550800 JavaThread "Service Thread" daemon [_thread_blocked, id=5076, stack(0x0000000016920000,0x0000000016a20000)]
  0x0000000014cd9000 JavaThread "C1 CompilerThread2" daemon [_thread_blocked, id=1728, stack(0x0000000016420000,0x0000000016520000)]
  0x0000000014cd3800 JavaThread "C2 CompilerThread1" daemon [_thread_in_native, id=1876, stack(0x0000000016320000,0x0000000016420000)]
=>0x0000000014ccd000 JavaThread "C2 CompilerThread0" daemon [_thread_in_native, id=8056, stack(0x0000000016220000,0x0000000016320000)]
  0x0000000014ccb800 JavaThread "Attach Listener" daemon [_thread_blocked, id=5280, stack(0x0000000016120000,0x0000000016220000)]
  0x0000000014cca000 JavaThread "Signal Dispatcher" daemon [_thread_blocked, id=6432, stack(0x0000000016020000,0x0000000016120000)]
  0x00000000025f5800 JavaThread "Finalizer" daemon [_thread_blocked, id=4172, stack(0x0000000015f20000,0x0000000016020000)]
  0x0000000014c98000 JavaThread "Reference Handler" daemon [_thread_blocked, id=96, stack(0x0000000015e20000,0x0000000015f20000)]
  0x00000000024fd800 JavaThread "main" [_thread_in_Java, id=2956, stack(0x0000000002390000,0x0000000002490000)]

Other Threads:
  0x0000000014c96800 VMThread [stack: 0x0000000015d20000,0x0000000015e20000] [id=4304]
  0x0000000016562000 WatcherThread [stack: 0x0000000016a20000,0x0000000016b20000] [id=5944]

VM state:not at safepoint (normal execution)

VM Mutex/Monitor currently owned by a thread: None

Heap:
 PSYoungGen      total 11264K, used 9499K [0x00000000eab00000, 0x00000000ebd80000, 0x0000000100000000)
  eden space 9216K, 84% used [0x00000000eab00000,0x00000000eb29b250,0x00000000eb400000)
  from space 2048K, 83% used [0x00000000eb400000,0x00000000eb5abb30,0x00000000eb600000)
  to   space 2048K, 0% used [0x00000000ebb80000,0x00000000ebb80000,0x00000000ebd80000)
 ParOldGen       total 129536K, used 5563K [0x00000000c0000000, 0x00000000c7e80000, 0x00000000eab00000)
  object space 129536K, 4% used [0x00000000c0000000,0x00000000c056ee00,0x00000000c7e80000)
 Metaspace       used 6174K, capacity 7248K, committed 7424K, reserved 1056768K
  class space    used 622K, capacity 648K, committed 768K, reserved 1048576K

Card table byte_map: [0x00000000119c0000,0x0000000011bd0000] byte_map_base: 0x00000000113c0000

Marking Bits: (ParMarkBitMap*) 0x000000006fe013b0
 Begin Bits: [0x0000000012130000, 0x0000000013130000)
 End Bits:   [0x0000000013130000, 0x0000000014130000)

Polling page: 0x0000000000c10000

CodeCache: size=245760Kb used=5807Kb max_used=5807Kb free=239952Kb
 bounds [0x0000000002600000, 0x0000000002bb0000, 0x0000000011600000]
 total_blobs=1873 nmethods=1603 adapters=183
 compilation: disabled (not enough contiguous free space left)

Compilation events (10 events):
Event: 0.955 Thread 0x0000000014cd9000 nmethod 1534 0x0000000002b82410 code [0x0000000002b82560, 0x0000000002b826b0]
Event: 0.955 Thread 0x0000000014cd9000 1535       2       com.android.dx.dex.file.MethodIdItem::itemType (4 bytes)
Event: 0.955 Thread 0x0000000014cd9000 nmethod 1535 0x0000000002b82750 code [0x0000000002b828a0, 0x0000000002b829f0]
Event: 0.955 Thread 0x0000000014cd9000 1536       2       com.android.dx.dex.file.AnnotationsDirectoryItem::itemType (4 bytes)
Event: 0.955 Thread 0x0000000014cd9000 nmethod 1536 0x0000000002b82a90 code [0x0000000002b82be0, 0x0000000002b82d30]
Event: 0.955 Thread 0x0000000014cd9000 1537       1       com.android.dx.dex.file.StringDataItem::itemType (4 bytes)
Event: 0.955 Thread 0x0000000014cd9000 nmethod 1537 0x0000000002b82dd0 code [0x0000000002b82f20, 0x0000000002b83030]
Event: 0.955 Thread 0x0000000014cd9000 1538       2       com.android.dx.dex.file.DebugInfoItem::itemType (4 bytes)
Event: 0.955 Thread 0x0000000014cd9000 nmethod 1538 0x0000000002b83090 code [0x0000000002b831e0, 0x0000000002b83330]
Event: 0.956 Thread 0x0000000014cd9000 1539       2       com.android.dx.dex.file.OffsettedItem::getAbsoluteOffset (29 bytes)

GC Heap History (10 events):
Event: 0.471 GC heap before
{Heap before GC invocations=9 (full 0):
 PSYoungGen      total 4608K, used 4576K [0x00000000eab00000, 0x00000000eb200000, 0x0000000100000000)
  eden space 3584K, 100% used [0x00000000eab00000,0x00000000eae80000,0x00000000eae80000)
  from space 1024K, 96% used [0x00000000eb000000,0x00000000eb0f8018,0x00000000eb100000)
  to   space 1536K, 0% used [0x00000000eae80000,0x00000000eae80000,0x00000000eb000000)
 ParOldGen       total 129536K, used 1341K [0x00000000c0000000, 0x00000000c7e80000, 0x00000000eab00000)
  object space 129536K, 1% used [0x00000000c0000000,0x00000000c014f448,0x00000000c7e80000)
 Metaspace       used 5143K, capacity 6576K, committed 6784K, reserved 1056768K
  class space    used 545K, capacity 616K, committed 640K, reserved 1048576K
Event: 0.473 GC heap after
Heap after GC invocations=9 (full 0):
 PSYoungGen      total 5120K, used 1504K [0x00000000eab00000, 0x00000000eb400000, 0x0000000100000000)
  eden space 3584K, 0% used [0x00000000eab00000,0x00000000eab00000,0x00000000eae80000)
  from space 1536K, 97% used [0x00000000eae80000,0x00000000eaff8018,0x00000000eb000000)
  to   space 1536K, 0% used [0x00000000eb280000,0x00000000eb280000,0x00000000eb400000)
 ParOldGen       total 129536K, used 1465K [0x00000000c0000000, 0x00000000c7e80000, 0x00000000eab00000)
  object space 129536K, 1% used [0x00000000c0000000,0x00000000c016e7e0,0x00000000c7e80000)
 Metaspace       used 5143K, capacity 6576K, committed 6784K, reserved 1056768K
  class space    used 545K, capacity 616K, committed 640K, reserved 1048576K
}
Event: 0.564 GC heap before
{Heap before GC invocations=10 (full 0):
 PSYoungGen      total 5120K, used 5088K [0x00000000eab00000, 0x00000000eb400000, 0x0000000100000000)
  eden space 3584K, 100% used [0x00000000eab00000,0x00000000eae80000,0x00000000eae80000)
  from space 1536K, 97% used [0x00000000eae80000,0x00000000eaff8018,0x00000000eb000000)
  to   space 1536K, 0% used [0x00000000eb280000,0x00000000eb280000,0x00000000eb400000)
 ParOldGen       total 129536K, used 1465K [0x00000000c0000000, 0x00000000c7e80000, 0x00000000eab00000)
  object space 129536K, 1% used [0x00000000c0000000,0x00000000c016e7e0,0x00000000c7e80000)
 Metaspace       used 5275K, capacity 6704K, committed 6784K, reserved 1056768K
  class space    used 549K, capacity 616K, committed 640K, reserved 1048576K
Event: 0.567 GC heap after
Heap after GC invocations=10 (full 0):
 PSYoungGen      total 7168K, used 1360K [0x00000000eab00000, 0x00000000eb500000, 0x0000000100000000)
  eden space 5632K, 0% used [0x00000000eab00000,0x00000000eab00000,0x00000000eb080000)
  from space 1536K, 88% used [0x00000000eb280000,0x00000000eb3d4010,0x00000000eb400000)
  to   space 2048K, 0% used [0x00000000eb080000,0x00000000eb080000,0x00000000eb280000)
 ParOldGen       total 129536K, used 2267K [0x00000000c0000000, 0x00000000c7e80000, 0x00000000eab00000)
  object space 129536K, 1% used [0x00000000c0000000,0x00000000c0236fa8,0x00000000c7e80000)
 Metaspace       used 5275K, capacity 6704K, committed 6784K, reserved 1056768K
  class space    used 549K, capacity 616K, committed 640K, reserved 1048576K
}
Event: 0.642 GC heap before
{Heap before GC invocations=11 (full 0):
 PSYoungGen      total 7168K, used 6992K [0x00000000eab00000, 0x00000000eb500000, 0x0000000100000000)
  eden space 5632K, 100% used [0x00000000eab00000,0x00000000eb080000,0x00000000eb080000)
  from space 1536K, 88% used [0x00000000eb280000,0x00000000eb3d4010,0x00000000eb400000)
  to   space 2048K, 0% used [0x00000000eb080000,0x00000000eb080000,0x00000000eb280000)
 ParOldGen       total 129536K, used 2267K [0x00000000c0000000, 0x00000000c7e80000, 0x00000000eab00000)
  object space 129536K, 1% used [0x00000000c0000000,0x00000000c0236fa8,0x00000000c7e80000)
 Metaspace       used 5327K, capacity 6704K, committed 6784K, reserved 1056768K
  class space    used 550K, capacity 616K, committed 640K, reserved 1048576K
Event: 0.645 GC heap after
Heap after GC invocations=11 (full 0):
 PSYoungGen      total 7680K, used 1364K [0x00000000eab00000, 0x00000000eb800000, 0x0000000100000000)
  eden space 5632K, 0% used [0x00000000eab00000,0x00000000eab00000,0x00000000eb080000)
  from space 2048K, 66% used [0x00000000eb080000,0x00000000eb1d5320,0x00000000eb280000)
  to   space 2048K, 0% used [0x00000000eb600000,0x00000000eb600000,0x00000000eb800000)
 ParOldGen       total 129536K, used 3516K [0x00000000c0000000, 0x00000000c7e80000, 0x00000000eab00000)
  object space 129536K, 2% used [0x00000000c0000000,0x00000000c036f200,0x00000000c7e80000)
 Metaspace       used 5327K, capacity 6704K, committed 6784K, reserved 1056768K
  class space    used 550K, capacity 616K, committed 640K, reserved 1048576K
}
Event: 0.722 GC heap before
{Heap before GC invocations=12 (full 0):
 PSYoungGen      total 7680K, used 6996K [0x00000000eab00000, 0x00000000eb800000, 0x0000000100000000)
  eden space 5632K, 100% used [0x00000000eab00000,0x00000000eb080000,0x00000000eb080000)
  from space 2048K, 66% used [0x00000000eb080000,0x00000000eb1d5320,0x00000000eb280000)
  to   space 2048K, 0% used [0x00000000eb600000,0x00000000eb600000,0x00000000eb800000)
 ParOldGen       total 129536K, used 3516K [0x00000000c0000000, 0x00000000c7e80000, 0x00000000eab00000)
  object space 129536K, 2% used [0x00000000c0000000,0x00000000c036f200,0x00000000c7e80000)
 Metaspace       used 5361K, capacity 6768K, committed 7040K, reserved 1056768K
  class space    used 550K, capacity 616K, committed 640K, reserved 1048576K
Event: 0.725 GC heap after
Heap after GC invocations=12 (full 0):
 PSYoungGen      total 11264K, used 1248K [0x00000000eab00000, 0x00000000eb800000, 0x0000000100000000)
  eden space 9216K, 0% used [0x00000000eab00000,0x00000000eab00000,0x00000000eb400000)
  from space 2048K, 60% used [0x00000000eb600000,0x00000000eb738000,0x00000000eb800000)
  to   space 2048K, 0% used [0x00000000eb400000,0x00000000eb400000,0x00000000eb600000)
 ParOldGen       total 129536K, used 4505K [0x00000000c0000000, 0x00000000c7e80000, 0x00000000eab00000)
  object space 129536K, 3% used [0x00000000c0000000,0x00000000c0466520,0x00000000c7e80000)
 Metaspace       used 5361K, capacity 6768K, committed 7040K, reserved 1056768K
  class space    used 550K, capacity 616K, committed 640K, reserved 1048576K
}
Event: 0.841 GC heap before
{Heap before GC invocations=13 (full 0):
 PSYoungGen      total 11264K, used 10220K [0x00000000eab00000, 0x00000000eb800000, 0x0000000100000000)
  eden space 9216K, 97% used [0x00000000eab00000,0x00000000eb3c3338,0x00000000eb400000)
  from space 2048K, 60% used [0x00000000eb600000,0x00000000eb738000,0x00000000eb800000)
  to   space 2048K, 0% used [0x00000000eb400000,0x00000000eb400000,0x00000000eb600000)
 ParOldGen       total 129536K, used 4505K [0x00000000c0000000, 0x00000000c7e80000, 0x00000000eab00000)
  object space 129536K, 3% used [0x00000000c0000000,0x00000000c0466520,0x00000000c7e80000)
 Metaspace       used 5415K, capacity 6768K, committed 7040K, reserved 1056768K
  class space    used 550K, capacity 616K, committed 640K, reserved 1048576K
Event: 0.844 GC heap after
Heap after GC invocations=13 (full 0):
 PSYoungGen      total 11264K, used 1710K [0x00000000eab00000, 0x00000000ebd80000, 0x0000000100000000)
  eden space 9216K, 0% used [0x00000000eab00000,0x00000000eab00000,0x00000000eb400000)
  from space 2048K, 83% used [0x00000000eb400000,0x00000000eb5abb30,0x00000000eb600000)
  to   space 2048K, 0% used [0x00000000ebb80000,0x00000000ebb80000,0x00000000ebd80000)
 ParOldGen       total 129536K, used 5563K [0x00000000c0000000, 0x00000000c7e80000, 0x00000000eab00000)
  object space 129536K, 4% used [0x00000000c0000000,0x00000000c056ee00,0x00000000c7e80000)
 Metaspace       used 5415K, capacity 6768K, committed 7040K, reserved 1056768K
  class space    used 550K, capacity 616K, committed 640K, reserved 1048576K
}

Deoptimization events (10 events):
Event: 0.864 Thread 0x00000000024fd800 Uncommon trap: reason=class_check action=maybe_recompile pc=0x0000000002a64800 method=java.util.Arrays.hashCode([Ljava/lang/Object;)I @ 43
Event: 0.870 Thread 0x00000000024fd800 Uncommon trap: reason=bimorphic action=maybe_recompile pc=0x0000000002a3a078 method=java.util.HashMap.putVal(ILjava/lang/Object;Ljava/lang/Object;ZZ)Ljava/lang/Object; @ 203
Event: 0.870 Thread 0x00000000024fd800 Uncommon trap: reason=bimorphic action=maybe_recompile pc=0x0000000002b0413c method=java.util.Arrays.hashCode([Ljava/lang/Object;)I @ 43
Event: 0.870 Thread 0x00000000024fd800 Uncommon trap: reason=bimorphic action=maybe_recompile pc=0x0000000002b0413c method=java.util.Arrays.hashCode([Ljava/lang/Object;)I @ 43
Event: 0.870 Thread 0x00000000024fd800 Uncommon trap: reason=bimorphic action=maybe_recompile pc=0x0000000002b0413c method=java.util.Arrays.hashCode([Ljava/lang/Object;)I @ 43
Event: 0.870 Thread 0x00000000024fd800 Uncommon trap: reason=bimorphic action=maybe_recompile pc=0x0000000002b0413c method=java.util.Arrays.hashCode([Ljava/lang/Object;)I @ 43
Event: 0.870 Thread 0x00000000024fd800 Uncommon trap: reason=bimorphic action=maybe_recompile pc=0x0000000002a3a078 method=java.util.HashMap.putVal(ILjava/lang/Object;Ljava/lang/Object;ZZ)Ljava/lang/Object; @ 203
Event: 0.870 Thread 0x00000000024fd800 Uncommon trap: reason=bimorphic action=maybe_recompile pc=0x0000000002a3a078 method=java.util.HashMap.putVal(ILjava/lang/Object;Ljava/lang/Object;ZZ)Ljava/lang/Object; @ 203
Event: 0.870 Thread 0x00000000024fd800 Uncommon trap: reason=bimorphic action=maybe_recompile pc=0x0000000002a3a078 method=java.util.HashMap.putVal(ILjava/lang/Object;Ljava/lang/Object;ZZ)Ljava/lang/Object; @ 203
Event: 0.870 Thread 0x00000000024fd800 Uncommon trap: reason=bimorphic action=maybe_recompile pc=0x00000000029ea794 method=java.util.HashMap.putVal(ILjava/lang/Object;Ljava/lang/Object;ZZ)Ljava/lang/Object; @ 203

Internal exceptions (10 events):
Event: 0.906 Thread 0x00000000024fd800 Exception <a 'java/security/PrivilegedActionException'> (0x00000000eb063a60) thrown at [D:\re\workspace\8-2-build-windows-amd64-cygwin\jdk8u5\2488\hotspot\src\share\vm\prims\jvm.cpp, line 1248]
Event: 0.907 Thread 0x00000000024fd800 Exception <a 'java/security/PrivilegedActionException'> (0x00000000eb066cc0) thrown at [D:\re\workspace\8-2-build-windows-amd64-cygwin\jdk8u5\2488\hotspot\src\share\vm\prims\jvm.cpp, line 1248]
Event: 0.908 Thread 0x00000000024fd800 Exception <a 'java/security/PrivilegedActionException'> (0x00000000eb06a010) thrown at [D:\re\workspace\8-2-build-windows-amd64-cygwin\jdk8u5\2488\hotspot\src\share\vm\prims\jvm.cpp, line 1248]
Event: 0.938 Thread 0x00000000024fd800 Exception <a 'java/security/PrivilegedActionException'> (0x00000000eb0da300) thrown at [D:\re\workspace\8-2-build-windows-amd64-cygwin\jdk8u5\2488\hotspot\src\share\vm\prims\jvm.cpp, line 1248]
Event: 0.940 Thread 0x00000000024fd800 Exception <a 'java/security/PrivilegedActionException'> (0x00000000eb0e65b0) thrown at [D:\re\workspace\8-2-build-windows-amd64-cygwin\jdk8u5\2488\hotspot\src\share\vm\prims\jvm.cpp, line 1248]
Event: 0.940 Thread 0x00000000024fd800 Exception <a 'java/security/PrivilegedActionException'> (0x00000000eb0e9390) thrown at [D:\re\workspace\8-2-build-windows-amd64-cygwin\jdk8u5\2488\hotspot\src\share\vm\prims\jvm.cpp, line 1248]
Event: 0.947 Thread 0x00000000024fd800 Exception <a 'java/security/PrivilegedActionException'> (0x00000000eb134be0) thrown at [D:\re\workspace\8-2-build-windows-amd64-cygwin\jdk8u5\2488\hotspot\src\share\vm\prims\jvm.cpp, line 1248]
Event: 0.953 Thread 0x00000000024fd800 Exception <a 'java/security/PrivilegedActionException'> (0x00000000eb1638a0) thrown at [D:\re\workspace\8-2-build-windows-amd64-cygwin\jdk8u5\2488\hotspot\src\share\vm\prims\jvm.cpp, line 1248]
Event: 0.954 Thread 0x00000000024fd800 Exception <a 'java/security/PrivilegedActionException'> (0x00000000eb168f70) thrown at [D:\re\workspace\8-2-build-windows-amd64-cygwin\jdk8u5\2488\hotspot\src\share\vm\prims\jvm.cpp, line 1248]
Event: 0.956 Thread 0x00000000024fd800 Exception <a 'java/security/PrivilegedActionException'> (0x00000000eb18af30) thrown at [D:\re\workspace\8-2-build-windows-amd64-cygwin\jdk8u5\2488\hotspot\src\share\vm\prims\jvm.cpp, line 1248]

Events (10 events):
Event: 0.940 loading class com/android/dx/dex/file/DebugInfoEncoder$2
Event: 0.940 loading class com/android/dx/dex/file/DebugInfoEncoder$2 done
Event: 0.947 loading class com/android/dex/EncodedValueCodec
Event: 0.947 loading class com/android/dex/EncodedValueCodec done
Event: 0.953 loading class com/android/dx/dex/file/MapItem
Event: 0.953 loading class com/android/dx/dex/file/MapItem done
Event: 0.954 loading class com/android/dx/dex/file/UniformListItem
Event: 0.954 loading class com/android/dx/dex/file/UniformListItem done
Event: 0.956 loading class com/android/dex/DexFormat
Event: 0.956 loading class com/android/dex/DexFormat done


Dynamic libraries:
0x00007ff6a1890000 - 0x00007ff6a18c4000 	C:\Program Files\Java\jdk1.8.0_05\bin\java.exe
0x00007ffbe49a0000 - 0x00007ffbe4b4c000 	C:\Windows\SYSTEM32\ntdll.dll
0x00007ffbe2f50000 - 0x00007ffbe308e000 	C:\Windows\system32\KERNEL32.DLL
0x00007ffbe1ea0000 - 0x00007ffbe1fb5000 	C:\Windows\system32\KERNELBASE.dll
0x00007ffbdfc40000 - 0x00007ffbdfcce000 	C:\Windows\system32\apphelp.dll
0x00007ffbcb0b0000 - 0x00007ffbcb103000 	C:\Windows\AppPatch\AppPatch64\AcGenral.DLL
0x00007ffbe3290000 - 0x00007ffbe333a000 	C:\Windows\system32\msvcrt.dll
0x00007ffbe18c0000 - 0x00007ffbe18ee000 	C:\Windows\SYSTEM32\SspiCli.dll
0x00007ffbe2030000 - 0x00007ffbe2084000 	C:\Windows\system32\SHLWAPI.dll
0x00007ffbe2ad0000 - 0x00007ffbe2c47000 	C:\Windows\system32\USER32.dll
0x00007ffbe30f0000 - 0x00007ffbe3284000 	C:\Windows\system32\ole32.dll
0x00007ffbe3340000 - 0x00007ffbe4858000 	C:\Windows\system32\SHELL32.dll
0x00007ffbe1090000 - 0x00007ffbe10b1000 	C:\Windows\SYSTEM32\USERENV.dll
0x00007ffbe2c70000 - 0x00007ffbe2d1a000 	C:\Windows\system32\ADVAPI32.dll
0x00007ffbdb930000 - 0x00007ffbdb94e000 	C:\Windows\SYSTEM32\MPR.dll
0x00007ffbe2770000 - 0x00007ffbe28b1000 	C:\Windows\system32\RPCRT4.dll
0x00007ffbe2a70000 - 0x00007ffbe2ac9000 	C:\Windows\SYSTEM32\sechost.dll
0x00007ffbe2150000 - 0x00007ffbe2361000 	C:\Windows\SYSTEM32\combase.dll
0x00007ffbe2d20000 - 0x00007ffbe2e71000 	C:\Windows\system32\GDI32.dll
0x00007ffbe1af0000 - 0x00007ffbe1b05000 	C:\Windows\SYSTEM32\profapi.dll
0x00007ffbdfb80000 - 0x00007ffbdfc32000 	C:\Windows\SYSTEM32\SHCORE.dll
0x00007ffbe3090000 - 0x00007ffbe30c6000 	C:\Windows\system32\IMM32.DLL
0x00007ffbe2610000 - 0x00007ffbe2762000 	C:\Windows\system32\MSCTF.dll
0x00007ffbdf360000 - 0x00007ffbdf5db000 	C:\Windows\WinSxS\amd64_microsoft.windows.common-controls_6595b64144ccf1df_6.0.9600.17415_none_6240486fecbd8abb\COMCTL32.dll
0x000000006ef10000 - 0x000000006efe2000 	C:\Program Files\Java\jdk1.8.0_05\jre\bin\msvcr100.dll
0x000000006f650000 - 0x000000006fe7a000 	C:\Program Files\Java\jdk1.8.0_05\jre\bin\server\jvm.dll
0x00007ffbde8c0000 - 0x00007ffbde8c9000 	C:\Windows\SYSTEM32\WSOCK32.dll
0x00007ffbde280000 - 0x00007ffbde2a2000 	C:\Windows\SYSTEM32\WINMM.dll
0x00007ffbe30e0000 - 0x00007ffbe30e7000 	C:\Windows\system32\PSAPI.DLL
0x00007ffbe2090000 - 0x00007ffbe20ea000 	C:\Windows\system32\WS2_32.dll
0x00007ffbde250000 - 0x00007ffbde27a000 	C:\Windows\SYSTEM32\WINMMBASE.dll
0x00007ffbe2020000 - 0x00007ffbe2029000 	C:\Windows\system32\NSI.dll
0x00007ffbe1da0000 - 0x00007ffbe1def000 	C:\Windows\SYSTEM32\cfgmgr32.dll
0x00007ffbe08a0000 - 0x00007ffbe08c8000 	C:\Windows\SYSTEM32\DEVOBJ.dll
0x000000006f640000 - 0x000000006f64f000 	C:\Program Files\Java\jdk1.8.0_05\jre\bin\verify.dll
0x000000006f610000 - 0x000000006f638000 	C:\Program Files\Java\jdk1.8.0_05\jre\bin\java.dll
0x000000006f5f0000 - 0x000000006f606000 	C:\Program Files\Java\jdk1.8.0_05\jre\bin\zip.dll
0x00007ffbd4300000 - 0x00007ffbd4489000 	C:\Windows\SYSTEM32\dbghelp.dll

VM Arguments:
jvm_args: -Xmx1024M -Dfile.encoding=windows-1251 -Duser.country=RU -Duser.language=ru -Duser.variant 
java_command: com.android.dx.command.Main --dex --output C:\Users\ivsmirnov\AndroidStudioProjects\KeyRegistrator\app\build\intermediates\dex\release C:\Users\ivsmirnov\AndroidStudioProjects\KeyRegistrator\app\build\intermediates\classes\release C:\Users\ivsmirnov\AndroidStudioProjects\KeyRegistrator\app\build\intermediates\pre-dexed\release\support-annotations-21.0.3-e989365fc30db70a6bc5da98982abfd81f3b8da9.jar C:\Users\ivsmirnov\AndroidStudioProjects\KeyRegistrator\app\build\intermediates\pre-dexed\release\internal_impl-21.0.3-438334cc98a0966ffe03b64427a891d2fb22fcfe.jar C:\Users\ivsmirnov\AndroidStudioProjects\KeyRegistrator\app\build\intermediates\pre-dexed\release\classes-f47f203f0e19c4c2b3a424700b2adc6d73f33a06.jar C:\Users\ivsmirnov\AndroidStudioProjects\KeyRegistrator\app\build\intermediates\pre-dexed\release\classes-364e2bab1ee64e805b6838089cd22374cd9c851c.jar
java_class_path (initial): D:\Users\ivsmirnov\AppData\Local\Android\sdk\build-tools\21.1.2\lib\dx.jar
Launcher Type: SUN_STANDARD

Environment Variables:
JAVA_HOME=C:\Program Files\Java\jdk1.8.0_05
PATH=C:\ProgramData\Oracle\Java\javapath;C:\Windows\system32;C:\Windows;C:\Windows\System32\Wbem;C:\Windows\System32\WindowsPowerShell\v1.0\;C:\Windows\idmu\common;D:\Users\ivsmirnov\AppData\Local\Android\sdk\platform-tools;C:\Program Files (x86)\HL-Server\Servers\NT_95;C:\Program Files\Microsoft SQL Server\100\DTS\Binn\;C:\Program Files (x86)\Microsoft SQL Server\100\Tools\Binn\VSShell\Common7\IDE\;C:\Program Files (x86)\Microsoft SQL Server\100\Tools\Binn\;C:\Program Files\Microsoft SQL Server\100\Tools\Binn\;C:\Program Files (x86)\Microsoft SQL Server\100\DTS\Binn\;C:\Program Files (x86)\Microsoft Visual Studio 9.0\Common7\IDE\PrivateAssemblies\;C:\Program Files (x86)\Common Files\Acronis\SnapAPI\
USERNAME=ivsmirnov
OS=Windows_NT
PROCESSOR_IDENTIFIER=Intel64 Family 6 Model 42 Stepping 7, GenuineIntel



---------------  S Y S T E M  ---------------

OS: Windows 8.1 , 64 bit Build 9600 

CPU:total 4 (4 cores per cpu, 1 threads per core) family 6 model 42 stepping 7, cmov, cx8, fxsr, mmx, sse, sse2, sse3, ssse3, sse4.1, sse4.2, popcnt, avx, aes, clmul, tsc, tscinvbit

Memory: 4k page, physical 8290572k(1044408k free), swap 8290572k(4204k free)

vm_info: Java HotSpot(TM) 64-Bit Server VM (25.5-b02) for windows-amd64 JRE (1.8.0_05-b13), built on Mar 18 2014 01:08:39 by "java_re" with MS VC++ 10.0 (VS2010)

time: Wed May 20 17:51:54 2015
elapsed time: 1 seconds

