#
# There is insufficient memory for the Java Runtime Environment to continue.
# Native memory allocation (malloc) failed to allocate 32744 bytes for ChunkPool::allocate
# Possible reasons:
#   The system is out of physical RAM or swap space
#   In 32 bit mode, the process size limit was hit
# Possible solutions:
#   Reduce memory load on the system
#   Increase physical memory or swap space
#   Check if swap backing store is full
#   Use 64 bit Java on a 64 bit OS
#   Decrease Java heap size (-Xmx/-Xms)
#   Decrease number of Java threads
#   Decrease Java thread stack sizes (-Xss)
#   Set larger code cache with -XX:ReservedCodeCacheSize=
# This output file may be truncated or incomplete.
#
#  Out of Memory Error (allocation.cpp:271), pid=208, tid=6288
#
# JRE version: Java(TM) SE Runtime Environment (8.0_05-b13) (build 1.8.0_05-b13)
# Java VM: Java HotSpot(TM) 64-Bit Server VM (25.5-b02 mixed mode windows-amd64 compressed oops)
# Failed to write core dump. Minidumps are not enabled by default on client versions of Windows
#

---------------  T H R E A D  ---------------

Current thread (0x000000001517b800):  JavaThread "C2 CompilerThread0" daemon [_thread_in_native, id=6288, stack(0x00000000166f0000,0x00000000167f0000)]

Stack: [0x00000000166f0000,0x00000000167f0000]
Native frames: (J=compiled Java code, j=interpreted, Vv=VM code, C=native code)
V  [jvm.dll+0x308dea]


Current CompileTask:
C2:   2070 1320   !   4       com.android.dx.cf.code.BytecodeArray::parseInstruction (2764 bytes)


---------------  P R O C E S S  ---------------

Java Threads: ( => current thread )
  0x00000000151da000 JavaThread "Service Thread" daemon [_thread_blocked, id=1360, stack(0x00000000169f0000,0x0000000016af0000)]
  0x00000000151d3000 JavaThread "C1 CompilerThread2" daemon [_thread_in_native, id=5232, stack(0x00000000168f0000,0x00000000169f0000)]
  0x00000000151cd000 JavaThread "C2 CompilerThread1" daemon [_thread_in_native, id=5676, stack(0x00000000167f0000,0x00000000168f0000)]
=>0x000000001517b800 JavaThread "C2 CompilerThread0" daemon [_thread_in_native, id=6288, stack(0x00000000166f0000,0x00000000167f0000)]
  0x000000001517a800 JavaThread "Attach Listener" daemon [_thread_blocked, id=5820, stack(0x00000000165f0000,0x00000000166f0000)]
  0x0000000015178800 JavaThread "Signal Dispatcher" daemon [_thread_blocked, id=2944, stack(0x00000000164f0000,0x00000000165f0000)]
  0x0000000002aa4800 JavaThread "Finalizer" daemon [_thread_blocked, id=4492, stack(0x00000000163f0000,0x00000000164f0000)]
  0x0000000015147800 JavaThread "Reference Handler" daemon [_thread_blocked, id=6976, stack(0x00000000162f0000,0x00000000163f0000)]
  0x00000000029b0800 JavaThread "main" [_thread_in_Java, id=6796, stack(0x00000000028b0000,0x00000000029b0000)]

Other Threads:
  0x0000000015146800 VMThread [stack: 0x00000000161f0000,0x00000000162f0000] [id=6176]
  0x00000000151dd800 WatcherThread [stack: 0x0000000016ef0000,0x0000000016ff0000] [id=1772]

VM state:not at safepoint (normal execution)

VM Mutex/Monitor currently owned by a thread: None

Heap:
 PSYoungGen      total 7680K, used 6566K [0x00000000eab00000, 0x00000000eb800000, 0x0000000100000000)
  eden space 6144K, 89% used [0x00000000eab00000,0x00000000eb0599d0,0x00000000eb100000)
  from space 1536K, 70% used [0x00000000eb100000,0x00000000eb210000,0x00000000eb280000)
  to   space 1536K, 0% used [0x00000000eb680000,0x00000000eb680000,0x00000000eb800000)
 ParOldGen       total 129536K, used 2922K [0x00000000c0000000, 0x00000000c7e80000, 0x00000000eab00000)
  object space 129536K, 2% used [0x00000000c0000000,0x00000000c02daa28,0x00000000c7e80000)
 Metaspace       used 5508K, capacity 6832K, committed 7040K, reserved 1056768K
  class space    used 556K, capacity 616K, committed 640K, reserved 1048576K

Card table byte_map: [0x0000000011e70000,0x0000000012080000] byte_map_base: 0x0000000011870000

Marking Bits: (ParMarkBitMap*) 0x000000006e6313b0
 Begin Bits: [0x00000000125e0000, 0x00000000135e0000)
 End Bits:   [0x00000000135e0000, 0x00000000145e0000)

Polling page: 0x0000000000ec0000

CodeCache: size=245760Kb used=5187Kb max_used=5199Kb free=240572Kb
 bounds [0x0000000002ab0000, 0x0000000002fd0000, 0x0000000011ab0000]
 total_blobs=1577 nmethods=1313 adapters=174
 compilation: enabled

Compilation events (10 events):
Event: 2.063 Thread 0x000000001517b800 1315       4       com.android.dx.cf.iface.StdAttributeList::findFirst (44 bytes)
Event: 2.064 Thread 0x00000000151d3000 1316       3       com.android.dx.ssa.SCCP::<init> (142 bytes)
Event: 2.064 Thread 0x000000001517b800 nmethod 1315 0x0000000002fb71d0 code [0x0000000002fb7320, 0x0000000002fb7458]
Event: 2.065 Thread 0x00000000151d3000 nmethod 1316 0x0000000002fbffd0 code [0x0000000002fc0240, 0x0000000002fc12c8]
Event: 2.065 Thread 0x00000000151d3000 1318       3       com.android.dx.cf.direct.StdAttributeFactory::lineNumberTable (204 bytes)
Event: 2.065 Thread 0x000000001517b800 1319       4       com.android.dx.cf.iface.StdAttributeList::findFirst (44 bytes)
Event: 2.067 Thread 0x00000000151d3000 nmethod 1318 0x0000000002fc1bd0 code [0x0000000002fc2060, 0x0000000002fc4b18]
Event: 2.067 Thread 0x00000000151d3000 1317       3       com.android.dx.cf.direct.StdAttributeFactory::code (613 bytes)
Event: 2.067 Thread 0x000000001517b800 nmethod 1319 0x0000000002fb6a90 code [0x0000000002fb6be0, 0x0000000002fb6e98]
Event: 2.067 Thread 0x000000001517b800 1320   !   4       com.android.dx.cf.code.BytecodeArray::parseInstruction (2764 bytes)

GC Heap History (10 events):
Event: 1.029 GC heap before
{Heap before GC invocations=7 (full 0):
 PSYoungGen      total 3072K, used 2908K [0x00000000eab00000, 0x00000000eaf00000, 0x0000000100000000)
  eden space 2048K, 99% used [0x00000000eab00000,0x00000000eacfffe0,0x00000000ead00000)
  from space 1024K, 84% used [0x00000000eae00000,0x00000000eaed7170,0x00000000eaf00000)
  to   space 1024K, 0% used [0x00000000ead00000,0x00000000ead00000,0x00000000eae00000)
 ParOldGen       total 129536K, used 735K [0x00000000c0000000, 0x00000000c7e80000, 0x00000000eab00000)
  object space 129536K, 0% used [0x00000000c0000000,0x00000000c00b7c08,0x00000000c7e80000)
 Metaspace       used 4548K, capacity 5968K, committed 6272K, reserved 1056768K
  class space    used 510K, capacity 584K, committed 640K, reserved 1048576K
Event: 1.033 GC heap after
Heap after GC invocations=7 (full 0):
 PSYoungGen      total 3072K, used 797K [0x00000000eab00000, 0x00000000eb100000, 0x0000000100000000)
  eden space 2048K, 0% used [0x00000000eab00000,0x00000000eab00000,0x00000000ead00000)
  from space 1024K, 77% used [0x00000000ead00000,0x00000000eadc7618,0x00000000eae00000)
  to   space 1024K, 0% used [0x00000000eb000000,0x00000000eb000000,0x00000000eb100000)
 ParOldGen       total 129536K, used 1139K [0x00000000c0000000, 0x00000000c7e80000, 0x00000000eab00000)
  object space 129536K, 0% used [0x00000000c0000000,0x00000000c011cca0,0x00000000c7e80000)
 Metaspace       used 4548K, capacity 5968K, committed 6272K, reserved 1056768K
  class space    used 510K, capacity 584K, committed 640K, reserved 1048576K
}
Event: 1.127 GC heap before
{Heap before GC invocations=8 (full 0):
 PSYoungGen      total 3072K, used 2845K [0x00000000eab00000, 0x00000000eb100000, 0x0000000100000000)
  eden space 2048K, 100% used [0x00000000eab00000,0x00000000ead00000,0x00000000ead00000)
  from space 1024K, 77% used [0x00000000ead00000,0x00000000eadc7618,0x00000000eae00000)
  to   space 1024K, 0% used [0x00000000eb000000,0x00000000eb000000,0x00000000eb100000)
 ParOldGen       total 129536K, used 1139K [0x00000000c0000000, 0x00000000c7e80000, 0x00000000eab00000)
  object space 129536K, 0% used [0x00000000c0000000,0x00000000c011cca0,0x00000000c7e80000)
 Metaspace       used 4973K, capacity 6320K, committed 6528K, reserved 1056768K
  class space    used 545K, capacity 616K, committed 640K, reserved 1048576K
Event: 1.145 GC heap after
Heap after GC invocations=8 (full 0):
 PSYoungGen      total 4608K, used 944K [0x00000000eab00000, 0x00000000eb200000, 0x0000000100000000)
  eden space 3584K, 0% used [0x00000000eab00000,0x00000000eab00000,0x00000000eae80000)
  from space 1024K, 92% used [0x00000000eb000000,0x00000000eb0ec350,0x00000000eb100000)
  to   space 1536K, 0% used [0x00000000eae80000,0x00000000eae80000,0x00000000eb000000)
 ParOldGen       total 129536K, used 1198K [0x00000000c0000000, 0x00000000c7e80000, 0x00000000eab00000)
  object space 129536K, 0% used [0x00000000c0000000,0x00000000c012bad0,0x00000000c7e80000)
 Metaspace       used 4973K, capacity 6320K, committed 6528K, reserved 1056768K
  class space    used 545K, capacity 616K, committed 640K, reserved 1048576K
}
Event: 1.371 GC heap before
{Heap before GC invocations=9 (full 0):
 PSYoungGen      total 4608K, used 4528K [0x00000000eab00000, 0x00000000eb200000, 0x0000000100000000)
  eden space 3584K, 100% used [0x00000000eab00000,0x00000000eae80000,0x00000000eae80000)
  from space 1024K, 92% used [0x00000000eb000000,0x00000000eb0ec350,0x00000000eb100000)
  to   space 1536K, 0% used [0x00000000eae80000,0x00000000eae80000,0x00000000eb000000)
 ParOldGen       total 129536K, used 1198K [0x00000000c0000000, 0x00000000c7e80000, 0x00000000eab00000)
  object space 129536K, 0% used [0x00000000c0000000,0x00000000c012bad0,0x00000000c7e80000)
 Metaspace       used 5286K, capacity 6640K, committed 6784K, reserved 1056768K
  class space    used 555K, capacity 616K, committed 640K, reserved 1048576K
Event: 1.472 GC heap after
Heap after GC invocations=9 (full 0):
 PSYoungGen      total 5120K, used 1216K [0x00000000eab00000, 0x00000000eb400000, 0x0000000100000000)
  eden space 3584K, 0% used [0x00000000eab00000,0x00000000eab00000,0x00000000eae80000)
  from space 1536K, 79% used [0x00000000eae80000,0x00000000eafb0018,0x00000000eb000000)
  to   space 1536K, 0% used [0x00000000eb280000,0x00000000eb280000,0x00000000eb400000)
 ParOldGen       total 129536K, used 1299K [0x00000000c0000000, 0x00000000c7e80000, 0x00000000eab00000)
  object space 129536K, 1% used [0x00000000c0000000,0x00000000c0144e68,0x00000000c7e80000)
 Metaspace       used 5286K, capacity 6640K, committed 6784K, reserved 1056768K
  class space    used 555K, capacity 616K, committed 640K, reserved 1048576K
}
Event: 1.604 GC heap before
{Heap before GC invocations=10 (full 0):
 PSYoungGen      total 5120K, used 4800K [0x00000000eab00000, 0x00000000eb400000, 0x0000000100000000)
  eden space 3584K, 100% used [0x00000000eab00000,0x00000000eae80000,0x00000000eae80000)
  from space 1536K, 79% used [0x00000000eae80000,0x00000000eafb0018,0x00000000eb000000)
  to   space 1536K, 0% used [0x00000000eb280000,0x00000000eb280000,0x00000000eb400000)
 ParOldGen       total 129536K, used 1299K [0x00000000c0000000, 0x00000000c7e80000, 0x00000000eab00000)
  object space 129536K, 1% used [0x00000000c0000000,0x00000000c0144e68,0x00000000c7e80000)
 Metaspace       used 5374K, capacity 6704K, committed 6784K, reserved 1056768K
  class space    used 555K, capacity 616K, committed 640K, reserved 1048576K
Event: 1.629 GC heap after
Heap after GC invocations=10 (full 0):
 PSYoungGen      total 7680K, used 1216K [0x00000000eab00000, 0x00000000eb400000, 0x0000000100000000)
  eden space 6144K, 0% used [0x00000000eab00000,0x00000000eab00000,0x00000000eb100000)
  from space 1536K, 79% used [0x00000000eb280000,0x00000000eb3b0000,0x00000000eb400000)
  to   space 1536K, 0% used [0x00000000eb100000,0x00000000eb100000,0x00000000eb280000)
 ParOldGen       total 129536K, used 1807K [0x00000000c0000000, 0x00000000c7e80000, 0x00000000eab00000)
  object space 129536K, 1% used [0x00000000c0000000,0x00000000c01c3e90,0x00000000c7e80000)
 Metaspace       used 5374K, capacity 6704K, committed 6784K, reserved 1056768K
  class space    used 555K, capacity 616K, committed 640K, reserved 1048576K
}
Event: 1.882 GC heap before
{Heap before GC invocations=11 (full 0):
 PSYoungGen      total 7680K, used 7360K [0x00000000eab00000, 0x00000000eb400000, 0x0000000100000000)
  eden space 6144K, 100% used [0x00000000eab00000,0x00000000eb100000,0x00000000eb100000)
  from space 1536K, 79% used [0x00000000eb280000,0x00000000eb3b0000,0x00000000eb400000)
  to   space 1536K, 0% used [0x00000000eb100000,0x00000000eb100000,0x00000000eb280000)
 ParOldGen       total 129536K, used 1807K [0x00000000c0000000, 0x00000000c7e80000, 0x00000000eab00000)
  object space 129536K, 1% used [0x00000000c0000000,0x00000000c01c3e90,0x00000000c7e80000)
 Metaspace       used 5481K, capacity 6832K, committed 7040K, reserved 1056768K
  class space    used 556K, capacity 616K, committed 640K, reserved 1048576K
Event: 1.900 GC heap after
Heap after GC invocations=11 (full 0):
 PSYoungGen      total 7680K, used 1088K [0x00000000eab00000, 0x00000000eb800000, 0x0000000100000000)
  eden space 6144K, 0% used [0x00000000eab00000,0x00000000eab00000,0x00000000eb100000)
  from space 1536K, 70% used [0x00000000eb100000,0x00000000eb210000,0x00000000eb280000)
  to   space 1536K, 0% used [0x00000000eb680000,0x00000000eb680000,0x00000000eb800000)
 ParOldGen       total 129536K, used 2922K [0x00000000c0000000, 0x00000000c7e80000, 0x00000000eab00000)
  object space 129536K, 2% used [0x00000000c0000000,0x00000000c02daa28,0x00000000c7e80000)
 Metaspace       used 5481K, capacity 6832K, committed 7040K, reserved 1056768K
  class space    used 556K, capacity 616K, committed 640K, reserved 1048576K
}

Deoptimization events (9 events):
Event: 1.277 Thread 0x00000000029b0800 Uncommon trap: reason=class_check action=maybe_recompile pc=0x0000000002d6bc30 method=com.android.dx.ssa.NormalSsaInsn.accept(Lcom/android/dx/ssa/SsaInsn$Visitor;)V @ 9
Event: 1.277 Thread 0x00000000029b0800 Uncommon trap: reason=class_check action=maybe_recompile pc=0x0000000002d6bc30 method=com.android.dx.ssa.NormalSsaInsn.accept(Lcom/android/dx/ssa/SsaInsn$Visitor;)V @ 9
Event: 1.278 Thread 0x00000000029b0800 Uncommon trap: reason=class_check action=maybe_recompile pc=0x0000000002d6bc30 method=com.android.dx.ssa.NormalSsaInsn.accept(Lcom/android/dx/ssa/SsaInsn$Visitor;)V @ 9
Event: 1.278 Thread 0x00000000029b0800 Uncommon trap: reason=class_check action=maybe_recompile pc=0x0000000002d6bc30 method=com.android.dx.ssa.NormalSsaInsn.accept(Lcom/android/dx/ssa/SsaInsn$Visitor;)V @ 9
Event: 1.872 Thread 0x00000000029b0800 Uncommon trap: reason=null_check action=make_not_entrant pc=0x0000000002e554e0 method=com.android.dx.rop.type.Type.equals(Ljava/lang/Object;)Z @ 8
Event: 2.064 Thread 0x00000000029b0800 Uncommon trap: reason=class_check action=maybe_recompile pc=0x0000000002fb73e0 method=com.android.dx.cf.iface.StdAttributeList.findFirst(Ljava/lang/String;)Lcom/android/dx/cf/iface/Attribute; @ 21
Event: 2.064 Thread 0x00000000029b0800 Uncommon trap: reason=class_check action=maybe_recompile pc=0x0000000002fb73e0 method=com.android.dx.cf.iface.StdAttributeList.findFirst(Ljava/lang/String;)Lcom/android/dx/cf/iface/Attribute; @ 21
Event: 2.064 Thread 0x00000000029b0800 Uncommon trap: reason=class_check action=maybe_recompile pc=0x0000000002fb73e0 method=com.android.dx.cf.iface.StdAttributeList.findFirst(Ljava/lang/String;)Lcom/android/dx/cf/iface/Attribute; @ 21
Event: 2.064 Thread 0x00000000029b0800 Uncommon trap: reason=class_check action=maybe_recompile pc=0x0000000002fb73e0 method=com.android.dx.cf.iface.StdAttributeList.findFirst(Ljava/lang/String;)Lcom/android/dx/cf/iface/Attribute; @ 21

Internal exceptions (10 events):
Event: 1.168 Thread 0x00000000029b0800 Exception <a 'java/security/PrivilegedActionException'> (0x00000000eab77528) thrown at [D:\re\workspace\8-2-build-windows-amd64-cygwin\jdk8u5\2488\hotspot\src\share\vm\prims\jvm.cpp, line 1248]
Event: 1.170 Thread 0x00000000029b0800 Exception <a 'java/security/PrivilegedActionException'> (0x00000000eab7d050) thrown at [D:\re\workspace\8-2-build-windows-amd64-cygwin\jdk8u5\2488\hotspot\src\share\vm\prims\jvm.cpp, line 1248]
Event: 1.171 Thread 0x00000000029b0800 Exception <a 'java/security/PrivilegedActionException'> (0x00000000eab82160) thrown at [D:\re\workspace\8-2-build-windows-amd64-cygwin\jdk8u5\2488\hotspot\src\share\vm\prims\jvm.cpp, line 1248]
Event: 1.237 Thread 0x00000000029b0800 Exception <a 'java/security/PrivilegedActionException'> (0x00000000eac06c48) thrown at [D:\re\workspace\8-2-build-windows-amd64-cygwin\jdk8u5\2488\hotspot\src\share\vm\prims\jvm.cpp, line 1248]
Event: 1.304 Thread 0x00000000029b0800 Exception <a 'java/security/PrivilegedActionException'> (0x00000000ead02200) thrown at [D:\re\workspace\8-2-build-windows-amd64-cygwin\jdk8u5\2488\hotspot\src\share\vm\prims\jvm.cpp, line 1248]
Event: 1.318 Thread 0x00000000029b0800 Exception <a 'java/security/PrivilegedActionException'> (0x00000000ead531a8) thrown at [D:\re\workspace\8-2-build-windows-amd64-cygwin\jdk8u5\2488\hotspot\src\share\vm\prims\jvm.cpp, line 1248]
Event: 1.324 Thread 0x00000000029b0800 Exception <a 'java/security/PrivilegedActionException'> (0x00000000ead5f2d8) thrown at [D:\re\workspace\8-2-build-windows-amd64-cygwin\jdk8u5\2488\hotspot\src\share\vm\prims\jvm.cpp, line 1248]
Event: 1.663 Thread 0x00000000029b0800 Exception <a 'java/security/PrivilegedActionException'> (0x00000000eacb3330) thrown at [D:\re\workspace\8-2-build-windows-amd64-cygwin\jdk8u5\2488\hotspot\src\share\vm\prims\jvm.cpp, line 1248]
Event: 1.800 Thread 0x00000000029b0800 Exception <a 'java/security/PrivilegedActionException'> (0x00000000eafc61a0) thrown at [D:\re\workspace\8-2-build-windows-amd64-cygwin\jdk8u5\2488\hotspot\src\share\vm\prims\jvm.cpp, line 1248]
Event: 1.872 Thread 0x00000000029b0800 Implicit null exception at 0x0000000002e553e2 to 0x0000000002e554d2

Events (10 events):
Event: 2.064 Thread 0x00000000029b0800 DEOPT UNPACKING pc=0x0000000002af55af sp=0x00000000029ae770 mode 2
Event: 2.064 Thread 0x00000000029b0800 Uncommon trap: trap_request=0xffffffde fr.pc=0x0000000002fb73e0
Event: 2.064 Thread 0x00000000029b0800 DEOPT PACKING pc=0x0000000002fb73e0 sp=0x00000000029ae660
Event: 2.064 Thread 0x00000000029b0800 DEOPT UNPACKING pc=0x0000000002af55af sp=0x00000000029ae5f0 mode 2
Event: 2.064 Thread 0x00000000029b0800 Uncommon trap: trap_request=0xffffffde fr.pc=0x0000000002fb73e0
Event: 2.064 Thread 0x00000000029b0800 DEOPT PACKING pc=0x0000000002fb73e0 sp=0x00000000029ae660
Event: 2.064 Thread 0x00000000029b0800 DEOPT UNPACKING pc=0x0000000002af55af sp=0x00000000029ae5f0 mode 2
Event: 2.064 Thread 0x00000000029b0800 Uncommon trap: trap_request=0xffffffde fr.pc=0x0000000002fb73e0
Event: 2.064 Thread 0x00000000029b0800 DEOPT PACKING pc=0x0000000002fb73e0 sp=0x00000000029ae720
Event: 2.064 Thread 0x00000000029b0800 DEOPT UNPACKING pc=0x0000000002af55af sp=0x00000000029ae6b0 mode 2


Dynamic libraries:
0x00007ff7f1470000 - 0x00007ff7f14a4000 	C:\Program Files\Java\jdk1.8.0_05\bin\java.exe
0x00007ffdc8320000 - 0x00007ffdc84cc000 	C:\Windows\SYSTEM32\ntdll.dll
0x00007ffdc7430000 - 0x00007ffdc756e000 	C:\Windows\system32\KERNEL32.DLL
0x00007ffdc5540000 - 0x00007ffdc5655000 	C:\Windows\system32\KERNELBASE.dll
0x00007ffdc36a0000 - 0x00007ffdc372e000 	C:\Windows\system32\apphelp.dll
0x00007ffdb7b30000 - 0x00007ffdb7b83000 	C:\Windows\AppPatch\AppPatch64\AcGenral.DLL
0x00007ffdc8000000 - 0x00007ffdc80aa000 	C:\Windows\system32\msvcrt.dll
0x00007ffdc5240000 - 0x00007ffdc526e000 	C:\Windows\SYSTEM32\SspiCli.dll
0x00007ffdc7300000 - 0x00007ffdc7354000 	C:\Windows\system32\SHLWAPI.dll
0x00007ffdc7dc0000 - 0x00007ffdc7f37000 	C:\Windows\system32\USER32.dll
0x00007ffdc59a0000 - 0x00007ffdc5b34000 	C:\Windows\system32\ole32.dll
0x00007ffdc5b50000 - 0x00007ffdc7068000 	C:\Windows\system32\SHELL32.dll
0x00007ffdc4a10000 - 0x00007ffdc4a31000 	C:\Windows\SYSTEM32\USERENV.dll
0x00007ffdc7240000 - 0x00007ffdc72ea000 	C:\Windows\system32\ADVAPI32.dll
0x00007ffdbf1c0000 - 0x00007ffdbf1de000 	C:\Windows\SYSTEM32\MPR.dll
0x00007ffdc7720000 - 0x00007ffdc7861000 	C:\Windows\system32\RPCRT4.dll
0x00007ffdc82c0000 - 0x00007ffdc8319000 	C:\Windows\SYSTEM32\sechost.dll
0x00007ffdc7a80000 - 0x00007ffdc7c91000 	C:\Windows\SYSTEM32\combase.dll
0x00007ffdc70d0000 - 0x00007ffdc7221000 	C:\Windows\system32\GDI32.dll
0x00007ffdc5470000 - 0x00007ffdc5485000 	C:\Windows\SYSTEM32\profapi.dll
0x00007ffdc3aa0000 - 0x00007ffdc3b52000 	C:\Windows\SYSTEM32\SHCORE.dll
0x00007ffdc8120000 - 0x00007ffdc8156000 	C:\Windows\system32\IMM32.DLL
0x00007ffdc8160000 - 0x00007ffdc82b2000 	C:\Windows\system32\MSCTF.dll
0x00007ffdc33c0000 - 0x00007ffdc363b000 	C:\Windows\WinSxS\amd64_microsoft.windows.common-controls_6595b64144ccf1df_6.0.9600.17415_none_6240486fecbd8abb\COMCTL32.dll
0x000000006d780000 - 0x000000006d852000 	C:\Program Files\Java\jdk1.8.0_05\jre\bin\msvcr100.dll
0x000000006de80000 - 0x000000006e6aa000 	C:\Program Files\Java\jdk1.8.0_05\jre\bin\server\jvm.dll
0x00007ffdbb310000 - 0x00007ffdbb319000 	C:\Windows\SYSTEM32\WSOCK32.dll
0x00007ffdc0f30000 - 0x00007ffdc0f52000 	C:\Windows\SYSTEM32\WINMM.dll
0x00007ffdc7890000 - 0x00007ffdc7897000 	C:\Windows\system32\PSAPI.DLL
0x00007ffdc7d60000 - 0x00007ffdc7dba000 	C:\Windows\system32\WS2_32.dll
0x00007ffdc0f00000 - 0x00007ffdc0f2a000 	C:\Windows\SYSTEM32\WINMMBASE.dll
0x00007ffdc72f0000 - 0x00007ffdc72f9000 	C:\Windows\system32\NSI.dll
0x00007ffdc5770000 - 0x00007ffdc57bf000 	C:\Windows\SYSTEM32\cfgmgr32.dll
0x00007ffdc4260000 - 0x00007ffdc4288000 	C:\Windows\SYSTEM32\DEVOBJ.dll
0x000000006ef50000 - 0x000000006ef5f000 	C:\Program Files\Java\jdk1.8.0_05\jre\bin\verify.dll
0x000000006de50000 - 0x000000006de78000 	C:\Program Files\Java\jdk1.8.0_05\jre\bin\java.dll
0x000000006de30000 - 0x000000006de46000 	C:\Program Files\Java\jdk1.8.0_05\jre\bin\zip.dll

VM Arguments:
jvm_args: -Xmx1024M -Dfile.encoding=windows-1251 -Duser.country=RU -Duser.language=ru -Duser.variant 
java_command: com.android.dx.command.Main --dex --output C:\Users\ivsmirnov\AndroidStudioProjects\KeyRegistrator\app\build\intermediates\pre-dexed\debug\internal_impl-22.2.0-4fba90dbd391b82df16ae5e09213f8fc95de9230.jar C:\Users\ivsmirnov\AndroidStudioProjects\KeyRegistrator\app\build\intermediates\exploded-aar\com.android.support\support-v4\22.2.0\libs\internal_impl-22.2.0.jar
java_class_path (initial): D:\Users\ivsmirnov\AppData\Local\Android\sdk\build-tools\21.1.2\lib\dx.jar
Launcher Type: SUN_STANDARD

Environment Variables:
JAVA_HOME=C:\Program Files\Java\jdk1.8.0_05
PATH=C:\ProgramData\Oracle\Java\javapath;C:\Windows\system32;C:\Windows;C:\Windows\System32\Wbem;C:\Windows\System32\WindowsPowerShell\v1.0\;C:\Windows\idmu\common;D:\Users\ivsmirnov\AppData\Local\Android\sdk\platform-tools;C:\Program Files (x86)\HL-Server\Servers\NT_95;C:\Program Files\Microsoft SQL Server\100\DTS\Binn\;C:\Program Files (x86)\Microsoft SQL Server\100\Tools\Binn\VSShell\Common7\IDE\;C:\Program Files (x86)\Microsoft SQL Server\100\Tools\Binn\;C:\Program Files\Microsoft SQL Server\100\Tools\Binn\;C:\Program Files (x86)\Microsoft SQL Server\100\DTS\Binn\;C:\Program Files (x86)\Microsoft Visual Studio 9.0\Common7\IDE\PrivateAssemblies\;C:\Program Files (x86)\Common Files\Acronis\SnapAPI\
USERNAME=ivsmirnov
OS=Windows_NT
PROCESSOR_IDENTIFIER=Intel64 Family 6 Model 42 Stepping 7, GenuineIntel



---------------  S Y S T E M  ---------------

OS: Windows 8.1 , 64 bit Build 9600 

CPU:total 4 (4 cores per cpu, 1 threads per core) family 6 model 42 stepping 7, cmov, cx8, fxsr, mmx, sse, sse2, sse3, ssse3, sse4.1, sse4.2, popcnt, avx, aes, clmul, tsc, tscinvbit

Memory: 4k page, physical 8290572k(1663956k free), swap 8290572k(5100k free)

vm_info: Java HotSpot(TM) 64-Bit Server VM (25.5-b02) for windows-amd64 JRE (1.8.0_05-b13), built on Mar 18 2014 01:08:39 by "java_re" with MS VC++ 10.0 (VS2010)

time: Thu Jun 18 17:00:27 2015
elapsed time: 2 seconds

