#
# There is insufficient memory for the Java Runtime Environment to continue.
# Native memory allocation (malloc) failed to allocate 250448 bytes for Chunk::new
# Possible reasons:
#   The system is out of physical RAM or swap space
#   In 32 bit mode, the process size limit was hit
# Possible solutions:
#   Reduce memory load on the system
#   Increase physical memory or swap space
#   Check if swap backing store is full
#   Use 64 bit Java on a 64 bit OS
#   Decrease Java heap size (-Xmx/-Xms)
#   Decrease number of Java threads
#   Decrease Java thread stack sizes (-Xss)
#   Set larger code cache with -XX:ReservedCodeCacheSize=
# This output file may be truncated or incomplete.
#
#  Out of Memory Error (allocation.cpp:388), pid=5572, tid=2532
#
# JRE version: Java(TM) SE Runtime Environment (8.0_05-b13) (build 1.8.0_05-b13)
# Java VM: Java HotSpot(TM) 64-Bit Server VM (25.5-b02 mixed mode windows-amd64 compressed oops)
# Failed to write core dump. Minidumps are not enabled by default on client versions of Windows
#

---------------  T H R E A D  ---------------

Current thread (0x000000001491f800):  JavaThread "C2 CompilerThread1" daemon [_thread_in_native, id=2532, stack(0x0000000015f90000,0x0000000016090000)]

Stack: [0x0000000015f90000,0x0000000016090000]
Native frames: (J=compiled Java code, j=interpreted, Vv=VM code, C=native code)
V  [jvm.dll+0x308dea]
V  [jvm.dll+0x25def1]
V  [jvm.dll+0x25eb0f]
V  [jvm.dll+0x2564e5]
V  [jvm.dll+0xbcfc5]
V  [jvm.dll+0xbd45c]
V  [jvm.dll+0x43adc2]
V  [jvm.dll+0x4af6a5]
V  [jvm.dll+0x4b02df]
V  [jvm.dll+0x440f31]
V  [jvm.dll+0x4436a9]
V  [jvm.dll+0x427532]
V  [jvm.dll+0x96702]
V  [jvm.dll+0x96ef3]
V  [jvm.dll+0x2232c4]
V  [jvm.dll+0x27baca]
C  [msvcr100.dll+0x21d9f]
C  [msvcr100.dll+0x21e3b]
C  [KERNEL32.DLL+0x13d2]
C  [ntdll.dll+0x15444]


Current CompileTask:
C2:    757  981       4       com.android.dx.ssa.back.LivenessAnalyzer::handleTailRecursion (94 bytes)


---------------  P R O C E S S  ---------------

Java Threads: ( => current thread )
  0x000000001497e000 JavaThread "Service Thread" daemon [_thread_blocked, id=7012, stack(0x0000000016590000,0x0000000016690000)]
  0x000000001492f000 JavaThread "C1 CompilerThread2" daemon [_thread_blocked, id=2428, stack(0x0000000016090000,0x0000000016190000)]
=>0x000000001491f800 JavaThread "C2 CompilerThread1" daemon [_thread_in_native, id=2532, stack(0x0000000015f90000,0x0000000016090000)]
  0x000000001491c800 JavaThread "C2 CompilerThread0" daemon [_thread_blocked, id=6920, stack(0x0000000015e90000,0x0000000015f90000)]
  0x000000001491b000 JavaThread "Attach Listener" daemon [_thread_blocked, id=4784, stack(0x0000000015d90000,0x0000000015e90000)]
  0x0000000014919800 JavaThread "Signal Dispatcher" daemon [_thread_blocked, id=3516, stack(0x0000000015c90000,0x0000000015d90000)]
  0x0000000002245800 JavaThread "Finalizer" daemon [_thread_blocked, id=1824, stack(0x0000000015b90000,0x0000000015c90000)]
  0x00000000148e8000 JavaThread "Reference Handler" daemon [_thread_blocked, id=5236, stack(0x0000000015a90000,0x0000000015b90000)]
  0x000000000214d800 JavaThread "main" [_thread_in_native, id=4344, stack(0x0000000001fc0000,0x00000000020c0000)]

Other Threads:
  0x00000000148e6800 VMThread [stack: 0x0000000015990000,0x0000000015a90000] [id=3028]
  0x00000000161c4000 WatcherThread [stack: 0x0000000016690000,0x0000000016790000] [id=7764]

VM state:not at safepoint (normal execution)

VM Mutex/Monitor currently owned by a thread: None

Heap:
 PSYoungGen      total 5632K, used 2314K [0x00000000eab00000, 0x00000000eb200000, 0x0000000100000000)
  eden space 4096K, 19% used [0x00000000eab00000,0x00000000eabca9f8,0x00000000eaf00000)
  from space 1536K, 97% used [0x00000000eb080000,0x00000000eb1f8018,0x00000000eb200000)
  to   space 1536K, 0% used [0x00000000eaf00000,0x00000000eaf00000,0x00000000eb080000)
 ParOldGen       total 129536K, used 2507K [0x00000000c0000000, 0x00000000c7e80000, 0x00000000eab00000)
  object space 129536K, 1% used [0x00000000c0000000,0x00000000c0272fc0,0x00000000c7e80000)
 Metaspace       used 5281K, capacity 6640K, committed 6784K, reserved 1056768K
  class space    used 549K, capacity 616K, committed 640K, reserved 1048576K

Card table byte_map: [0x0000000011610000,0x0000000011820000] byte_map_base: 0x0000000011010000

Marking Bits: (ParMarkBitMap*) 0x000000005c3b13b0
 Begin Bits: [0x0000000011d80000, 0x0000000012d80000)
 End Bits:   [0x0000000012d80000, 0x0000000013d80000)

Polling page: 0x0000000000660000

CodeCache: size=245760Kb used=3798Kb max_used=3813Kb free=241962Kb
 bounds [0x0000000002250000, 0x0000000002610000, 0x0000000011250000]
 total_blobs=1258 nmethods=997 adapters=174
 compilation: disabled (not enough contiguous free space left)

Compilation events (10 events):
Event: 0.657 Thread 0x000000001492f000 nmethod 996 0x0000000002602810 code [0x00000000026029a0, 0x0000000002602ce8]
Event: 0.657 Thread 0x000000001492f000  997       3       com.android.dx.rop.cst.CstKnownNull::hashCode (3 bytes)
Event: 0.657 Thread 0x000000001492f000 nmethod 997 0x0000000002607550 code [0x00000000026076a0, 0x00000000026077f0]
Event: 0.657 Thread 0x000000001492f000  998       3       com.android.dx.rop.code.RegisterSpec::withSimpleType (59 bytes)
Event: 0.657 Thread 0x000000001492f000 nmethod 998 0x0000000002607890 code [0x0000000002607a40, 0x0000000002608188]
Event: 0.657 Thread 0x000000001492f000  999       3       com.android.dx.cf.code.BaseMachine::auxType (6 bytes)
Event: 0.658 Thread 0x000000001492f000 nmethod 999 0x0000000002608350 code [0x00000000026084a0, 0x0000000002608610]
Event: 0.658 Thread 0x000000001492f000 1000       3       com.android.dx.cf.code.ExecutionStack::copy (59 bytes)
Event: 0.658 Thread 0x000000001492f000 nmethod 1000 0x0000000002608690 code [0x0000000002608840, 0x0000000002608ed8]
Event: 0.658 Thread 0x000000001492f000 1003   !   3       com.android.dx.cf.code.Ropper::processBlock (1101 bytes)

GC Heap History (10 events):
Event: 0.121 GC heap before
{Heap before GC invocations=3 (full 0):
 PSYoungGen      total 1536K, used 1520K [0x00000000eab00000, 0x00000000ead00000, 0x0000000100000000)
  eden space 1024K, 100% used [0x00000000eab00000,0x00000000eac00000,0x00000000eac00000)
  from space 512K, 96% used [0x00000000eac80000,0x00000000eacfc010,0x00000000ead00000)
  to   space 512K, 0% used [0x00000000eac00000,0x00000000eac00000,0x00000000eac80000)
 ParOldGen       total 129536K, used 127K [0x00000000c0000000, 0x00000000c7e80000, 0x00000000eab00000)
  object space 129536K, 0% used [0x00000000c0000000,0x00000000c001fcc0,0x00000000c7e80000)
 Metaspace       used 3288K, capacity 4880K, committed 5120K, reserved 1056768K
  class space    used 368K, capacity 456K, committed 512K, reserved 1048576K
Event: 0.122 GC heap after
Heap after GC invocations=3 (full 0):
 PSYoungGen      total 1536K, used 480K [0x00000000eab00000, 0x00000000eae00000, 0x0000000100000000)
  eden space 1024K, 0% used [0x00000000eab00000,0x00000000eab00000,0x00000000eac00000)
  from space 512K, 93% used [0x00000000eac00000,0x00000000eac78020,0x00000000eac80000)
  to   space 512K, 0% used [0x00000000ead80000,0x00000000ead80000,0x00000000eae00000)
 ParOldGen       total 129536K, used 429K [0x00000000c0000000, 0x00000000c7e80000, 0x00000000eab00000)
  object space 129536K, 0% used [0x00000000c0000000,0x00000000c006b740,0x00000000c7e80000)
 Metaspace       used 3288K, capacity 4880K, committed 5120K, reserved 1056768K
  class space    used 368K, capacity 456K, committed 512K, reserved 1048576K
}
Event: 0.152 GC heap before
{Heap before GC invocations=4 (full 0):
 PSYoungGen      total 1536K, used 1504K [0x00000000eab00000, 0x00000000eae00000, 0x0000000100000000)
  eden space 1024K, 100% used [0x00000000eab00000,0x00000000eac00000,0x00000000eac00000)
  from space 512K, 93% used [0x00000000eac00000,0x00000000eac78020,0x00000000eac80000)
  to   space 512K, 0% used [0x00000000ead80000,0x00000000ead80000,0x00000000eae00000)
 ParOldGen       total 129536K, used 429K [0x00000000c0000000, 0x00000000c7e80000, 0x00000000eab00000)
  object space 129536K, 0% used [0x00000000c0000000,0x00000000c006b740,0x00000000c7e80000)
 Metaspace       used 3572K, capacity 5168K, committed 5376K, reserved 1056768K
  class space    used 405K, capacity 488K, committed 512K, reserved 1048576K
Event: 0.153 GC heap after
Heap after GC invocations=4 (full 0):
 PSYoungGen      total 2560K, used 496K [0x00000000eab00000, 0x00000000eae00000, 0x0000000100000000)
  eden space 2048K, 0% used [0x00000000eab00000,0x00000000eab00000,0x00000000ead00000)
  from space 512K, 96% used [0x00000000ead80000,0x00000000eadfc010,0x00000000eae00000)
  to   space 512K, 0% used [0x00000000ead00000,0x00000000ead00000,0x00000000ead80000)
 ParOldGen       total 129536K, used 728K [0x00000000c0000000, 0x00000000c7e80000, 0x00000000eab00000)
  object space 129536K, 0% used [0x00000000c0000000,0x00000000c00b6098,0x00000000c7e80000)
 Metaspace       used 3572K, capacity 5168K, committed 5376K, reserved 1056768K
  class space    used 405K, capacity 488K, committed 512K, reserved 1048576K
}
Event: 0.200 GC heap before
{Heap before GC invocations=5 (full 0):
 PSYoungGen      total 2560K, used 2544K [0x00000000eab00000, 0x00000000eae00000, 0x0000000100000000)
  eden space 2048K, 100% used [0x00000000eab00000,0x00000000ead00000,0x00000000ead00000)
  from space 512K, 96% used [0x00000000ead80000,0x00000000eadfc010,0x00000000eae00000)
  to   space 512K, 0% used [0x00000000ead00000,0x00000000ead00000,0x00000000ead80000)
 ParOldGen       total 129536K, used 728K [0x00000000c0000000, 0x00000000c7e80000, 0x00000000eab00000)
  object space 129536K, 0% used [0x00000000c0000000,0x00000000c00b6098,0x00000000c7e80000)
 Metaspace       used 4229K, capacity 5744K, committed 6016K, reserved 1056768K
  class space    used 472K, capacity 552K, committed 640K, reserved 1048576K
Event: 0.201 GC heap after
Heap after GC invocations=5 (full 0):
 PSYoungGen      total 2560K, used 512K [0x00000000eab00000, 0x00000000eb200000, 0x0000000100000000)
  eden space 2048K, 0% used [0x00000000eab00000,0x00000000eab00000,0x00000000ead00000)
  from space 512K, 100% used [0x00000000ead00000,0x00000000ead80000,0x00000000ead80000)
  to   space 1536K, 0% used [0x00000000eb080000,0x00000000eb080000,0x00000000eb200000)
 ParOldGen       total 129536K, used 1333K [0x00000000c0000000, 0x00000000c7e80000, 0x00000000eab00000)
  object space 129536K, 1% used [0x00000000c0000000,0x00000000c014d428,0x00000000c7e80000)
 Metaspace       used 4229K, capacity 5744K, committed 6016K, reserved 1056768K
  class space    used 472K, capacity 552K, committed 640K, reserved 1048576K
}
Event: 0.250 GC heap before
{Heap before GC invocations=6 (full 0):
 PSYoungGen      total 2560K, used 2560K [0x00000000eab00000, 0x00000000eb200000, 0x0000000100000000)
  eden space 2048K, 100% used [0x00000000eab00000,0x00000000ead00000,0x00000000ead00000)
  from space 512K, 100% used [0x00000000ead00000,0x00000000ead80000,0x00000000ead80000)
  to   space 1536K, 0% used [0x00000000eb080000,0x00000000eb080000,0x00000000eb200000)
 ParOldGen       total 129536K, used 1333K [0x00000000c0000000, 0x00000000c7e80000, 0x00000000eab00000)
  object space 129536K, 1% used [0x00000000c0000000,0x00000000c014d428,0x00000000c7e80000)
 Metaspace       used 4790K, capacity 6224K, committed 6528K, reserved 1056768K
  class space    used 534K, capacity 584K, committed 640K, reserved 1048576K
Event: 0.251 GC heap after
Heap after GC invocations=6 (full 0):
 PSYoungGen      total 5632K, used 1312K [0x00000000eab00000, 0x00000000eb200000, 0x0000000100000000)
  eden space 4096K, 0% used [0x00000000eab00000,0x00000000eab00000,0x00000000eaf00000)
  from space 1536K, 85% used [0x00000000eb080000,0x00000000eb1c8360,0x00000000eb200000)
  to   space 1536K, 0% used [0x00000000eaf00000,0x00000000eaf00000,0x00000000eb080000)
 ParOldGen       total 129536K, used 1341K [0x00000000c0000000, 0x00000000c7e80000, 0x00000000eab00000)
  object space 129536K, 1% used [0x00000000c0000000,0x00000000c014f428,0x00000000c7e80000)
 Metaspace       used 4790K, capacity 6224K, committed 6528K, reserved 1056768K
  class space    used 534K, capacity 584K, committed 640K, reserved 1048576K
}
Event: 0.526 GC heap before
{Heap before GC invocations=7 (full 0):
 PSYoungGen      total 5632K, used 5408K [0x00000000eab00000, 0x00000000eb200000, 0x0000000100000000)
  eden space 4096K, 100% used [0x00000000eab00000,0x00000000eaf00000,0x00000000eaf00000)
  from space 1536K, 85% used [0x00000000eb080000,0x00000000eb1c8360,0x00000000eb200000)
  to   space 1536K, 0% used [0x00000000eaf00000,0x00000000eaf00000,0x00000000eb080000)
 ParOldGen       total 129536K, used 1341K [0x00000000c0000000, 0x00000000c7e80000, 0x00000000eab00000)
  object space 129536K, 1% used [0x00000000c0000000,0x00000000c014f428,0x00000000c7e80000)
 Metaspace       used 5159K, capacity 6576K, committed 6784K, reserved 1056768K
  class space    used 545K, capacity 616K, committed 640K, reserved 1048576K
Event: 0.528 GC heap after
Heap after GC invocations=7 (full 0):
 PSYoungGen      total 5632K, used 1504K [0x00000000eab00000, 0x00000000eb200000, 0x0000000100000000)
  eden space 4096K, 0% used [0x00000000eab00000,0x00000000eab00000,0x00000000eaf00000)
  from space 1536K, 97% used [0x00000000eaf00000,0x00000000eb078018,0x00000000eb080000)
  to   space 1536K, 0% used [0x00000000eb080000,0x00000000eb080000,0x00000000eb200000)
 ParOldGen       total 129536K, used 1731K [0x00000000c0000000, 0x00000000c7e80000, 0x00000000eab00000)
  object space 129536K, 1% used [0x00000000c0000000,0x00000000c01b0fc0,0x00000000c7e80000)
 Metaspace       used 5159K, capacity 6576K, committed 6784K, reserved 1056768K
  class space    used 545K, capacity 616K, committed 640K, reserved 1048576K
}

Deoptimization events (9 events):
Event: 0.479 Thread 0x000000000214d800 Uncommon trap: reason=class_check action=maybe_recompile pc=0x00000000024e2030 method=com.android.dx.ssa.NormalSsaInsn.accept(Lcom/android/dx/ssa/SsaInsn$Visitor;)V @ 9
Event: 0.479 Thread 0x000000000214d800 Uncommon trap: reason=class_check action=maybe_recompile pc=0x00000000024e2030 method=com.android.dx.ssa.NormalSsaInsn.accept(Lcom/android/dx/ssa/SsaInsn$Visitor;)V @ 9
Event: 0.479 Thread 0x000000000214d800 Uncommon trap: reason=class_check action=maybe_recompile pc=0x00000000024e2030 method=com.android.dx.ssa.NormalSsaInsn.accept(Lcom/android/dx/ssa/SsaInsn$Visitor;)V @ 9
Event: 0.480 Thread 0x000000000214d800 Uncommon trap: reason=class_check action=maybe_recompile pc=0x00000000024e2030 method=com.android.dx.ssa.NormalSsaInsn.accept(Lcom/android/dx/ssa/SsaInsn$Visitor;)V @ 9
Event: 0.543 Thread 0x000000000214d800 Uncommon trap: reason=unreached action=reinterpret pc=0x00000000023e6b9c method=com.android.dx.rop.cst.Constant.compareTo(Lcom/android/dx/rop/cst/Constant;)I @ 12
Event: 0.653 Thread 0x000000000214d800 Uncommon trap: reason=class_check action=maybe_recompile pc=0x00000000025970e0 method=com.android.dx.rop.type.Type.equals(Ljava/lang/Object;)Z @ 8
Event: 0.655 Thread 0x000000000214d800 Uncommon trap: reason=class_check action=maybe_recompile pc=0x00000000025970e0 method=com.android.dx.rop.type.Type.equals(Ljava/lang/Object;)Z @ 8
Event: 0.661 Thread 0x000000000214d800 Uncommon trap: reason=class_check action=maybe_recompile pc=0x00000000025970e0 method=com.android.dx.rop.type.Type.equals(Ljava/lang/Object;)Z @ 8
Event: 0.661 Thread 0x000000000214d800 Uncommon trap: reason=class_check action=maybe_recompile pc=0x00000000025970e0 method=com.android.dx.rop.type.Type.equals(Ljava/lang/Object;)Z @ 8

Internal exceptions (10 events):
Event: 0.411 Thread 0x000000000214d800 Exception <a 'java/security/PrivilegedActionException'> (0x00000000eacb9198) thrown at [D:\re\workspace\8-2-build-windows-amd64-cygwin\jdk8u5\2488\hotspot\src\share\vm\prims\jvm.cpp, line 1248]
Event: 0.411 Thread 0x000000000214d800 Exception <a 'java/security/PrivilegedActionException'> (0x00000000eacbc8a0) thrown at [D:\re\workspace\8-2-build-windows-amd64-cygwin\jdk8u5\2488\hotspot\src\share\vm\prims\jvm.cpp, line 1248]
Event: 0.412 Thread 0x000000000214d800 Exception <a 'java/security/PrivilegedActionException'> (0x00000000eacc1750) thrown at [D:\re\workspace\8-2-build-windows-amd64-cygwin\jdk8u5\2488\hotspot\src\share\vm\prims\jvm.cpp, line 1248]
Event: 0.416 Thread 0x000000000214d800 Exception <a 'java/security/PrivilegedActionException'> (0x00000000eacd8d80) thrown at [D:\re\workspace\8-2-build-windows-amd64-cygwin\jdk8u5\2488\hotspot\src\share\vm\prims\jvm.cpp, line 1248]
Event: 0.425 Thread 0x000000000214d800 Exception <a 'java/security/PrivilegedActionException'> (0x00000000ead23940) thrown at [D:\re\workspace\8-2-build-windows-amd64-cygwin\jdk8u5\2488\hotspot\src\share\vm\prims\jvm.cpp, line 1248]
Event: 0.456 Thread 0x000000000214d800 Exception <a 'java/security/PrivilegedActionException'> (0x00000000ead9f060) thrown at [D:\re\workspace\8-2-build-windows-amd64-cygwin\jdk8u5\2488\hotspot\src\share\vm\prims\jvm.cpp, line 1248]
Event: 0.456 Thread 0x000000000214d800 Exception <a 'java/security/PrivilegedActionException'> (0x00000000eada44b0) thrown at [D:\re\workspace\8-2-build-windows-amd64-cygwin\jdk8u5\2488\hotspot\src\share\vm\prims\jvm.cpp, line 1248]
Event: 0.480 Thread 0x000000000214d800 Exception <a 'java/security/PrivilegedActionException'> (0x00000000eae18430) thrown at [D:\re\workspace\8-2-build-windows-amd64-cygwin\jdk8u5\2488\hotspot\src\share\vm\prims\jvm.cpp, line 1248]
Event: 0.644 Thread 0x000000000214d800 Exception <a 'java/security/PrivilegedActionException'> (0x00000000ead4b5f0) thrown at [D:\re\workspace\8-2-build-windows-amd64-cygwin\jdk8u5\2488\hotspot\src\share\vm\prims\jvm.cpp, line 1248]
Event: 0.653 Thread 0x000000000214d800 Exception <a 'java/security/PrivilegedActionException'> (0x00000000eade3640) thrown at [D:\re\workspace\8-2-build-windows-amd64-cygwin\jdk8u5\2488\hotspot\src\share\vm\prims\jvm.cpp, line 1248]

Events (10 events):
Event: 0.654 loading class java/util/HashMap$ValueIterator done
Event: 0.655 Thread 0x000000000214d800 Uncommon trap: trap_request=0xffffffde fr.pc=0x00000000025970e0
Event: 0.655 Thread 0x000000000214d800 DEOPT PACKING pc=0x00000000025970e0 sp=0x00000000020bdca0
Event: 0.655 Thread 0x000000000214d800 DEOPT UNPACKING pc=0x00000000022955af sp=0x00000000020bdc38 mode 2
Event: 0.661 Thread 0x000000000214d800 Uncommon trap: trap_request=0xffffffde fr.pc=0x00000000025970e0
Event: 0.661 Thread 0x000000000214d800 DEOPT PACKING pc=0x00000000025970e0 sp=0x00000000020bdfb0
Event: 0.661 Thread 0x000000000214d800 DEOPT UNPACKING pc=0x00000000022955af sp=0x00000000020bdf58 mode 2
Event: 0.661 Thread 0x000000000214d800 Uncommon trap: trap_request=0xffffffde fr.pc=0x00000000025970e0
Event: 0.661 Thread 0x000000000214d800 DEOPT PACKING pc=0x00000000025970e0 sp=0x00000000020be1f0
Event: 0.661 Thread 0x000000000214d800 DEOPT UNPACKING pc=0x00000000022955af sp=0x00000000020be188 mode 2


Dynamic libraries:
0x00007ff6f89e0000 - 0x00007ff6f8a14000 	C:\Program Files\Java\jdk1.8.0_05\bin\java.exe
0x00007ffbecf40000 - 0x00007ffbed0ec000 	C:\Windows\SYSTEM32\ntdll.dll
0x00007ffbeb490000 - 0x00007ffbeb5ce000 	C:\Windows\system32\KERNEL32.DLL
0x00007ffbea4a0000 - 0x00007ffbea5b5000 	C:\Windows\system32\KERNELBASE.dll
0x00007ffbe8960000 - 0x00007ffbe89ee000 	C:\Windows\system32\apphelp.dll
0x00007ffbdc040000 - 0x00007ffbdc093000 	C:\Windows\AppPatch\AppPatch64\AcGenral.DLL
0x00007ffbeab90000 - 0x00007ffbeac3a000 	C:\Windows\system32\msvcrt.dll
0x00007ffbe9ec0000 - 0x00007ffbe9eee000 	C:\Windows\SYSTEM32\SspiCli.dll
0x00007ffbea5c0000 - 0x00007ffbea614000 	C:\Windows\system32\SHLWAPI.dll
0x00007ffbea620000 - 0x00007ffbea797000 	C:\Windows\system32\USER32.dll
0x00007ffbeac40000 - 0x00007ffbeadd4000 	C:\Windows\system32\ole32.dll
0x00007ffbeb7f0000 - 0x00007ffbecd08000 	C:\Windows\system32\SHELL32.dll
0x00007ffbe9630000 - 0x00007ffbe9651000 	C:\Windows\SYSTEM32\USERENV.dll
0x00007ffbeaa70000 - 0x00007ffbeab1a000 	C:\Windows\system32\ADVAPI32.dll
0x00007ffbe3e60000 - 0x00007ffbe3e7e000 	C:\Windows\SYSTEM32\MPR.dll
0x00007ffbeafb0000 - 0x00007ffbeb0f1000 	C:\Windows\system32\RPCRT4.dll
0x00007ffbeab30000 - 0x00007ffbeab89000 	C:\Windows\SYSTEM32\sechost.dll
0x00007ffbeb5d0000 - 0x00007ffbeb7e1000 	C:\Windows\SYSTEM32\combase.dll
0x00007ffbecde0000 - 0x00007ffbecf31000 	C:\Windows\system32\GDI32.dll
0x00007ffbea090000 - 0x00007ffbea0a5000 	C:\Windows\SYSTEM32\profapi.dll
0x00007ffbe86f0000 - 0x00007ffbe87a2000 	C:\Windows\SYSTEM32\SHCORE.dll
0x00007ffbea7a0000 - 0x00007ffbea7d6000 	C:\Windows\system32\IMM32.DLL
0x00007ffbea910000 - 0x00007ffbeaa62000 	C:\Windows\system32\MSCTF.dll
0x00007ffbe8270000 - 0x00007ffbe84eb000 	C:\Windows\WinSxS\amd64_microsoft.windows.common-controls_6595b64144ccf1df_6.0.9600.17415_none_6240486fecbd8abb\COMCTL32.dll
0x000000005b4f0000 - 0x000000005b5c2000 	C:\Program Files\Java\jdk1.8.0_05\jre\bin\msvcr100.dll
0x000000005bc00000 - 0x000000005c42a000 	C:\Program Files\Java\jdk1.8.0_05\jre\bin\server\jvm.dll
0x00007ffbd9850000 - 0x00007ffbd9859000 	C:\Windows\SYSTEM32\WSOCK32.dll
0x00007ffbe5b60000 - 0x00007ffbe5b82000 	C:\Windows\SYSTEM32\WINMM.dll
0x00007ffbeab20000 - 0x00007ffbeab27000 	C:\Windows\system32\PSAPI.DLL
0x00007ffbecd10000 - 0x00007ffbecd6a000 	C:\Windows\system32\WS2_32.dll
0x00007ffbe5b30000 - 0x00007ffbe5b5a000 	C:\Windows\SYSTEM32\WINMMBASE.dll
0x00007ffbea7e0000 - 0x00007ffbea7e9000 	C:\Windows\system32\NSI.dll
0x00007ffbea450000 - 0x00007ffbea49f000 	C:\Windows\SYSTEM32\cfgmgr32.dll
0x00007ffbe8e90000 - 0x00007ffbe8eb8000 	C:\Windows\SYSTEM32\DEVOBJ.dll
0x000000005bbf0000 - 0x000000005bbff000 	C:\Program Files\Java\jdk1.8.0_05\jre\bin\verify.dll
0x000000005bbc0000 - 0x000000005bbe8000 	C:\Program Files\Java\jdk1.8.0_05\jre\bin\java.dll
0x000000005bba0000 - 0x000000005bbb6000 	C:\Program Files\Java\jdk1.8.0_05\jre\bin\zip.dll
0x00007ffbdc950000 - 0x00007ffbdcad9000 	C:\Windows\SYSTEM32\dbghelp.dll

VM Arguments:
jvm_args: -Xmx1024M -Dfile.encoding=windows-1251 -Duser.country=RU -Duser.language=ru -Duser.variant 
java_command: com.android.dx.command.Main --dex --output C:\Users\ivsmirnov\AndroidStudioProjects\KeyRegistrator\app\build\intermediates\dex\debug C:\Users\ivsmirnov\AndroidStudioProjects\KeyRegistrator\app\build\intermediates\classes\debug C:\Users\ivsmirnov\AndroidStudioProjects\KeyRegistrator\app\build\intermediates\pre-dexed\debug\support-annotations-21.0.3-e989365fc30db70a6bc5da98982abfd81f3b8da9.jar C:\Users\ivsmirnov\AndroidStudioProjects\KeyRegistrator\app\build\intermediates\pre-dexed\debug\internal_impl-21.0.3-438334cc98a0966ffe03b64427a891d2fb22fcfe.jar C:\Users\ivsmirnov\AndroidStudioProjects\KeyRegistrator\app\build\intermediates\pre-dexed\debug\classes-f47f203f0e19c4c2b3a424700b2adc6d73f33a06.jar C:\Users\ivsmirnov\AndroidStudioProjects\KeyRegistrator\app\build\intermediates\pre-dexed\debug\classes-364e2bab1ee64e805b6838089cd22374cd9c851c.jar
java_class_path (initial): D:\Users\ivsmirnov\AppData\Local\Android\sdk\build-tools\21.1.2\lib\dx.jar
Launcher Type: SUN_STANDARD

Environment Variables:
JAVA_HOME=C:\Program Files\Java\jdk1.8.0_05
PATH=C:\ProgramData\Oracle\Java\javapath;C:\Windows\system32;C:\Windows;C:\Windows\System32\Wbem;C:\Windows\System32\WindowsPowerShell\v1.0\;C:\Windows\idmu\common;D:\Users\ivsmirnov\AppData\Local\Android\sdk\platform-tools;C:\Program Files (x86)\HL-Server\Servers\NT_95;C:\Program Files\Microsoft SQL Server\100\DTS\Binn\;C:\Program Files (x86)\Microsoft SQL Server\100\Tools\Binn\VSShell\Common7\IDE\;C:\Program Files (x86)\Microsoft SQL Server\100\Tools\Binn\;C:\Program Files\Microsoft SQL Server\100\Tools\Binn\;C:\Program Files (x86)\Microsoft SQL Server\100\DTS\Binn\;C:\Program Files (x86)\Microsoft Visual Studio 9.0\Common7\IDE\PrivateAssemblies\;C:\Program Files (x86)\Common Files\Acronis\SnapAPI\
USERNAME=ivsmirnov
OS=Windows_NT
PROCESSOR_IDENTIFIER=Intel64 Family 6 Model 42 Stepping 7, GenuineIntel



---------------  S Y S T E M  ---------------

OS: Windows 8.1 , 64 bit Build 9600 

CPU:total 4 (4 cores per cpu, 1 threads per core) family 6 model 42 stepping 7, cmov, cx8, fxsr, mmx, sse, sse2, sse3, ssse3, sse4.1, sse4.2, popcnt, avx, aes, clmul, tsc, tscinvbit

Memory: 4k page, physical 8290572k(923416k free), swap 8290572k(5896k free)

vm_info: Java HotSpot(TM) 64-Bit Server VM (25.5-b02) for windows-amd64 JRE (1.8.0_05-b13), built on Mar 18 2014 01:08:39 by "java_re" with MS VC++ 10.0 (VS2010)

time: Fri May 15 15:07:43 2015
elapsed time: 0 seconds

