#
# There is insufficient memory for the Java Runtime Environment to continue.
# Native memory allocation (malloc) failed to allocate 1025776 bytes for Chunk::new
# Possible reasons:
#   The system is out of physical RAM or swap space
#   In 32 bit mode, the process size limit was hit
# Possible solutions:
#   Reduce memory load on the system
#   Increase physical memory or swap space
#   Check if swap backing store is full
#   Use 64 bit Java on a 64 bit OS
#   Decrease Java heap size (-Xmx/-Xms)
#   Decrease number of Java threads
#   Decrease Java thread stack sizes (-Xss)
#   Set larger code cache with -XX:ReservedCodeCacheSize=
# This output file may be truncated or incomplete.
#
#  Out of Memory Error (allocation.cpp:388), pid=1912, tid=3252
#
# JRE version: Java(TM) SE Runtime Environment (8.0_05-b13) (build 1.8.0_05-b13)
# Java VM: Java HotSpot(TM) 64-Bit Server VM (25.5-b02 mixed mode windows-amd64 compressed oops)
# Failed to write core dump. Minidumps are not enabled by default on client versions of Windows
#

---------------  T H R E A D  ---------------

Current thread (0x000000001511f800):  JavaThread "C2 CompilerThread1" daemon [_thread_in_native, id=3252, stack(0x0000000016780000,0x0000000016880000)]

Stack: [0x0000000016780000,0x0000000016880000]
Native frames: (J=compiled Java code, j=interpreted, Vv=VM code, C=native code)
V  [jvm.dll+0x308dea]
V  [jvm.dll+0x25def1]
V  [jvm.dll+0x25eb0f]
V  [jvm.dll+0x2564e5]
V  [jvm.dll+0xbcfc5]
V  [jvm.dll+0xbd45c]
V  [jvm.dll+0x44d422]
V  [jvm.dll+0x48e13f]
V  [jvm.dll+0x44293e]
V  [jvm.dll+0x44366b]
V  [jvm.dll+0x427532]
V  [jvm.dll+0x96702]
V  [jvm.dll+0x96ef3]
V  [jvm.dll+0x2232c4]
V  [jvm.dll+0x27baca]
C  [msvcr100.dll+0x21d9f]
C  [msvcr100.dll+0x21e3b]
C  [KERNEL32.DLL+0x13d2]
C  [ntdll.dll+0x15444]


Current CompileTask:
C2:   1085 1204       4       com.android.dx.ssa.SCCP::simulateStmt (481 bytes)


---------------  P R O C E S S  ---------------

Java Threads: ( => current thread )
  0x00000000169ad000 JavaThread "Service Thread" daemon [_thread_blocked, id=1808, stack(0x0000000016d80000,0x0000000016e80000)]
  0x0000000015122000 JavaThread "C1 CompilerThread2" daemon [_thread_blocked, id=5684, stack(0x0000000016880000,0x0000000016980000)]
=>0x000000001511f800 JavaThread "C2 CompilerThread1" daemon [_thread_in_native, id=3252, stack(0x0000000016780000,0x0000000016880000)]
  0x000000001511c000 JavaThread "C2 CompilerThread0" daemon [_thread_in_native, id=352, stack(0x0000000016680000,0x0000000016780000)]
  0x000000001511a800 JavaThread "Attach Listener" daemon [_thread_blocked, id=6952, stack(0x0000000016580000,0x0000000016680000)]
  0x0000000015119000 JavaThread "Signal Dispatcher" daemon [_thread_blocked, id=7840, stack(0x0000000016480000,0x0000000016580000)]
  0x0000000002a44800 JavaThread "Finalizer" daemon [_thread_blocked, id=4668, stack(0x0000000016380000,0x0000000016480000)]
  0x00000000150e8000 JavaThread "Reference Handler" daemon [_thread_blocked, id=7212, stack(0x0000000016280000,0x0000000016380000)]
  0x00000000027bd800 JavaThread "main" [_thread_in_native, id=1816, stack(0x0000000002850000,0x0000000002950000)]

Other Threads:
  0x00000000150e6800 VMThread [stack: 0x0000000016180000,0x0000000016280000] [id=4276]
  0x00000000169af800 WatcherThread [stack: 0x0000000016e80000,0x0000000016f80000] [id=5796]

VM state:not at safepoint (normal execution)

VM Mutex/Monitor currently owned by a thread: None

Heap:
 PSYoungGen      total 14848K, used 5793K [0x00000000eab00000, 0x00000000ebe00000, 0x0000000100000000)
  eden space 11776K, 29% used [0x00000000eab00000,0x00000000eae604b0,0x00000000eb680000)
  from space 3072K, 76% used [0x00000000eba00000,0x00000000ebc48010,0x00000000ebd00000)
  to   space 3584K, 0% used [0x00000000eb680000,0x00000000eb680000,0x00000000eba00000)
 ParOldGen       total 129536K, used 4066K [0x00000000c0000000, 0x00000000c7e80000, 0x00000000eab00000)
  object space 129536K, 3% used [0x00000000c0000000,0x00000000c03f8950,0x00000000c7e80000)
 Metaspace       used 5413K, capacity 6768K, committed 7040K, reserved 1056768K
  class space    used 550K, capacity 616K, committed 640K, reserved 1048576K

Card table byte_map: [0x0000000011e10000,0x0000000012020000] byte_map_base: 0x0000000011810000

Marking Bits: (ParMarkBitMap*) 0x000000006fe013b0
 Begin Bits: [0x0000000012580000, 0x0000000013580000)
 End Bits:   [0x0000000013580000, 0x0000000014580000)

Polling page: 0x0000000000fc0000

CodeCache: size=245760Kb used=4959Kb max_used=4959Kb free=240800Kb
 bounds [0x0000000002a50000, 0x0000000002f30000, 0x0000000011a50000]
 total_blobs=1539 nmethods=1279 adapters=174
 compilation: enabled

Compilation events (10 events):
Event: 1.049 Thread 0x0000000015122000 1284       3       com.android.dx.rop.code.Rops::opMoveParam (69 bytes)
Event: 1.050 Thread 0x0000000015122000 nmethod 1284 0x0000000002f2a750 code [0x0000000002f2a980, 0x0000000002f2b4f8]
Event: 1.050 Thread 0x0000000015122000 1285       3       java.util.HashMap::tableSizeFor (59 bytes)
Event: 1.050 Thread 0x0000000015122000 nmethod 1285 0x0000000002f2ba50 code [0x0000000002f2bbc0, 0x0000000002f2bdd0]
Event: 1.065 Thread 0x0000000015122000 1286       1       com.android.dx.cf.direct.AttributeListParser::setObserver (6 bytes)
Event: 1.065 Thread 0x0000000015122000 nmethod 1286 0x0000000002f2be50 code [0x0000000002f2bfa0, 0x0000000002f2c0d0]
Event: 1.065 Thread 0x0000000015122000 1287       3       com.android.dx.cf.direct.DirectClassFile::getAttributes (9 bytes)
Event: 1.066 Thread 0x0000000015122000 nmethod 1287 0x0000000002f2c150 code [0x0000000002f2c2c0, 0x0000000002f2c508]
Event: 1.066 Thread 0x0000000015122000 1288       3       com.android.dx.cf.direct.DirectClassFile::getAccessFlags (9 bytes)
Event: 1.066 Thread 0x0000000015122000 nmethod 1288 0x0000000002f2c5d0 code [0x0000000002f2c740, 0x0000000002f2c968]

GC Heap History (10 events):
Event: 0.254 GC heap before
{Heap before GC invocations=6 (full 0):
 PSYoungGen      total 2560K, used 2544K [0x00000000eab00000, 0x00000000eb200000, 0x0000000100000000)
  eden space 2048K, 100% used [0x00000000eab00000,0x00000000ead00000,0x00000000ead00000)
  from space 512K, 96% used [0x00000000ead00000,0x00000000ead7c010,0x00000000ead80000)
  to   space 1536K, 0% used [0x00000000eb080000,0x00000000eb080000,0x00000000eb200000)
 ParOldGen       total 129536K, used 1278K [0x00000000c0000000, 0x00000000c7e80000, 0x00000000eab00000)
  object space 129536K, 0% used [0x00000000c0000000,0x00000000c013fbd8,0x00000000c7e80000)
 Metaspace       used 4790K, capacity 6224K, committed 6528K, reserved 1056768K
  class space    used 534K, capacity 584K, committed 640K, reserved 1048576K
Event: 0.256 GC heap after
Heap after GC invocations=6 (full 0):
 PSYoungGen      total 5632K, used 1316K [0x00000000eab00000, 0x00000000eb200000, 0x0000000100000000)
  eden space 4096K, 0% used [0x00000000eab00000,0x00000000eab00000,0x00000000eaf00000)
  from space 1536K, 85% used [0x00000000eb080000,0x00000000eb1c9058,0x00000000eb200000)
  to   space 1536K, 0% used [0x00000000eaf00000,0x00000000eaf00000,0x00000000eb080000)
 ParOldGen       total 129536K, used 1286K [0x00000000c0000000, 0x00000000c7e80000, 0x00000000eab00000)
  object space 129536K, 0% used [0x00000000c0000000,0x00000000c0141bd8,0x00000000c7e80000)
 Metaspace       used 4790K, capacity 6224K, committed 6528K, reserved 1056768K
  class space    used 534K, capacity 584K, committed 640K, reserved 1048576K
}
Event: 0.556 GC heap before
{Heap before GC invocations=7 (full 0):
 PSYoungGen      total 5632K, used 5412K [0x00000000eab00000, 0x00000000eb200000, 0x0000000100000000)
  eden space 4096K, 100% used [0x00000000eab00000,0x00000000eaf00000,0x00000000eaf00000)
  from space 1536K, 85% used [0x00000000eb080000,0x00000000eb1c9058,0x00000000eb200000)
  to   space 1536K, 0% used [0x00000000eaf00000,0x00000000eaf00000,0x00000000eb080000)
 ParOldGen       total 129536K, used 1286K [0x00000000c0000000, 0x00000000c7e80000, 0x00000000eab00000)
  object space 129536K, 0% used [0x00000000c0000000,0x00000000c0141bd8,0x00000000c7e80000)
 Metaspace       used 5134K, capacity 6576K, committed 6784K, reserved 1056768K
  class space    used 545K, capacity 616K, committed 640K, reserved 1048576K
Event: 0.558 GC heap after
Heap after GC invocations=7 (full 0):
 PSYoungGen      total 5632K, used 1504K [0x00000000eab00000, 0x00000000eb700000, 0x0000000100000000)
  eden space 4096K, 0% used [0x00000000eab00000,0x00000000eab00000,0x00000000eaf00000)
  from space 1536K, 97% used [0x00000000eaf00000,0x00000000eb078018,0x00000000eb080000)
  to   space 2048K, 0% used [0x00000000eb500000,0x00000000eb500000,0x00000000eb700000)
 ParOldGen       total 129536K, used 1677K [0x00000000c0000000, 0x00000000c7e80000, 0x00000000eab00000)
  object space 129536K, 1% used [0x00000000c0000000,0x00000000c01a37a8,0x00000000c7e80000)
 Metaspace       used 5134K, capacity 6576K, committed 6784K, reserved 1056768K
  class space    used 545K, capacity 616K, committed 640K, reserved 1048576K
}
Event: 0.760 GC heap before
{Heap before GC invocations=8 (full 0):
 PSYoungGen      total 5632K, used 5600K [0x00000000eab00000, 0x00000000eb700000, 0x0000000100000000)
  eden space 4096K, 100% used [0x00000000eab00000,0x00000000eaf00000,0x00000000eaf00000)
  from space 1536K, 97% used [0x00000000eaf00000,0x00000000eb078018,0x00000000eb080000)
  to   space 2048K, 0% used [0x00000000eb500000,0x00000000eb500000,0x00000000eb700000)
 ParOldGen       total 129536K, used 1677K [0x00000000c0000000, 0x00000000c7e80000, 0x00000000eab00000)
  object space 129536K, 1% used [0x00000000c0000000,0x00000000c01a37a8,0x00000000c7e80000)
 Metaspace       used 5284K, capacity 6704K, committed 6784K, reserved 1056768K
  class space    used 549K, capacity 616K, committed 640K, reserved 1048576K
Event: 0.763 GC heap after
Heap after GC invocations=8 (full 0):
 PSYoungGen      total 9728K, used 2016K [0x00000000eab00000, 0x00000000eb800000, 0x0000000100000000)
  eden space 7680K, 0% used [0x00000000eab00000,0x00000000eab00000,0x00000000eb280000)
  from space 2048K, 98% used [0x00000000eb500000,0x00000000eb6f8018,0x00000000eb700000)
  to   space 2560K, 0% used [0x00000000eb280000,0x00000000eb280000,0x00000000eb500000)
 ParOldGen       total 129536K, used 1853K [0x00000000c0000000, 0x00000000c7e80000, 0x00000000eab00000)
  object space 129536K, 1% used [0x00000000c0000000,0x00000000c01cf7a8,0x00000000c7e80000)
 Metaspace       used 5284K, capacity 6704K, committed 6784K, reserved 1056768K
  class space    used 549K, capacity 616K, committed 640K, reserved 1048576K
}
Event: 0.941 GC heap before
{Heap before GC invocations=9 (full 0):
 PSYoungGen      total 9728K, used 9696K [0x00000000eab00000, 0x00000000eb800000, 0x0000000100000000)
  eden space 7680K, 100% used [0x00000000eab00000,0x00000000eb280000,0x00000000eb280000)
  from space 2048K, 98% used [0x00000000eb500000,0x00000000eb6f8018,0x00000000eb700000)
  to   space 2560K, 0% used [0x00000000eb280000,0x00000000eb280000,0x00000000eb500000)
 ParOldGen       total 129536K, used 1853K [0x00000000c0000000, 0x00000000c7e80000, 0x00000000eab00000)
  object space 129536K, 1% used [0x00000000c0000000,0x00000000c01cf7a8,0x00000000c7e80000)
 Metaspace       used 5326K, capacity 6704K, committed 6784K, reserved 1056768K
  class space    used 550K, capacity 616K, committed 640K, reserved 1048576K
Event: 0.945 GC heap after
Heap after GC invocations=9 (full 0):
 PSYoungGen      total 10240K, used 2548K [0x00000000eab00000, 0x00000000ebd00000, 0x0000000100000000)
  eden space 7680K, 0% used [0x00000000eab00000,0x00000000eab00000,0x00000000eb280000)
  from space 2560K, 99% used [0x00000000eb280000,0x00000000eb4fd0d0,0x00000000eb500000)
  to   space 3072K, 0% used [0x00000000eba00000,0x00000000eba00000,0x00000000ebd00000)
 ParOldGen       total 129536K, used 2681K [0x00000000c0000000, 0x00000000c7e80000, 0x00000000eab00000)
  object space 129536K, 2% used [0x00000000c0000000,0x00000000c029e7d0,0x00000000c7e80000)
 Metaspace       used 5326K, capacity 6704K, committed 6784K, reserved 1056768K
  class space    used 550K, capacity 616K, committed 640K, reserved 1048576K
}
Event: 1.017 GC heap before
{Heap before GC invocations=10 (full 0):
 PSYoungGen      total 10240K, used 10228K [0x00000000eab00000, 0x00000000ebd00000, 0x0000000100000000)
  eden space 7680K, 100% used [0x00000000eab00000,0x00000000eb280000,0x00000000eb280000)
  from space 2560K, 99% used [0x00000000eb280000,0x00000000eb4fd0d0,0x00000000eb500000)
  to   space 3072K, 0% used [0x00000000eba00000,0x00000000eba00000,0x00000000ebd00000)
 ParOldGen       total 129536K, used 2681K [0x00000000c0000000, 0x00000000c7e80000, 0x00000000eab00000)
  object space 129536K, 2% used [0x00000000c0000000,0x00000000c029e7d0,0x00000000c7e80000)
 Metaspace       used 5405K, capacity 6768K, committed 7040K, reserved 1056768K
  class space    used 550K, capacity 616K, committed 640K, reserved 1048576K
Event: 1.023 GC heap after
Heap after GC invocations=10 (full 0):
 PSYoungGen      total 14848K, used 2336K [0x00000000eab00000, 0x00000000ebe00000, 0x0000000100000000)
  eden space 11776K, 0% used [0x00000000eab00000,0x00000000eab00000,0x00000000eb680000)
  from space 3072K, 76% used [0x00000000eba00000,0x00000000ebc48010,0x00000000ebd00000)
  to   space 3584K, 0% used [0x00000000eb680000,0x00000000eb680000,0x00000000eba00000)
 ParOldGen       total 129536K, used 4066K [0x00000000c0000000, 0x00000000c7e80000, 0x00000000eab00000)
  object space 129536K, 3% used [0x00000000c0000000,0x00000000c03f8950,0x00000000c7e80000)
 Metaspace       used 5405K, capacity 6768K, committed 7040K, reserved 1056768K
  class space    used 550K, capacity 616K, committed 640K, reserved 1048576K
}

Deoptimization events (10 events):
Event: 0.508 Thread 0x00000000027bd800 Uncommon trap: reason=class_check action=maybe_recompile pc=0x0000000002cd92b0 method=com.android.dx.ssa.NormalSsaInsn.accept(Lcom/android/dx/ssa/SsaInsn$Visitor;)V @ 9
Event: 0.509 Thread 0x00000000027bd800 Uncommon trap: reason=class_check action=maybe_recompile pc=0x0000000002cd92b0 method=com.android.dx.ssa.NormalSsaInsn.accept(Lcom/android/dx/ssa/SsaInsn$Visitor;)V @ 9
Event: 0.509 Thread 0x00000000027bd800 Uncommon trap: reason=class_check action=maybe_recompile pc=0x0000000002cd92b0 method=com.android.dx.ssa.NormalSsaInsn.accept(Lcom/android/dx/ssa/SsaInsn$Visitor;)V @ 9
Event: 0.578 Thread 0x00000000027bd800 Uncommon trap: reason=unreached action=reinterpret pc=0x0000000002be3edc method=com.android.dx.rop.cst.Constant.compareTo(Lcom/android/dx/rop/cst/Constant;)I @ 12
Event: 0.653 Thread 0x00000000027bd800 Uncommon trap: reason=class_check action=maybe_recompile pc=0x0000000002d7d860 method=com.android.dx.rop.type.Type.equals(Ljava/lang/Object;)Z @ 8
Event: 0.653 Thread 0x00000000027bd800 Uncommon trap: reason=class_check action=maybe_recompile pc=0x0000000002d7d860 method=com.android.dx.rop.type.Type.equals(Ljava/lang/Object;)Z @ 8
Event: 0.654 Thread 0x00000000027bd800 Uncommon trap: reason=class_check action=maybe_recompile pc=0x0000000002d7d860 method=com.android.dx.rop.type.Type.equals(Ljava/lang/Object;)Z @ 8
Event: 0.654 Thread 0x00000000027bd800 Uncommon trap: reason=class_check action=maybe_recompile pc=0x0000000002d7d860 method=com.android.dx.rop.type.Type.equals(Ljava/lang/Object;)Z @ 8
Event: 0.784 Thread 0x00000000027bd800 Uncommon trap: reason=null_check action=make_not_entrant pc=0x0000000002db3aa0 method=com.android.dx.rop.type.Type.equals(Ljava/lang/Object;)Z @ 8
Event: 0.964 Thread 0x00000000027bd800 Uncommon trap: reason=unloaded action=reinterpret pc=0x0000000002e9c008 method=com.android.dx.cf.cst.ConstantPoolParser.parse0(ILjava/util/BitSet;)Lcom/android/dx/rop/cst/Constant; @ 345

Internal exceptions (10 events):
Event: 0.450 Thread 0x00000000027bd800 Exception <a 'java/security/PrivilegedActionException'> (0x00000000eacc39d0) thrown at [D:\re\workspace\8-2-build-windows-amd64-cygwin\jdk8u5\2488\hotspot\src\share\vm\prims\jvm.cpp, line 1248]
Event: 0.455 Thread 0x00000000027bd800 Exception <a 'java/security/PrivilegedActionException'> (0x00000000eacdae20) thrown at [D:\re\workspace\8-2-build-windows-amd64-cygwin\jdk8u5\2488\hotspot\src\share\vm\prims\jvm.cpp, line 1248]
Event: 0.464 Thread 0x00000000027bd800 Exception <a 'java/security/PrivilegedActionException'> (0x00000000ead25c98) thrown at [D:\re\workspace\8-2-build-windows-amd64-cygwin\jdk8u5\2488\hotspot\src\share\vm\prims\jvm.cpp, line 1248]
Event: 0.485 Thread 0x00000000027bd800 Exception <a 'java/security/PrivilegedActionException'> (0x00000000eada1240) thrown at [D:\re\workspace\8-2-build-windows-amd64-cygwin\jdk8u5\2488\hotspot\src\share\vm\prims\jvm.cpp, line 1248]
Event: 0.486 Thread 0x00000000027bd800 Exception <a 'java/security/PrivilegedActionException'> (0x00000000eada6690) thrown at [D:\re\workspace\8-2-build-windows-amd64-cygwin\jdk8u5\2488\hotspot\src\share\vm\prims\jvm.cpp, line 1248]
Event: 0.510 Thread 0x00000000027bd800 Exception <a 'java/security/PrivilegedActionException'> (0x00000000eae1a668) thrown at [D:\re\workspace\8-2-build-windows-amd64-cygwin\jdk8u5\2488\hotspot\src\share\vm\prims\jvm.cpp, line 1248]
Event: 0.737 Thread 0x00000000027bd800 Exception <a 'java/security/PrivilegedActionException'> (0x00000000ead89450) thrown at [D:\re\workspace\8-2-build-windows-amd64-cygwin\jdk8u5\2488\hotspot\src\share\vm\prims\jvm.cpp, line 1248]
Event: 0.748 Thread 0x00000000027bd800 Exception <a 'java/security/PrivilegedActionException'> (0x00000000eae2add0) thrown at [D:\re\workspace\8-2-build-windows-amd64-cygwin\jdk8u5\2488\hotspot\src\share\vm\prims\jvm.cpp, line 1248]
Event: 0.784 Thread 0x00000000027bd800 Implicit null exception at 0x0000000002db39a2 to 0x0000000002db3a92
Event: 0.859 Thread 0x00000000027bd800 Exception <a 'java/security/PrivilegedActionException'> (0x00000000eac91578) thrown at [D:\re\workspace\8-2-build-windows-amd64-cygwin\jdk8u5\2488\hotspot\src\share\vm\prims\jvm.cpp, line 1248]

Events (10 events):
Event: 0.964 Thread 0x00000000027bd800 DEOPT PACKING pc=0x0000000002e9c008 sp=0x000000000294e690
Event: 0.964 Thread 0x00000000027bd800 DEOPT UNPACKING pc=0x0000000002a955af sp=0x000000000294e658 mode 2
Event: 0.978 Thread 0x00000000027bd800 DEOPT PACKING pc=0x0000000002d0108d sp=0x000000000294e2a0
Event: 0.978 Thread 0x00000000027bd800 DEOPT UNPACKING pc=0x0000000002a97604 sp=0x000000000294e080 mode 0
Event: 1.000 Thread 0x00000000027bd800 DEOPT PACKING pc=0x0000000002d0108d sp=0x000000000294e210
Event: 1.000 Thread 0x00000000027bd800 DEOPT UNPACKING pc=0x0000000002a97604 sp=0x000000000294dff0 mode 0
Event: 1.017 Executing VM operation: ParallelGCFailedAllocation
Event: 1.023 Executing VM operation: ParallelGCFailedAllocation done
Event: 1.034 Thread 0x00000000027bd800 DEOPT PACKING pc=0x0000000002d0108d sp=0x000000000294e3c0
Event: 1.034 Thread 0x00000000027bd800 DEOPT UNPACKING pc=0x0000000002a97604 sp=0x000000000294e1a0 mode 0


Dynamic libraries:
0x00007ff6a1890000 - 0x00007ff6a18c4000 	C:\Program Files\Java\jdk1.8.0_05\bin\java.exe
0x00007ffbe49a0000 - 0x00007ffbe4b4c000 	C:\Windows\SYSTEM32\ntdll.dll
0x00007ffbe2f50000 - 0x00007ffbe308e000 	C:\Windows\system32\KERNEL32.DLL
0x00007ffbe1ea0000 - 0x00007ffbe1fb5000 	C:\Windows\system32\KERNELBASE.dll
0x00007ffbdfc40000 - 0x00007ffbdfcce000 	C:\Windows\system32\apphelp.dll
0x00007ffbcb0b0000 - 0x00007ffbcb103000 	C:\Windows\AppPatch\AppPatch64\AcGenral.DLL
0x00007ffbe3290000 - 0x00007ffbe333a000 	C:\Windows\system32\msvcrt.dll
0x00007ffbe18c0000 - 0x00007ffbe18ee000 	C:\Windows\SYSTEM32\SspiCli.dll
0x00007ffbe2030000 - 0x00007ffbe2084000 	C:\Windows\system32\SHLWAPI.dll
0x00007ffbe2ad0000 - 0x00007ffbe2c47000 	C:\Windows\system32\USER32.dll
0x00007ffbe30f0000 - 0x00007ffbe3284000 	C:\Windows\system32\ole32.dll
0x00007ffbe3340000 - 0x00007ffbe4858000 	C:\Windows\system32\SHELL32.dll
0x00007ffbe1090000 - 0x00007ffbe10b1000 	C:\Windows\SYSTEM32\USERENV.dll
0x00007ffbe2c70000 - 0x00007ffbe2d1a000 	C:\Windows\system32\ADVAPI32.dll
0x00007ffbdb930000 - 0x00007ffbdb94e000 	C:\Windows\SYSTEM32\MPR.dll
0x00007ffbe2770000 - 0x00007ffbe28b1000 	C:\Windows\system32\RPCRT4.dll
0x00007ffbe2a70000 - 0x00007ffbe2ac9000 	C:\Windows\SYSTEM32\sechost.dll
0x00007ffbe2150000 - 0x00007ffbe2361000 	C:\Windows\SYSTEM32\combase.dll
0x00007ffbe2d20000 - 0x00007ffbe2e71000 	C:\Windows\system32\GDI32.dll
0x00007ffbe1af0000 - 0x00007ffbe1b05000 	C:\Windows\SYSTEM32\profapi.dll
0x00007ffbdfb80000 - 0x00007ffbdfc32000 	C:\Windows\SYSTEM32\SHCORE.dll
0x00007ffbe3090000 - 0x00007ffbe30c6000 	C:\Windows\system32\IMM32.DLL
0x00007ffbe2610000 - 0x00007ffbe2762000 	C:\Windows\system32\MSCTF.dll
0x00007ffbdf360000 - 0x00007ffbdf5db000 	C:\Windows\WinSxS\amd64_microsoft.windows.common-controls_6595b64144ccf1df_6.0.9600.17415_none_6240486fecbd8abb\COMCTL32.dll
0x000000006ef10000 - 0x000000006efe2000 	C:\Program Files\Java\jdk1.8.0_05\jre\bin\msvcr100.dll
0x000000006f650000 - 0x000000006fe7a000 	C:\Program Files\Java\jdk1.8.0_05\jre\bin\server\jvm.dll
0x00007ffbde8c0000 - 0x00007ffbde8c9000 	C:\Windows\SYSTEM32\WSOCK32.dll
0x00007ffbde280000 - 0x00007ffbde2a2000 	C:\Windows\SYSTEM32\WINMM.dll
0x00007ffbe30e0000 - 0x00007ffbe30e7000 	C:\Windows\system32\PSAPI.DLL
0x00007ffbe2090000 - 0x00007ffbe20ea000 	C:\Windows\system32\WS2_32.dll
0x00007ffbde250000 - 0x00007ffbde27a000 	C:\Windows\SYSTEM32\WINMMBASE.dll
0x00007ffbe2020000 - 0x00007ffbe2029000 	C:\Windows\system32\NSI.dll
0x00007ffbe1da0000 - 0x00007ffbe1def000 	C:\Windows\SYSTEM32\cfgmgr32.dll
0x00007ffbe08a0000 - 0x00007ffbe08c8000 	C:\Windows\SYSTEM32\DEVOBJ.dll
0x000000006f640000 - 0x000000006f64f000 	C:\Program Files\Java\jdk1.8.0_05\jre\bin\verify.dll
0x000000006f610000 - 0x000000006f638000 	C:\Program Files\Java\jdk1.8.0_05\jre\bin\java.dll
0x000000006f5f0000 - 0x000000006f606000 	C:\Program Files\Java\jdk1.8.0_05\jre\bin\zip.dll
0x00007ffbd4300000 - 0x00007ffbd4489000 	C:\Windows\SYSTEM32\dbghelp.dll

VM Arguments:
jvm_args: -Xmx1024M -Dfile.encoding=windows-1251 -Duser.country=RU -Duser.language=ru -Duser.variant 
java_command: com.android.dx.command.Main --dex --output C:\Users\ivsmirnov\AndroidStudioProjects\KeyRegistrator\app\build\intermediates\dex\debug C:\Users\ivsmirnov\AndroidStudioProjects\KeyRegistrator\app\build\intermediates\classes\debug C:\Users\ivsmirnov\AndroidStudioProjects\KeyRegistrator\app\build\intermediates\pre-dexed\debug\support-annotations-21.0.3-e989365fc30db70a6bc5da98982abfd81f3b8da9.jar C:\Users\ivsmirnov\AndroidStudioProjects\KeyRegistrator\app\build\intermediates\pre-dexed\debug\internal_impl-21.0.3-438334cc98a0966ffe03b64427a891d2fb22fcfe.jar C:\Users\ivsmirnov\AndroidStudioProjects\KeyRegistrator\app\build\intermediates\pre-dexed\debug\classes-f47f203f0e19c4c2b3a424700b2adc6d73f33a06.jar C:\Users\ivsmirnov\AndroidStudioProjects\KeyRegistrator\app\build\intermediates\pre-dexed\debug\classes-364e2bab1ee64e805b6838089cd22374cd9c851c.jar
java_class_path (initial): D:\Users\ivsmirnov\AppData\Local\Android\sdk\build-tools\21.1.2\lib\dx.jar
Launcher Type: SUN_STANDARD

Environment Variables:
JAVA_HOME=C:\Program Files\Java\jdk1.8.0_05
PATH=C:\ProgramData\Oracle\Java\javapath;C:\Windows\system32;C:\Windows;C:\Windows\System32\Wbem;C:\Windows\System32\WindowsPowerShell\v1.0\;C:\Windows\idmu\common;D:\Users\ivsmirnov\AppData\Local\Android\sdk\platform-tools;C:\Program Files (x86)\HL-Server\Servers\NT_95;C:\Program Files\Microsoft SQL Server\100\DTS\Binn\;C:\Program Files (x86)\Microsoft SQL Server\100\Tools\Binn\VSShell\Common7\IDE\;C:\Program Files (x86)\Microsoft SQL Server\100\Tools\Binn\;C:\Program Files\Microsoft SQL Server\100\Tools\Binn\;C:\Program Files (x86)\Microsoft SQL Server\100\DTS\Binn\;C:\Program Files (x86)\Microsoft Visual Studio 9.0\Common7\IDE\PrivateAssemblies\;C:\Program Files (x86)\Common Files\Acronis\SnapAPI\
USERNAME=ivsmirnov
OS=Windows_NT
PROCESSOR_IDENTIFIER=Intel64 Family 6 Model 42 Stepping 7, GenuineIntel



---------------  S Y S T E M  ---------------

OS: Windows 8.1 , 64 bit Build 9600 

CPU:total 4 (4 cores per cpu, 1 threads per core) family 6 model 42 stepping 7, cmov, cx8, fxsr, mmx, sse, sse2, sse3, ssse3, sse4.1, sse4.2, popcnt, avx, aes, clmul, tsc, tscinvbit

Memory: 4k page, physical 8290572k(1104580k free), swap 8290572k(5716k free)

vm_info: Java HotSpot(TM) 64-Bit Server VM (25.5-b02) for windows-amd64 JRE (1.8.0_05-b13), built on Mar 18 2014 01:08:39 by "java_re" with MS VC++ 10.0 (VS2010)

time: Wed May 20 16:54:47 2015
elapsed time: 1 seconds

