#
# There is insufficient memory for the Java Runtime Environment to continue.
# Native memory allocation (malloc) failed to allocate 32784 bytes for Chunk::new
# Possible reasons:
#   The system is out of physical RAM or swap space
#   In 32 bit mode, the process size limit was hit
# Possible solutions:
#   Reduce memory load on the system
#   Increase physical memory or swap space
#   Check if swap backing store is full
#   Use 64 bit Java on a 64 bit OS
#   Decrease Java heap size (-Xmx/-Xms)
#   Decrease number of Java threads
#   Decrease Java thread stack sizes (-Xss)
#   Set larger code cache with -XX:ReservedCodeCacheSize=
# This output file may be truncated or incomplete.
#
#  Out of Memory Error (allocation.cpp:388), pid=7512, tid=7784
#
# JRE version: Java(TM) SE Runtime Environment (8.0_05-b13) (build 1.8.0_05-b13)
# Java VM: Java HotSpot(TM) 64-Bit Server VM (25.5-b02 mixed mode windows-amd64 compressed oops)
# Failed to write core dump. Minidumps are not enabled by default on client versions of Windows
#

---------------  T H R E A D  ---------------

Current thread (0x0000000014cd3000):  JavaThread "C1 CompilerThread2" daemon [_thread_in_native, id=7784, stack(0x00000000163f0000,0x00000000164f0000)]

Stack: [0x00000000163f0000,0x00000000164f0000]
Native frames: (J=compiled Java code, j=interpreted, Vv=VM code, C=native code)
V  [jvm.dll+0x308dea]


Current CompileTask:
C1:   1017  509   !   3       com.android.dx.cf.code.BytecodeArray::parseInstruction (2764 bytes)


---------------  P R O C E S S  ---------------

Java Threads: ( => current thread )
  0x0000000014cda000 JavaThread "Service Thread" daemon [_thread_blocked, id=7796, stack(0x00000000164f0000,0x00000000165f0000)]
=>0x0000000014cd3000 JavaThread "C1 CompilerThread2" daemon [_thread_in_native, id=7784, stack(0x00000000163f0000,0x00000000164f0000)]
  0x0000000014c7f000 JavaThread "C2 CompilerThread1" daemon [_thread_blocked, id=7776, stack(0x00000000162f0000,0x00000000163f0000)]
  0x0000000014c7b800 JavaThread "C2 CompilerThread0" daemon [_thread_blocked, id=7768, stack(0x00000000161f0000,0x00000000162f0000)]
  0x0000000014c7a800 JavaThread "Attach Listener" daemon [_thread_blocked, id=7764, stack(0x00000000160f0000,0x00000000161f0000)]
  0x0000000014c78800 JavaThread "Signal Dispatcher" daemon [_thread_blocked, id=7760, stack(0x0000000015ff0000,0x00000000160f0000)]
  0x00000000024ef000 JavaThread "Finalizer" daemon [_thread_blocked, id=7724, stack(0x0000000015ef0000,0x0000000015ff0000)]
  0x0000000014c47800 JavaThread "Reference Handler" daemon [_thread_blocked, id=7720, stack(0x0000000015df0000,0x0000000015ef0000)]
  0x0000000002400800 JavaThread "main" [_thread_in_Java, id=7632, stack(0x0000000000bd0000,0x0000000000cd0000)]

Other Threads:
  0x0000000014c46800 VMThread [stack: 0x0000000015cf0000,0x0000000015df0000] [id=7696]
  0x0000000014cdd000 WatcherThread [stack: 0x00000000165f0000,0x00000000166f0000] [id=7800]

VM state:not at safepoint (normal execution)

VM Mutex/Monitor currently owned by a thread: None

Heap:
 PSYoungGen      total 5632K, used 1121K [0x00000000eab00000, 0x00000000eb200000, 0x0000000100000000)
  eden space 4096K, 3% used [0x00000000eab00000,0x00000000eab20570,0x00000000eaf00000)
  from space 1536K, 64% used [0x00000000eb080000,0x00000000eb178018,0x00000000eb200000)
  to   space 1536K, 0% used [0x00000000eaf00000,0x00000000eaf00000,0x00000000eb080000)
 ParOldGen       total 129536K, used 1187K [0x00000000c0000000, 0x00000000c7e80000, 0x00000000eab00000)
  object space 129536K, 0% used [0x00000000c0000000,0x00000000c0128ca8,0x00000000c7e80000)
 Metaspace       used 4964K, capacity 6384K, committed 6528K, reserved 1056768K
  class space    used 543K, capacity 616K, committed 640K, reserved 1048576K

Card table byte_map: [0x0000000011970000,0x0000000011b80000] byte_map_base: 0x0000000011370000

Marking Bits: (ParMarkBitMap*) 0x000000006e6313b0
 Begin Bits: [0x00000000120e0000, 0x00000000130e0000)
 End Bits:   [0x00000000130e0000, 0x00000000140e0000)

Polling page: 0x0000000000a40000

CodeCache: size=245760Kb used=2128Kb max_used=2139Kb free=243631Kb
 bounds [0x00000000025b0000, 0x0000000002820000, 0x00000000115b0000]
 total_blobs=771 nmethods=512 adapters=173
 compilation: enabled

Compilation events (10 events):
Event: 1.010 Thread 0x0000000014cd3000 nmethod 506 0x00000000027c3250 code [0x00000000027c3400, 0x00000000027c38d0]
Event: 1.010 Thread 0x0000000014cd3000  512       1       com.android.dx.rop.type.Type::getType (2 bytes)
Event: 1.010 Thread 0x0000000014cd3000 nmethod 512 0x00000000027c2f90 code [0x00000000027c30e0, 0x00000000027c31f0]
Event: 1.010 Thread 0x0000000014cd3000  507       3       com.android.dx.cf.code.BasicBlocker::setPreviousOffset (6 bytes)
Event: 1.010 Thread 0x0000000014cd3000 nmethod 507 0x00000000027c2c50 code [0x00000000027c2da0, 0x00000000027c2ef0]
Event: 1.010 Thread 0x0000000014cd3000  509   !   3       com.android.dx.cf.code.BytecodeArray::parseInstruction (2764 bytes)
Event: 1.011 Thread 0x0000000014c7f000  519       4       java.util.ArrayList$Itr::next (66 bytes)
Event: 1.012 Thread 0x0000000014c7f000 nmethod 519 0x00000000027c28d0 code [0x00000000027c2a20, 0x00000000027c2b18]
Event: 1.013 Thread 0x0000000014c7b800  523       4       com.android.dx.rop.type.Type::getCategory (36 bytes)
Event: 1.014 Thread 0x0000000014c7b800 nmethod 523 0x00000000027bd610 code [0x00000000027bd740, 0x00000000027bd7b8]

GC Heap History (10 events):
Event: 0.584 GC heap before
{Heap before GC invocations=4 (full 0):
 PSYoungGen      total 1024K, used 1008K [0x00000000eab00000, 0x00000000ead00000, 0x0000000100000000)
  eden space 512K, 100% used [0x00000000eab00000,0x00000000eab80000,0x00000000eab80000)
  from space 512K, 96% used [0x00000000eab80000,0x00000000eabfc010,0x00000000eac00000)
  to   space 512K, 0% used [0x00000000eac80000,0x00000000eac80000,0x00000000ead00000)
 ParOldGen       total 129536K, used 231K [0x00000000c0000000, 0x00000000c7e80000, 0x00000000eab00000)
  object space 129536K, 0% used [0x00000000c0000000,0x00000000c0039d40,0x00000000c7e80000)
 Metaspace       used 3235K, capacity 4784K, committed 5120K, reserved 1056768K
  class space    used 354K, capacity 424K, committed 512K, reserved 1048576K
Event: 0.589 GC heap after
Heap after GC invocations=4 (full 0):
 PSYoungGen      total 1536K, used 506K [0x00000000eab00000, 0x00000000ead00000, 0x0000000100000000)
  eden space 1024K, 0% used [0x00000000eab00000,0x00000000eab00000,0x00000000eac00000)
  from space 512K, 98% used [0x00000000eac80000,0x00000000eacfea80,0x00000000ead00000)
  to   space 512K, 0% used [0x00000000eac00000,0x00000000eac00000,0x00000000eac80000)
 ParOldGen       total 129536K, used 445K [0x00000000c0000000, 0x00000000c7e80000, 0x00000000eab00000)
  object space 129536K, 0% used [0x00000000c0000000,0x00000000c006f700,0x00000000c7e80000)
 Metaspace       used 3235K, capacity 4784K, committed 5120K, reserved 1056768K
  class space    used 354K, capacity 424K, committed 512K, reserved 1048576K
}
Event: 0.834 GC heap before
{Heap before GC invocations=5 (full 0):
 PSYoungGen      total 1536K, used 1527K [0x00000000eab00000, 0x00000000ead00000, 0x0000000100000000)
  eden space 1024K, 99% used [0x00000000eab00000,0x00000000eabff3f0,0x00000000eac00000)
  from space 512K, 98% used [0x00000000eac80000,0x00000000eacfea80,0x00000000ead00000)
  to   space 512K, 0% used [0x00000000eac00000,0x00000000eac00000,0x00000000eac80000)
 ParOldGen       total 129536K, used 445K [0x00000000c0000000, 0x00000000c7e80000, 0x00000000eab00000)
  object space 129536K, 0% used [0x00000000c0000000,0x00000000c006f700,0x00000000c7e80000)
 Metaspace       used 3553K, capacity 5104K, committed 5376K, reserved 1056768K
  class space    used 397K, capacity 488K, committed 512K, reserved 1048576K
Event: 0.835 GC heap after
Heap after GC invocations=5 (full 0):
 PSYoungGen      total 1536K, used 487K [0x00000000eab00000, 0x00000000eaf00000, 0x0000000100000000)
  eden space 1024K, 0% used [0x00000000eab00000,0x00000000eab00000,0x00000000eac00000)
  from space 512K, 95% used [0x00000000eac00000,0x00000000eac79c70,0x00000000eac80000)
  to   space 1024K, 0% used [0x00000000eae00000,0x00000000eae00000,0x00000000eaf00000)
 ParOldGen       total 129536K, used 760K [0x00000000c0000000, 0x00000000c7e80000, 0x00000000eab00000)
  object space 129536K, 0% used [0x00000000c0000000,0x00000000c00be190,0x00000000c7e80000)
 Metaspace       used 3553K, capacity 5104K, committed 5376K, reserved 1056768K
  class space    used 397K, capacity 488K, committed 512K, reserved 1048576K
}
Event: 0.874 GC heap before
{Heap before GC invocations=6 (full 0):
 PSYoungGen      total 1536K, used 1511K [0x00000000eab00000, 0x00000000eaf00000, 0x0000000100000000)
  eden space 1024K, 100% used [0x00000000eab00000,0x00000000eac00000,0x00000000eac00000)
  from space 512K, 95% used [0x00000000eac00000,0x00000000eac79c70,0x00000000eac80000)
  to   space 1024K, 0% used [0x00000000eae00000,0x00000000eae00000,0x00000000eaf00000)
 ParOldGen       total 129536K, used 760K [0x00000000c0000000, 0x00000000c7e80000, 0x00000000eab00000)
  object space 129536K, 0% used [0x00000000c0000000,0x00000000c00be190,0x00000000c7e80000)
 Metaspace       used 3845K, capacity 5392K, committed 5760K, reserved 1056768K
  class space    used 432K, capacity 520K, committed 640K, reserved 1048576K
Event: 0.875 GC heap after
Heap after GC invocations=6 (full 0):
 PSYoungGen      total 3072K, used 870K [0x00000000eab00000, 0x00000000eaf00000, 0x0000000100000000)
  eden space 2048K, 0% used [0x00000000eab00000,0x00000000eab00000,0x00000000ead00000)
  from space 1024K, 84% used [0x00000000eae00000,0x00000000eaed9828,0x00000000eaf00000)
  to   space 1024K, 0% used [0x00000000ead00000,0x00000000ead00000,0x00000000eae00000)
 ParOldGen       total 129536K, used 760K [0x00000000c0000000, 0x00000000c7e80000, 0x00000000eab00000)
  object space 129536K, 0% used [0x00000000c0000000,0x00000000c00be190,0x00000000c7e80000)
 Metaspace       used 3845K, capacity 5392K, committed 5760K, reserved 1056768K
  class space    used 432K, capacity 520K, committed 640K, reserved 1048576K
}
Event: 0.945 GC heap before
{Heap before GC invocations=7 (full 0):
 PSYoungGen      total 3072K, used 2918K [0x00000000eab00000, 0x00000000eaf00000, 0x0000000100000000)
  eden space 2048K, 100% used [0x00000000eab00000,0x00000000ead00000,0x00000000ead00000)
  from space 1024K, 84% used [0x00000000eae00000,0x00000000eaed9828,0x00000000eaf00000)
  to   space 1024K, 0% used [0x00000000ead00000,0x00000000ead00000,0x00000000eae00000)
 ParOldGen       total 129536K, used 760K [0x00000000c0000000, 0x00000000c7e80000, 0x00000000eab00000)
  object space 129536K, 0% used [0x00000000c0000000,0x00000000c00be190,0x00000000c7e80000)
 Metaspace       used 4534K, capacity 5968K, committed 6272K, reserved 1056768K
  class space    used 507K, capacity 584K, committed 640K, reserved 1048576K
Event: 0.946 GC heap after
Heap after GC invocations=7 (full 0):
 PSYoungGen      total 3072K, used 951K [0x00000000eab00000, 0x00000000eb200000, 0x0000000100000000)
  eden space 2048K, 0% used [0x00000000eab00000,0x00000000eab00000,0x00000000ead00000)
  from space 1024K, 92% used [0x00000000ead00000,0x00000000eadedf50,0x00000000eae00000)
  to   space 1536K, 0% used [0x00000000eb080000,0x00000000eb080000,0x00000000eb200000)
 ParOldGen       total 129536K, used 1016K [0x00000000c0000000, 0x00000000c7e80000, 0x00000000eab00000)
  object space 129536K, 0% used [0x00000000c0000000,0x00000000c00fe228,0x00000000c7e80000)
 Metaspace       used 4534K, capacity 5968K, committed 6272K, reserved 1056768K
  class space    used 507K, capacity 584K, committed 640K, reserved 1048576K
}
Event: 1.008 GC heap before
{Heap before GC invocations=8 (full 0):
 PSYoungGen      total 3072K, used 2999K [0x00000000eab00000, 0x00000000eb200000, 0x0000000100000000)
  eden space 2048K, 100% used [0x00000000eab00000,0x00000000ead00000,0x00000000ead00000)
  from space 1024K, 92% used [0x00000000ead00000,0x00000000eadedf50,0x00000000eae00000)
  to   space 1536K, 0% used [0x00000000eb080000,0x00000000eb080000,0x00000000eb200000)
 ParOldGen       total 129536K, used 1016K [0x00000000c0000000, 0x00000000c7e80000, 0x00000000eab00000)
  object space 129536K, 0% used [0x00000000c0000000,0x00000000c00fe228,0x00000000c7e80000)
 Metaspace       used 4936K, capacity 6320K, committed 6528K, reserved 1056768K
  class space    used 543K, capacity 616K, committed 640K, reserved 1048576K
Event: 1.010 GC heap after
Heap after GC invocations=8 (full 0):
 PSYoungGen      total 5632K, used 992K [0x00000000eab00000, 0x00000000eb200000, 0x0000000100000000)
  eden space 4096K, 0% used [0x00000000eab00000,0x00000000eab00000,0x00000000eaf00000)
  from space 1536K, 64% used [0x00000000eb080000,0x00000000eb178018,0x00000000eb200000)
  to   space 1536K, 0% used [0x00000000eaf00000,0x00000000eaf00000,0x00000000eb080000)
 ParOldGen       total 129536K, used 1187K [0x00000000c0000000, 0x00000000c7e80000, 0x00000000eab00000)
  object space 129536K, 0% used [0x00000000c0000000,0x00000000c0128ca8,0x00000000c7e80000)
 Metaspace       used 4936K, capacity 6320K, committed 6528K, reserved 1056768K
  class space    used 543K, capacity 616K, committed 640K, reserved 1048576K
}

Deoptimization events (0 events):
No events

Internal exceptions (10 events):
Event: 0.968 Thread 0x0000000002400800 Exception <a 'java/security/PrivilegedActionException'> (0x00000000eac29c90) thrown at [D:\re\workspace\8-2-build-windows-amd64-cygwin\jdk8u5\2488\hotspot\src\share\vm\prims\jvm.cpp, line 1248]
Event: 0.970 Thread 0x0000000002400800 Exception <a 'java/security/PrivilegedActionException'> (0x00000000eac366e0) thrown at [D:\re\workspace\8-2-build-windows-amd64-cygwin\jdk8u5\2488\hotspot\src\share\vm\prims\jvm.cpp, line 1248]
Event: 0.971 Thread 0x0000000002400800 Exception <a 'java/security/PrivilegedActionException'> (0x00000000eac3c970) thrown at [D:\re\workspace\8-2-build-windows-amd64-cygwin\jdk8u5\2488\hotspot\src\share\vm\prims\jvm.cpp, line 1248]
Event: 0.971 Thread 0x0000000002400800 Exception <a 'java/security/PrivilegedActionException'> (0x00000000eac413a0) thrown at [D:\re\workspace\8-2-build-windows-amd64-cygwin\jdk8u5\2488\hotspot\src\share\vm\prims\jvm.cpp, line 1248]
Event: 0.981 Thread 0x0000000002400800 Exception <a 'java/security/PrivilegedActionException'> (0x00000000eac70de0) thrown at [D:\re\workspace\8-2-build-windows-amd64-cygwin\jdk8u5\2488\hotspot\src\share\vm\prims\jvm.cpp, line 1248]
Event: 0.983 Thread 0x0000000002400800 Exception <a 'java/security/PrivilegedActionException'> (0x00000000eac7ebe8) thrown at [D:\re\workspace\8-2-build-windows-amd64-cygwin\jdk8u5\2488\hotspot\src\share\vm\prims\jvm.cpp, line 1248]
Event: 0.984 Thread 0x0000000002400800 Exception <a 'java/security/PrivilegedActionException'> (0x00000000eac842f8) thrown at [D:\re\workspace\8-2-build-windows-amd64-cygwin\jdk8u5\2488\hotspot\src\share\vm\prims\jvm.cpp, line 1248]
Event: 0.992 Thread 0x0000000002400800 Exception <a 'java/security/PrivilegedActionException'> (0x00000000eaca47c0) thrown at [D:\re\workspace\8-2-build-windows-amd64-cygwin\jdk8u5\2488\hotspot\src\share\vm\prims\jvm.cpp, line 1248]
Event: 0.993 Thread 0x0000000002400800 Exception <a 'java/security/PrivilegedActionException'> (0x00000000eacad500) thrown at [D:\re\workspace\8-2-build-windows-amd64-cygwin\jdk8u5\2488\hotspot\src\share\vm\prims\jvm.cpp, line 1248]
Event: 0.993 Thread 0x0000000002400800 Exception <a 'java/security/PrivilegedActionException'> (0x00000000eacafca8) thrown at [D:\re\workspace\8-2-build-windows-amd64-cygwin\jdk8u5\2488\hotspot\src\share\vm\prims\jvm.cpp, line 1248]

Events (10 events):
Event: 0.984 loading class com/android/dx/ssa/back/FirstFitLocalCombiningAllocator$Multiset
Event: 0.984 loading class com/android/dx/ssa/back/FirstFitLocalCombiningAllocator$Multiset done
Event: 0.992 loading class com/android/dx/cf/attrib/AttConstantValue
Event: 0.992 loading class com/android/dx/cf/attrib/AttConstantValue done
Event: 0.993 loading class com/android/dx/cf/attrib/AttLocalVariableTypeTable
Event: 0.993 loading class com/android/dx/cf/attrib/AttLocalVariableTypeTable done
Event: 0.993 loading class com/android/dx/cf/attrib/AttSignature
Event: 0.993 loading class com/android/dx/cf/attrib/AttSignature done
Event: 1.008 Executing VM operation: ParallelGCFailedAllocation
Event: 1.010 Executing VM operation: ParallelGCFailedAllocation done


Dynamic libraries:
0x00007ff7f1470000 - 0x00007ff7f14a4000 	C:\Program Files\Java\jdk1.8.0_05\bin\java.exe
0x00007ffdc8320000 - 0x00007ffdc84cc000 	C:\Windows\SYSTEM32\ntdll.dll
0x00007ffdc7430000 - 0x00007ffdc756e000 	C:\Windows\system32\KERNEL32.DLL
0x00007ffdc5540000 - 0x00007ffdc5655000 	C:\Windows\system32\KERNELBASE.dll
0x00007ffdc36a0000 - 0x00007ffdc372e000 	C:\Windows\system32\apphelp.dll
0x00007ffdb7b30000 - 0x00007ffdb7b83000 	C:\Windows\AppPatch\AppPatch64\AcGenral.DLL
0x00007ffdc8000000 - 0x00007ffdc80aa000 	C:\Windows\system32\msvcrt.dll
0x00007ffdc5240000 - 0x00007ffdc526e000 	C:\Windows\SYSTEM32\SspiCli.dll
0x00007ffdc7300000 - 0x00007ffdc7354000 	C:\Windows\system32\SHLWAPI.dll
0x00007ffdc7dc0000 - 0x00007ffdc7f37000 	C:\Windows\system32\USER32.dll
0x00007ffdc59a0000 - 0x00007ffdc5b34000 	C:\Windows\system32\ole32.dll
0x00007ffdc5b50000 - 0x00007ffdc7068000 	C:\Windows\system32\SHELL32.dll
0x00007ffdc4a10000 - 0x00007ffdc4a31000 	C:\Windows\SYSTEM32\USERENV.dll
0x00007ffdc7240000 - 0x00007ffdc72ea000 	C:\Windows\system32\ADVAPI32.dll
0x00007ffdbf1c0000 - 0x00007ffdbf1de000 	C:\Windows\SYSTEM32\MPR.dll
0x00007ffdc7720000 - 0x00007ffdc7861000 	C:\Windows\system32\RPCRT4.dll
0x00007ffdc82c0000 - 0x00007ffdc8319000 	C:\Windows\SYSTEM32\sechost.dll
0x00007ffdc7a80000 - 0x00007ffdc7c91000 	C:\Windows\SYSTEM32\combase.dll
0x00007ffdc70d0000 - 0x00007ffdc7221000 	C:\Windows\system32\GDI32.dll
0x00007ffdc5470000 - 0x00007ffdc5485000 	C:\Windows\SYSTEM32\profapi.dll
0x00007ffdc3aa0000 - 0x00007ffdc3b52000 	C:\Windows\SYSTEM32\SHCORE.dll
0x00007ffdc8120000 - 0x00007ffdc8156000 	C:\Windows\system32\IMM32.DLL
0x00007ffdc8160000 - 0x00007ffdc82b2000 	C:\Windows\system32\MSCTF.dll
0x00007ffdc33c0000 - 0x00007ffdc363b000 	C:\Windows\WinSxS\amd64_microsoft.windows.common-controls_6595b64144ccf1df_6.0.9600.17415_none_6240486fecbd8abb\COMCTL32.dll
0x000000006d780000 - 0x000000006d852000 	C:\Program Files\Java\jdk1.8.0_05\jre\bin\msvcr100.dll
0x000000006de80000 - 0x000000006e6aa000 	C:\Program Files\Java\jdk1.8.0_05\jre\bin\server\jvm.dll
0x00007ffdbb310000 - 0x00007ffdbb319000 	C:\Windows\SYSTEM32\WSOCK32.dll
0x00007ffdc0f30000 - 0x00007ffdc0f52000 	C:\Windows\SYSTEM32\WINMM.dll
0x00007ffdc7890000 - 0x00007ffdc7897000 	C:\Windows\system32\PSAPI.DLL
0x00007ffdc7d60000 - 0x00007ffdc7dba000 	C:\Windows\system32\WS2_32.dll
0x00007ffdc0f00000 - 0x00007ffdc0f2a000 	C:\Windows\SYSTEM32\WINMMBASE.dll
0x00007ffdc72f0000 - 0x00007ffdc72f9000 	C:\Windows\system32\NSI.dll
0x00007ffdc5770000 - 0x00007ffdc57bf000 	C:\Windows\SYSTEM32\cfgmgr32.dll
0x00007ffdc4260000 - 0x00007ffdc4288000 	C:\Windows\SYSTEM32\DEVOBJ.dll
0x000000006ef50000 - 0x000000006ef5f000 	C:\Program Files\Java\jdk1.8.0_05\jre\bin\verify.dll
0x000000006de50000 - 0x000000006de78000 	C:\Program Files\Java\jdk1.8.0_05\jre\bin\java.dll
0x000000006de30000 - 0x000000006de46000 	C:\Program Files\Java\jdk1.8.0_05\jre\bin\zip.dll

VM Arguments:
jvm_args: -Xmx1024M -Dfile.encoding=windows-1251 -Duser.country=RU -Duser.language=ru -Duser.variant 
java_command: com.android.dx.command.Main --dex --output C:\Users\ivsmirnov\AndroidStudioProjects\KeyRegistrator\app\build\intermediates\pre-dexed\debug\classes-1e7cdb7481cd28931b26e8b82a96e842fc6b10d9.jar C:\Users\ivsmirnov\AndroidStudioProjects\KeyRegistrator\app\build\intermediates\exploded-aar\com.android.support\appcompat-v7\22.2.0\classes.jar
java_class_path (initial): D:\Users\ivsmirnov\AppData\Local\Android\sdk\build-tools\22.0.1\lib\dx.jar
Launcher Type: SUN_STANDARD

Environment Variables:
JAVA_HOME=C:\Program Files\Java\jdk1.8.0_05
PATH=C:\ProgramData\Oracle\Java\javapath;C:\Windows\system32;C:\Windows;C:\Windows\System32\Wbem;C:\Windows\System32\WindowsPowerShell\v1.0\;C:\Windows\idmu\common;D:\Users\ivsmirnov\AppData\Local\Android\sdk\platform-tools;C:\Program Files (x86)\HL-Server\Servers\NT_95;C:\Program Files\Microsoft SQL Server\100\DTS\Binn\;C:\Program Files (x86)\Microsoft SQL Server\100\Tools\Binn\VSShell\Common7\IDE\;C:\Program Files (x86)\Microsoft SQL Server\100\Tools\Binn\;C:\Program Files\Microsoft SQL Server\100\Tools\Binn\;C:\Program Files (x86)\Microsoft SQL Server\100\DTS\Binn\;C:\Program Files (x86)\Microsoft Visual Studio 9.0\Common7\IDE\PrivateAssemblies\;C:\Program Files (x86)\Common Files\Acronis\SnapAPI\
USERNAME=ivsmirnov
OS=Windows_NT
PROCESSOR_IDENTIFIER=Intel64 Family 6 Model 42 Stepping 7, GenuineIntel



---------------  S Y S T E M  ---------------

OS: Windows 8.1 , 64 bit Build 9600 

CPU:total 4 (4 cores per cpu, 1 threads per core) family 6 model 42 stepping 7, cmov, cx8, fxsr, mmx, sse, sse2, sse3, ssse3, sse4.1, sse4.2, popcnt, avx, aes, clmul, tsc, tscinvbit

Memory: 4k page, physical 8290572k(1498084k free), swap 8290572k(5108k free)

vm_info: Java HotSpot(TM) 64-Bit Server VM (25.5-b02) for windows-amd64 JRE (1.8.0_05-b13), built on Mar 18 2014 01:08:39 by "java_re" with MS VC++ 10.0 (VS2010)

time: Thu Jun 18 17:03:10 2015
elapsed time: 1 seconds

