#
# There is insufficient memory for the Java Runtime Environment to continue.
# Native memory allocation (malloc) failed to allocate 32744 bytes for ChunkPool::allocate
# Possible reasons:
#   The system is out of physical RAM or swap space
#   In 32 bit mode, the process size limit was hit
# Possible solutions:
#   Reduce memory load on the system
#   Increase physical memory or swap space
#   Check if swap backing store is full
#   Use 64 bit Java on a 64 bit OS
#   Decrease Java heap size (-Xmx/-Xms)
#   Decrease number of Java threads
#   Decrease Java thread stack sizes (-Xss)
#   Set larger code cache with -XX:ReservedCodeCacheSize=
# This output file may be truncated or incomplete.
#
#  Out of Memory Error (allocation.cpp:271), pid=2280, tid=6896
#
# JRE version: Java(TM) SE Runtime Environment (8.0_05-b13) (build 1.8.0_05-b13)
# Java VM: Java HotSpot(TM) 64-Bit Server VM (25.5-b02 mixed mode windows-amd64 compressed oops)
# Failed to write core dump. Minidumps are not enabled by default on client versions of Windows
#

---------------  T H R E A D  ---------------

Current thread (0x00000000150ed000):  JavaThread "C2 CompilerThread1" daemon [_thread_in_native, id=6896, stack(0x0000000016710000,0x0000000016810000)]

Stack: [0x0000000016710000,0x0000000016810000]
Native frames: (J=compiled Java code, j=interpreted, Vv=VM code, C=native code)
V  [jvm.dll+0x308dea]


Current CompileTask:
C2:   2068 1247       4       com.android.dx.rop.code.RopMethod::labelToPredecessors (54 bytes)


---------------  P R O C E S S  ---------------

Java Threads: ( => current thread )
  0x00000000150fa800 JavaThread "Service Thread" daemon [_thread_blocked, id=4524, stack(0x0000000016910000,0x0000000016a10000)]
  0x00000000150f0000 JavaThread "C1 CompilerThread2" daemon [_thread_in_native, id=216, stack(0x0000000016810000,0x0000000016910000)]
=>0x00000000150ed000 JavaThread "C2 CompilerThread1" daemon [_thread_in_native, id=6896, stack(0x0000000016710000,0x0000000016810000)]
  0x000000001509c000 JavaThread "C2 CompilerThread0" daemon [_thread_in_native, id=6172, stack(0x0000000016610000,0x0000000016710000)]
  0x000000001509a800 JavaThread "Attach Listener" daemon [_thread_blocked, id=3704, stack(0x0000000016510000,0x0000000016610000)]
  0x0000000015098800 JavaThread "Signal Dispatcher" daemon [_thread_blocked, id=6544, stack(0x0000000016410000,0x0000000016510000)]
  0x00000000029c4800 JavaThread "Finalizer" daemon [_thread_blocked, id=976, stack(0x0000000016310000,0x0000000016410000)]
  0x0000000015067800 JavaThread "Reference Handler" daemon [_thread_blocked, id=6604, stack(0x0000000016210000,0x0000000016310000)]
  0x00000000028d0800 JavaThread "main" [_thread_in_native, id=2504, stack(0x00000000027d0000,0x00000000028d0000)]

Other Threads:
  0x0000000015066800 VMThread [stack: 0x0000000016110000,0x0000000016210000] [id=5896]
  0x00000000150fd800 WatcherThread [stack: 0x0000000016e10000,0x0000000016f10000] [id=5980]

VM state:not at safepoint (normal execution)

VM Mutex/Monitor currently owned by a thread: None

Heap:
 PSYoungGen      total 10240K, used 3272K [0x00000000eab00000, 0x00000000ebe00000, 0x0000000100000000)
  eden space 8192K, 15% used [0x00000000eab00000,0x00000000eac38000,0x00000000eb300000)
  from space 2048K, 98% used [0x00000000eb300000,0x00000000eb4fa310,0x00000000eb500000)
  to   space 3072K, 0% used [0x00000000ebb00000,0x00000000ebb00000,0x00000000ebe00000)
 ParOldGen       total 129536K, used 2940K [0x00000000c0000000, 0x00000000c7e80000, 0x00000000eab00000)
  object space 129536K, 2% used [0x00000000c0000000,0x00000000c02df0e0,0x00000000c7e80000)
 Metaspace       used 5421K, capacity 6768K, committed 7040K, reserved 1056768K
  class space    used 550K, capacity 616K, committed 640K, reserved 1048576K

Card table byte_map: [0x0000000011d90000,0x0000000011fa0000] byte_map_base: 0x0000000011790000

Marking Bits: (ParMarkBitMap*) 0x000000006e6313b0
 Begin Bits: [0x0000000012500000, 0x0000000013500000)
 End Bits:   [0x0000000013500000, 0x0000000014500000)

Polling page: 0x0000000000f40000

CodeCache: size=245760Kb used=4923Kb max_used=4935Kb free=240836Kb
 bounds [0x00000000029d0000, 0x0000000002eb0000, 0x00000000119d0000]
 total_blobs=1508 nmethods=1248 adapters=174
 compilation: enabled

Compilation events (10 events):
Event: 1.942 Thread 0x000000001509c000 1246   !   4       com.android.dx.rop.code.BasicBlock::<init> (273 bytes)
Event: 1.942 Thread 0x00000000150ed000 1247       4       com.android.dx.rop.code.RopMethod::labelToPredecessors (54 bytes)
Event: 1.942 Thread 0x00000000150f0000 nmethod 1245 0x0000000002e9ad90 code [0x0000000002e9afc0, 0x0000000002e9bbb8]
Event: 1.944 Thread 0x00000000150f0000 1250       1       java.util.HashMap$Node::getValue (5 bytes)
Event: 1.944 Thread 0x00000000150f0000 nmethod 1250 0x0000000002e9aad0 code [0x0000000002e9ac20, 0x0000000002e9ad30]
Event: 1.944 Thread 0x00000000150f0000 1251       1       com.android.dx.ssa.back.FirstFitLocalCombiningAllocator$Multiset::getSize (5 bytes)
Event: 2.024 Thread 0x00000000150f0000 nmethod 1251 0x0000000002e9a810 code [0x0000000002e9a960, 0x0000000002e9aa70]
Event: 2.024 Thread 0x000000001509c000 nmethod 1246 0x0000000002ea5310 code [0x0000000002ea5480, 0x0000000002ea5998]
Event: 2.024 Thread 0x000000001509c000 1248   !   4       com.android.dx.cf.code.BytecodeArray::parseInstruction (2764 bytes)
Event: 2.041 Thread 0x00000000150f0000 1252       3       com.android.dx.ssa.SsaBasicBlock::addMoveToEnd (172 bytes)

GC Heap History (10 events):
Event: 0.969 GC heap before
{Heap before GC invocations=5 (full 0):
 PSYoungGen      total 2560K, used 2560K [0x00000000eab00000, 0x00000000eae00000, 0x0000000100000000)
  eden space 2048K, 100% used [0x00000000eab00000,0x00000000ead00000,0x00000000ead00000)
  from space 512K, 100% used [0x00000000ead80000,0x00000000eae00000,0x00000000eae00000)
  to   space 512K, 0% used [0x00000000ead00000,0x00000000ead00000,0x00000000ead80000)
 ParOldGen       total 129536K, used 748K [0x00000000c0000000, 0x00000000c7e80000, 0x00000000eab00000)
  object space 129536K, 0% used [0x00000000c0000000,0x00000000c00bb208,0x00000000c7e80000)
 Metaspace       used 4198K, capacity 5712K, committed 6016K, reserved 1056768K
  class space    used 461K, capacity 520K, committed 640K, reserved 1048576K
Event: 0.971 GC heap after
Heap after GC invocations=5 (full 0):
 PSYoungGen      total 2560K, used 512K [0x00000000eab00000, 0x00000000eb200000, 0x0000000100000000)
  eden space 2048K, 0% used [0x00000000eab00000,0x00000000eab00000,0x00000000ead00000)
  from space 512K, 100% used [0x00000000ead00000,0x00000000ead80000,0x00000000ead80000)
  to   space 1536K, 0% used [0x00000000eb080000,0x00000000eb080000,0x00000000eb200000)
 ParOldGen       total 129536K, used 1385K [0x00000000c0000000, 0x00000000c7e80000, 0x00000000eab00000)
  object space 129536K, 1% used [0x00000000c0000000,0x00000000c015a678,0x00000000c7e80000)
 Metaspace       used 4198K, capacity 5712K, committed 6016K, reserved 1056768K
  class space    used 461K, capacity 520K, committed 640K, reserved 1048576K
}
Event: 1.021 GC heap before
{Heap before GC invocations=6 (full 0):
 PSYoungGen      total 2560K, used 2555K [0x00000000eab00000, 0x00000000eb200000, 0x0000000100000000)
  eden space 2048K, 99% used [0x00000000eab00000,0x00000000eacfef08,0x00000000ead00000)
  from space 512K, 100% used [0x00000000ead00000,0x00000000ead80000,0x00000000ead80000)
  to   space 1536K, 0% used [0x00000000eb080000,0x00000000eb080000,0x00000000eb200000)
 ParOldGen       total 129536K, used 1385K [0x00000000c0000000, 0x00000000c7e80000, 0x00000000eab00000)
  object space 129536K, 1% used [0x00000000c0000000,0x00000000c015a678,0x00000000c7e80000)
 Metaspace       used 4757K, capacity 6160K, committed 6272K, reserved 1056768K
  class space    used 532K, capacity 584K, committed 640K, reserved 1048576K
Event: 1.022 GC heap after
Heap after GC invocations=6 (full 0):
 PSYoungGen      total 5632K, used 1299K [0x00000000eab00000, 0x00000000eb200000, 0x0000000100000000)
  eden space 4096K, 0% used [0x00000000eab00000,0x00000000eab00000,0x00000000eaf00000)
  from space 1536K, 84% used [0x00000000eb080000,0x00000000eb1c4e48,0x00000000eb200000)
  to   space 1536K, 0% used [0x00000000eaf00000,0x00000000eaf00000,0x00000000eb080000)
 ParOldGen       total 129536K, used 1393K [0x00000000c0000000, 0x00000000c7e80000, 0x00000000eab00000)
  object space 129536K, 1% used [0x00000000c0000000,0x00000000c015c678,0x00000000c7e80000)
 Metaspace       used 4757K, capacity 6160K, committed 6272K, reserved 1056768K
  class space    used 532K, capacity 584K, committed 640K, reserved 1048576K
}
Event: 1.229 GC heap before
{Heap before GC invocations=7 (full 0):
 PSYoungGen      total 5632K, used 5395K [0x00000000eab00000, 0x00000000eb200000, 0x0000000100000000)
  eden space 4096K, 100% used [0x00000000eab00000,0x00000000eaf00000,0x00000000eaf00000)
  from space 1536K, 84% used [0x00000000eb080000,0x00000000eb1c4e48,0x00000000eb200000)
  to   space 1536K, 0% used [0x00000000eaf00000,0x00000000eaf00000,0x00000000eb080000)
 ParOldGen       total 129536K, used 1393K [0x00000000c0000000, 0x00000000c7e80000, 0x00000000eab00000)
  object space 129536K, 1% used [0x00000000c0000000,0x00000000c015c678,0x00000000c7e80000)
 Metaspace       used 5223K, capacity 6576K, committed 6784K, reserved 1056768K
  class space    used 547K, capacity 616K, committed 640K, reserved 1048576K
Event: 1.233 GC heap after
Heap after GC invocations=7 (full 0):
 PSYoungGen      total 5632K, used 1376K [0x00000000eab00000, 0x00000000eb700000, 0x0000000100000000)
  eden space 4096K, 0% used [0x00000000eab00000,0x00000000eab00000,0x00000000eaf00000)
  from space 1536K, 89% used [0x00000000eaf00000,0x00000000eb058018,0x00000000eb080000)
  to   space 2048K, 0% used [0x00000000eb500000,0x00000000eb500000,0x00000000eb700000)
 ParOldGen       total 129536K, used 1693K [0x00000000c0000000, 0x00000000c7e80000, 0x00000000eab00000)
  object space 129536K, 1% used [0x00000000c0000000,0x00000000c01a7710,0x00000000c7e80000)
 Metaspace       used 5223K, capacity 6576K, committed 6784K, reserved 1056768K
  class space    used 547K, capacity 616K, committed 640K, reserved 1048576K
}
Event: 1.594 GC heap before
{Heap before GC invocations=8 (full 0):
 PSYoungGen      total 5632K, used 5472K [0x00000000eab00000, 0x00000000eb700000, 0x0000000100000000)
  eden space 4096K, 100% used [0x00000000eab00000,0x00000000eaf00000,0x00000000eaf00000)
  from space 1536K, 89% used [0x00000000eaf00000,0x00000000eb058018,0x00000000eb080000)
  to   space 2048K, 0% used [0x00000000eb500000,0x00000000eb500000,0x00000000eb700000)
 ParOldGen       total 129536K, used 1693K [0x00000000c0000000, 0x00000000c7e80000, 0x00000000eab00000)
  object space 129536K, 1% used [0x00000000c0000000,0x00000000c01a7710,0x00000000c7e80000)
 Metaspace       used 5296K, capacity 6640K, committed 6784K, reserved 1056768K
  class space    used 548K, capacity 616K, committed 640K, reserved 1048576K
Event: 1.601 GC heap after
Heap after GC invocations=8 (full 0):
 PSYoungGen      total 10240K, used 1776K [0x00000000eab00000, 0x00000000eb700000, 0x0000000100000000)
  eden space 8192K, 0% used [0x00000000eab00000,0x00000000eab00000,0x00000000eb300000)
  from space 2048K, 86% used [0x00000000eb500000,0x00000000eb6bc028,0x00000000eb700000)
  to   space 2048K, 0% used [0x00000000eb300000,0x00000000eb300000,0x00000000eb500000)
 ParOldGen       total 129536K, used 1801K [0x00000000c0000000, 0x00000000c7e80000, 0x00000000eab00000)
  object space 129536K, 1% used [0x00000000c0000000,0x00000000c01c2540,0x00000000c7e80000)
 Metaspace       used 5296K, capacity 6640K, committed 6784K, reserved 1056768K
  class space    used 548K, capacity 616K, committed 640K, reserved 1048576K
}
Event: 1.944 GC heap before
{Heap before GC invocations=9 (full 0):
 PSYoungGen      total 10240K, used 9968K [0x00000000eab00000, 0x00000000eb700000, 0x0000000100000000)
  eden space 8192K, 100% used [0x00000000eab00000,0x00000000eb300000,0x00000000eb300000)
  from space 2048K, 86% used [0x00000000eb500000,0x00000000eb6bc028,0x00000000eb700000)
  to   space 2048K, 0% used [0x00000000eb300000,0x00000000eb300000,0x00000000eb500000)
 ParOldGen       total 129536K, used 1801K [0x00000000c0000000, 0x00000000c7e80000, 0x00000000eab00000)
  object space 129536K, 1% used [0x00000000c0000000,0x00000000c01c2540,0x00000000c7e80000)
 Metaspace       used 5419K, capacity 6768K, committed 7040K, reserved 1056768K
  class space    used 550K, capacity 616K, committed 640K, reserved 1048576K
Event: 2.024 GC heap after
Heap after GC invocations=9 (full 0):
 PSYoungGen      total 10240K, used 2024K [0x00000000eab00000, 0x00000000ebe00000, 0x0000000100000000)
  eden space 8192K, 0% used [0x00000000eab00000,0x00000000eab00000,0x00000000eb300000)
  from space 2048K, 98% used [0x00000000eb300000,0x00000000eb4fa310,0x00000000eb500000)
  to   space 3072K, 0% used [0x00000000ebb00000,0x00000000ebb00000,0x00000000ebe00000)
 ParOldGen       total 129536K, used 2940K [0x00000000c0000000, 0x00000000c7e80000, 0x00000000eab00000)
  object space 129536K, 2% used [0x00000000c0000000,0x00000000c02df0e0,0x00000000c7e80000)
 Metaspace       used 5419K, capacity 6768K, committed 7040K, reserved 1056768K
  class space    used 550K, capacity 616K, committed 640K, reserved 1048576K
}

Deoptimization events (3 events):
Event: 1.140 Thread 0x00000000028d0800 Uncommon trap: reason=class_check action=maybe_recompile pc=0x0000000002c5a370 method=com.android.dx.ssa.NormalSsaInsn.accept(Lcom/android/dx/ssa/SsaInsn$Visitor;)V @ 9
Event: 1.140 Thread 0x00000000028d0800 Uncommon trap: reason=class_check action=maybe_recompile pc=0x0000000002c5a370 method=com.android.dx.ssa.NormalSsaInsn.accept(Lcom/android/dx/ssa/SsaInsn$Visitor;)V @ 9
Event: 1.140 Thread 0x00000000028d0800 Uncommon trap: reason=class_check action=maybe_recompile pc=0x0000000002c5a370 method=com.android.dx.ssa.NormalSsaInsn.accept(Lcom/android/dx/ssa/SsaInsn$Visitor;)V @ 9

Internal exceptions (10 events):
Event: 1.165 Thread 0x00000000028d0800 Exception <a 'java/security/PrivilegedActionException'> (0x00000000eadb0678) thrown at [D:\re\workspace\8-2-build-windows-amd64-cygwin\jdk8u5\2488\hotspot\src\share\vm\prims\jvm.cpp, line 1248]
Event: 1.169 Thread 0x00000000028d0800 Exception <a 'java/security/PrivilegedActionException'> (0x00000000eadcf208) thrown at [D:\re\workspace\8-2-build-windows-amd64-cygwin\jdk8u5\2488\hotspot\src\share\vm\prims\jvm.cpp, line 1248]
Event: 1.169 Thread 0x00000000028d0800 Exception <a 'java/security/PrivilegedActionException'> (0x00000000eadd2e80) thrown at [D:\re\workspace\8-2-build-windows-amd64-cygwin\jdk8u5\2488\hotspot\src\share\vm\prims\jvm.cpp, line 1248]
Event: 1.170 Thread 0x00000000028d0800 Exception <a 'java/security/PrivilegedActionException'> (0x00000000eadd91c8) thrown at [D:\re\workspace\8-2-build-windows-amd64-cygwin\jdk8u5\2488\hotspot\src\share\vm\prims\jvm.cpp, line 1248]
Event: 1.203 Thread 0x00000000028d0800 Exception <a 'java/security/PrivilegedActionException'> (0x00000000eae3c728) thrown at [D:\re\workspace\8-2-build-windows-amd64-cygwin\jdk8u5\2488\hotspot\src\share\vm\prims\jvm.cpp, line 1248]
Event: 1.302 Thread 0x00000000028d0800 Exception <a 'java/security/PrivilegedActionException'> (0x00000000eabbff40) thrown at [D:\re\workspace\8-2-build-windows-amd64-cygwin\jdk8u5\2488\hotspot\src\share\vm\prims\jvm.cpp, line 1248]
Event: 1.690 Thread 0x00000000028d0800 Exception <a 'java/security/PrivilegedActionException'> (0x00000000eaca9278) thrown at [D:\re\workspace\8-2-build-windows-amd64-cygwin\jdk8u5\2488\hotspot\src\share\vm\prims\jvm.cpp, line 1248]
Event: 1.691 Thread 0x00000000028d0800 Exception <a 'java/security/PrivilegedActionException'> (0x00000000eacb3280) thrown at [D:\re\workspace\8-2-build-windows-amd64-cygwin\jdk8u5\2488\hotspot\src\share\vm\prims\jvm.cpp, line 1248]
Event: 1.692 Thread 0x00000000028d0800 Exception <a 'java/security/PrivilegedActionException'> (0x00000000eacb5880) thrown at [D:\re\workspace\8-2-build-windows-amd64-cygwin\jdk8u5\2488\hotspot\src\share\vm\prims\jvm.cpp, line 1248]
Event: 1.705 Thread 0x00000000028d0800 Exception <a 'java/security/PrivilegedActionException'> (0x00000000ead81bc0) thrown at [D:\re\workspace\8-2-build-windows-amd64-cygwin\jdk8u5\2488\hotspot\src\share\vm\prims\jvm.cpp, line 1248]

Events (10 events):
Event: 1.690 loading class com/android/dx/cf/direct/AnnotationParser done
Event: 1.691 loading class com/android/dx/cf/attrib/AttRuntimeInvisibleAnnotations
Event: 1.691 loading class com/android/dx/cf/attrib/AttRuntimeInvisibleAnnotations done
Event: 1.692 loading class com/android/dx/cf/attrib/BaseAnnotations
Event: 1.692 loading class com/android/dx/cf/attrib/BaseAnnotations done
Event: 1.705 loading class com/android/dx/cf/attrib/AttRuntimeVisibleAnnotations
Event: 1.705 loading class com/android/dx/cf/attrib/AttRuntimeVisibleAnnotations done
Event: 1.944 Executing VM operation: ParallelGCFailedAllocation
Event: 2.024 Executing VM operation: ParallelGCFailedAllocation done
Event: 2.050 loading class java/util/TreeMap$EntrySet


Dynamic libraries:
0x00007ff7f1470000 - 0x00007ff7f14a4000 	C:\Program Files\Java\jdk1.8.0_05\bin\java.exe
0x00007ffdc8320000 - 0x00007ffdc84cc000 	C:\Windows\SYSTEM32\ntdll.dll
0x00007ffdc7430000 - 0x00007ffdc756e000 	C:\Windows\system32\KERNEL32.DLL
0x00007ffdc5540000 - 0x00007ffdc5655000 	C:\Windows\system32\KERNELBASE.dll
0x00007ffdc36a0000 - 0x00007ffdc372e000 	C:\Windows\system32\apphelp.dll
0x00007ffdb7b30000 - 0x00007ffdb7b83000 	C:\Windows\AppPatch\AppPatch64\AcGenral.DLL
0x00007ffdc8000000 - 0x00007ffdc80aa000 	C:\Windows\system32\msvcrt.dll
0x00007ffdc5240000 - 0x00007ffdc526e000 	C:\Windows\SYSTEM32\SspiCli.dll
0x00007ffdc7300000 - 0x00007ffdc7354000 	C:\Windows\system32\SHLWAPI.dll
0x00007ffdc7dc0000 - 0x00007ffdc7f37000 	C:\Windows\system32\USER32.dll
0x00007ffdc59a0000 - 0x00007ffdc5b34000 	C:\Windows\system32\ole32.dll
0x00007ffdc5b50000 - 0x00007ffdc7068000 	C:\Windows\system32\SHELL32.dll
0x00007ffdc4a10000 - 0x00007ffdc4a31000 	C:\Windows\SYSTEM32\USERENV.dll
0x00007ffdc7240000 - 0x00007ffdc72ea000 	C:\Windows\system32\ADVAPI32.dll
0x00007ffdbf1c0000 - 0x00007ffdbf1de000 	C:\Windows\SYSTEM32\MPR.dll
0x00007ffdc7720000 - 0x00007ffdc7861000 	C:\Windows\system32\RPCRT4.dll
0x00007ffdc82c0000 - 0x00007ffdc8319000 	C:\Windows\SYSTEM32\sechost.dll
0x00007ffdc7a80000 - 0x00007ffdc7c91000 	C:\Windows\SYSTEM32\combase.dll
0x00007ffdc70d0000 - 0x00007ffdc7221000 	C:\Windows\system32\GDI32.dll
0x00007ffdc5470000 - 0x00007ffdc5485000 	C:\Windows\SYSTEM32\profapi.dll
0x00007ffdc3aa0000 - 0x00007ffdc3b52000 	C:\Windows\SYSTEM32\SHCORE.dll
0x00007ffdc8120000 - 0x00007ffdc8156000 	C:\Windows\system32\IMM32.DLL
0x00007ffdc8160000 - 0x00007ffdc82b2000 	C:\Windows\system32\MSCTF.dll
0x00007ffdc33c0000 - 0x00007ffdc363b000 	C:\Windows\WinSxS\amd64_microsoft.windows.common-controls_6595b64144ccf1df_6.0.9600.17415_none_6240486fecbd8abb\COMCTL32.dll
0x000000006d780000 - 0x000000006d852000 	C:\Program Files\Java\jdk1.8.0_05\jre\bin\msvcr100.dll
0x000000006de80000 - 0x000000006e6aa000 	C:\Program Files\Java\jdk1.8.0_05\jre\bin\server\jvm.dll
0x00007ffdbb310000 - 0x00007ffdbb319000 	C:\Windows\SYSTEM32\WSOCK32.dll
0x00007ffdc0f30000 - 0x00007ffdc0f52000 	C:\Windows\SYSTEM32\WINMM.dll
0x00007ffdc7890000 - 0x00007ffdc7897000 	C:\Windows\system32\PSAPI.DLL
0x00007ffdc7d60000 - 0x00007ffdc7dba000 	C:\Windows\system32\WS2_32.dll
0x00007ffdc0f00000 - 0x00007ffdc0f2a000 	C:\Windows\SYSTEM32\WINMMBASE.dll
0x00007ffdc72f0000 - 0x00007ffdc72f9000 	C:\Windows\system32\NSI.dll
0x00007ffdc5770000 - 0x00007ffdc57bf000 	C:\Windows\SYSTEM32\cfgmgr32.dll
0x00007ffdc4260000 - 0x00007ffdc4288000 	C:\Windows\SYSTEM32\DEVOBJ.dll
0x000000006ef50000 - 0x000000006ef5f000 	C:\Program Files\Java\jdk1.8.0_05\jre\bin\verify.dll
0x000000006de50000 - 0x000000006de78000 	C:\Program Files\Java\jdk1.8.0_05\jre\bin\java.dll
0x000000006de30000 - 0x000000006de46000 	C:\Program Files\Java\jdk1.8.0_05\jre\bin\zip.dll

VM Arguments:
jvm_args: -Xmx1024M -Dfile.encoding=windows-1251 -Duser.country=RU -Duser.language=ru -Duser.variant 
java_command: com.android.dx.command.Main --dex --output C:\Users\ivsmirnov\AndroidStudioProjects\KeyRegistrator\app\build\intermediates\pre-dexed\debug\classes-1e7cdb7481cd28931b26e8b82a96e842fc6b10d9.jar C:\Users\ivsmirnov\AndroidStudioProjects\KeyRegistrator\app\build\intermediates\exploded-aar\com.android.support\appcompat-v7\22.2.0\classes.jar
java_class_path (initial): D:\Users\ivsmirnov\AppData\Local\Android\sdk\build-tools\21.1.2\lib\dx.jar
Launcher Type: SUN_STANDARD

Environment Variables:
JAVA_HOME=C:\Program Files\Java\jdk1.8.0_05
PATH=C:\ProgramData\Oracle\Java\javapath;C:\Windows\system32;C:\Windows;C:\Windows\System32\Wbem;C:\Windows\System32\WindowsPowerShell\v1.0\;C:\Windows\idmu\common;D:\Users\ivsmirnov\AppData\Local\Android\sdk\platform-tools;C:\Program Files (x86)\HL-Server\Servers\NT_95;C:\Program Files\Microsoft SQL Server\100\DTS\Binn\;C:\Program Files (x86)\Microsoft SQL Server\100\Tools\Binn\VSShell\Common7\IDE\;C:\Program Files (x86)\Microsoft SQL Server\100\Tools\Binn\;C:\Program Files\Microsoft SQL Server\100\Tools\Binn\;C:\Program Files (x86)\Microsoft SQL Server\100\DTS\Binn\;C:\Program Files (x86)\Microsoft Visual Studio 9.0\Common7\IDE\PrivateAssemblies\;C:\Program Files (x86)\Common Files\Acronis\SnapAPI\
USERNAME=ivsmirnov
OS=Windows_NT
PROCESSOR_IDENTIFIER=Intel64 Family 6 Model 42 Stepping 7, GenuineIntel



---------------  S Y S T E M  ---------------

OS: Windows 8.1 , 64 bit Build 9600 

CPU:total 4 (4 cores per cpu, 1 threads per core) family 6 model 42 stepping 7, cmov, cx8, fxsr, mmx, sse, sse2, sse3, ssse3, sse4.1, sse4.2, popcnt, avx, aes, clmul, tsc, tscinvbit

Memory: 4k page, physical 8290572k(1664108k free), swap 8290572k(5104k free)

vm_info: Java HotSpot(TM) 64-Bit Server VM (25.5-b02) for windows-amd64 JRE (1.8.0_05-b13), built on Mar 18 2014 01:08:39 by "java_re" with MS VC++ 10.0 (VS2010)

time: Thu Jun 18 17:00:27 2015
elapsed time: 2 seconds

