#
# There is insufficient memory for the Java Runtime Environment to continue.
# Native memory allocation (malloc) failed to allocate 195904 bytes for Chunk::new
# Possible reasons:
#   The system is out of physical RAM or swap space
#   In 32 bit mode, the process size limit was hit
# Possible solutions:
#   Reduce memory load on the system
#   Increase physical memory or swap space
#   Check if swap backing store is full
#   Use 64 bit Java on a 64 bit OS
#   Decrease Java heap size (-Xmx/-Xms)
#   Decrease number of Java threads
#   Decrease Java thread stack sizes (-Xss)
#   Set larger code cache with -XX:ReservedCodeCacheSize=
# This output file may be truncated or incomplete.
#
#  Out of Memory Error (allocation.cpp:388), pid=5876, tid=5008
#
# JRE version: Java(TM) SE Runtime Environment (8.0_05-b13) (build 1.8.0_05-b13)
# Java VM: Java HotSpot(TM) 64-Bit Server VM (25.5-b02 mixed mode windows-amd64 compressed oops)
# Failed to write core dump. Minidumps are not enabled by default on client versions of Windows
#

---------------  T H R E A D  ---------------

Current thread (0x000000001460d000):  JavaThread "C2 CompilerThread1" daemon [_thread_in_native, id=5008, stack(0x0000000015c10000,0x0000000015d10000)]

Stack: [0x0000000015c10000,0x0000000015d10000]
Native frames: (J=compiled Java code, j=interpreted, Vv=VM code, C=native code)
V  [jvm.dll+0x308dea]
V  [jvm.dll+0x25def1]
V  [jvm.dll+0x25eb0f]
V  [jvm.dll+0x2564e5]
V  [jvm.dll+0xbcfc5]
V  [jvm.dll+0xbd45c]
V  [jvm.dll+0x468c07]
V  [jvm.dll+0x43638b]
V  [jvm.dll+0x44111e]
V  [jvm.dll+0x4436a9]
V  [jvm.dll+0x427532]
V  [jvm.dll+0x96702]
V  [jvm.dll+0x96ef3]
V  [jvm.dll+0x2232c4]
V  [jvm.dll+0x27baca]
C  [msvcr100.dll+0x21d9f]
C  [msvcr100.dll+0x21e3b]
C  [KERNEL32.DLL+0x13d2]
C  [ntdll.dll+0x15444]


Current CompileTask:
C2:   2731 1300       4       com.android.dx.ssa.LiteralOpUpgrader::tryReplacingWithConstant (161 bytes)


---------------  P R O C E S S  ---------------

Java Threads: ( => current thread )
  0x000000001461a000 JavaThread "Service Thread" daemon [_thread_blocked, id=5244, stack(0x0000000015e10000,0x0000000015f10000)]
  0x0000000014613000 JavaThread "C1 CompilerThread2" daemon [_thread_blocked, id=4188, stack(0x0000000015d10000,0x0000000015e10000)]
=>0x000000001460d000 JavaThread "C2 CompilerThread1" daemon [_thread_in_native, id=5008, stack(0x0000000015c10000,0x0000000015d10000)]
  0x00000000145bb800 JavaThread "C2 CompilerThread0" daemon [_thread_in_native, id=6576, stack(0x0000000015b10000,0x0000000015c10000)]
  0x00000000145ba800 JavaThread "Attach Listener" daemon [_thread_blocked, id=4028, stack(0x0000000015a10000,0x0000000015b10000)]
  0x00000000145b8800 JavaThread "Signal Dispatcher" daemon [_thread_blocked, id=6300, stack(0x0000000015910000,0x0000000015a10000)]
  0x0000000001ee4800 JavaThread "Finalizer" daemon [_thread_blocked, id=6872, stack(0x0000000015810000,0x0000000015910000)]
  0x0000000014587800 JavaThread "Reference Handler" daemon [_thread_blocked, id=5480, stack(0x0000000015710000,0x0000000015810000)]
  0x0000000001df0800 JavaThread "main" [_thread_blocked, id=6032, stack(0x0000000001cf0000,0x0000000001df0000)]

Other Threads:
  0x0000000014586800 VMThread [stack: 0x0000000015610000,0x0000000015710000] [id=6752]
  0x000000001461d000 WatcherThread [stack: 0x0000000015f10000,0x0000000016010000] [id=6312]

VM state:not at safepoint (normal execution)

VM Mutex/Monitor currently owned by a thread: None

Heap:
 PSYoungGen      total 10240K, used 9144K [0x00000000eab00000, 0x00000000ebe00000, 0x0000000100000000)
  eden space 8192K, 86% used [0x00000000eab00000,0x00000000eb1f42c0,0x00000000eb300000)
  from space 2048K, 98% used [0x00000000eb300000,0x00000000eb4fa008,0x00000000eb500000)
  to   space 3072K, 0% used [0x00000000ebb00000,0x00000000ebb00000,0x00000000ebe00000)
 ParOldGen       total 129536K, used 2761K [0x00000000c0000000, 0x00000000c7e80000, 0x00000000eab00000)
  object space 129536K, 2% used [0x00000000c0000000,0x00000000c02b2710,0x00000000c7e80000)
 Metaspace       used 5555K, capacity 6832K, committed 7040K, reserved 1056768K
  class space    used 560K, capacity 616K, committed 640K, reserved 1048576K

Card table byte_map: [0x00000000112b0000,0x00000000114c0000] byte_map_base: 0x0000000010cb0000

Marking Bits: (ParMarkBitMap*) 0x000000006e6313b0
 Begin Bits: [0x0000000011a20000, 0x0000000012a20000)
 End Bits:   [0x0000000012a20000, 0x0000000013a20000)

Polling page: 0x0000000000330000

CodeCache: size=245760Kb used=5360Kb max_used=5360Kb free=240399Kb
 bounds [0x0000000001ef0000, 0x0000000002430000, 0x0000000010ef0000]
 total_blobs=1613 nmethods=1352 adapters=174
 compilation: disabled (not enough contiguous free space left)

Compilation events (10 events):
Event: 2.139 Thread 0x00000000145bb800 nmethod 1289 0x00000000023cbd10 code [0x00000000023cbe40, 0x00000000023cbeb8]
Event: 2.399 Thread 0x0000000014613000 1298       1       com.android.dx.dex.file.DexFile::getTypeIds (5 bytes)
Event: 2.400 Thread 0x0000000014613000 nmethod 1298 0x00000000023fa490 code [0x00000000023fa5e0, 0x00000000023fa6f0]
Event: 2.401 Thread 0x00000000145bb800 1299       4       com.android.dx.ssa.LiteralOpUpgrader$1::visitNonMoveInsn (203 bytes)
Event: 2.433 Thread 0x000000001460d000 nmethod 1286 0x0000000002407790 code [0x0000000002407c60, 0x000000000240b9c0]
Event: 2.433 Thread 0x000000001460d000 1300       4       com.android.dx.ssa.LiteralOpUpgrader::tryReplacingWithConstant (161 bytes)
Event: 2.501 Thread 0x0000000014613000 1302       3       com.android.dx.rop.code.ThrowingInsn::accept (8 bytes)
Event: 2.501 Thread 0x0000000014613000 nmethod 1302 0x00000000023fa010 code [0x00000000023fa180, 0x00000000023fa3a8]
Event: 2.501 Thread 0x0000000014613000 1303       3       com.android.dx.cf.code.Simulator$SimVisitor::checkReturnType (64 bytes)
Event: 2.502 Thread 0x0000000014613000 nmethod 1303 0x00000000023fcd10 code [0x00000000023fcf40, 0x00000000023fdbe8]

GC Heap History (10 events):
Event: 0.490 GC heap before
{Heap before GC invocations=5 (full 0):
 PSYoungGen      total 2560K, used 2554K [0x00000000eab00000, 0x00000000eae00000, 0x0000000100000000)
  eden space 2048K, 100% used [0x00000000eab00000,0x00000000ead00000,0x00000000ead00000)
  from space 512K, 98% used [0x00000000ead80000,0x00000000eadfea80,0x00000000eae00000)
  to   space 512K, 0% used [0x00000000ead00000,0x00000000ead00000,0x00000000ead80000)
 ParOldGen       total 129536K, used 710K [0x00000000c0000000, 0x00000000c7e80000, 0x00000000eab00000)
  object space 129536K, 0% used [0x00000000c0000000,0x00000000c00b1890,0x00000000c7e80000)
 Metaspace       used 4277K, capacity 5744K, committed 6016K, reserved 1056768K
  class space    used 477K, capacity 552K, committed 640K, reserved 1048576K
Event: 0.492 GC heap after
Heap after GC invocations=5 (full 0):
 PSYoungGen      total 2560K, used 490K [0x00000000eab00000, 0x00000000eb200000, 0x0000000100000000)
  eden space 2048K, 0% used [0x00000000eab00000,0x00000000eab00000,0x00000000ead00000)
  from space 512K, 95% used [0x00000000ead00000,0x00000000ead7aa90,0x00000000ead80000)
  to   space 1536K, 0% used [0x00000000eb080000,0x00000000eb080000,0x00000000eb200000)
 ParOldGen       total 129536K, used 1357K [0x00000000c0000000, 0x00000000c7e80000, 0x00000000eab00000)
  object space 129536K, 1% used [0x00000000c0000000,0x00000000c0153448,0x00000000c7e80000)
 Metaspace       used 4277K, capacity 5744K, committed 6016K, reserved 1056768K
  class space    used 477K, capacity 552K, committed 640K, reserved 1048576K
}
Event: 0.723 GC heap before
{Heap before GC invocations=6 (full 0):
 PSYoungGen      total 2560K, used 2538K [0x00000000eab00000, 0x00000000eb200000, 0x0000000100000000)
  eden space 2048K, 100% used [0x00000000eab00000,0x00000000ead00000,0x00000000ead00000)
  from space 512K, 95% used [0x00000000ead00000,0x00000000ead7aa90,0x00000000ead80000)
  to   space 1536K, 0% used [0x00000000eb080000,0x00000000eb080000,0x00000000eb200000)
 ParOldGen       total 129536K, used 1357K [0x00000000c0000000, 0x00000000c7e80000, 0x00000000eab00000)
  object space 129536K, 1% used [0x00000000c0000000,0x00000000c0153448,0x00000000c7e80000)
 Metaspace       used 4858K, capacity 6256K, committed 6528K, reserved 1056768K
  class space    used 538K, capacity 616K, committed 640K, reserved 1048576K
Event: 0.739 GC heap after
Heap after GC invocations=6 (full 0):
 PSYoungGen      total 5632K, used 1306K [0x00000000eab00000, 0x00000000eb200000, 0x0000000100000000)
  eden space 4096K, 0% used [0x00000000eab00000,0x00000000eab00000,0x00000000eaf00000)
  from space 1536K, 85% used [0x00000000eb080000,0x00000000eb1c6950,0x00000000eb200000)
  to   space 1536K, 0% used [0x00000000eaf00000,0x00000000eaf00000,0x00000000eb080000)
 ParOldGen       total 129536K, used 1357K [0x00000000c0000000, 0x00000000c7e80000, 0x00000000eab00000)
  object space 129536K, 1% used [0x00000000c0000000,0x00000000c0153448,0x00000000c7e80000)
 Metaspace       used 4858K, capacity 6256K, committed 6528K, reserved 1056768K
  class space    used 538K, capacity 616K, committed 640K, reserved 1048576K
}
Event: 1.035 GC heap before
{Heap before GC invocations=7 (full 0):
 PSYoungGen      total 5632K, used 5402K [0x00000000eab00000, 0x00000000eb200000, 0x0000000100000000)
  eden space 4096K, 100% used [0x00000000eab00000,0x00000000eaf00000,0x00000000eaf00000)
  from space 1536K, 85% used [0x00000000eb080000,0x00000000eb1c6950,0x00000000eb200000)
  to   space 1536K, 0% used [0x00000000eaf00000,0x00000000eaf00000,0x00000000eb080000)
 ParOldGen       total 129536K, used 1357K [0x00000000c0000000, 0x00000000c7e80000, 0x00000000eab00000)
  object space 129536K, 1% used [0x00000000c0000000,0x00000000c0153448,0x00000000c7e80000)
 Metaspace       used 5223K, capacity 6576K, committed 6784K, reserved 1056768K
  class space    used 547K, capacity 616K, committed 640K, reserved 1048576K
Event: 1.040 GC heap after
Heap after GC invocations=7 (full 0):
 PSYoungGen      total 5632K, used 1455K [0x00000000eab00000, 0x00000000eb700000, 0x0000000100000000)
  eden space 4096K, 0% used [0x00000000eab00000,0x00000000eab00000,0x00000000eaf00000)
  from space 1536K, 94% used [0x00000000eaf00000,0x00000000eb06bea8,0x00000000eb080000)
  to   space 2048K, 0% used [0x00000000eb500000,0x00000000eb500000,0x00000000eb700000)
 ParOldGen       total 129536K, used 1633K [0x00000000c0000000, 0x00000000c7e80000, 0x00000000eab00000)
  object space 129536K, 1% used [0x00000000c0000000,0x00000000c01984c0,0x00000000c7e80000)
 Metaspace       used 5223K, capacity 6576K, committed 6784K, reserved 1056768K
  class space    used 547K, capacity 616K, committed 640K, reserved 1048576K
}
Event: 1.268 GC heap before
{Heap before GC invocations=8 (full 0):
 PSYoungGen      total 5632K, used 5551K [0x00000000eab00000, 0x00000000eb700000, 0x0000000100000000)
  eden space 4096K, 100% used [0x00000000eab00000,0x00000000eaf00000,0x00000000eaf00000)
  from space 1536K, 94% used [0x00000000eaf00000,0x00000000eb06bea8,0x00000000eb080000)
  to   space 2048K, 0% used [0x00000000eb500000,0x00000000eb500000,0x00000000eb700000)
 ParOldGen       total 129536K, used 1633K [0x00000000c0000000, 0x00000000c7e80000, 0x00000000eab00000)
  object space 129536K, 1% used [0x00000000c0000000,0x00000000c01984c0,0x00000000c7e80000)
 Metaspace       used 5296K, capacity 6640K, committed 6784K, reserved 1056768K
  class space    used 547K, capacity 616K, committed 640K, reserved 1048576K
Event: 1.311 GC heap after
Heap after GC invocations=8 (full 0):
 PSYoungGen      total 10240K, used 1781K [0x00000000eab00000, 0x00000000eb700000, 0x0000000100000000)
  eden space 8192K, 0% used [0x00000000eab00000,0x00000000eab00000,0x00000000eb300000)
  from space 2048K, 86% used [0x00000000eb500000,0x00000000eb6bd428,0x00000000eb700000)
  to   space 2048K, 0% used [0x00000000eb300000,0x00000000eb300000,0x00000000eb500000)
 ParOldGen       total 129536K, used 1763K [0x00000000c0000000, 0x00000000c7e80000, 0x00000000eab00000)
  object space 129536K, 1% used [0x00000000c0000000,0x00000000c01b8f40,0x00000000c7e80000)
 Metaspace       used 5296K, capacity 6640K, committed 6784K, reserved 1056768K
  class space    used 547K, capacity 616K, committed 640K, reserved 1048576K
}
Event: 1.984 GC heap before
{Heap before GC invocations=9 (full 0):
 PSYoungGen      total 10240K, used 9973K [0x00000000eab00000, 0x00000000eb700000, 0x0000000100000000)
  eden space 8192K, 100% used [0x00000000eab00000,0x00000000eb300000,0x00000000eb300000)
  from space 2048K, 86% used [0x00000000eb500000,0x00000000eb6bd428,0x00000000eb700000)
  to   space 2048K, 0% used [0x00000000eb300000,0x00000000eb300000,0x00000000eb500000)
 ParOldGen       total 129536K, used 1763K [0x00000000c0000000, 0x00000000c7e80000, 0x00000000eab00000)
  object space 129536K, 1% used [0x00000000c0000000,0x00000000c01b8f40,0x00000000c7e80000)
 Metaspace       used 5434K, capacity 6768K, committed 7040K, reserved 1056768K
  class space    used 550K, capacity 616K, committed 640K, reserved 1048576K
Event: 2.010 GC heap after
Heap after GC invocations=9 (full 0):
 PSYoungGen      total 10240K, used 2024K [0x00000000eab00000, 0x00000000ebe00000, 0x0000000100000000)
  eden space 8192K, 0% used [0x00000000eab00000,0x00000000eab00000,0x00000000eb300000)
  from space 2048K, 98% used [0x00000000eb300000,0x00000000eb4fa008,0x00000000eb500000)
  to   space 3072K, 0% used [0x00000000ebb00000,0x00000000ebb00000,0x00000000ebe00000)
 ParOldGen       total 129536K, used 2761K [0x00000000c0000000, 0x00000000c7e80000, 0x00000000eab00000)
  object space 129536K, 2% used [0x00000000c0000000,0x00000000c02b2710,0x00000000c7e80000)
 Metaspace       used 5434K, capacity 6768K, committed 7040K, reserved 1056768K
  class space    used 550K, capacity 616K, committed 640K, reserved 1048576K
}

Deoptimization events (2 events):
Event: 1.561 Thread 0x0000000001df0800 Uncommon trap: reason=unreached action=reinterpret pc=0x000000000227379c method=com.android.dx.rop.cst.Constant.compareTo(Lcom/android/dx/rop/cst/Constant;)I @ 12
Event: 2.024 Thread 0x0000000001df0800 Uncommon trap: reason=null_check action=make_not_entrant pc=0x00000000022e1ee0 method=com.android.dx.rop.type.Type.equals(Ljava/lang/Object;)Z @ 8

Internal exceptions (10 events):
Event: 0.776 Thread 0x0000000001df0800 Exception <a 'java/security/PrivilegedActionException'> (0x00000000eaba7ab0) thrown at [D:\re\workspace\8-2-build-windows-amd64-cygwin\jdk8u5\2488\hotspot\src\share\vm\prims\jvm.cpp, line 1248]
Event: 0.925 Thread 0x0000000001df0800 Exception <a 'java/security/PrivilegedActionException'> (0x00000000ead45010) thrown at [D:\re\workspace\8-2-build-windows-amd64-cygwin\jdk8u5\2488\hotspot\src\share\vm\prims\jvm.cpp, line 1248]
Event: 0.926 Thread 0x0000000001df0800 Exception <a 'java/security/PrivilegedActionException'> (0x00000000ead4bf18) thrown at [D:\re\workspace\8-2-build-windows-amd64-cygwin\jdk8u5\2488\hotspot\src\share\vm\prims\jvm.cpp, line 1248]
Event: 0.928 Thread 0x0000000001df0800 Exception <a 'java/security/PrivilegedActionException'> (0x00000000ead67358) thrown at [D:\re\workspace\8-2-build-windows-amd64-cygwin\jdk8u5\2488\hotspot\src\share\vm\prims\jvm.cpp, line 1248]
Event: 0.929 Thread 0x0000000001df0800 Exception <a 'java/security/PrivilegedActionException'> (0x00000000ead6a6f0) thrown at [D:\re\workspace\8-2-build-windows-amd64-cygwin\jdk8u5\2488\hotspot\src\share\vm\prims\jvm.cpp, line 1248]
Event: 1.006 Thread 0x0000000001df0800 Exception <a 'java/security/PrivilegedActionException'> (0x00000000eae4c588) thrown at [D:\re\workspace\8-2-build-windows-amd64-cygwin\jdk8u5\2488\hotspot\src\share\vm\prims\jvm.cpp, line 1248]
Event: 1.085 Thread 0x0000000001df0800 Exception <a 'java/security/PrivilegedActionException'> (0x00000000eab845c0) thrown at [D:\re\workspace\8-2-build-windows-amd64-cygwin\jdk8u5\2488\hotspot\src\share\vm\prims\jvm.cpp, line 1248]
Event: 1.479 Thread 0x0000000001df0800 Exception <a 'java/security/PrivilegedActionException'> (0x00000000eada1060) thrown at [D:\re\workspace\8-2-build-windows-amd64-cygwin\jdk8u5\2488\hotspot\src\share\vm\prims\jvm.cpp, line 1248]
Event: 1.558 Thread 0x0000000001df0800 Exception <a 'java/security/PrivilegedActionException'> (0x00000000eaf4fcd0) thrown at [D:\re\workspace\8-2-build-windows-amd64-cygwin\jdk8u5\2488\hotspot\src\share\vm\prims\jvm.cpp, line 1248]
Event: 2.024 Thread 0x0000000001df0800 Implicit null exception at 0x00000000022e1de2 to 0x00000000022e1ed2

Events (10 events):
Event: 1.561 Thread 0x0000000001df0800 DEOPT UNPACKING pc=0x0000000001f355af sp=0x0000000001dee5b0 mode 2
Event: 1.749 Thread 0x0000000001df0800 DEOPT PACKING pc=0x00000000021075f7 sp=0x0000000001dee8a0
Event: 1.749 Thread 0x0000000001df0800 DEOPT UNPACKING pc=0x0000000001f37604 sp=0x0000000001dee680 mode 0
Event: 1.984 Executing VM operation: ParallelGCFailedAllocation
Event: 2.010 Executing VM operation: ParallelGCFailedAllocation done
Event: 2.024 Thread 0x0000000001df0800 Uncommon trap: trap_request=0xfffffff4 fr.pc=0x00000000022e1ee0
Event: 2.024 Thread 0x0000000001df0800 DEOPT PACKING pc=0x00000000022e1ee0 sp=0x0000000001dee520
Event: 2.024 Thread 0x0000000001df0800 DEOPT UNPACKING pc=0x0000000001f355af sp=0x0000000001dee4a8 mode 2
Event: 2.048 Thread 0x0000000001df0800 DEOPT PACKING pc=0x00000000021fcb7b sp=0x0000000001dee7c0
Event: 2.049 Thread 0x0000000001df0800 DEOPT UNPACKING pc=0x0000000001f37604 sp=0x0000000001dee588 mode 0


Dynamic libraries:
0x00007ff7f1470000 - 0x00007ff7f14a4000 	C:\Program Files\Java\jdk1.8.0_05\bin\java.exe
0x00007ffdc8320000 - 0x00007ffdc84cc000 	C:\Windows\SYSTEM32\ntdll.dll
0x00007ffdc7430000 - 0x00007ffdc756e000 	C:\Windows\system32\KERNEL32.DLL
0x00007ffdc5540000 - 0x00007ffdc5655000 	C:\Windows\system32\KERNELBASE.dll
0x00007ffdc36a0000 - 0x00007ffdc372e000 	C:\Windows\system32\apphelp.dll
0x00007ffdb7b30000 - 0x00007ffdb7b83000 	C:\Windows\AppPatch\AppPatch64\AcGenral.DLL
0x00007ffdc8000000 - 0x00007ffdc80aa000 	C:\Windows\system32\msvcrt.dll
0x00007ffdc5240000 - 0x00007ffdc526e000 	C:\Windows\SYSTEM32\SspiCli.dll
0x00007ffdc7300000 - 0x00007ffdc7354000 	C:\Windows\system32\SHLWAPI.dll
0x00007ffdc7dc0000 - 0x00007ffdc7f37000 	C:\Windows\system32\USER32.dll
0x00007ffdc59a0000 - 0x00007ffdc5b34000 	C:\Windows\system32\ole32.dll
0x00007ffdc5b50000 - 0x00007ffdc7068000 	C:\Windows\system32\SHELL32.dll
0x00007ffdc4a10000 - 0x00007ffdc4a31000 	C:\Windows\SYSTEM32\USERENV.dll
0x00007ffdc7240000 - 0x00007ffdc72ea000 	C:\Windows\system32\ADVAPI32.dll
0x00007ffdbf1c0000 - 0x00007ffdbf1de000 	C:\Windows\SYSTEM32\MPR.dll
0x00007ffdc7720000 - 0x00007ffdc7861000 	C:\Windows\system32\RPCRT4.dll
0x00007ffdc82c0000 - 0x00007ffdc8319000 	C:\Windows\SYSTEM32\sechost.dll
0x00007ffdc7a80000 - 0x00007ffdc7c91000 	C:\Windows\SYSTEM32\combase.dll
0x00007ffdc70d0000 - 0x00007ffdc7221000 	C:\Windows\system32\GDI32.dll
0x00007ffdc5470000 - 0x00007ffdc5485000 	C:\Windows\SYSTEM32\profapi.dll
0x00007ffdc3aa0000 - 0x00007ffdc3b52000 	C:\Windows\SYSTEM32\SHCORE.dll
0x00007ffdc8120000 - 0x00007ffdc8156000 	C:\Windows\system32\IMM32.DLL
0x00007ffdc8160000 - 0x00007ffdc82b2000 	C:\Windows\system32\MSCTF.dll
0x00007ffdc33c0000 - 0x00007ffdc363b000 	C:\Windows\WinSxS\amd64_microsoft.windows.common-controls_6595b64144ccf1df_6.0.9600.17415_none_6240486fecbd8abb\COMCTL32.dll
0x000000006d780000 - 0x000000006d852000 	C:\Program Files\Java\jdk1.8.0_05\jre\bin\msvcr100.dll
0x000000006de80000 - 0x000000006e6aa000 	C:\Program Files\Java\jdk1.8.0_05\jre\bin\server\jvm.dll
0x00007ffdbb310000 - 0x00007ffdbb319000 	C:\Windows\SYSTEM32\WSOCK32.dll
0x00007ffdc0f30000 - 0x00007ffdc0f52000 	C:\Windows\SYSTEM32\WINMM.dll
0x00007ffdc7890000 - 0x00007ffdc7897000 	C:\Windows\system32\PSAPI.DLL
0x00007ffdc7d60000 - 0x00007ffdc7dba000 	C:\Windows\system32\WS2_32.dll
0x00007ffdc0f00000 - 0x00007ffdc0f2a000 	C:\Windows\SYSTEM32\WINMMBASE.dll
0x00007ffdc72f0000 - 0x00007ffdc72f9000 	C:\Windows\system32\NSI.dll
0x00007ffdc5770000 - 0x00007ffdc57bf000 	C:\Windows\SYSTEM32\cfgmgr32.dll
0x00007ffdc4260000 - 0x00007ffdc4288000 	C:\Windows\SYSTEM32\DEVOBJ.dll
0x000000006ef50000 - 0x000000006ef5f000 	C:\Program Files\Java\jdk1.8.0_05\jre\bin\verify.dll
0x000000006de50000 - 0x000000006de78000 	C:\Program Files\Java\jdk1.8.0_05\jre\bin\java.dll
0x000000006de30000 - 0x000000006de46000 	C:\Program Files\Java\jdk1.8.0_05\jre\bin\zip.dll
0x00007ffdb7f20000 - 0x00007ffdb80a9000 	C:\Windows\SYSTEM32\dbghelp.dll

VM Arguments:
jvm_args: -Xmx1024M -Dfile.encoding=windows-1251 -Duser.country=RU -Duser.language=ru -Duser.variant 
java_command: com.android.dx.command.Main --dex --output C:\Users\ivsmirnov\AndroidStudioProjects\KeyRegistrator\app\build\intermediates\pre-dexed\debug\classes-180d9f105a97581c56c0bc1c12bfcd4c65ea8358.jar C:\Users\ivsmirnov\AndroidStudioProjects\KeyRegistrator\app\build\intermediates\exploded-aar\com.android.support\gridlayout-v7\22.0.0\classes.jar
java_class_path (initial): D:\Users\ivsmirnov\AppData\Local\Android\sdk\build-tools\21.1.2\lib\dx.jar
Launcher Type: SUN_STANDARD

Environment Variables:
JAVA_HOME=C:\Program Files\Java\jdk1.8.0_05
PATH=C:\ProgramData\Oracle\Java\javapath;C:\Windows\system32;C:\Windows;C:\Windows\System32\Wbem;C:\Windows\System32\WindowsPowerShell\v1.0\;C:\Windows\idmu\common;D:\Users\ivsmirnov\AppData\Local\Android\sdk\platform-tools;C:\Program Files (x86)\HL-Server\Servers\NT_95;C:\Program Files\Microsoft SQL Server\100\DTS\Binn\;C:\Program Files (x86)\Microsoft SQL Server\100\Tools\Binn\VSShell\Common7\IDE\;C:\Program Files (x86)\Microsoft SQL Server\100\Tools\Binn\;C:\Program Files\Microsoft SQL Server\100\Tools\Binn\;C:\Program Files (x86)\Microsoft SQL Server\100\DTS\Binn\;C:\Program Files (x86)\Microsoft Visual Studio 9.0\Common7\IDE\PrivateAssemblies\;C:\Program Files (x86)\Common Files\Acronis\SnapAPI\
USERNAME=ivsmirnov
OS=Windows_NT
PROCESSOR_IDENTIFIER=Intel64 Family 6 Model 42 Stepping 7, GenuineIntel



---------------  S Y S T E M  ---------------

OS: Windows 8.1 , 64 bit Build 9600 

CPU:total 4 (4 cores per cpu, 1 threads per core) family 6 model 42 stepping 7, cmov, cx8, fxsr, mmx, sse, sse2, sse3, ssse3, sse4.1, sse4.2, popcnt, avx, aes, clmul, tsc, tscinvbit

Memory: 4k page, physical 8290572k(1469824k free), swap 8290572k(220308k free)

vm_info: Java HotSpot(TM) 64-Bit Server VM (25.5-b02) for windows-amd64 JRE (1.8.0_05-b13), built on Mar 18 2014 01:08:39 by "java_re" with MS VC++ 10.0 (VS2010)

time: Thu Jun 18 16:39:37 2015
elapsed time: 2 seconds

