JvmtiExport can_access_local_variables 0
JvmtiExport can_hotswap_or_post_breakpoint 0
JvmtiExport can_post_on_exceptions 0
# 142 ciObject found
ciMethod java/lang/String charAt (I)C 4097 1 6027 0 -1
ciMethod java/nio/Buffer position (I)Ljava/nio/Buffer; 593 1 74 0 -1
ciMethod java/lang/Character isSupplementaryCodePoint (I)Z 0 0 1 0 -1
ciMethod java/lang/Character isSurrogate (C)Z 0 0 1 0 -1
ciMethod java/lang/Character highSurrogate (I)C 0 0 1 0 -1
ciMethod java/lang/Character lowSurrogate (I)C 0 0 1 0 -1
ciMethod java/lang/Math min (II)I 3073 1 2926 0 -1
ciMethod java/nio/charset/CharsetDecoder replacement ()Ljava/lang/String; 0 0 1 0 -1
ciMethod java/nio/charset/CharsetDecoder malformedInputAction ()Ljava/nio/charset/CodingErrorAction; 0 0 1 0 -1
ciMethod java/nio/ByteBuffer <init> (IIII[BI)V 169 1 21 0 -1
ciMethod java/nio/ByteBuffer wrap ([BII)Ljava/nio/ByteBuffer; 0 0 1 0 -1
ciMethod java/nio/ByteBuffer wrap ([B)Ljava/nio/ByteBuffer; 0 0 1 0 -1
ciMethod java/nio/HeapByteBuffer <init> ([BII)V 0 0 1 0 -1
ciMethod java/nio/charset/CoderResult isError ()Z 193 1 24 0 -1
ciMethod java/nio/charset/CoderResult length ()I 0 0 1 0 -1
ciMethodData java/lang/String charAt (I)C 2 6027 orig 144 152 11 66 110 0 0 0 0 56 61 91 20 0 0 0 0 0 1 0 0 32 0 0 0 0 0 0 0 0 0 0 0 0 0 0 0 0 0 0 0 0 0 0 0 0 0 0 0 0 0 0 0 0 0 0 0 0 0 0 0 0 0 0 0 0 0 0 0 0 0 0 0 0 0 0 0 0 0 0 0 0 0 0 0 0 0 0 0 0 0 0 0 0 0 0 0 0 2 0 0 89 172 0 0 1 0 0 0 0 0 0 0 0 0 0 0 0 0 8 0 4 0 1 0 80 0 0 0 255 255 255 255 0 0 0 0 7 0 1 0 0 0 0 0 data 10 0x10007 0x0 0x40 0x158b 0xa0007 0x158b 0x30 0x0 0x120002 0x0 oops 0
ciMethodData java/lang/Math min (II)I 2 2927 orig 144 152 11 66 110 0 0 0 0 16 213 102 20 0 0 0 0 232 0 0 0 0 0 0 0 0 0 0 0 0 0 0 0 0 0 0 0 0 0 0 0 0 0 0 0 0 0 0 0 0 0 0 0 0 0 0 0 0 0 0 0 0 0 0 0 0 0 0 0 0 0 0 0 0 0 0 0 0 0 0 0 0 0 0 0 0 0 0 0 0 0 0 0 0 0 0 0 128 1 0 0 121 79 0 0 1 0 0 0 0 0 0 0 0 0 0 0 0 0 6 0 3 0 1 0 56 0 0 0 255 255 255 255 0 0 0 0 7 0 2 0 0 0 0 0 data 7 0x20007 0x4c0 0x38 0x52f 0x60003 0x52f 0x18 oops 0
ciMethod sun/nio/cs/UTF_8$Decoder isNotContinuation (I)Z 0 0 1 0 -1
ciMethod sun/nio/cs/UTF_8$Decoder isMalformed3 (III)Z 0 0 1 0 -1
ciMethod sun/nio/cs/UTF_8$Decoder isMalformed3_2 (II)Z 0 0 1 0 -1
ciMethod sun/nio/cs/UTF_8$Decoder isMalformed4 (III)Z 0 0 1 0 -1
ciMethod sun/nio/cs/UTF_8$Decoder isMalformed4_2 (II)Z 0 0 1 0 -1
ciMethod sun/nio/cs/UTF_8$Decoder isMalformed4_3 (I)Z 0 0 1 0 -1
ciMethod sun/nio/cs/UTF_8$Decoder malformedN (Ljava/nio/ByteBuffer;I)Ljava/nio/charset/CoderResult; 0 0 1 0 -1
ciMethod sun/nio/cs/UTF_8$Decoder getByteBuffer (Ljava/nio/ByteBuffer;[BI)Ljava/nio/ByteBuffer; 0 0 1 0 -1
ciMethod sun/nio/cs/UTF_8$Decoder decode ([BII[C)I 841 51257 101 0 -1
ciMethod java/lang/UnsupportedOperationException <init> ()V 0 0 1 0 -1
ciMethodData sun/nio/cs/UTF_8$Decoder decode ([BII[C)I 1 6451 orig 144 152 11 66 110 0 0 0 0 208 254 121 20 0 0 0 0 232 12 0 0 80 0 0 0 0 0 0 0 0 0 0 0 0 0 0 0 0 0 0 0 0 0 0 0 0 0 0 0 0 0 0 0 0 0 0 0 0 0 0 0 0 0 0 0 0 0 0 0 0 0 0 0 0 0 0 0 0 0 0 0 0 0 0 0 0 0 0 0 0 0 0 0 0 0 0 0 129 24 0 0 1 0 0 0 145 0 0 0 0 0 0 0 0 0 0 0 0 0 0 0 0 0 1 0 232 11 0 0 255 255 255 255 0 0 0 0 2 0 12 0 0 0 0 0 data 381 0xc0002 0x0 0x180007 0x0 0x58 0x0 0x1e0007 0x0 0x38 0x0 0x300003 0x0 0xffffffffffffffc0 0x360007 0x0 0xb80 0x0 0x430007 0x0 0x38 0x0 0x510003 0x0 0xb28 0x5a0007 0x0 0x220 0x0 0x620007 0x0 0x200 0x0 0x680007 0x0 0x130 0x0 0x750002 0x0 0x780007 0x0 0xe8 0x0 0x7c0005 0x0 0x0 0x0 0x0 0x0 0x820007 0x0 0x20 0x0 0x8f0005 0x0 0x0 0x0 0x0 0x0 0x930005 0x0 0x0 0x0 0x0 0x0 0x9a0003 0x0 0xfffffffffffffe68 0xb20003 0x0 0xfffffffffffffe50 0xb60005 0x0 0x0 0x0 0x0 0x0 0xbc0007 0x0 0x20 0x0 0xc90005 0x0 0x0 0x0 0x0 0x0 0xcd0005 0x0 0x0 0x0 0x0 0x0 0xda0007 0x0 0x410 0x0 0xe20007 0x0 0x278 0x0 0xfb0002 0x0 0xfe0007 0x0 0x138 0x0 0x1020005 0x0 0x0 0x0 0x0 0x0 0x1080007 0x0 0x20 0x0 0x1150005 0x0 0x0 0x0 0x0 0x0 0x1190005 0x0 0x0 0x0 0x0 0x0 0x1240002 0x0 0x12d0002 0x0 0x1300005 0x0 0x0 0x0 0x0 0x0 0x1350003 0x0 0xfffffffffffffc18 0x14e0002 0x0 0x1510007 0x0 0xe8 0x0 0x1550005 0x0 0x0 0x0 0x0 0x0 0x15b0007 0x0 0x20 0x0 0x1680005 0x0 0x0 0x0 0x0 0x0 0x16c0005 0x0 0x0 0x0 0x0 0x0 0x1700003 0x0 0x18 0x17d0003 0x0 0xfffffffffffffb08 0x1810005 0x0 0x0 0x0 0x0 0x0 0x1870007 0x0 0x20 0x0 0x18f0007 0x0 0xc8 0x0 0x1970002 0x0 0x19a0007 0x0 0x98 0x0 0x1a50005 0x0 0x0 0x0 0x0 0x0 0x1a90005 0x0 0x0 0x0 0x0 0x0 0x1ad0003 0x0 0xfffffffffffff9f0 0x1b80005 0x0 0x0 0x0 0x0 0x0 0x1bc0005 0x0 0x0 0x0 0x0 0x0 0x1c90007 0x0 0x430 0x0 0x1d10007 0x0 0x1d0 0x0 0x20b0002 0x0 0x20e0007 0x0 0x50 0x0 0x2130002 0x0 0x2160007 0x0 0x138 0x0 0x21a0005 0x0 0x0 0x0 0x0 0x0 0x2200007 0x0 0x20 0x0 0x22d0005 0x0 0x0 0x0 0x0 0x0 0x2310005 0x0 0x0 0x0 0x0 0x0 0x23c0002 0x0 0x2450002 0x0 0x2480005 0x0 0x0 0x0 0x0 0x0 0x24d0003 0x0 0xfffffffffffff7d8 0x2590002 0x0 0x2660002 0x0 0x26a0003 0x0 0xfffffffffffff7a0 0x26e0005 0x0 0x0 0x0 0x0 0x0 0x2740007 0x0 0x20 0x0 0x27c0007 0x0 0xc8 0x0 0x2840002 0x0 0x2870007 0x0 0x98 0x0 0x2920005 0x0 0x0 0x0 0x0 0x0 0x2960005 0x0 0x0 0x0 0x0 0x0 0x29a0003 0x0 0xfffffffffffff688 0x2a30007 0x0 0xc8 0x0 0x2a90002 0x0 0x2ac0007 0x0 0x98 0x0 0x2b70005 0x0 0x0 0x0 0x0 0x0 0x2bb0005 0x0 0x0 0x0 0x0 0x0 0x2bf0003 0x0 0xfffffffffffff5c0 0x2ca0005 0x0 0x0 0x0 0x0 0x0 0x2ce0005 0x0 0x0 0x0 0x0 0x0 0x2d60005 0x0 0x0 0x0 0x0 0x0 0x2dc0007 0x0 0x20 0x0 0x2e90005 0x0 0x0 0x0 0x0 0x0 0x2ed0005 0x0 0x0 0x0 0x0 0x0 0x2f10003 0x0 0xfffffffffffff498 oops 0